[1m../../chrome/browser/ui/views/passwords/password_items_view.cc:80:34: [0m[0;1;35mwarning: [0m[1munknown pragma ignored [-Wunknown-pragmas][0m
      l10n_util::GetStringFUTF16(IDS_MANAGE_PASSWORDS_DELETE, username));
[0;1;32m                                 ^
[0m[1mgen/chrome/grit/generated_resources.h:2499:37: [0m[0;1;30mnote: [0mexpanded from macro 'IDS_MANAGE_PASSWORDS_DELETE'[0m
#define IDS_MANAGE_PASSWORDS_DELETE _Pragma("whitelisted_resource_6249") 6249
[0;1;32m                                    ^
[0m[1m<scratch space>:12:2: [0m[0;1;30mnote: [0mexpanded from here[0m
 whitelisted_resource_6249
[0;1;32m ^
[0m[1m../../chrome/browser/ui/views/passwords/password_items_view.cc:90:47: [0m[0;1;35mwarning: [0m[1munknown pragma ignored [-Wunknown-pragmas][0m
          listener, l10n_util::GetStringUTF16(IDS_MANAGE_PASSWORDS_UNDO)));
[0;1;32m                                              ^
[0m[1mgen/chrome/grit/generated_resources.h:2497:35: [0m[0;1;30mnote: [0mexpanded from macro 'IDS_MANAGE_PASSWORDS_UNDO'[0m
#define IDS_MANAGE_PASSWORDS_UNDO _Pragma("whitelisted_resource_6247") 6247
[0;1;32m                                  ^
[0m[1m<scratch space>:14:2: [0m[0;1;30mnote: [0mexpanded from here[0m
 whitelisted_resource_6247
[0;1;32m ^
[0m[1m../../chrome/browser/ui/views/passwords/password_items_view.cc:94:34: [0m[0;1;35mwarning: [0m[1munknown pragma ignored [-Wunknown-pragmas][0m
      l10n_util::GetStringFUTF16(IDS_MANAGE_PASSWORDS_UNDO_TOOLTIP, username));
[0;1;32m                                 ^
[0m[1mgen/chrome/grit/generated_resources.h:2498:43: [0m[0;1;30mnote: [0mexpanded from macro 'IDS_MANAGE_PASSWORDS_UNDO_TOOLTIP'[0m
#define IDS_MANAGE_PASSWORDS_UNDO_TOOLTIP _Pragma("whitelisted_resource_6248") 6248
[0;1;32m                                          ^
[0m[1m<scratch space>:16:2: [0m[0;1;30mnote: [0mexpanded from here[0m
 whitelisted_resource_6248
[0;1;32m ^
[0m[1m../../chrome/browser/ui/views/passwords/password_items_view.cc:113:33: [0m[0;1;35mwarning: [0m[1munknown pragma ignored [-Wunknown-pragmas][0m
      l10n_util::GetStringUTF16(IDS_PASSWORD_MANAGER_USERNAME_LABEL));
[0;1;32m                                ^
[0m[1mgen/chrome/grit/generated_resources.h:1794:45: [0m[0;1;30mnote: [0mexpanded from macro 'IDS_PASSWORD_MANAGER_USERNAME_LABEL'[0m
#define IDS_PASSWORD_MANAGER_USERNAME_LABEL _Pragma("whitelisted_resource_5372") 5372
[0;1;32m                                            ^
[0m[1m<scratch space>:18:2: [0m[0;1;30mnote: [0mexpanded from here[0m
 whitelisted_resource_5372
[0;1;32m ^
[0m[1m../../chrome/browser/ui/views/passwords/password_items_view.cc:178:33: [0m[0;1;35mwarning: [0m[1munknown pragma ignored [-Wunknown-pragmas][0m
      l10n_util::GetStringUTF16(IDS_MANAGE_PASSWORDS_DELETED),
[0;1;32m                                ^
[0m[1mgen/chrome/grit/generated_resources.h:2496:38: [0m[0;1;30mnote: [0mexpanded from macro 'IDS_MANAGE_PASSWORDS_DELETED'[0m
#define IDS_MANAGE_PASSWORDS_DELETED _Pragma("whitelisted_resource_6246") 6246
[0;1;32m                                     ^
[0m[1m<scratch space>:20:2: [0m[0;1;30mnote: [0mexpanded from here[0m
 whitelisted_resource_6246
[0;1;32m ^
[0m[1m../../chrome/browser/ui/views/passwords/password_items_view.cc:193:44: [0m[0;1;35mwarning: [0m[1munknown pragma ignored [-Wunknown-pragmas][0m
      CreatePasswordLabel(*password_form_, IDS_PASSWORDS_VIA_FEDERATION, false);
[0;1;32m                                           ^
[0m[1mgen/chrome/grit/generated_resources.h:1777:38: [0m[0;1;30mnote: [0mexpanded from macro 'IDS_PASSWORDS_VIA_FEDERATION'[0m
#define IDS_PASSWORDS_VIA_FEDERATION _Pragma("whitelisted_resource_5355") 5355
[0;1;32m                                     ^
[0m[1m<scratch space>:22:2: [0m[0;1;30mnote: [0mexpanded from here[0m
 whitelisted_resource_5355
[0;1;32m ^
[0m[1m../../chrome/browser/ui/views/passwords/password_items_view.cc:272:33: [0m[0;1;35mwarning: [0m[1munknown pragma ignored [-Wunknown-pragmas][0m
      l10n_util::GetStringUTF16(IDS_PASSWORD_MANAGER_MANAGE_PASSWORDS_BUTTON));
[0;1;32m                                ^
[0m[1mgen/chrome/grit/generated_resources.h:1591:54: [0m[0;1;30mnote: [0mexpanded from macro 'IDS_PASSWORD_MANAGER_MANAGE_PASSWORDS_BUTTON'[0m
#define IDS_PASSWORD_MANAGER_MANAGE_PASSWORDS_BUTTON _Pragma("whitelisted_resource_5138") 5138
[0;1;32m                                                     ^
[0m[1m<scratch space>:24:2: [0m[0;1;30mnote: [0mexpanded from here[0m
 whitelisted_resource_5138
[0;1;32m ^
[0m7 warnings generated.
