[1m../../chrome/browser/task_manager/providers/web_contents/renderer_task.cc:239:20: [0m[0;1;35mwarning: [0m[1munknown pragma ignored [-Wunknown-pragmas][0m
  int message_id = IDS_TASK_MANAGER_TAB_PREFIX;
[0;1;32m                   ^
[0m[1mgen/chrome/grit/generated_resources.h:1258:37: [0m[0;1;30mnote: [0mexpanded from macro 'IDS_TASK_MANAGER_TAB_PREFIX'[0m
#define IDS_TASK_MANAGER_TAB_PREFIX _Pragma("whitelisted_resource_4796") 4796
[0;1;32m                                    ^
[0m[1m<scratch space>:144:2: [0m[0;1;30mnote: [0mexpanded from here[0m
 whitelisted_resource_4796
[0;1;32m ^
[0m[1m../../chrome/browser/task_manager/providers/web_contents/renderer_task.cc:242:18: [0m[0;1;35mwarning: [0m[1munknown pragma ignored [-Wunknown-pragmas][0m
    message_id = IDS_TASK_MANAGER_TAB_INCOGNITO_PREFIX;
[0;1;32m                 ^
[0m[1mgen/chrome/grit/generated_resources.h:1259:47: [0m[0;1;30mnote: [0mexpanded from macro 'IDS_TASK_MANAGER_TAB_INCOGNITO_PREFIX'[0m
#define IDS_TASK_MANAGER_TAB_INCOGNITO_PREFIX _Pragma("whitelisted_resource_4797") 4797
[0;1;32m                                              ^
[0m[1m<scratch space>:146:2: [0m[0;1;30mnote: [0mexpanded from here[0m
 whitelisted_resource_4797
[0;1;32m ^
[0m[1m../../chrome/browser/task_manager/providers/web_contents/renderer_task.cc:245:20: [0m[0;1;35mwarning: [0m[1munknown pragma ignored [-Wunknown-pragmas][0m
      message_id = IDS_TASK_MANAGER_BACKGROUND_PREFIX;
[0;1;32m                   ^
[0m[1mgen/chrome/grit/generated_resources.h:1261:44: [0m[0;1;30mnote: [0mexpanded from macro 'IDS_TASK_MANAGER_BACKGROUND_PREFIX'[0m
#define IDS_TASK_MANAGER_BACKGROUND_PREFIX _Pragma("whitelisted_resource_4799") 4799
[0;1;32m                                           ^
[0m[1m<scratch space>:148:2: [0m[0;1;30mnote: [0mexpanded from here[0m
 whitelisted_resource_4799
[0;1;32m ^
[0m[1m../../chrome/browser/task_manager/providers/web_contents/renderer_task.cc:247:20: [0m[0;1;35mwarning: [0m[1munknown pragma ignored [-Wunknown-pragmas][0m
      message_id = IDS_TASK_MANAGER_APP_INCOGNITO_PREFIX;
[0;1;32m                   ^
[0m[1mgen/chrome/grit/generated_resources.h:1257:47: [0m[0;1;30mnote: [0mexpanded from macro 'IDS_TASK_MANAGER_APP_INCOGNITO_PREFIX'[0m
#define IDS_TASK_MANAGER_APP_INCOGNITO_PREFIX _Pragma("whitelisted_resource_4795") 4795
[0;1;32m                                              ^
[0m[1m<scratch space>:150:2: [0m[0;1;30mnote: [0mexpanded from here[0m
 whitelisted_resource_4795
[0;1;32m ^
[0m[1m../../chrome/browser/task_manager/providers/web_contents/renderer_task.cc:249:20: [0m[0;1;35mwarning: [0m[1munknown pragma ignored [-Wunknown-pragmas][0m
      message_id = IDS_TASK_MANAGER_APP_PREFIX;
[0;1;32m                   ^
[0m[1mgen/chrome/grit/generated_resources.h:1256:37: [0m[0;1;30mnote: [0mexpanded from macro 'IDS_TASK_MANAGER_APP_PREFIX'[0m
#define IDS_TASK_MANAGER_APP_PREFIX _Pragma("whitelisted_resource_4794") 4794
[0;1;32m                                    ^
[0m[1m<scratch space>:152:2: [0m[0;1;30mnote: [0mexpanded from here[0m
 whitelisted_resource_4794
[0;1;32m ^
[0m[1m../../chrome/browser/task_manager/providers/web_contents/renderer_task.cc:252:20: [0m[0;1;35mwarning: [0m[1munknown pragma ignored [-Wunknown-pragmas][0m
      message_id = IDS_TASK_MANAGER_EXTENSION_INCOGNITO_PREFIX;
[0;1;32m                   ^
[0m[1mgen/chrome/grit/generated_resources.h:1255:53: [0m[0;1;30mnote: [0mexpanded from macro 'IDS_TASK_MANAGER_EXTENSION_INCOGNITO_PREFIX'[0m
#define IDS_TASK_MANAGER_EXTENSION_INCOGNITO_PREFIX _Pragma("whitelisted_resource_4793") 4793
[0;1;32m                                                    ^
[0m[1m<scratch space>:154:2: [0m[0;1;30mnote: [0mexpanded from here[0m
 whitelisted_resource_4793
[0;1;32m ^
[0m[1m../../chrome/browser/task_manager/providers/web_contents/renderer_task.cc:254:20: [0m[0;1;35mwarning: [0m[1munknown pragma ignored [-Wunknown-pragmas][0m
      message_id = IDS_TASK_MANAGER_EXTENSION_PREFIX;
[0;1;32m                   ^
[0m[1mgen/chrome/grit/generated_resources.h:1254:43: [0m[0;1;30mnote: [0mexpanded from macro 'IDS_TASK_MANAGER_EXTENSION_PREFIX'[0m
#define IDS_TASK_MANAGER_EXTENSION_PREFIX _Pragma("whitelisted_resource_4792") 4792
[0;1;32m                                          ^
[0m[1m<scratch space>:156:2: [0m[0;1;30mnote: [0mexpanded from here[0m
 whitelisted_resource_4792
[0;1;32m ^
[0m7 warnings generated.
