[1m../../chrome/browser/ui/content_settings/content_setting_bubble_model.cc:133:39: [0m[0;1;35mwarning: [0m[1munknown pragma ignored [-Wunknown-pragmas][0m
      {CONTENT_SETTINGS_TYPE_COOKIES, IDS_BLOCKED_COOKIES_TITLE},
[0;1;32m                                      ^
[0m[1mgen/chrome/grit/generated_resources.h:1137:35: [0m[0;1;30mnote: [0mexpanded from macro 'IDS_BLOCKED_COOKIES_TITLE'[0m
#define IDS_BLOCKED_COOKIES_TITLE _Pragma("whitelisted_resource_4508") 4508
[0;1;32m                                  ^
[0m[1m<scratch space>:12:2: [0m[0;1;30mnote: [0mexpanded from here[0m
 whitelisted_resource_4508
[0;1;32m ^
[0m[1m../../chrome/browser/ui/content_settings/content_setting_bubble_model.cc:134:38: [0m[0;1;35mwarning: [0m[1munknown pragma ignored [-Wunknown-pragmas][0m
      {CONTENT_SETTINGS_TYPE_IMAGES, IDS_BLOCKED_IMAGES_TITLE},
[0;1;32m                                     ^
[0m[1mgen/chrome/grit/generated_resources.h:1143:34: [0m[0;1;30mnote: [0mexpanded from macro 'IDS_BLOCKED_IMAGES_TITLE'[0m
#define IDS_BLOCKED_IMAGES_TITLE _Pragma("whitelisted_resource_4514") 4514
[0;1;32m                                 ^
[0m[1m<scratch space>:14:2: [0m[0;1;30mnote: [0mexpanded from here[0m
 whitelisted_resource_4514
[0;1;32m ^
[0m[1m../../chrome/browser/ui/content_settings/content_setting_bubble_model.cc:135:42: [0m[0;1;35mwarning: [0m[1munknown pragma ignored [-Wunknown-pragmas][0m
      {CONTENT_SETTINGS_TYPE_JAVASCRIPT, IDS_BLOCKED_JAVASCRIPT_TITLE},
[0;1;32m                                         ^
[0m[1mgen/chrome/grit/generated_resources.h:1174:38: [0m[0;1;30mnote: [0mexpanded from macro 'IDS_BLOCKED_JAVASCRIPT_TITLE'[0m
#define IDS_BLOCKED_JAVASCRIPT_TITLE _Pragma("whitelisted_resource_4545") 4545
[0;1;32m                                     ^
[0m[1m<scratch space>:16:2: [0m[0;1;30mnote: [0mexpanded from here[0m
 whitelisted_resource_4545
[0;1;32m ^
[0m[1m../../chrome/browser/ui/content_settings/content_setting_bubble_model.cc:136:39: [0m[0;1;35mwarning: [0m[1munknown pragma ignored [-Wunknown-pragmas][0m
      {CONTENT_SETTINGS_TYPE_PLUGINS, IDS_BLOCKED_PLUGINS_TITLE},
[0;1;32m                                      ^
[0m[1mgen/chrome/grit/generated_resources.h:1179:35: [0m[0;1;30mnote: [0mexpanded from macro 'IDS_BLOCKED_PLUGINS_TITLE'[0m
#define IDS_BLOCKED_PLUGINS_TITLE _Pragma("whitelisted_resource_4550") 4550
[0;1;32m                                  ^
[0m[1m<scratch space>:18:2: [0m[0;1;30mnote: [0mexpanded from here[0m
 whitelisted_resource_4550
[0;1;32m ^
[0m[1m../../chrome/browser/ui/content_settings/content_setting_bubble_model.cc:138:8: [0m[0;1;35mwarning: [0m[1munknown pragma ignored [-Wunknown-pragmas][0m
       IDS_BLOCKED_DISPLAYING_INSECURE_CONTENT_TITLE},
[0;1;32m       ^
[0m[1mgen/chrome/grit/generated_resources.h:1653:55: [0m[0;1;30mnote: [0mexpanded from macro 'IDS_BLOCKED_DISPLAYING_INSECURE_CONTENT_TITLE'[0m
#define IDS_BLOCKED_DISPLAYING_INSECURE_CONTENT_TITLE _Pragma("whitelisted_resource_5224") 5224
[0;1;32m                                                      ^
[0m[1m<scratch space>:20:2: [0m[0;1;30mnote: [0mexpanded from here[0m
 whitelisted_resource_5224
[0;1;32m ^
[0m[1m../../chrome/browser/ui/content_settings/content_setting_bubble_model.cc:139:44: [0m[0;1;35mwarning: [0m[1munknown pragma ignored [-Wunknown-pragmas][0m
      {CONTENT_SETTINGS_TYPE_PPAPI_BROKER, IDS_BLOCKED_PPAPI_BROKER_TITLE},
[0;1;32m                                           ^
[0m[1mgen/chrome/grit/generated_resources.h:1644:40: [0m[0;1;30mnote: [0mexpanded from macro 'IDS_BLOCKED_PPAPI_BROKER_TITLE'[0m
#define IDS_BLOCKED_PPAPI_BROKER_TITLE _Pragma("whitelisted_resource_5215") 5215
[0;1;32m                                       ^
[0m[1m<scratch space>:22:2: [0m[0;1;30mnote: [0mexpanded from here[0m
 whitelisted_resource_5215
[0;1;32m ^
[0m[1m../../chrome/browser/ui/content_settings/content_setting_bubble_model.cc:140:37: [0m[0;1;35mwarning: [0m[1munknown pragma ignored [-Wunknown-pragmas][0m
      {CONTENT_SETTINGS_TYPE_SOUND, IDS_BLOCKED_SOUND_TITLE},
[0;1;32m                                    ^
[0m[1mgen/chrome/grit/generated_resources.h:1182:33: [0m[0;1;30mnote: [0mexpanded from macro 'IDS_BLOCKED_SOUND_TITLE'[0m
#define IDS_BLOCKED_SOUND_TITLE _Pragma("whitelisted_resource_4553") 4553
[0;1;32m                                ^
[0m[1m<scratch space>:24:2: [0m[0;1;30mnote: [0mexpanded from here[0m
 whitelisted_resource_4553
[0;1;32m ^
[0m[1m../../chrome/browser/ui/content_settings/content_setting_bubble_model.cc:141:46: [0m[0;1;35mwarning: [0m[1munknown pragma ignored [-Wunknown-pragmas][0m
      {CONTENT_SETTINGS_TYPE_CLIPBOARD_READ, IDS_BLOCKED_CLIPBOARD_TITLE},
[0;1;32m                                             ^
[0m[1mgen/chrome/grit/generated_resources.h:1748:37: [0m[0;1;30mnote: [0mexpanded from macro 'IDS_BLOCKED_CLIPBOARD_TITLE'[0m
#define IDS_BLOCKED_CLIPBOARD_TITLE _Pragma("whitelisted_resource_5325") 5325
[0;1;32m                                    ^
[0m[1m<scratch space>:26:2: [0m[0;1;30mnote: [0mexpanded from here[0m
 whitelisted_resource_5325
[0;1;32m ^
[0m[1m../../chrome/browser/ui/content_settings/content_setting_bubble_model.cc:142:39: [0m[0;1;35mwarning: [0m[1munknown pragma ignored [-Wunknown-pragmas][0m
      {CONTENT_SETTINGS_TYPE_SENSORS, IDS_BLOCKED_SENSORS_TITLE},
[0;1;32m                                      ^
[0m[1mgen/chrome/grit/generated_resources.h:2553:35: [0m[0;1;30mnote: [0mexpanded from macro 'IDS_BLOCKED_SENSORS_TITLE'[0m
#define IDS_BLOCKED_SENSORS_TITLE _Pragma("whitelisted_resource_6312") 6312
[0;1;32m                                  ^
[0m[1m<scratch space>:28:2: [0m[0;1;30mnote: [0mexpanded from here[0m
 whitelisted_resource_6312
[0;1;32m ^
[0m[1m../../chrome/browser/ui/content_settings/content_setting_bubble_model.cc:146:39: [0m[0;1;35mwarning: [0m[1munknown pragma ignored [-Wunknown-pragmas][0m
      {CONTENT_SETTINGS_TYPE_COOKIES, IDS_ACCESSED_COOKIES_TITLE},
[0;1;32m                                      ^
[0m[1mgen/chrome/grit/generated_resources.h:1138:36: [0m[0;1;30mnote: [0mexpanded from macro 'IDS_ACCESSED_COOKIES_TITLE'[0m
#define IDS_ACCESSED_COOKIES_TITLE _Pragma("whitelisted_resource_4509") 4509
[0;1;32m                                   ^
[0m[1m<scratch space>:30:2: [0m[0;1;30mnote: [0mexpanded from here[0m
 whitelisted_resource_4509
[0;1;32m ^
[0m[1m../../chrome/browser/ui/content_settings/content_setting_bubble_model.cc:147:44: [0m[0;1;35mwarning: [0m[1munknown pragma ignored [-Wunknown-pragmas][0m
      {CONTENT_SETTINGS_TYPE_PPAPI_BROKER, IDS_ALLOWED_PPAPI_BROKER_TITLE},
[0;1;32m                                           ^
[0m[1mgen/chrome/grit/generated_resources.h:1645:40: [0m[0;1;30mnote: [0mexpanded from macro 'IDS_ALLOWED_PPAPI_BROKER_TITLE'[0m
#define IDS_ALLOWED_PPAPI_BROKER_TITLE _Pragma("whitelisted_resource_5216") 5216
[0;1;32m                                       ^
[0m[1m<scratch space>:32:2: [0m[0;1;30mnote: [0mexpanded from here[0m
 whitelisted_resource_5216
[0;1;32m ^
[0m[1m../../chrome/browser/ui/content_settings/content_setting_bubble_model.cc:148:46: [0m[0;1;35mwarning: [0m[1munknown pragma ignored [-Wunknown-pragmas][0m
      {CONTENT_SETTINGS_TYPE_CLIPBOARD_READ, IDS_ALLOWED_CLIPBOARD_TITLE},
[0;1;32m                                             ^
[0m[1mgen/chrome/grit/generated_resources.h:1747:37: [0m[0;1;30mnote: [0mexpanded from macro 'IDS_ALLOWED_CLIPBOARD_TITLE'[0m
#define IDS_ALLOWED_CLIPBOARD_TITLE _Pragma("whitelisted_resource_5324") 5324
[0;1;32m                                    ^
[0m[1m<scratch space>:34:2: [0m[0;1;30mnote: [0mexpanded from here[0m
 whitelisted_resource_5324
[0;1;32m ^
[0m[1m../../chrome/browser/ui/content_settings/content_setting_bubble_model.cc:149:39: [0m[0;1;35mwarning: [0m[1munknown pragma ignored [-Wunknown-pragmas][0m
      {CONTENT_SETTINGS_TYPE_SENSORS, IDS_ALLOWED_SENSORS_TITLE},
[0;1;32m                                      ^
[0m[1mgen/chrome/grit/generated_resources.h:2552:35: [0m[0;1;30mnote: [0mexpanded from macro 'IDS_ALLOWED_SENSORS_TITLE'[0m
#define IDS_ALLOWED_SENSORS_TITLE _Pragma("whitelisted_resource_6311") 6311
[0;1;32m                                  ^
[0m[1m<scratch space>:36:2: [0m[0;1;30mnote: [0mexpanded from here[0m
 whitelisted_resource_6311
[0;1;32m ^
[0m[1m../../chrome/browser/ui/content_settings/content_setting_bubble_model.cc:170:39: [0m[0;1;35mwarning: [0m[1munknown pragma ignored [-Wunknown-pragmas][0m
      {CONTENT_SETTINGS_TYPE_COOKIES, IDS_BLOCKED_COOKIES_MESSAGE},
[0;1;32m                                      ^
[0m[1mgen/chrome/grit/generated_resources.h:1139:37: [0m[0;1;30mnote: [0mexpanded from macro 'IDS_BLOCKED_COOKIES_MESSAGE'[0m
#define IDS_BLOCKED_COOKIES_MESSAGE _Pragma("whitelisted_resource_4510") 4510
[0;1;32m                                    ^
[0m[1m<scratch space>:38:2: [0m[0;1;30mnote: [0mexpanded from here[0m
 whitelisted_resource_4510
[0;1;32m ^
[0m[1m../../chrome/browser/ui/content_settings/content_setting_bubble_model.cc:171:38: [0m[0;1;35mwarning: [0m[1munknown pragma ignored [-Wunknown-pragmas][0m
      {CONTENT_SETTINGS_TYPE_IMAGES, IDS_BLOCKED_IMAGES_MESSAGE},
[0;1;32m                                     ^
[0m[1mgen/chrome/grit/generated_resources.h:1144:36: [0m[0;1;30mnote: [0mexpanded from macro 'IDS_BLOCKED_IMAGES_MESSAGE'[0m
#define IDS_BLOCKED_IMAGES_MESSAGE _Pragma("whitelisted_resource_4515") 4515
[0;1;32m                                   ^
[0m[1m<scratch space>:40:2: [0m[0;1;30mnote: [0mexpanded from here[0m
 whitelisted_resource_4515
[0;1;32m ^
[0m[1m../../chrome/browser/ui/content_settings/content_setting_bubble_model.cc:172:42: [0m[0;1;35mwarning: [0m[1munknown pragma ignored [-Wunknown-pragmas][0m
      {CONTENT_SETTINGS_TYPE_JAVASCRIPT, IDS_BLOCKED_JAVASCRIPT_MESSAGE},
[0;1;32m                                         ^
[0m[1mgen/chrome/grit/generated_resources.h:1175:40: [0m[0;1;30mnote: [0mexpanded from macro 'IDS_BLOCKED_JAVASCRIPT_MESSAGE'[0m
#define IDS_BLOCKED_JAVASCRIPT_MESSAGE _Pragma("whitelisted_resource_4546") 4546
[0;1;32m                                       ^
[0m[1m<scratch space>:42:2: [0m[0;1;30mnote: [0mexpanded from here[0m
 whitelisted_resource_4546
[0;1;32m ^
[0m[1m../../chrome/browser/ui/content_settings/content_setting_bubble_model.cc:175:8: [0m[0;1;35mwarning: [0m[1munknown pragma ignored [-Wunknown-pragmas][0m
       IDS_BLOCKED_DISPLAYING_INSECURE_CONTENT},
[0;1;32m       ^
[0m[1mgen/chrome/grit/generated_resources.h:1654:49: [0m[0;1;30mnote: [0mexpanded from macro 'IDS_BLOCKED_DISPLAYING_INSECURE_CONTENT'[0m
#define IDS_BLOCKED_DISPLAYING_INSECURE_CONTENT _Pragma("whitelisted_resource_5225") 5225
[0;1;32m                                                ^
[0m[1m<scratch space>:44:2: [0m[0;1;30mnote: [0mexpanded from here[0m
 whitelisted_resource_5225
[0;1;32m ^
[0m[1m../../chrome/browser/ui/content_settings/content_setting_bubble_model.cc:176:44: [0m[0;1;35mwarning: [0m[1munknown pragma ignored [-Wunknown-pragmas][0m
      {CONTENT_SETTINGS_TYPE_PPAPI_BROKER, IDS_BLOCKED_PPAPI_BROKER_MESSAGE},
[0;1;32m                                           ^
[0m[1mgen/chrome/grit/generated_resources.h:1646:42: [0m[0;1;30mnote: [0mexpanded from macro 'IDS_BLOCKED_PPAPI_BROKER_MESSAGE'[0m
#define IDS_BLOCKED_PPAPI_BROKER_MESSAGE _Pragma("whitelisted_resource_5217") 5217
[0;1;32m                                         ^
[0m[1m<scratch space>:46:2: [0m[0;1;30mnote: [0mexpanded from here[0m
 whitelisted_resource_5217
[0;1;32m ^
[0m[1m../../chrome/browser/ui/content_settings/content_setting_bubble_model.cc:177:46: [0m[0;1;35mwarning: [0m[1munknown pragma ignored [-Wunknown-pragmas][0m
      {CONTENT_SETTINGS_TYPE_CLIPBOARD_READ, IDS_BLOCKED_CLIPBOARD_MESSAGE},
[0;1;32m                                             ^
[0m[1mgen/chrome/grit/generated_resources.h:1752:39: [0m[0;1;30mnote: [0mexpanded from macro 'IDS_BLOCKED_CLIPBOARD_MESSAGE'[0m
#define IDS_BLOCKED_CLIPBOARD_MESSAGE _Pragma("whitelisted_resource_5329") 5329
[0;1;32m                                      ^
[0m[1m<scratch space>:48:2: [0m[0;1;30mnote: [0mexpanded from here[0m
 whitelisted_resource_5329
[0;1;32m ^
[0m[1m../../chrome/browser/ui/content_settings/content_setting_bubble_model.cc:178:39: [0m[0;1;35mwarning: [0m[1munknown pragma ignored [-Wunknown-pragmas][0m
      {CONTENT_SETTINGS_TYPE_SENSORS, IDS_BLOCKED_SENSORS_MESSAGE},
[0;1;32m                                      ^
[0m[1mgen/chrome/grit/generated_resources.h:2555:37: [0m[0;1;30mnote: [0mexpanded from macro 'IDS_BLOCKED_SENSORS_MESSAGE'[0m
#define IDS_BLOCKED_SENSORS_MESSAGE _Pragma("whitelisted_resource_6314") 6314
[0;1;32m                                    ^
[0m[1m<scratch space>:50:2: [0m[0;1;30mnote: [0mexpanded from here[0m
 whitelisted_resource_6314
[0;1;32m ^
[0m[1m../../chrome/browser/ui/content_settings/content_setting_bubble_model.cc:182:39: [0m[0;1;35mwarning: [0m[1munknown pragma ignored [-Wunknown-pragmas][0m
      {CONTENT_SETTINGS_TYPE_COOKIES, IDS_ACCESSED_COOKIES_MESSAGE},
[0;1;32m                                      ^
[0m[1mgen/chrome/grit/generated_resources.h:1140:38: [0m[0;1;30mnote: [0mexpanded from macro 'IDS_ACCESSED_COOKIES_MESSAGE'[0m
#define IDS_ACCESSED_COOKIES_MESSAGE _Pragma("whitelisted_resource_4511") 4511
[0;1;32m                                     ^
[0m[1m<scratch space>:52:2: [0m[0;1;30mnote: [0mexpanded from here[0m
 whitelisted_resource_4511
[0;1;32m ^
[0m[1m../../chrome/browser/ui/content_settings/content_setting_bubble_model.cc:183:44: [0m[0;1;35mwarning: [0m[1munknown pragma ignored [-Wunknown-pragmas][0m
      {CONTENT_SETTINGS_TYPE_PPAPI_BROKER, IDS_ALLOWED_PPAPI_BROKER_MESSAGE},
[0;1;32m                                           ^
[0m[1mgen/chrome/grit/generated_resources.h:1647:42: [0m[0;1;30mnote: [0mexpanded from macro 'IDS_ALLOWED_PPAPI_BROKER_MESSAGE'[0m
#define IDS_ALLOWED_PPAPI_BROKER_MESSAGE _Pragma("whitelisted_resource_5218") 5218
[0;1;32m                                         ^
[0m[1m<scratch space>:54:2: [0m[0;1;30mnote: [0mexpanded from here[0m
 whitelisted_resource_5218
[0;1;32m ^
[0m[1m../../chrome/browser/ui/content_settings/content_setting_bubble_model.cc:184:46: [0m[0;1;35mwarning: [0m[1munknown pragma ignored [-Wunknown-pragmas][0m
      {CONTENT_SETTINGS_TYPE_CLIPBOARD_READ, IDS_ALLOWED_CLIPBOARD_MESSAGE},
[0;1;32m                                             ^
[0m[1mgen/chrome/grit/generated_resources.h:1749:39: [0m[0;1;30mnote: [0mexpanded from macro 'IDS_ALLOWED_CLIPBOARD_MESSAGE'[0m
#define IDS_ALLOWED_CLIPBOARD_MESSAGE _Pragma("whitelisted_resource_5326") 5326
[0;1;32m                                      ^
[0m[1m<scratch space>:56:2: [0m[0;1;30mnote: [0mexpanded from here[0m
 whitelisted_resource_5326
[0;1;32m ^
[0m[1m../../chrome/browser/ui/content_settings/content_setting_bubble_model.cc:185:39: [0m[0;1;35mwarning: [0m[1munknown pragma ignored [-Wunknown-pragmas][0m
      {CONTENT_SETTINGS_TYPE_SENSORS, IDS_ALLOWED_SENSORS_MESSAGE},
[0;1;32m                                      ^
[0m[1mgen/chrome/grit/generated_resources.h:2554:37: [0m[0;1;30mnote: [0mexpanded from macro 'IDS_ALLOWED_SENSORS_MESSAGE'[0m
#define IDS_ALLOWED_SENSORS_MESSAGE _Pragma("whitelisted_resource_6313") 6313
[0;1;32m                                    ^
[0m[1m<scratch space>:58:2: [0m[0;1;30mnote: [0mexpanded from here[0m
 whitelisted_resource_6313
[0;1;32m ^
[0m[1m../../chrome/browser/ui/content_settings/content_setting_bubble_model.cc:201:45: [0m[0;1;35mwarning: [0m[1munknown pragma ignored [-Wunknown-pragmas][0m
  set_manage_text(l10n_util::GetStringUTF16(IDS_MANAGE));
[0;1;32m                                            ^
[0m[1mgen/chrome/grit/generated_resources.h:1126:20: [0m[0;1;30mnote: [0mexpanded from macro 'IDS_MANAGE'[0m
#define IDS_MANAGE _Pragma("whitelisted_resource_4497") 4497
[0;1;32m                   ^
[0m[1m<scratch space>:60:2: [0m[0;1;30mnote: [0mexpanded from here[0m
 whitelisted_resource_4497
[0;1;32m ^
[0m[1m../../chrome/browser/ui/content_settings/content_setting_bubble_model.cc:221:37: [0m[0;1;35mwarning: [0m[1munknown pragma ignored [-Wunknown-pragmas][0m
    {CONTENT_SETTINGS_TYPE_COOKIES, IDS_BLOCKED_COOKIES_INFO},
[0;1;32m                                    ^
[0m[1mgen/chrome/grit/generated_resources.h:1142:34: [0m[0;1;30mnote: [0mexpanded from macro 'IDS_BLOCKED_COOKIES_INFO'[0m
#define IDS_BLOCKED_COOKIES_INFO _Pragma("whitelisted_resource_4513") 4513
[0;1;32m                                 ^
[0m[1m<scratch space>:62:2: [0m[0;1;30mnote: [0mexpanded from here[0m
 whitelisted_resource_4513
[0;1;32m ^
[0m[1m../../chrome/browser/ui/content_settings/content_setting_bubble_model.cc:222:41: [0m[0;1;35mwarning: [0m[1munknown pragma ignored [-Wunknown-pragmas][0m
    {CONTENT_SETTINGS_TYPE_MIXEDSCRIPT, IDS_ALLOW_INSECURE_CONTENT_BUTTON},
[0;1;32m                                        ^
[0m[1mgen/chrome/grit/generated_resources.h:1655:43: [0m[0;1;30mnote: [0mexpanded from macro 'IDS_ALLOW_INSECURE_CONTENT_BUTTON'[0m
#define IDS_ALLOW_INSECURE_CONTENT_BUTTON _Pragma("whitelisted_resource_5226") 5226
[0;1;32m                                          ^
[0m[1m<scratch space>:64:2: [0m[0;1;30mnote: [0mexpanded from here[0m
 whitelisted_resource_5226
[0;1;32m ^
[0m[1m../../chrome/browser/ui/content_settings/content_setting_bubble_model.cc:344:9: [0m[0;1;35mwarning: [0m[1munknown pragma ignored [-Wunknown-pragmas][0m
        IDS_REGISTER_PROTOCOL_HANDLER_CONFIRM,
[0;1;32m        ^
[0m[1mgen/chrome/grit/generated_resources.h:2532:47: [0m[0;1;30mnote: [0mexpanded from macro 'IDS_REGISTER_PROTOCOL_HANDLER_CONFIRM'[0m
#define IDS_REGISTER_PROTOCOL_HANDLER_CONFIRM _Pragma("whitelisted_resource_6291") 6291
[0;1;32m                                              ^
[0m[1m<scratch space>:66:2: [0m[0;1;30mnote: [0mexpanded from here[0m
 whitelisted_resource_6291
[0;1;32m ^
[0m[1m../../chrome/browser/ui/content_settings/content_setting_bubble_model.cc:348:9: [0m[0;1;35mwarning: [0m[1munknown pragma ignored [-Wunknown-pragmas][0m
        IDS_REGISTER_PROTOCOL_HANDLER_CONFIRM_REPLACE,
[0;1;32m        ^
[0m[1mgen/chrome/grit/generated_resources.h:2533:55: [0m[0;1;30mnote: [0mexpanded from macro 'IDS_REGISTER_PROTOCOL_HANDLER_CONFIRM_REPLACE'[0m
#define IDS_REGISTER_PROTOCOL_HANDLER_CONFIRM_REPLACE _Pragma("whitelisted_resource_6292") 6292
[0;1;32m                                                      ^
[0m[1m<scratch space>:68:2: [0m[0;1;30mnote: [0mexpanded from here[0m
 whitelisted_resource_6292
[0;1;32m ^
[0m[1m../../chrome/browser/ui/content_settings/content_setting_bubble_model.cc:354:33: [0m[0;1;35mwarning: [0m[1munknown pragma ignored [-Wunknown-pragmas][0m
      l10n_util::GetStringUTF16(IDS_REGISTER_PROTOCOL_HANDLER_ACCEPT);
[0;1;32m                                ^
[0m[1mgen/chrome/grit/generated_resources.h:2536:46: [0m[0;1;30mnote: [0mexpanded from macro 'IDS_REGISTER_PROTOCOL_HANDLER_ACCEPT'[0m
#define IDS_REGISTER_PROTOCOL_HANDLER_ACCEPT _Pragma("whitelisted_resource_6295") 6295
[0;1;32m                                             ^
[0m[1m<scratch space>:70:2: [0m[0;1;30mnote: [0mexpanded from here[0m
 whitelisted_resource_6295
[0;1;32m ^
[0m[1m../../chrome/browser/ui/content_settings/content_setting_bubble_model.cc:356:33: [0m[0;1;35mwarning: [0m[1munknown pragma ignored [-Wunknown-pragmas][0m
      l10n_util::GetStringUTF16(IDS_REGISTER_PROTOCOL_HANDLER_DENY);
[0;1;32m                                ^
[0m[1mgen/chrome/grit/generated_resources.h:2537:44: [0m[0;1;30mnote: [0mexpanded from macro 'IDS_REGISTER_PROTOCOL_HANDLER_DENY'[0m
#define IDS_REGISTER_PROTOCOL_HANDLER_DENY _Pragma("whitelisted_resource_6296") 6296
[0;1;32m                                           ^
[0m[1m<scratch space>:72:2: [0m[0;1;30mnote: [0mexpanded from here[0m
 whitelisted_resource_6296
[0;1;32m ^
[0m[1m../../chrome/browser/ui/content_settings/content_setting_bubble_model.cc:358:33: [0m[0;1;35mwarning: [0m[1munknown pragma ignored [-Wunknown-pragmas][0m
      l10n_util::GetStringUTF16(IDS_REGISTER_PROTOCOL_HANDLER_IGNORE);
[0;1;32m                                ^
[0m[1mgen/chrome/grit/generated_resources.h:2538:46: [0m[0;1;30mnote: [0mexpanded from macro 'IDS_REGISTER_PROTOCOL_HANDLER_IGNORE'[0m
#define IDS_REGISTER_PROTOCOL_HANDLER_IGNORE _Pragma("whitelisted_resource_6297") 6297
[0;1;32m                                             ^
[0m[1m<scratch space>:74:2: [0m[0;1;30mnote: [0mexpanded from here[0m
 whitelisted_resource_6297
[0;1;32m ^
[0m[1m../../chrome/browser/ui/content_settings/content_setting_bubble_model.cc:511:22: [0m[0;1;35mwarning: [0m[1munknown pragma ignored [-Wunknown-pragmas][0m
                     IDS_MIDI_SYSEX_BUBBLE_ALLOWED);
[0;1;32m                     ^
[0m[1mgen/chrome/grit/generated_resources.h:2465:39: [0m[0;1;30mnote: [0mexpanded from macro 'IDS_MIDI_SYSEX_BUBBLE_ALLOWED'[0m
#define IDS_MIDI_SYSEX_BUBBLE_ALLOWED _Pragma("whitelisted_resource_6215") 6215
[0;1;32m                                      ^
[0m[1m<scratch space>:76:2: [0m[0;1;30mnote: [0mexpanded from here[0m
 whitelisted_resource_6215
[0;1;32m ^
[0m[1m../../chrome/browser/ui/content_settings/content_setting_bubble_model.cc:514:22: [0m[0;1;35mwarning: [0m[1munknown pragma ignored [-Wunknown-pragmas][0m
                     IDS_MIDI_SYSEX_BUBBLE_DENIED);
[0;1;32m                     ^
[0m[1mgen/chrome/grit/generated_resources.h:2466:38: [0m[0;1;30mnote: [0mexpanded from macro 'IDS_MIDI_SYSEX_BUBBLE_DENIED'[0m
#define IDS_MIDI_SYSEX_BUBBLE_DENIED _Pragma("whitelisted_resource_6216") 6216
[0;1;32m                                     ^
[0m[1m<scratch space>:78:2: [0m[0;1;30mnote: [0mexpanded from here[0m
 whitelisted_resource_6216
[0;1;32m ^
[0m[1m../../chrome/browser/ui/content_settings/content_setting_bubble_model.cc:518:35: [0m[0;1;35mwarning: [0m[1munknown pragma ignored [-Wunknown-pragmas][0m
        l10n_util::GetStringUTF16(IDS_MIDI_SYSEX_BUBBLE_CLEAR_LINK));
[0;1;32m                                  ^
[0m[1mgen/chrome/grit/generated_resources.h:2468:42: [0m[0;1;30mnote: [0mexpanded from macro 'IDS_MIDI_SYSEX_BUBBLE_CLEAR_LINK'[0m
#define IDS_MIDI_SYSEX_BUBBLE_CLEAR_LINK _Pragma("whitelisted_resource_6218") 6218
[0;1;32m                                         ^
[0m[1m<scratch space>:80:2: [0m[0;1;30mnote: [0mexpanded from here[0m
 whitelisted_resource_6218
[0;1;32m ^
[0m[1m../../chrome/browser/ui/content_settings/content_setting_bubble_model.cc:523:9: [0m[0;1;35mwarning: [0m[1munknown pragma ignored [-Wunknown-pragmas][0m
        IDS_MIDI_SYSEX_BUBBLE_REQUIRE_RELOAD_TO_CLEAR));
[0;1;32m        ^
[0m[1mgen/chrome/grit/generated_resources.h:2467:55: [0m[0;1;30mnote: [0mexpanded from macro 'IDS_MIDI_SYSEX_BUBBLE_REQUIRE_RELOAD_TO_CLEAR'[0m
#define IDS_MIDI_SYSEX_BUBBLE_REQUIRE_RELOAD_TO_CLEAR _Pragma("whitelisted_resource_6217") 6217
[0;1;32m                                                      ^
[0m[1m<scratch space>:82:2: [0m[0;1;30mnote: [0mexpanded from here[0m
 whitelisted_resource_6217
[0;1;32m ^
[0m[1m../../chrome/browser/ui/content_settings/content_setting_bubble_model.cc:604:22: [0m[0;1;35mwarning: [0m[1munknown pragma ignored [-Wunknown-pragmas][0m
                     IDS_GEOLOCATION_BUBBLE_SECTION_ALLOWED);
[0;1;32m                     ^
[0m[1mgen/chrome/grit/generated_resources.h:2454:48: [0m[0;1;30mnote: [0mexpanded from macro 'IDS_GEOLOCATION_BUBBLE_SECTION_ALLOWED'[0m
#define IDS_GEOLOCATION_BUBBLE_SECTION_ALLOWED _Pragma("whitelisted_resource_6204") 6204
[0;1;32m                                               ^
[0m[1m<scratch space>:84:2: [0m[0;1;30mnote: [0mexpanded from here[0m
 whitelisted_resource_6204
[0;1;32m ^
[0m[1m../../chrome/browser/ui/content_settings/content_setting_bubble_model.cc:607:22: [0m[0;1;35mwarning: [0m[1munknown pragma ignored [-Wunknown-pragmas][0m
                     IDS_GEOLOCATION_BUBBLE_SECTION_DENIED);
[0;1;32m                     ^
[0m[1mgen/chrome/grit/generated_resources.h:2455:47: [0m[0;1;30mnote: [0mexpanded from macro 'IDS_GEOLOCATION_BUBBLE_SECTION_DENIED'[0m
#define IDS_GEOLOCATION_BUBBLE_SECTION_DENIED _Pragma("whitelisted_resource_6205") 6205
[0;1;32m                                              ^
[0m[1m<scratch space>:86:2: [0m[0;1;30mnote: [0mexpanded from here[0m
 whitelisted_resource_6205
[0;1;32m ^
[0m[1m../../chrome/browser/ui/content_settings/content_setting_bubble_model.cc:611:35: [0m[0;1;35mwarning: [0m[1munknown pragma ignored [-Wunknown-pragmas][0m
        l10n_util::GetStringUTF16(IDS_GEOLOCATION_BUBBLE_CLEAR_LINK));
[0;1;32m                                  ^
[0m[1mgen/chrome/grit/generated_resources.h:2457:43: [0m[0;1;30mnote: [0mexpanded from macro 'IDS_GEOLOCATION_BUBBLE_CLEAR_LINK'[0m
#define IDS_GEOLOCATION_BUBBLE_CLEAR_LINK _Pragma("whitelisted_resource_6207") 6207
[0;1;32m                                          ^
[0m[1m<scratch space>:88:2: [0m[0;1;30mnote: [0mexpanded from here[0m
 whitelisted_resource_6207
[0;1;32m ^
[0m[1m../../chrome/browser/ui/content_settings/content_setting_bubble_model.cc:616:9: [0m[0;1;35mwarning: [0m[1munknown pragma ignored [-Wunknown-pragmas][0m
        IDS_GEOLOCATION_BUBBLE_REQUIRE_RELOAD_TO_CLEAR));
[0;1;32m        ^
[0m[1mgen/chrome/grit/generated_resources.h:2456:56: [0m[0;1;30mnote: [0mexpanded from macro 'IDS_GEOLOCATION_BUBBLE_REQUIRE_RELOAD_TO_CLEAR'[0m
#define IDS_GEOLOCATION_BUBBLE_REQUIRE_RELOAD_TO_CLEAR _Pragma("whitelisted_resource_6206") 6206
[0;1;32m                                                       ^
[0m[1m<scratch space>:90:2: [0m[0;1;30mnote: [0mexpanded from here[0m
 whitelisted_resource_6206
[0;1;32m ^
[0m[1m../../chrome/browser/ui/content_settings/content_setting_bubble_model.cc:689:47: [0m[0;1;35mwarning: [0m[1munknown pragma ignored [-Wunknown-pragmas][0m
    set_custom_link(l10n_util::GetStringUTF16(IDS_BLOCKED_PLUGINS_LOAD_ALL));
[0;1;32m                                              ^
[0m[1mgen/chrome/grit/generated_resources.h:1181:38: [0m[0;1;30mnote: [0mexpanded from macro 'IDS_BLOCKED_PLUGINS_LOAD_ALL'[0m
#define IDS_BLOCKED_PLUGINS_LOAD_ALL _Pragma("whitelisted_resource_4552") 4552
[0;1;32m                                     ^
[0m[1m<scratch space>:92:2: [0m[0;1;30mnote: [0mexpanded from here[0m
 whitelisted_resource_4552
[0;1;32m ^
[0m[1m../../chrome/browser/ui/content_settings/content_setting_bubble_model.cc:789:39: [0m[0;1;35mwarning: [0m[1munknown pragma ignored [-Wunknown-pragmas][0m
      {CONTENT_SETTINGS_TYPE_COOKIES, IDS_BLOCKED_COOKIES_UNBLOCK},
[0;1;32m                                      ^
[0m[1mgen/chrome/grit/generated_resources.h:1145:37: [0m[0;1;30mnote: [0mexpanded from macro 'IDS_BLOCKED_COOKIES_UNBLOCK'[0m
#define IDS_BLOCKED_COOKIES_UNBLOCK _Pragma("whitelisted_resource_4516") 4516
[0;1;32m                                    ^
[0m[1m<scratch space>:95:2: [0m[0;1;30mnote: [0mexpanded from here[0m
 whitelisted_resource_4516
[0;1;32m ^
[0m[1m../../chrome/browser/ui/content_settings/content_setting_bubble_model.cc:790:38: [0m[0;1;35mwarning: [0m[1munknown pragma ignored [-Wunknown-pragmas][0m
      {CONTENT_SETTINGS_TYPE_IMAGES, IDS_BLOCKED_IMAGES_UNBLOCK},
[0;1;32m                                     ^
[0m[1mgen/chrome/grit/generated_resources.h:1146:36: [0m[0;1;30mnote: [0mexpanded from macro 'IDS_BLOCKED_IMAGES_UNBLOCK'[0m
#define IDS_BLOCKED_IMAGES_UNBLOCK _Pragma("whitelisted_resource_4517") 4517
[0;1;32m                                   ^
[0m[1m<scratch space>:97:2: [0m[0;1;30mnote: [0mexpanded from here[0m
 whitelisted_resource_4517
[0;1;32m ^
[0m[1m../../chrome/browser/ui/content_settings/content_setting_bubble_model.cc:791:42: [0m[0;1;35mwarning: [0m[1munknown pragma ignored [-Wunknown-pragmas][0m
      {CONTENT_SETTINGS_TYPE_JAVASCRIPT, IDS_BLOCKED_JAVASCRIPT_UNBLOCK},
[0;1;32m                                         ^
[0m[1mgen/chrome/grit/generated_resources.h:1176:40: [0m[0;1;30mnote: [0mexpanded from macro 'IDS_BLOCKED_JAVASCRIPT_UNBLOCK'[0m
#define IDS_BLOCKED_JAVASCRIPT_UNBLOCK _Pragma("whitelisted_resource_4547") 4547
[0;1;32m                                       ^
[0m[1m<scratch space>:99:2: [0m[0;1;30mnote: [0mexpanded from here[0m
 whitelisted_resource_4547
[0;1;32m ^
[0m[1m../../chrome/browser/ui/content_settings/content_setting_bubble_model.cc:792:38: [0m[0;1;35mwarning: [0m[1munknown pragma ignored [-Wunknown-pragmas][0m
      {CONTENT_SETTINGS_TYPE_POPUPS, IDS_BLOCKED_POPUPS_REDIRECTS_UNBLOCK},
[0;1;32m                                     ^
[0m[1mgen/chrome/grit/generated_resources.h:1154:46: [0m[0;1;30mnote: [0mexpanded from macro 'IDS_BLOCKED_POPUPS_REDIRECTS_UNBLOCK'[0m
#define IDS_BLOCKED_POPUPS_REDIRECTS_UNBLOCK _Pragma("whitelisted_resource_4525") 4525
[0;1;32m                                             ^
[0m[1m<scratch space>:101:2: [0m[0;1;30mnote: [0mexpanded from here[0m
 whitelisted_resource_4525
[0;1;32m ^
[0m[1m../../chrome/browser/ui/content_settings/content_setting_bubble_model.cc:793:44: [0m[0;1;35mwarning: [0m[1munknown pragma ignored [-Wunknown-pragmas][0m
      {CONTENT_SETTINGS_TYPE_PPAPI_BROKER, IDS_BLOCKED_PPAPI_BROKER_UNBLOCK},
[0;1;32m                                           ^
[0m[1mgen/chrome/grit/generated_resources.h:1648:42: [0m[0;1;30mnote: [0mexpanded from macro 'IDS_BLOCKED_PPAPI_BROKER_UNBLOCK'[0m
#define IDS_BLOCKED_PPAPI_BROKER_UNBLOCK _Pragma("whitelisted_resource_5219") 5219
[0;1;32m                                         ^
[0m[1m<scratch space>:103:2: [0m[0;1;30mnote: [0mexpanded from here[0m
 whitelisted_resource_5219
[0;1;32m ^
[0m[1m../../chrome/browser/ui/content_settings/content_setting_bubble_model.cc:794:37: [0m[0;1;35mwarning: [0m[1munknown pragma ignored [-Wunknown-pragmas][0m
      {CONTENT_SETTINGS_TYPE_SOUND, IDS_BLOCKED_SOUND_UNBLOCK},
[0;1;32m                                    ^
[0m[1mgen/chrome/grit/generated_resources.h:1183:35: [0m[0;1;30mnote: [0mexpanded from macro 'IDS_BLOCKED_SOUND_UNBLOCK'[0m
#define IDS_BLOCKED_SOUND_UNBLOCK _Pragma("whitelisted_resource_4554") 4554
[0;1;32m                                  ^
[0m[1m<scratch space>:105:2: [0m[0;1;30mnote: [0mexpanded from here[0m
 whitelisted_resource_4554
[0;1;32m ^
[0m[1m../../chrome/browser/ui/content_settings/content_setting_bubble_model.cc:795:46: [0m[0;1;35mwarning: [0m[1munknown pragma ignored [-Wunknown-pragmas][0m
      {CONTENT_SETTINGS_TYPE_CLIPBOARD_READ, IDS_BLOCKED_CLIPBOARD_UNBLOCK},
[0;1;32m                                             ^
[0m[1mgen/chrome/grit/generated_resources.h:1753:39: [0m[0;1;30mnote: [0mexpanded from macro 'IDS_BLOCKED_CLIPBOARD_UNBLOCK'[0m
#define IDS_BLOCKED_CLIPBOARD_UNBLOCK _Pragma("whitelisted_resource_5330") 5330
[0;1;32m                                      ^
[0m[1m<scratch space>:107:2: [0m[0;1;30mnote: [0mexpanded from here[0m
 whitelisted_resource_5330
[0;1;32m ^
[0m[1m../../chrome/browser/ui/content_settings/content_setting_bubble_model.cc:796:39: [0m[0;1;35mwarning: [0m[1munknown pragma ignored [-Wunknown-pragmas][0m
      {CONTENT_SETTINGS_TYPE_SENSORS, IDS_BLOCKED_SENSORS_UNBLOCK},
[0;1;32m                                      ^
[0m[1mgen/chrome/grit/generated_resources.h:2550:37: [0m[0;1;30mnote: [0mexpanded from macro 'IDS_BLOCKED_SENSORS_UNBLOCK'[0m
#define IDS_BLOCKED_SENSORS_UNBLOCK _Pragma("whitelisted_resource_6309") 6309
[0;1;32m                                    ^
[0m[1m<scratch space>:109:2: [0m[0;1;30mnote: [0mexpanded from here[0m
 whitelisted_resource_6309
[0;1;32m ^
[0m[1m../../chrome/browser/ui/content_settings/content_setting_bubble_model.cc:800:39: [0m[0;1;35mwarning: [0m[1munknown pragma ignored [-Wunknown-pragmas][0m
      {CONTENT_SETTINGS_TYPE_COOKIES, IDS_ALLOWED_COOKIES_NO_ACTION},
[0;1;32m                                      ^
[0m[1mgen/chrome/grit/generated_resources.h:1148:39: [0m[0;1;30mnote: [0mexpanded from macro 'IDS_ALLOWED_COOKIES_NO_ACTION'[0m
#define IDS_ALLOWED_COOKIES_NO_ACTION _Pragma("whitelisted_resource_4519") 4519
[0;1;32m                                      ^
[0m[1m<scratch space>:111:2: [0m[0;1;30mnote: [0mexpanded from here[0m
 whitelisted_resource_4519
[0;1;32m ^
[0m[1m../../chrome/browser/ui/content_settings/content_setting_bubble_model.cc:801:44: [0m[0;1;35mwarning: [0m[1munknown pragma ignored [-Wunknown-pragmas][0m
      {CONTENT_SETTINGS_TYPE_PPAPI_BROKER, IDS_ALLOWED_PPAPI_BROKER_NO_ACTION},
[0;1;32m                                           ^
[0m[1mgen/chrome/grit/generated_resources.h:1650:44: [0m[0;1;30mnote: [0mexpanded from macro 'IDS_ALLOWED_PPAPI_BROKER_NO_ACTION'[0m
#define IDS_ALLOWED_PPAPI_BROKER_NO_ACTION _Pragma("whitelisted_resource_5221") 5221
[0;1;32m                                           ^
[0m[1m<scratch space>:113:2: [0m[0;1;30mnote: [0mexpanded from here[0m
 whitelisted_resource_5221
[0;1;32m ^
[0m[1m../../chrome/browser/ui/content_settings/content_setting_bubble_model.cc:802:46: [0m[0;1;35mwarning: [0m[1munknown pragma ignored [-Wunknown-pragmas][0m
      {CONTENT_SETTINGS_TYPE_CLIPBOARD_READ, IDS_ALLOWED_CLIPBOARD_NO_ACTION},
[0;1;32m                                             ^
[0m[1mgen/chrome/grit/generated_resources.h:1751:41: [0m[0;1;30mnote: [0mexpanded from macro 'IDS_ALLOWED_CLIPBOARD_NO_ACTION'[0m
#define IDS_ALLOWED_CLIPBOARD_NO_ACTION _Pragma("whitelisted_resource_5328") 5328
[0;1;32m                                        ^
[0m[1m<scratch space>:115:2: [0m[0;1;30mnote: [0mexpanded from here[0m
 whitelisted_resource_5328
[0;1;32m ^
[0m[1m../../chrome/browser/ui/content_settings/content_setting_bubble_model.cc:803:39: [0m[0;1;35mwarning: [0m[1munknown pragma ignored [-Wunknown-pragmas][0m
      {CONTENT_SETTINGS_TYPE_SENSORS, IDS_ALLOWED_SENSORS_NO_ACTION},
[0;1;32m                                      ^
[0m[1mgen/chrome/grit/generated_resources.h:2556:39: [0m[0;1;30mnote: [0mexpanded from macro 'IDS_ALLOWED_SENSORS_NO_ACTION'[0m
#define IDS_ALLOWED_SENSORS_NO_ACTION _Pragma("whitelisted_resource_6315") 6315
[0;1;32m                                      ^
[0m[1m<scratch space>:117:2: [0m[0;1;30mnote: [0mexpanded from here[0m
 whitelisted_resource_6315
[0;1;32m ^
[0m[1m../../chrome/browser/ui/content_settings/content_setting_bubble_model.cc:819:39: [0m[0;1;35mwarning: [0m[1munknown pragma ignored [-Wunknown-pragmas][0m
      {CONTENT_SETTINGS_TYPE_COOKIES, IDS_BLOCKED_COOKIES_NO_ACTION},
[0;1;32m                                      ^
[0m[1mgen/chrome/grit/generated_resources.h:1147:39: [0m[0;1;30mnote: [0mexpanded from macro 'IDS_BLOCKED_COOKIES_NO_ACTION'[0m
#define IDS_BLOCKED_COOKIES_NO_ACTION _Pragma("whitelisted_resource_4518") 4518
[0;1;32m                                      ^
[0m[1m<scratch space>:119:2: [0m[0;1;30mnote: [0mexpanded from here[0m
 whitelisted_resource_4518
[0;1;32m ^
[0m[1m../../chrome/browser/ui/content_settings/content_setting_bubble_model.cc:820:38: [0m[0;1;35mwarning: [0m[1munknown pragma ignored [-Wunknown-pragmas][0m
      {CONTENT_SETTINGS_TYPE_IMAGES, IDS_BLOCKED_IMAGES_NO_ACTION},
[0;1;32m                                     ^
[0m[1mgen/chrome/grit/generated_resources.h:1150:38: [0m[0;1;30mnote: [0mexpanded from macro 'IDS_BLOCKED_IMAGES_NO_ACTION'[0m
#define IDS_BLOCKED_IMAGES_NO_ACTION _Pragma("whitelisted_resource_4521") 4521
[0;1;32m                                     ^
[0m[1m<scratch space>:121:2: [0m[0;1;30mnote: [0mexpanded from here[0m
 whitelisted_resource_4521
[0;1;32m ^
[0m[1m../../chrome/browser/ui/content_settings/content_setting_bubble_model.cc:821:42: [0m[0;1;35mwarning: [0m[1munknown pragma ignored [-Wunknown-pragmas][0m
      {CONTENT_SETTINGS_TYPE_JAVASCRIPT, IDS_BLOCKED_JAVASCRIPT_NO_ACTION},
[0;1;32m                                         ^
[0m[1mgen/chrome/grit/generated_resources.h:1177:42: [0m[0;1;30mnote: [0mexpanded from macro 'IDS_BLOCKED_JAVASCRIPT_NO_ACTION'[0m
#define IDS_BLOCKED_JAVASCRIPT_NO_ACTION _Pragma("whitelisted_resource_4548") 4548
[0;1;32m                                         ^
[0m[1m<scratch space>:123:2: [0m[0;1;30mnote: [0mexpanded from here[0m
 whitelisted_resource_4548
[0;1;32m ^
[0m[1m../../chrome/browser/ui/content_settings/content_setting_bubble_model.cc:822:38: [0m[0;1;35mwarning: [0m[1munknown pragma ignored [-Wunknown-pragmas][0m
      {CONTENT_SETTINGS_TYPE_POPUPS, IDS_BLOCKED_POPUPS_REDIRECTS_NO_ACTION},
[0;1;32m                                     ^
[0m[1mgen/chrome/grit/generated_resources.h:1155:48: [0m[0;1;30mnote: [0mexpanded from macro 'IDS_BLOCKED_POPUPS_REDIRECTS_NO_ACTION'[0m
#define IDS_BLOCKED_POPUPS_REDIRECTS_NO_ACTION _Pragma("whitelisted_resource_4526") 4526
[0;1;32m                                               ^
[0m[1m<scratch space>:125:2: [0m[0;1;30mnote: [0mexpanded from here[0m
 whitelisted_resource_4526
[0;1;32m ^
[0m[1m../../chrome/browser/ui/content_settings/content_setting_bubble_model.cc:823:44: [0m[0;1;35mwarning: [0m[1munknown pragma ignored [-Wunknown-pragmas][0m
      {CONTENT_SETTINGS_TYPE_PPAPI_BROKER, IDS_BLOCKED_PPAPI_BROKER_NO_ACTION},
[0;1;32m                                           ^
[0m[1mgen/chrome/grit/generated_resources.h:1649:44: [0m[0;1;30mnote: [0mexpanded from macro 'IDS_BLOCKED_PPAPI_BROKER_NO_ACTION'[0m
#define IDS_BLOCKED_PPAPI_BROKER_NO_ACTION _Pragma("whitelisted_resource_5220") 5220
[0;1;32m                                           ^
[0m[1m<scratch space>:127:2: [0m[0;1;30mnote: [0mexpanded from here[0m
 whitelisted_resource_5220
[0;1;32m ^
[0m[1m../../chrome/browser/ui/content_settings/content_setting_bubble_model.cc:824:37: [0m[0;1;35mwarning: [0m[1munknown pragma ignored [-Wunknown-pragmas][0m
      {CONTENT_SETTINGS_TYPE_SOUND, IDS_BLOCKED_SOUND_NO_ACTION},
[0;1;32m                                    ^
[0m[1mgen/chrome/grit/generated_resources.h:1184:37: [0m[0;1;30mnote: [0mexpanded from macro 'IDS_BLOCKED_SOUND_NO_ACTION'[0m
#define IDS_BLOCKED_SOUND_NO_ACTION _Pragma("whitelisted_resource_4555") 4555
[0;1;32m                                    ^
[0m[1m<scratch space>:129:2: [0m[0;1;30mnote: [0mexpanded from here[0m
 whitelisted_resource_4555
[0;1;32m ^
[0m[1m../../chrome/browser/ui/content_settings/content_setting_bubble_model.cc:825:46: [0m[0;1;35mwarning: [0m[1munknown pragma ignored [-Wunknown-pragmas][0m
      {CONTENT_SETTINGS_TYPE_CLIPBOARD_READ, IDS_BLOCKED_CLIPBOARD_NO_ACTION},
[0;1;32m                                             ^
[0m[1mgen/chrome/grit/generated_resources.h:1754:41: [0m[0;1;30mnote: [0mexpanded from macro 'IDS_BLOCKED_CLIPBOARD_NO_ACTION'[0m
#define IDS_BLOCKED_CLIPBOARD_NO_ACTION _Pragma("whitelisted_resource_5331") 5331
[0;1;32m                                        ^
[0m[1m<scratch space>:131:2: [0m[0;1;30mnote: [0mexpanded from here[0m
 whitelisted_resource_5331
[0;1;32m ^
[0m[1m../../chrome/browser/ui/content_settings/content_setting_bubble_model.cc:826:39: [0m[0;1;35mwarning: [0m[1munknown pragma ignored [-Wunknown-pragmas][0m
      {CONTENT_SETTINGS_TYPE_SENSORS, IDS_BLOCKED_SENSORS_NO_ACTION},
[0;1;32m                                      ^
[0m[1mgen/chrome/grit/generated_resources.h:2551:39: [0m[0;1;30mnote: [0mexpanded from macro 'IDS_BLOCKED_SENSORS_NO_ACTION'[0m
#define IDS_BLOCKED_SENSORS_NO_ACTION _Pragma("whitelisted_resource_6310") 6310
[0;1;32m                                      ^
[0m[1m<scratch space>:133:2: [0m[0;1;30mnote: [0mexpanded from here[0m
 whitelisted_resource_6310
[0;1;32m ^
[0m[1m../../chrome/browser/ui/content_settings/content_setting_bubble_model.cc:829:39: [0m[0;1;35mwarning: [0m[1munknown pragma ignored [-Wunknown-pragmas][0m
      {CONTENT_SETTINGS_TYPE_COOKIES, IDS_ALLOWED_COOKIES_BLOCK},
[0;1;32m                                      ^
[0m[1mgen/chrome/grit/generated_resources.h:1149:35: [0m[0;1;30mnote: [0mexpanded from macro 'IDS_ALLOWED_COOKIES_BLOCK'[0m
#define IDS_ALLOWED_COOKIES_BLOCK _Pragma("whitelisted_resource_4520") 4520
[0;1;32m                                  ^
[0m[1m<scratch space>:135:2: [0m[0;1;30mnote: [0mexpanded from here[0m
 whitelisted_resource_4520
[0;1;32m ^
[0m[1m../../chrome/browser/ui/content_settings/content_setting_bubble_model.cc:830:44: [0m[0;1;35mwarning: [0m[1munknown pragma ignored [-Wunknown-pragmas][0m
      {CONTENT_SETTINGS_TYPE_PPAPI_BROKER, IDS_ALLOWED_PPAPI_BROKER_BLOCK},
[0;1;32m                                           ^
[0m[1mgen/chrome/grit/generated_resources.h:1651:40: [0m[0;1;30mnote: [0mexpanded from macro 'IDS_ALLOWED_PPAPI_BROKER_BLOCK'[0m
#define IDS_ALLOWED_PPAPI_BROKER_BLOCK _Pragma("whitelisted_resource_5222") 5222
[0;1;32m                                       ^
[0m[1m<scratch space>:137:2: [0m[0;1;30mnote: [0mexpanded from here[0m
 whitelisted_resource_5222
[0;1;32m ^
[0m[1m../../chrome/browser/ui/content_settings/content_setting_bubble_model.cc:831:46: [0m[0;1;35mwarning: [0m[1munknown pragma ignored [-Wunknown-pragmas][0m
      {CONTENT_SETTINGS_TYPE_CLIPBOARD_READ, IDS_ALLOWED_CLIPBOARD_BLOCK},
[0;1;32m                                             ^
[0m[1mgen/chrome/grit/generated_resources.h:1750:37: [0m[0;1;30mnote: [0mexpanded from macro 'IDS_ALLOWED_CLIPBOARD_BLOCK'[0m
#define IDS_ALLOWED_CLIPBOARD_BLOCK _Pragma("whitelisted_resource_5327") 5327
[0;1;32m                                    ^
[0m[1m<scratch space>:139:2: [0m[0;1;30mnote: [0mexpanded from here[0m
 whitelisted_resource_5327
[0;1;32m ^
[0m[1m../../chrome/browser/ui/content_settings/content_setting_bubble_model.cc:832:39: [0m[0;1;35mwarning: [0m[1munknown pragma ignored [-Wunknown-pragmas][0m
      {CONTENT_SETTINGS_TYPE_SENSORS, IDS_ALLOWED_SENSORS_BLOCK},
[0;1;32m                                      ^
[0m[1mgen/chrome/grit/generated_resources.h:2557:35: [0m[0;1;30mnote: [0mexpanded from macro 'IDS_ALLOWED_SENSORS_BLOCK'[0m
#define IDS_ALLOWED_SENSORS_BLOCK _Pragma("whitelisted_resource_6316") 6316
[0;1;32m                                  ^
[0m[1m<scratch space>:141:2: [0m[0;1;30mnote: [0mexpanded from here[0m
 whitelisted_resource_6316
[0;1;32m ^
[0m[1m../../chrome/browser/ui/content_settings/content_setting_bubble_model.cc:988:39: [0m[0;1;35mwarning: [0m[1munknown pragma ignored [-Wunknown-pragmas][0m
  set_title(l10n_util::GetStringUTF16(IDS_BLOCKED_POPUPS_TITLE));
[0;1;32m                                      ^
[0m[1mgen/chrome/grit/generated_resources.h:1153:34: [0m[0;1;30mnote: [0mexpanded from macro 'IDS_BLOCKED_POPUPS_TITLE'[0m
#define IDS_BLOCKED_POPUPS_TITLE _Pragma("whitelisted_resource_4524") 4524
[0;1;32m                                 ^
[0m[1m<scratch space>:143:2: [0m[0;1;30mnote: [0mexpanded from here[0m
 whitelisted_resource_4524
[0;1;32m ^
[0m[1m../../chrome/browser/ui/content_settings/content_setting_bubble_model.cc:1020:39: [0m[0;1;35mwarning: [0m[1munknown pragma ignored [-Wunknown-pragmas][0m
    title = l10n_util::GetStringUTF16(IDS_TAB_LOADING_TITLE);
[0;1;32m                                      ^
[0m[1mgen/chrome/grit/generated_resources.h:810:31: [0m[0;1;30mnote: [0mexpanded from macro 'IDS_TAB_LOADING_TITLE'[0m
#define IDS_TAB_LOADING_TITLE _Pragma("whitelisted_resource_4152") 4152
[0;1;32m                              ^
[0m[1m<scratch space>:145:2: [0m[0;1;30mnote: [0mexpanded from here[0m
 whitelisted_resource_4152
[0;1;32m ^
[0m[1m../../chrome/browser/ui/content_settings/content_setting_bubble_model.cc:1028:40: [0m[0;1;35mwarning: [0m[1munknown pragma ignored [-Wunknown-pragmas][0m
    title = l10n_util::GetStringFUTF16(IDS_LIST_BULLET, title);
[0;1;32m                                       ^
[0m[1mgen/chrome/grit/generated_resources.h:1127:25: [0m[0;1;30mnote: [0mexpanded from macro 'IDS_LIST_BULLET'[0m
#define IDS_LIST_BULLET _Pragma("whitelisted_resource_4498") 4498
[0;1;32m                        ^
[0m[1m<scratch space>:147:2: [0m[0;1;30mnote: [0mexpanded from here[0m
 whitelisted_resource_4498
[0;1;32m ^
[0m[1m../../chrome/browser/ui/content_settings/content_setting_bubble_model.cc:1034:29: [0m[0;1;35mwarning: [0m[1munknown pragma ignored [-Wunknown-pragmas][0m
                            IDR_DEFAULT_FAVICON),
[0;1;32m                            ^
[0m[1mgen/ui/resources/grit/ui_resources.h:16:29: [0m[0;1;30mnote: [0mexpanded from macro 'IDR_DEFAULT_FAVICON'[0m
#define IDR_DEFAULT_FAVICON _Pragma("whitelisted_resource_26972") 26972
[0;1;32m                            ^
[0m[1m<scratch space>:149:2: [0m[0;1;30mnote: [0mexpanded from here[0m
 whitelisted_resource_26972
[0;1;32m ^
[0m[1m../../chrome/browser/ui/content_settings/content_setting_bubble_model.cc:1171:16: [0m[0;1;35mwarning: [0m[1munknown pragma ignored [-Wunknown-pragmas][0m
    title_id = IDS_MICROPHONE_CAMERA_BLOCKED_TITLE;
[0;1;32m               ^
[0m[1mgen/chrome/grit/generated_resources.h:2481:45: [0m[0;1;30mnote: [0mexpanded from macro 'IDS_MICROPHONE_CAMERA_BLOCKED_TITLE'[0m
#define IDS_MICROPHONE_CAMERA_BLOCKED_TITLE _Pragma("whitelisted_resource_6231") 6231
[0;1;32m                                            ^
[0m[1m<scratch space>:151:2: [0m[0;1;30mnote: [0mexpanded from here[0m
 whitelisted_resource_6231
[0;1;32m ^
[0m[1m../../chrome/browser/ui/content_settings/content_setting_bubble_model.cc:1173:16: [0m[0;1;35mwarning: [0m[1munknown pragma ignored [-Wunknown-pragmas][0m
    title_id = IDS_MICROPHONE_BLOCKED_TITLE;
[0;1;32m               ^
[0m[1mgen/chrome/grit/generated_resources.h:2484:38: [0m[0;1;30mnote: [0mexpanded from macro 'IDS_MICROPHONE_BLOCKED_TITLE'[0m
#define IDS_MICROPHONE_BLOCKED_TITLE _Pragma("whitelisted_resource_6234") 6234
[0;1;32m                                     ^
[0m[1m<scratch space>:153:2: [0m[0;1;30mnote: [0mexpanded from here[0m
 whitelisted_resource_6234
[0;1;32m ^
[0m[1m../../chrome/browser/ui/content_settings/content_setting_bubble_model.cc:1175:16: [0m[0;1;35mwarning: [0m[1munknown pragma ignored [-Wunknown-pragmas][0m
    title_id = IDS_CAMERA_BLOCKED_TITLE;
[0;1;32m               ^
[0m[1mgen/chrome/grit/generated_resources.h:2485:34: [0m[0;1;30mnote: [0mexpanded from macro 'IDS_CAMERA_BLOCKED_TITLE'[0m
#define IDS_CAMERA_BLOCKED_TITLE _Pragma("whitelisted_resource_6235") 6235
[0;1;32m                                 ^
[0m[1m<scratch space>:155:2: [0m[0;1;30mnote: [0mexpanded from here[0m
 whitelisted_resource_6235
[0;1;32m ^
[0m[1m../../chrome/browser/ui/content_settings/content_setting_bubble_model.cc:1177:16: [0m[0;1;35mwarning: [0m[1munknown pragma ignored [-Wunknown-pragmas][0m
    title_id = IDS_MICROPHONE_CAMERA_ALLOWED_TITLE;
[0;1;32m               ^
[0m[1mgen/chrome/grit/generated_resources.h:2480:45: [0m[0;1;30mnote: [0mexpanded from macro 'IDS_MICROPHONE_CAMERA_ALLOWED_TITLE'[0m
#define IDS_MICROPHONE_CAMERA_ALLOWED_TITLE _Pragma("whitelisted_resource_6230") 6230
[0;1;32m                                            ^
[0m[1m<scratch space>:157:2: [0m[0;1;30mnote: [0mexpanded from here[0m
 whitelisted_resource_6230
[0;1;32m ^
[0m[1m../../chrome/browser/ui/content_settings/content_setting_bubble_model.cc:1179:16: [0m[0;1;35mwarning: [0m[1munknown pragma ignored [-Wunknown-pragmas][0m
    title_id = IDS_MICROPHONE_ACCESSED_TITLE;
[0;1;32m               ^
[0m[1mgen/chrome/grit/generated_resources.h:2482:39: [0m[0;1;30mnote: [0mexpanded from macro 'IDS_MICROPHONE_ACCESSED_TITLE'[0m
#define IDS_MICROPHONE_ACCESSED_TITLE _Pragma("whitelisted_resource_6232") 6232
[0;1;32m                                      ^
[0m[1m<scratch space>:159:2: [0m[0;1;30mnote: [0mexpanded from here[0m
 whitelisted_resource_6232
[0;1;32m ^
[0m[1m../../chrome/browser/ui/content_settings/content_setting_bubble_model.cc:1181:16: [0m[0;1;35mwarning: [0m[1munknown pragma ignored [-Wunknown-pragmas][0m
    title_id = IDS_CAMERA_ACCESSED_TITLE;
[0;1;32m               ^
[0m[1mgen/chrome/grit/generated_resources.h:2483:35: [0m[0;1;30mnote: [0mexpanded from macro 'IDS_CAMERA_ACCESSED_TITLE'[0m
#define IDS_CAMERA_ACCESSED_TITLE _Pragma("whitelisted_resource_6233") 6233
[0;1;32m                                  ^
[0m[1m<scratch space>:161:2: [0m[0;1;30mnote: [0mexpanded from here[0m
 whitelisted_resource_6233
[0;1;32m ^
[0m[1m../../chrome/browser/ui/content_settings/content_setting_bubble_model.cc:1191:18: [0m[0;1;35mwarning: [0m[1munknown pragma ignored [-Wunknown-pragmas][0m
    message_id = IDS_MICROPHONE_CAMERA_BLOCKED;
[0;1;32m                 ^
[0m[1mgen/chrome/grit/generated_resources.h:2475:39: [0m[0;1;30mnote: [0mexpanded from macro 'IDS_MICROPHONE_CAMERA_BLOCKED'[0m
#define IDS_MICROPHONE_CAMERA_BLOCKED _Pragma("whitelisted_resource_6225") 6225
[0;1;32m                                      ^
[0m[1m<scratch space>:163:2: [0m[0;1;30mnote: [0mexpanded from here[0m
 whitelisted_resource_6225
[0;1;32m ^
[0m[1m../../chrome/browser/ui/content_settings/content_setting_bubble_model.cc:1193:18: [0m[0;1;35mwarning: [0m[1munknown pragma ignored [-Wunknown-pragmas][0m
    message_id = IDS_MICROPHONE_BLOCKED;
[0;1;32m                 ^
[0m[1mgen/chrome/grit/generated_resources.h:2478:32: [0m[0;1;30mnote: [0mexpanded from macro 'IDS_MICROPHONE_BLOCKED'[0m
#define IDS_MICROPHONE_BLOCKED _Pragma("whitelisted_resource_6228") 6228
[0;1;32m                               ^
[0m[1m<scratch space>:165:2: [0m[0;1;30mnote: [0mexpanded from here[0m
 whitelisted_resource_6228
[0;1;32m ^
[0m[1m../../chrome/browser/ui/content_settings/content_setting_bubble_model.cc:1195:18: [0m[0;1;35mwarning: [0m[1munknown pragma ignored [-Wunknown-pragmas][0m
    message_id = IDS_CAMERA_BLOCKED;
[0;1;32m                 ^
[0m[1mgen/chrome/grit/generated_resources.h:2479:28: [0m[0;1;30mnote: [0mexpanded from macro 'IDS_CAMERA_BLOCKED'[0m
#define IDS_CAMERA_BLOCKED _Pragma("whitelisted_resource_6229") 6229
[0;1;32m                           ^
[0m[1m<scratch space>:167:2: [0m[0;1;30mnote: [0mexpanded from here[0m
 whitelisted_resource_6229
[0;1;32m ^
[0m[1m../../chrome/browser/ui/content_settings/content_setting_bubble_model.cc:1197:18: [0m[0;1;35mwarning: [0m[1munknown pragma ignored [-Wunknown-pragmas][0m
    message_id = IDS_MICROPHONE_CAMERA_ALLOWED;
[0;1;32m                 ^
[0m[1mgen/chrome/grit/generated_resources.h:2474:39: [0m[0;1;30mnote: [0mexpanded from macro 'IDS_MICROPHONE_CAMERA_ALLOWED'[0m
#define IDS_MICROPHONE_CAMERA_ALLOWED _Pragma("whitelisted_resource_6224") 6224
[0;1;32m                                      ^
[0m[1m<scratch space>:169:2: [0m[0;1;30mnote: [0mexpanded from here[0m
 whitelisted_resource_6224
[0;1;32m ^
[0m[1m../../chrome/browser/ui/content_settings/content_setting_bubble_model.cc:1199:18: [0m[0;1;35mwarning: [0m[1munknown pragma ignored [-Wunknown-pragmas][0m
    message_id = IDS_MICROPHONE_ACCESSED;
[0;1;32m                 ^
[0m[1mgen/chrome/grit/generated_resources.h:2476:33: [0m[0;1;30mnote: [0mexpanded from macro 'IDS_MICROPHONE_ACCESSED'[0m
#define IDS_MICROPHONE_ACCESSED _Pragma("whitelisted_resource_6226") 6226
[0;1;32m                                ^
[0m[1m<scratch space>:171:2: [0m[0;1;30mnote: [0mexpanded from here[0m
 whitelisted_resource_6226
[0;1;32m ^
[0m[1m../../chrome/browser/ui/content_settings/content_setting_bubble_model.cc:1201:18: [0m[0;1;35mwarning: [0m[1munknown pragma ignored [-Wunknown-pragmas][0m
    message_id = IDS_CAMERA_ACCESSED;
[0;1;32m                 ^
[0m[1mgen/chrome/grit/generated_resources.h:2477:29: [0m[0;1;30mnote: [0mexpanded from macro 'IDS_CAMERA_ACCESSED'[0m
#define IDS_CAMERA_ACCESSED _Pragma("whitelisted_resource_6227") 6227
[0;1;32m                            ^
[0m[1m<scratch space>:173:2: [0m[0;1;30mnote: [0mexpanded from here[0m
 whitelisted_resource_6227
[0;1;32m ^
[0m[1m../../chrome/browser/ui/content_settings/content_setting_bubble_model.cc:1225:30: [0m[0;1;35mwarning: [0m[1munknown pragma ignored [-Wunknown-pragmas][0m
      radio_allow_label_id = IDS_BLOCKED_MEDIASTREAM_CAMERA_ALLOW;
[0;1;32m                             ^
[0m[1mgen/chrome/grit/generated_resources.h:1159:46: [0m[0;1;30mnote: [0mexpanded from macro 'IDS_BLOCKED_MEDIASTREAM_CAMERA_ALLOW'[0m
#define IDS_BLOCKED_MEDIASTREAM_CAMERA_ALLOW _Pragma("whitelisted_resource_4530") 4530
[0;1;32m                                             ^
[0m[1m<scratch space>:175:2: [0m[0;1;30mnote: [0mexpanded from here[0m
 whitelisted_resource_4530
[0;1;32m ^
[0m[1m../../chrome/browser/ui/content_settings/content_setting_bubble_model.cc:1228:32: [0m[0;1;35mwarning: [0m[1munknown pragma ignored [-Wunknown-pragmas][0m
            CameraAccessed() ? IDS_BLOCKED_MEDIASTREAM_MIC_AND_CAMERA_ALLOW
[0;1;32m                               ^
[0m[1mgen/chrome/grit/generated_resources.h:1157:54: [0m[0;1;30mnote: [0mexpanded from macro 'IDS_BLOCKED_MEDIASTREAM_MIC_AND_CAMERA_ALLOW'[0m
#define IDS_BLOCKED_MEDIASTREAM_MIC_AND_CAMERA_ALLOW _Pragma("whitelisted_resource_4528") 4528
[0;1;32m                                                     ^
[0m[1m<scratch space>:177:2: [0m[0;1;30mnote: [0mexpanded from here[0m
 whitelisted_resource_4528
[0;1;32m ^
[0m[1m../../chrome/browser/ui/content_settings/content_setting_bubble_model.cc:1229:32: [0m[0;1;35mwarning: [0m[1munknown pragma ignored [-Wunknown-pragmas][0m
                             : IDS_BLOCKED_MEDIASTREAM_MIC_ALLOW;
[0;1;32m                               ^
[0m[1mgen/chrome/grit/generated_resources.h:1158:43: [0m[0;1;30mnote: [0mexpanded from macro 'IDS_BLOCKED_MEDIASTREAM_MIC_ALLOW'[0m
#define IDS_BLOCKED_MEDIASTREAM_MIC_ALLOW _Pragma("whitelisted_resource_4529") 4529
[0;1;32m                                          ^
[0m[1m<scratch space>:179:2: [0m[0;1;30mnote: [0mexpanded from here[0m
 whitelisted_resource_4529
[0;1;32m ^
[0m[1m../../chrome/browser/ui/content_settings/content_setting_bubble_model.cc:1231:30: [0m[0;1;35mwarning: [0m[1munknown pragma ignored [-Wunknown-pragmas][0m
      radio_allow_label_id = IDS_BLOCKED_MEDIASTREAM_CAMERA_ASK;
[0;1;32m                             ^
[0m[1mgen/chrome/grit/generated_resources.h:1162:44: [0m[0;1;30mnote: [0mexpanded from macro 'IDS_BLOCKED_MEDIASTREAM_CAMERA_ASK'[0m
#define IDS_BLOCKED_MEDIASTREAM_CAMERA_ASK _Pragma("whitelisted_resource_4533") 4533
[0;1;32m                                           ^
[0m[1m<scratch space>:181:2: [0m[0;1;30mnote: [0mexpanded from here[0m
 whitelisted_resource_4533
[0;1;32m ^
[0m[1m../../chrome/browser/ui/content_settings/content_setting_bubble_model.cc:1234:38: [0m[0;1;35mwarning: [0m[1munknown pragma ignored [-Wunknown-pragmas][0m
                                   ? IDS_BLOCKED_MEDIASTREAM_MIC_AND_CAMERA_ASK
[0;1;32m                                     ^
[0m[1mgen/chrome/grit/generated_resources.h:1160:52: [0m[0;1;30mnote: [0mexpanded from macro 'IDS_BLOCKED_MEDIASTREAM_MIC_AND_CAMERA_ASK'[0m
#define IDS_BLOCKED_MEDIASTREAM_MIC_AND_CAMERA_ASK _Pragma("whitelisted_resource_4531") 4531
[0;1;32m                                                   ^
[0m[1m<scratch space>:183:2: [0m[0;1;30mnote: [0mexpanded from here[0m
 whitelisted_resource_4531
[0;1;32m ^
[0m[1m../../chrome/browser/ui/content_settings/content_setting_bubble_model.cc:1235:38: [0m[0;1;35mwarning: [0m[1munknown pragma ignored [-Wunknown-pragmas][0m
                                   : IDS_BLOCKED_MEDIASTREAM_MIC_ASK;
[0;1;32m                                     ^
[0m[1mgen/chrome/grit/generated_resources.h:1161:41: [0m[0;1;30mnote: [0mexpanded from macro 'IDS_BLOCKED_MEDIASTREAM_MIC_ASK'[0m
#define IDS_BLOCKED_MEDIASTREAM_MIC_ASK _Pragma("whitelisted_resource_4532") 4532
[0;1;32m                                        ^
[0m[1m<scratch space>:185:2: [0m[0;1;30mnote: [0mexpanded from here[0m
 whitelisted_resource_4532
[0;1;32m ^
[0m[1m../../chrome/browser/ui/content_settings/content_setting_bubble_model.cc:1237:28: [0m[0;1;35mwarning: [0m[1munknown pragma ignored [-Wunknown-pragmas][0m
    radio_block_label_id = IDS_BLOCKED_MEDIASTREAM_CAMERA_NO_ACTION;
[0;1;32m                           ^
[0m[1mgen/chrome/grit/generated_resources.h:1168:50: [0m[0;1;30mnote: [0mexpanded from macro 'IDS_BLOCKED_MEDIASTREAM_CAMERA_NO_ACTION'[0m
#define IDS_BLOCKED_MEDIASTREAM_CAMERA_NO_ACTION _Pragma("whitelisted_resource_4539") 4539
[0;1;32m                                                 ^
[0m[1m<scratch space>:187:2: [0m[0;1;30mnote: [0mexpanded from here[0m
 whitelisted_resource_4539
[0;1;32m ^
[0m[1m../../chrome/browser/ui/content_settings/content_setting_bubble_model.cc:1240:30: [0m[0;1;35mwarning: [0m[1munknown pragma ignored [-Wunknown-pragmas][0m
          CameraAccessed() ? IDS_BLOCKED_MEDIASTREAM_MIC_AND_CAMERA_NO_ACTION
[0;1;32m                             ^
[0m[1mgen/chrome/grit/generated_resources.h:1166:58: [0m[0;1;30mnote: [0mexpanded from macro 'IDS_BLOCKED_MEDIASTREAM_MIC_AND_CAMERA_NO_ACTION'[0m
#define IDS_BLOCKED_MEDIASTREAM_MIC_AND_CAMERA_NO_ACTION _Pragma("whitelisted_resource_4537") 4537
[0;1;32m                                                         ^
[0m[1m<scratch space>:189:2: [0m[0;1;30mnote: [0mexpanded from here[0m
 whitelisted_resource_4537
[0;1;32m ^
[0m[1m../../chrome/browser/ui/content_settings/content_setting_bubble_model.cc:1241:30: [0m[0;1;35mwarning: [0m[1munknown pragma ignored [-Wunknown-pragmas][0m
                           : IDS_BLOCKED_MEDIASTREAM_MIC_NO_ACTION;
[0;1;32m                             ^
[0m[1mgen/chrome/grit/generated_resources.h:1167:47: [0m[0;1;30mnote: [0mexpanded from macro 'IDS_BLOCKED_MEDIASTREAM_MIC_NO_ACTION'[0m
#define IDS_BLOCKED_MEDIASTREAM_MIC_NO_ACTION _Pragma("whitelisted_resource_4538") 4538
[0;1;32m                                              ^
[0m[1m<scratch space>:191:2: [0m[0;1;30mnote: [0mexpanded from here[0m
 whitelisted_resource_4538
[0;1;32m ^
[0m[1m../../chrome/browser/ui/content_settings/content_setting_bubble_model.cc:1244:30: [0m[0;1;35mwarning: [0m[1munknown pragma ignored [-Wunknown-pragmas][0m
      radio_allow_label_id = IDS_ALLOWED_MEDIASTREAM_MIC_AND_CAMERA_NO_ACTION;
[0;1;32m                             ^
[0m[1mgen/chrome/grit/generated_resources.h:1169:58: [0m[0;1;30mnote: [0mexpanded from macro 'IDS_ALLOWED_MEDIASTREAM_MIC_AND_CAMERA_NO_ACTION'[0m
#define IDS_ALLOWED_MEDIASTREAM_MIC_AND_CAMERA_NO_ACTION _Pragma("whitelisted_resource_4540") 4540
[0;1;32m                                                         ^
[0m[1m<scratch space>:193:2: [0m[0;1;30mnote: [0mexpanded from here[0m
 whitelisted_resource_4540
[0;1;32m ^
[0m[1m../../chrome/browser/ui/content_settings/content_setting_bubble_model.cc:1245:30: [0m[0;1;35mwarning: [0m[1munknown pragma ignored [-Wunknown-pragmas][0m
      radio_block_label_id = IDS_ALLOWED_MEDIASTREAM_MIC_AND_CAMERA_BLOCK;
[0;1;32m                             ^
[0m[1mgen/chrome/grit/generated_resources.h:1163:54: [0m[0;1;30mnote: [0mexpanded from macro 'IDS_ALLOWED_MEDIASTREAM_MIC_AND_CAMERA_BLOCK'[0m
#define IDS_ALLOWED_MEDIASTREAM_MIC_AND_CAMERA_BLOCK _Pragma("whitelisted_resource_4534") 4534
[0;1;32m                                                     ^
[0m[1m<scratch space>:195:2: [0m[0;1;30mnote: [0mexpanded from here[0m
 whitelisted_resource_4534
[0;1;32m ^
[0m[1m../../chrome/browser/ui/content_settings/content_setting_bubble_model.cc:1247:30: [0m[0;1;35mwarning: [0m[1munknown pragma ignored [-Wunknown-pragmas][0m
      radio_allow_label_id = IDS_ALLOWED_MEDIASTREAM_MIC_NO_ACTION;
[0;1;32m                             ^
[0m[1mgen/chrome/grit/generated_resources.h:1170:47: [0m[0;1;30mnote: [0mexpanded from macro 'IDS_ALLOWED_MEDIASTREAM_MIC_NO_ACTION'[0m
#define IDS_ALLOWED_MEDIASTREAM_MIC_NO_ACTION _Pragma("whitelisted_resource_4541") 4541
[0;1;32m                                              ^
[0m[1m<scratch space>:197:2: [0m[0;1;30mnote: [0mexpanded from here[0m
 whitelisted_resource_4541
[0;1;32m ^
[0m[1m../../chrome/browser/ui/content_settings/content_setting_bubble_model.cc:1248:30: [0m[0;1;35mwarning: [0m[1munknown pragma ignored [-Wunknown-pragmas][0m
      radio_block_label_id = IDS_ALLOWED_MEDIASTREAM_MIC_BLOCK;
[0;1;32m                             ^
[0m[1mgen/chrome/grit/generated_resources.h:1164:43: [0m[0;1;30mnote: [0mexpanded from macro 'IDS_ALLOWED_MEDIASTREAM_MIC_BLOCK'[0m
#define IDS_ALLOWED_MEDIASTREAM_MIC_BLOCK _Pragma("whitelisted_resource_4535") 4535
[0;1;32m                                          ^
[0m[1m<scratch space>:199:2: [0m[0;1;30mnote: [0mexpanded from here[0m
 whitelisted_resource_4535
[0;1;32m ^
[0m[1m../../chrome/browser/ui/content_settings/content_setting_bubble_model.cc:1250:30: [0m[0;1;35mwarning: [0m[1munknown pragma ignored [-Wunknown-pragmas][0m
      radio_allow_label_id = IDS_ALLOWED_MEDIASTREAM_CAMERA_NO_ACTION;
[0;1;32m                             ^
[0m[1mgen/chrome/grit/generated_resources.h:1171:50: [0m[0;1;30mnote: [0mexpanded from macro 'IDS_ALLOWED_MEDIASTREAM_CAMERA_NO_ACTION'[0m
#define IDS_ALLOWED_MEDIASTREAM_CAMERA_NO_ACTION _Pragma("whitelisted_resource_4542") 4542
[0;1;32m                                                 ^
[0m[1m<scratch space>:201:2: [0m[0;1;30mnote: [0mexpanded from here[0m
 whitelisted_resource_4542
[0;1;32m ^
[0m[1m../../chrome/browser/ui/content_settings/content_setting_bubble_model.cc:1251:30: [0m[0;1;35mwarning: [0m[1munknown pragma ignored [-Wunknown-pragmas][0m
      radio_block_label_id = IDS_ALLOWED_MEDIASTREAM_CAMERA_BLOCK;
[0;1;32m                             ^
[0m[1mgen/chrome/grit/generated_resources.h:1165:46: [0m[0;1;30mnote: [0mexpanded from macro 'IDS_ALLOWED_MEDIASTREAM_CAMERA_BLOCK'[0m
#define IDS_ALLOWED_MEDIASTREAM_CAMERA_BLOCK _Pragma("whitelisted_resource_4536") 4536
[0;1;32m                                             ^
[0m[1m<scratch space>:203:2: [0m[0;1;30mnote: [0mexpanded from here[0m
 whitelisted_resource_4536
[0;1;32m ^
[0m[1m../../chrome/browser/ui/content_settings/content_setting_bubble_model.cc:1337:48: [0m[0;1;35mwarning: [0m[1munknown pragma ignored [-Wunknown-pragmas][0m
    mic_menu.label = l10n_util::GetStringUTF16(IDS_MEDIA_SELECTED_MIC_LABEL);
[0;1;32m                                               ^
[0m[1mgen/chrome/grit/generated_resources.h:1848:38: [0m[0;1;30mnote: [0mexpanded from macro 'IDS_MEDIA_SELECTED_MIC_LABEL'[0m
#define IDS_MEDIA_SELECTED_MIC_LABEL _Pragma("whitelisted_resource_5433") 5433
[0;1;32m                                     ^
[0m[1m<scratch space>:205:2: [0m[0;1;30mnote: [0mexpanded from here[0m
 whitelisted_resource_5433
[0;1;32m ^
[0m[1m../../chrome/browser/ui/content_settings/content_setting_bubble_model.cc:1362:35: [0m[0;1;35mwarning: [0m[1munknown pragma ignored [-Wunknown-pragmas][0m
        l10n_util::GetStringUTF16(IDS_MEDIA_SELECTED_CAMERA_LABEL);
[0;1;32m                                  ^
[0m[1mgen/chrome/grit/generated_resources.h:1849:41: [0m[0;1;30mnote: [0mexpanded from macro 'IDS_MEDIA_SELECTED_CAMERA_LABEL'[0m
#define IDS_MEDIA_SELECTED_CAMERA_LABEL _Pragma("whitelisted_resource_5434") 5434
[0;1;32m                                        ^
[0m[1m<scratch space>:207:2: [0m[0;1;30mnote: [0mexpanded from here[0m
 whitelisted_resource_5434
[0;1;32m ^
[0m[1m../../chrome/browser/ui/content_settings/content_setting_bubble_model.cc:1385:45: [0m[0;1;35mwarning: [0m[1munknown pragma ignored [-Wunknown-pragmas][0m
  set_manage_text(l10n_util::GetStringUTF16(IDS_MANAGE));
[0;1;32m                                            ^
[0m[1mgen/chrome/grit/generated_resources.h:1126:20: [0m[0;1;30mnote: [0mexpanded from macro 'IDS_MANAGE'[0m
#define IDS_MANAGE _Pragma("whitelisted_resource_4497") 4497
[0;1;32m                   ^
[0m[1m<scratch space>:209:2: [0m[0;1;30mnote: [0mexpanded from here[0m
 whitelisted_resource_4497
[0;1;32m ^
[0m[1m../../chrome/browser/ui/content_settings/content_setting_bubble_model.cc:1393:35: [0m[0;1;35mwarning: [0m[1munknown pragma ignored [-Wunknown-pragmas][0m
        l10n_util::GetStringUTF16(IDS_MEDIASTREAM_SETTING_CHANGED_MESSAGE));
[0;1;32m                                  ^
[0m[1mgen/chrome/grit/generated_resources.h:2486:49: [0m[0;1;30mnote: [0mexpanded from macro 'IDS_MEDIASTREAM_SETTING_CHANGED_MESSAGE'[0m
#define IDS_MEDIASTREAM_SETTING_CHANGED_MESSAGE _Pragma("whitelisted_resource_6236") 6236
[0;1;32m                                                ^
[0m[1m<scratch space>:211:2: [0m[0;1;30mnote: [0mexpanded from here[0m
 whitelisted_resource_6236
[0;1;32m ^
[0m[1m../../chrome/browser/ui/content_settings/content_setting_bubble_model.cc:1426:50: [0m[0;1;35mwarning: [0m[1munknown pragma ignored [-Wunknown-pragmas][0m
  set_done_button_text(l10n_util::GetStringUTF16(IDS_OK));
[0;1;32m                                                 ^
[0m[1mgen/components/strings/grit/components_strings.h:1022:16: [0m[0;1;30mnote: [0mexpanded from macro 'IDS_OK'[0m
#define IDS_OK _Pragma("whitelisted_resource_16160") 16160
[0;1;32m               ^
[0m[1m<scratch space>:213:2: [0m[0;1;30mnote: [0mexpanded from here[0m
 whitelisted_resource_16160
[0;1;32m ^
[0m[1m../../chrome/browser/ui/content_settings/content_setting_bubble_model.cc:1438:39: [0m[0;1;35mwarning: [0m[1munknown pragma ignored [-Wunknown-pragmas][0m
  set_title(l10n_util::GetStringUTF16(IDS_BLOCKED_ADS_PROMPT_TITLE));
[0;1;32m                                      ^
[0m[1mgen/chrome/grit/generated_resources.h:2815:38: [0m[0;1;30mnote: [0mexpanded from macro 'IDS_BLOCKED_ADS_PROMPT_TITLE'[0m
#define IDS_BLOCKED_ADS_PROMPT_TITLE _Pragma("whitelisted_resource_6656") 6656
[0;1;32m                                     ^
[0m[1m<scratch space>:215:2: [0m[0;1;30mnote: [0mexpanded from here[0m
 whitelisted_resource_6656
[0;1;32m ^
[0m[1m../../chrome/browser/ui/content_settings/content_setting_bubble_model.cc:1442:45: [0m[0;1;35mwarning: [0m[1munknown pragma ignored [-Wunknown-pragmas][0m
  set_manage_text(l10n_util::GetStringUTF16(IDS_ALWAYS_ALLOW_ADS));
[0;1;32m                                            ^
[0m[1mgen/chrome/grit/generated_resources.h:2813:30: [0m[0;1;30mnote: [0mexpanded from macro 'IDS_ALWAYS_ALLOW_ADS'[0m
#define IDS_ALWAYS_ALLOW_ADS _Pragma("whitelisted_resource_6654") 6654
[0;1;32m                             ^
[0m[1m<scratch space>:217:2: [0m[0;1;30mnote: [0mexpanded from here[0m
 whitelisted_resource_6654
[0;1;32m ^
[0m[1m../../chrome/browser/ui/content_settings/content_setting_bubble_model.cc:1447:41: [0m[0;1;35mwarning: [0m[1munknown pragma ignored [-Wunknown-pragmas][0m
  set_message(l10n_util::GetStringUTF16(IDS_BLOCKED_ADS_PROMPT_EXPLANATION));
[0;1;32m                                        ^
[0m[1mgen/chrome/grit/generated_resources.h:2816:44: [0m[0;1;30mnote: [0mexpanded from macro 'IDS_BLOCKED_ADS_PROMPT_EXPLANATION'[0m
#define IDS_BLOCKED_ADS_PROMPT_EXPLANATION _Pragma("whitelisted_resource_6657") 6657
[0;1;32m                                           ^
[0m[1m<scratch space>:219:2: [0m[0;1;30mnote: [0mexpanded from here[0m
 whitelisted_resource_6657
[0;1;32m ^
[0m[1m../../chrome/browser/ui/content_settings/content_setting_bubble_model.cc:1453:46: [0m[0;1;35mwarning: [0m[1munknown pragma ignored [-Wunknown-pragmas][0m
      l10n_util::GetStringUTF16(is_checked ? IDS_APP_MENU_RELOAD : IDS_OK));
[0;1;32m                                             ^
[0m[1mgen/chrome/grit/generated_resources.h:1919:29: [0m[0;1;30mnote: [0mexpanded from macro 'IDS_APP_MENU_RELOAD'[0m
#define IDS_APP_MENU_RELOAD _Pragma("whitelisted_resource_5524") 5524
[0;1;32m                            ^
[0m[1m<scratch space>:221:2: [0m[0;1;30mnote: [0mexpanded from here[0m
 whitelisted_resource_5524
[0;1;32m ^
[0m[1m../../chrome/browser/ui/content_settings/content_setting_bubble_model.cc:1453:68: [0m[0;1;35mwarning: [0m[1munknown pragma ignored [-Wunknown-pragmas][0m
      l10n_util::GetStringUTF16(is_checked ? IDS_APP_MENU_RELOAD : IDS_OK));
[0;1;32m                                                                   ^
[0m[1mgen/components/strings/grit/components_strings.h:1022:16: [0m[0;1;30mnote: [0mexpanded from macro 'IDS_OK'[0m
#define IDS_OK _Pragma("whitelisted_resource_16160") 16160
[0;1;32m               ^
[0m[1m<scratch space>:223:2: [0m[0;1;30mnote: [0mexpanded from here[0m
 whitelisted_resource_16160
[0;1;32m ^
[0m[1m../../chrome/browser/ui/content_settings/content_setting_bubble_model.cc:1522:37: [0m[0;1;35mwarning: [0m[1munknown pragma ignored [-Wunknown-pragmas][0m
          l10n_util::GetStringUTF16(IDS_ALLOWED_DOWNLOAD_NO_ACTION));
[0;1;32m                                    ^
[0m[1mgen/chrome/grit/generated_resources.h:1135:40: [0m[0;1;30mnote: [0mexpanded from macro 'IDS_ALLOWED_DOWNLOAD_NO_ACTION'[0m
#define IDS_ALLOWED_DOWNLOAD_NO_ACTION _Pragma("whitelisted_resource_4506") 4506
[0;1;32m                                       ^
[0m[1m<scratch space>:225:2: [0m[0;1;30mnote: [0mexpanded from here[0m
 whitelisted_resource_4506
[0;1;32m ^
[0m[1m../../chrome/browser/ui/content_settings/content_setting_bubble_model.cc:1524:38: [0m[0;1;35mwarning: [0m[1munknown pragma ignored [-Wunknown-pragmas][0m
          l10n_util::GetStringFUTF16(IDS_ALLOWED_DOWNLOAD_BLOCK, display_host));
[0;1;32m                                     ^
[0m[1mgen/chrome/grit/generated_resources.h:1136:36: [0m[0;1;30mnote: [0mexpanded from macro 'IDS_ALLOWED_DOWNLOAD_BLOCK'[0m
#define IDS_ALLOWED_DOWNLOAD_BLOCK _Pragma("whitelisted_resource_4507") 4507
[0;1;32m                                   ^
[0m[1m<scratch space>:227:2: [0m[0;1;30mnote: [0mexpanded from here[0m
 whitelisted_resource_4507
[0;1;32m ^
[0m[1m../../chrome/browser/ui/content_settings/content_setting_bubble_model.cc:1529:11: [0m[0;1;35mwarning: [0m[1munknown pragma ignored [-Wunknown-pragmas][0m
          IDS_BLOCKED_DOWNLOAD_UNBLOCK, display_host));
[0;1;32m          ^
[0m[1mgen/chrome/grit/generated_resources.h:1130:38: [0m[0;1;30mnote: [0mexpanded from macro 'IDS_BLOCKED_DOWNLOAD_UNBLOCK'[0m
#define IDS_BLOCKED_DOWNLOAD_UNBLOCK _Pragma("whitelisted_resource_4501") 4501
[0;1;32m                                     ^
[0m[1m<scratch space>:229:2: [0m[0;1;30mnote: [0mexpanded from here[0m
 whitelisted_resource_4501
[0;1;32m ^
[0m[1m../../chrome/browser/ui/content_settings/content_setting_bubble_model.cc:1531:37: [0m[0;1;35mwarning: [0m[1munknown pragma ignored [-Wunknown-pragmas][0m
          l10n_util::GetStringUTF16(IDS_BLOCKED_DOWNLOAD_NO_ACTION));
[0;1;32m                                    ^
[0m[1mgen/chrome/grit/generated_resources.h:1129:40: [0m[0;1;30mnote: [0mexpanded from macro 'IDS_BLOCKED_DOWNLOAD_NO_ACTION'[0m
#define IDS_BLOCKED_DOWNLOAD_NO_ACTION _Pragma("whitelisted_resource_4500") 4500
[0;1;32m                                       ^
[0m[1m<scratch space>:231:2: [0m[0;1;30mnote: [0mexpanded from here[0m
 whitelisted_resource_4500
[0;1;32m ^
[0m[1m../../chrome/browser/ui/content_settings/content_setting_bubble_model.cc:1568:43: [0m[0;1;35mwarning: [0m[1munknown pragma ignored [-Wunknown-pragmas][0m
      set_title(l10n_util::GetStringUTF16(IDS_ALLOWED_DOWNLOAD_TITLE));
[0;1;32m                                          ^
[0m[1mgen/chrome/grit/generated_resources.h:1132:36: [0m[0;1;30mnote: [0mexpanded from macro 'IDS_ALLOWED_DOWNLOAD_TITLE'[0m
#define IDS_ALLOWED_DOWNLOAD_TITLE _Pragma("whitelisted_resource_4503") 4503
[0;1;32m                                   ^
[0m[1m<scratch space>:233:2: [0m[0;1;30mnote: [0mexpanded from here[0m
 whitelisted_resource_4503
[0;1;32m ^
[0m[1m../../chrome/browser/ui/content_settings/content_setting_bubble_model.cc:1571:43: [0m[0;1;35mwarning: [0m[1munknown pragma ignored [-Wunknown-pragmas][0m
      set_title(l10n_util::GetStringUTF16(IDS_BLOCKED_DOWNLOAD_TITLE));
[0;1;32m                                          ^
[0m[1mgen/chrome/grit/generated_resources.h:1133:36: [0m[0;1;30mnote: [0mexpanded from macro 'IDS_BLOCKED_DOWNLOAD_TITLE'[0m
#define IDS_BLOCKED_DOWNLOAD_TITLE _Pragma("whitelisted_resource_4504") 4504
[0;1;32m                                   ^
[0m[1m<scratch space>:235:2: [0m[0;1;30mnote: [0mexpanded from here[0m
 whitelisted_resource_4504
[0;1;32m ^
[0m[1m../../chrome/browser/ui/content_settings/content_setting_bubble_model.cc:1580:45: [0m[0;1;35mwarning: [0m[1munknown pragma ignored [-Wunknown-pragmas][0m
  set_manage_text(l10n_util::GetStringUTF16(IDS_MANAGE));
[0;1;32m                                            ^
[0m[1mgen/chrome/grit/generated_resources.h:1126:20: [0m[0;1;30mnote: [0mexpanded from macro 'IDS_MANAGE'[0m
#define IDS_MANAGE _Pragma("whitelisted_resource_4497") 4497
[0;1;32m                   ^
[0m[1m<scratch space>:237:2: [0m[0;1;30mnote: [0mexpanded from here[0m
 whitelisted_resource_4497
[0;1;32m ^
[0m[1m../../chrome/browser/ui/content_settings/content_setting_bubble_model.cc:1601:39: [0m[0;1;35mwarning: [0m[1munknown pragma ignored [-Wunknown-pragmas][0m
  set_title(l10n_util::GetStringUTF16(IDS_REDIRECT_BLOCKED_MESSAGE));
[0;1;32m                                      ^
[0m[1mgen/chrome/grit/generated_resources.h:2818:38: [0m[0;1;30mnote: [0mexpanded from macro 'IDS_REDIRECT_BLOCKED_MESSAGE'[0m
#define IDS_REDIRECT_BLOCKED_MESSAGE _Pragma("whitelisted_resource_6660") 6660
[0;1;32m                                     ^
[0m[1m<scratch space>:239:2: [0m[0;1;30mnote: [0mexpanded from here[0m
 whitelisted_resource_6660
[0;1;32m ^
[0m[1m../../chrome/browser/ui/content_settings/content_setting_bubble_model.cc:1657:58: [0m[0;1;35mwarning: [0m[1munknown pragma ignored [-Wunknown-pragmas][0m
                             : l10n_util::GetStringUTF16(IDS_TAB_LOADING_TITLE);
[0;1;32m                                                         ^
[0m[1mgen/chrome/grit/generated_resources.h:810:31: [0m[0;1;30mnote: [0mexpanded from macro 'IDS_TAB_LOADING_TITLE'[0m
#define IDS_TAB_LOADING_TITLE _Pragma("whitelisted_resource_4152") 4152
[0;1;32m                              ^
[0m[1m<scratch space>:241:2: [0m[0;1;30mnote: [0mexpanded from here[0m
 whitelisted_resource_4152
[0;1;32m ^
[0m[1m../../chrome/browser/ui/content_settings/content_setting_bubble_model.cc:1663:40: [0m[0;1;35mwarning: [0m[1munknown pragma ignored [-Wunknown-pragmas][0m
    title = l10n_util::GetStringFUTF16(IDS_LIST_BULLET, title);
[0;1;32m                                       ^
[0m[1mgen/chrome/grit/generated_resources.h:1127:25: [0m[0;1;30mnote: [0mexpanded from macro 'IDS_LIST_BULLET'[0m
#define IDS_LIST_BULLET _Pragma("whitelisted_resource_4498") 4498
[0;1;32m                        ^
[0m[1m<scratch space>:243:2: [0m[0;1;30mnote: [0mexpanded from here[0m
 whitelisted_resource_4498
[0;1;32m ^
[0m[1m../../chrome/browser/ui/content_settings/content_setting_bubble_model.cc:1669:20: [0m[0;1;35mwarning: [0m[1munknown pragma ignored [-Wunknown-pragmas][0m
                   IDR_DEFAULT_FAVICON);
[0;1;32m                   ^
[0m[1mgen/ui/resources/grit/ui_resources.h:16:29: [0m[0;1;30mnote: [0mexpanded from macro 'IDR_DEFAULT_FAVICON'[0m
#define IDR_DEFAULT_FAVICON _Pragma("whitelisted_resource_26972") 26972
[0;1;32m                            ^
[0m[1m<scratch space>:245:2: [0m[0;1;30mnote: [0mexpanded from here[0m
 whitelisted_resource_26972
[0;1;32m ^
[0m117 warnings generated.
