[1m../../components/autofill/core/browser/autofill_manager.cc:627:13: [0m[0;1;35mwarning: [0m[1munknown pragma ignored [-Wunknown-pragmas][0m
            IDS_AUTOFILL_WARNING_INSECURE_CONNECTION));
[0;1;32m            ^
[0m[1mgen/components/strings/grit/components_strings.h:18:50: [0m[0;1;30mnote: [0mexpanded from macro 'IDS_AUTOFILL_WARNING_INSECURE_CONNECTION'[0m
#define IDS_AUTOFILL_WARNING_INSECURE_CONNECTION _Pragma("whitelisted_resource_15113") 15113
[0;1;32m                                                 ^
[0m[1m<scratch space>:133:2: [0m[0;1;30mnote: [0mexpanded from here[0m
 whitelisted_resource_15113
[0;1;32m ^
[0m[1m../../components/autofill/core/browser/autofill_manager.cc:919:11: [0m[0;1;35mwarning: [0m[1munknown pragma ignored [-Wunknown-pragmas][0m
          IDS_AUTOFILL_DELETE_AUTOCOMPLETE_SUGGESTION_CONFIRMATION_BODY));
[0;1;32m          ^
[0m[1mgen/components/strings/grit/components_strings.h:20:71: [0m[0;1;30mnote: [0mexpanded from macro 'IDS_AUTOFILL_DELETE_AUTOCOMPLETE_SUGGESTION_CONFIRMATION_BODY'[0m
#define IDS_AUTOFILL_DELETE_AUTOCOMPLETE_SUGGESTION_CONFIRMATION_BODY _Pragma("whitelisted_resource_15115") 15115
[0;1;32m                                                                      ^
[0m[1m<scratch space>:135:2: [0m[0;1;30mnote: [0mexpanded from here[0m
 whitelisted_resource_15115
[0;1;32m ^
[0m[1m../../components/autofill/core/browser/autofill_manager.cc:938:11: [0m[0;1;35mwarning: [0m[1munknown pragma ignored [-Wunknown-pragmas][0m
          IDS_AUTOFILL_DELETE_CREDIT_CARD_SUGGESTION_CONFIRMATION_BODY));
[0;1;32m          ^
[0m[1mgen/components/strings/grit/components_strings.h:21:70: [0m[0;1;30mnote: [0mexpanded from macro 'IDS_AUTOFILL_DELETE_CREDIT_CARD_SUGGESTION_CONFIRMATION_BODY'[0m
#define IDS_AUTOFILL_DELETE_CREDIT_CARD_SUGGESTION_CONFIRMATION_BODY _Pragma("whitelisted_resource_15116") 15116
[0;1;32m                                                                     ^
[0m[1m<scratch space>:137:2: [0m[0;1;30mnote: [0mexpanded from here[0m
 whitelisted_resource_15116
[0;1;32m ^
[0m[1m../../components/autofill/core/browser/autofill_manager.cc:956:11: [0m[0;1;35mwarning: [0m[1munknown pragma ignored [-Wunknown-pragmas][0m
          IDS_AUTOFILL_DELETE_PROFILE_SUGGESTION_CONFIRMATION_BODY));
[0;1;32m          ^
[0m[1mgen/components/strings/grit/components_strings.h:22:66: [0m[0;1;30mnote: [0mexpanded from macro 'IDS_AUTOFILL_DELETE_PROFILE_SUGGESTION_CONFIRMATION_BODY'[0m
#define IDS_AUTOFILL_DELETE_PROFILE_SUGGESTION_CONFIRMATION_BODY _Pragma("whitelisted_resource_15117") 15117
[0;1;32m                                                                 ^
[0m[1m<scratch space>:139:2: [0m[0;1;30mnote: [0mexpanded from here[0m
 whitelisted_resource_15117
[0;1;32m ^
[0m4 warnings generated.
