[1m../../content/browser/service_worker/service_worker_internals_ui.cc:333:27: [0m[0;1;35mwarning: [0m[1munknown pragma ignored [-Wunknown-pragmas][0m
                          IDR_SERVICE_WORKER_INTERNALS_JS);
[0;1;32m                          ^
[0m[1mgen/content/grit/content_resources.h:38:41: [0m[0;1;30mnote: [0mexpanded from macro 'IDR_SERVICE_WORKER_INTERNALS_JS'[0m
#define IDR_SERVICE_WORKER_INTERNALS_JS _Pragma("whitelisted_resource_20433") 20433
[0;1;32m                                        ^
[0m[1m<scratch space>:32:2: [0m[0;1;30mnote: [0mexpanded from here[0m
 whitelisted_resource_20433
[0;1;32m ^
[0m[1m../../content/browser/service_worker/service_worker_internals_ui.cc:335:27: [0m[0;1;35mwarning: [0m[1munknown pragma ignored [-Wunknown-pragmas][0m
                          IDR_SERVICE_WORKER_INTERNALS_CSS);
[0;1;32m                          ^
[0m[1mgen/content/grit/content_resources.h:39:42: [0m[0;1;30mnote: [0mexpanded from macro 'IDR_SERVICE_WORKER_INTERNALS_CSS'[0m
#define IDR_SERVICE_WORKER_INTERNALS_CSS _Pragma("whitelisted_resource_20434") 20434
[0;1;32m                                         ^
[0m[1m<scratch space>:34:2: [0m[0;1;30mnote: [0mexpanded from here[0m
 whitelisted_resource_20434
[0;1;32m ^
[0m[1m../../content/browser/service_worker/service_worker_internals_ui.cc:336:30: [0m[0;1;35mwarning: [0m[1munknown pragma ignored [-Wunknown-pragmas][0m
  source->SetDefaultResource(IDR_SERVICE_WORKER_INTERNALS_HTML);
[0;1;32m                             ^
[0m[1mgen/content/grit/content_resources.h:37:43: [0m[0;1;30mnote: [0mexpanded from macro 'IDR_SERVICE_WORKER_INTERNALS_HTML'[0m
#define IDR_SERVICE_WORKER_INTERNALS_HTML _Pragma("whitelisted_resource_20432") 20432
[0;1;32m                                          ^
[0m[1m<scratch space>:36:2: [0m[0;1;30mnote: [0mexpanded from here[0m
 whitelisted_resource_20432
[0;1;32m ^
[0m3 warnings generated.
