[1m../../chrome/browser/ui/webui/supervised_user_internals_ui.cc:23:27: [0m[0;1;35mwarning: [0m[1munknown pragma ignored [-Wunknown-pragmas][0m
                          IDR_SUPERVISED_USER_INTERNALS_JS);
[0;1;32m                          ^
[0m[1mgen/chrome/grit/browser_resources.h:82:42: [0m[0;1;30mnote: [0mexpanded from macro 'IDR_SUPERVISED_USER_INTERNALS_JS'[0m
#define IDR_SUPERVISED_USER_INTERNALS_JS _Pragma("whitelisted_resource_11085") 11085
[0;1;32m                                         ^
[0m[1m<scratch space>:27:2: [0m[0;1;30mnote: [0mexpanded from here[0m
 whitelisted_resource_11085
[0;1;32m ^
[0m[1m../../chrome/browser/ui/webui/supervised_user_internals_ui.cc:25:27: [0m[0;1;35mwarning: [0m[1munknown pragma ignored [-Wunknown-pragmas][0m
                          IDR_SUPERVISED_USER_INTERNALS_CSS);
[0;1;32m                          ^
[0m[1mgen/chrome/grit/browser_resources.h:81:43: [0m[0;1;30mnote: [0mexpanded from macro 'IDR_SUPERVISED_USER_INTERNALS_CSS'[0m
#define IDR_SUPERVISED_USER_INTERNALS_CSS _Pragma("whitelisted_resource_11084") 11084
[0;1;32m                                          ^
[0m[1m<scratch space>:29:2: [0m[0;1;30mnote: [0mexpanded from here[0m
 whitelisted_resource_11084
[0;1;32m ^
[0m[1m../../chrome/browser/ui/webui/supervised_user_internals_ui.cc:26:30: [0m[0;1;35mwarning: [0m[1munknown pragma ignored [-Wunknown-pragmas][0m
  source->SetDefaultResource(IDR_SUPERVISED_USER_INTERNALS_HTML);
[0;1;32m                             ^
[0m[1mgen/chrome/grit/browser_resources.h:80:44: [0m[0;1;30mnote: [0mexpanded from macro 'IDR_SUPERVISED_USER_INTERNALS_HTML'[0m
#define IDR_SUPERVISED_USER_INTERNALS_HTML _Pragma("whitelisted_resource_11083") 11083
[0;1;32m                                           ^
[0m[1m<scratch space>:31:2: [0m[0;1;30mnote: [0mexpanded from here[0m
 whitelisted_resource_11083
[0;1;32m ^
[0m3 warnings generated.
