[1m../../chrome/browser/data_use_measurement/page_load_capping/page_load_capping_infobar_delegate.cc:29:38: [0m[0;1;35mwarning: [0m[1munknown pragma ignored [-Wunknown-pragmas][0m
    return l10n_util::GetStringUTF16(IDS_PAGE_CAPPING_STOPPED_TITLE);
[0;1;32m                                     ^
[0m[1mgen/chrome/grit/generated_resources.h:1609:40: [0m[0;1;30mnote: [0mexpanded from macro 'IDS_PAGE_CAPPING_STOPPED_TITLE'[0m
#define IDS_PAGE_CAPPING_STOPPED_TITLE _Pragma("whitelisted_resource_5161") 5161
[0;1;32m                                       ^
[0m[1m<scratch space>:65:2: [0m[0;1;30mnote: [0mexpanded from here[0m
 whitelisted_resource_5161
[0;1;32m ^
[0m[1m../../chrome/browser/data_use_measurement/page_load_capping/page_load_capping_infobar_delegate.cc:33:38: [0m[0;1;35mwarning: [0m[1munknown pragma ignored [-Wunknown-pragmas][0m
    return l10n_util::GetStringUTF16(IDS_PAGE_CAPPING_CONTINUE_MESSAGE);
[0;1;32m                                     ^
[0m[1mgen/chrome/grit/generated_resources.h:1610:43: [0m[0;1;30mnote: [0mexpanded from macro 'IDS_PAGE_CAPPING_CONTINUE_MESSAGE'[0m
#define IDS_PAGE_CAPPING_CONTINUE_MESSAGE _Pragma("whitelisted_resource_5162") 5162
[0;1;32m                                          ^
[0m[1m<scratch space>:67:2: [0m[0;1;30mnote: [0mexpanded from here[0m
 whitelisted_resource_5162
[0;1;32m ^
[0m[1m../../chrome/browser/data_use_measurement/page_load_capping/page_load_capping_infobar_delegate.cc:55:9: [0m[0;1;35mwarning: [0m[1munknown pragma ignored [-Wunknown-pragmas][0m
        IDS_PAGE_CAPPING_TITLE,
[0;1;32m        ^
[0m[1mgen/chrome/grit/generated_resources.h:1608:32: [0m[0;1;30mnote: [0mexpanded from macro 'IDS_PAGE_CAPPING_TITLE'[0m
#define IDS_PAGE_CAPPING_TITLE _Pragma("whitelisted_resource_5160") 5160
[0;1;32m                               ^
[0m[1m<scratch space>:69:2: [0m[0;1;30mnote: [0mexpanded from here[0m
 whitelisted_resource_5160
[0;1;32m ^
[0m[1m../../chrome/browser/data_use_measurement/page_load_capping/page_load_capping_infobar_delegate.cc:61:38: [0m[0;1;35mwarning: [0m[1munknown pragma ignored [-Wunknown-pragmas][0m
    return l10n_util::GetStringUTF16(IDS_PAGE_CAPPING_STOP_MESSAGE);
[0;1;32m                                     ^
[0m[1mgen/chrome/grit/generated_resources.h:1611:39: [0m[0;1;30mnote: [0mexpanded from macro 'IDS_PAGE_CAPPING_STOP_MESSAGE'[0m
#define IDS_PAGE_CAPPING_STOP_MESSAGE _Pragma("whitelisted_resource_5163") 5163
[0;1;32m                                      ^
[0m[1m<scratch space>:71:2: [0m[0;1;30mnote: [0mexpanded from here[0m
 whitelisted_resource_5163
[0;1;32m ^
[0m4 warnings generated.
