[1m../../chrome/browser/ui/toolbar/recent_tabs_sub_menu_model.cc:183:15: [0m[0;1;35mwarning: [0m[1munknown pragma ignored [-Wunknown-pragmas][0m
              IDR_DEFAULT_FAVICON)),
[0;1;32m              ^
[0m[1mgen/ui/resources/grit/ui_resources.h:16:29: [0m[0;1;30mnote: [0mexpanded from macro 'IDR_DEFAULT_FAVICON'[0m
#define IDR_DEFAULT_FAVICON _Pragma("whitelisted_resource_26972") 26972
[0;1;32m                            ^
[0m[1m<scratch space>:70:2: [0m[0;1;30mnote: [0mexpanded from here[0m
 whitelisted_resource_26972
[0;1;32m ^
[0m[1m../../chrome/browser/ui/toolbar/recent_tabs_sub_menu_model.cc:391:49: [0m[0;1;35mwarning: [0m[1munknown pragma ignored [-Wunknown-pragmas][0m
  InsertItemWithStringIdAt(0, IDC_SHOW_HISTORY, IDS_HISTORY_SHOW_HISTORY);
[0;1;32m                                                ^
[0m[1mgen/components/strings/grit/components_strings.h:308:34: [0m[0;1;30mnote: [0mexpanded from macro 'IDS_HISTORY_SHOW_HISTORY'[0m
#define IDS_HISTORY_SHOW_HISTORY _Pragma("whitelisted_resource_15411") 15411
[0;1;32m                                 ^
[0m[1m<scratch space>:72:2: [0m[0;1;30mnote: [0mexpanded from here[0m
 whitelisted_resource_15411
[0;1;32m ^
[0m[1m../../chrome/browser/ui/toolbar/recent_tabs_sub_menu_model.cc:412:30: [0m[0;1;35mwarning: [0m[1munknown pragma ignored [-Wunknown-pragmas][0m
                             IDS_RECENTLY_CLOSED);
[0;1;32m                             ^
[0m[1mgen/components/strings/grit/components_strings.h:1029:29: [0m[0;1;30mnote: [0mexpanded from macro 'IDS_RECENTLY_CLOSED'[0m
#define IDS_RECENTLY_CLOSED _Pragma("whitelisted_resource_16167") 16167
[0;1;32m                            ^
[0m[1m<scratch space>:74:2: [0m[0;1;30mnote: [0mexpanded from here[0m
 whitelisted_resource_16167
[0;1;32m ^
[0m[1m../../chrome/browser/ui/toolbar/recent_tabs_sub_menu_model.cc:416:30: [0m[0;1;35mwarning: [0m[1munknown pragma ignored [-Wunknown-pragmas][0m
                             IDS_RECENTLY_CLOSED);
[0;1;32m                             ^
[0m[1mgen/components/strings/grit/components_strings.h:1029:29: [0m[0;1;30mnote: [0mexpanded from macro 'IDS_RECENTLY_CLOSED'[0m
#define IDS_RECENTLY_CLOSED _Pragma("whitelisted_resource_16167") 16167
[0;1;32m                            ^
[0m[1m<scratch space>:76:2: [0m[0;1;30mnote: [0mexpanded from here[0m
 whitelisted_resource_16167
[0;1;32m ^
[0m[1m../../chrome/browser/ui/toolbar/recent_tabs_sub_menu_model.cc:468:25: [0m[0;1;35mwarning: [0m[1munknown pragma ignored [-Wunknown-pragmas][0m
                        IDS_RECENT_TABS_NO_DEVICE_TABS);
[0;1;32m                        ^
[0m[1mgen/chrome/grit/generated_resources.h:2304:40: [0m[0;1;30mnote: [0mexpanded from macro 'IDS_RECENT_TABS_NO_DEVICE_TABS'[0m
#define IDS_RECENT_TABS_NO_DEVICE_TABS _Pragma("whitelisted_resource_5945") 5945
[0;1;32m                                       ^
[0m[1m<scratch space>:78:2: [0m[0;1;30mnote: [0mexpanded from here[0m
 whitelisted_resource_5945
[0;1;32m ^
[0m[1m../../chrome/browser/ui/toolbar/recent_tabs_sub_menu_model.cc:532:7: [0m[0;1;35mwarning: [0m[1munknown pragma ignored [-Wunknown-pragmas][0m
      IDS_RECENTLY_CLOSED_WINDOW, num_tabs));
[0;1;32m      ^
[0m[1mgen/chrome/grit/generated_resources.h:2303:36: [0m[0;1;30mnote: [0mexpanded from macro 'IDS_RECENTLY_CLOSED_WINDOW'[0m
#define IDS_RECENTLY_CLOSED_WINDOW _Pragma("whitelisted_resource_5944") 5944
[0;1;32m                                   ^
[0m[1m<scratch space>:80:2: [0m[0;1;30mnote: [0mexpanded from here[0m
 whitelisted_resource_5944
[0;1;32m ^
[0m6 warnings generated.
