[1m../../components/undo/undo_manager.cc:27:22: [0m[0;1;35mwarning: [0m[1munknown pragma ignored [-Wunknown-pragmas][0m
    : undo_label_id_(IDS_BOOKMARK_BAR_UNDO),
[0;1;32m                     ^
[0m[1mgen/components/strings/grit/components_strings.h:991:31: [0m[0;1;30mnote: [0mexpanded from macro 'IDS_BOOKMARK_BAR_UNDO'[0m
#define IDS_BOOKMARK_BAR_UNDO _Pragma("whitelisted_resource_16125") 16125
[0;1;32m                              ^
[0m[1m<scratch space>:237:2: [0m[0;1;30mnote: [0mexpanded from here[0m
 whitelisted_resource_16125
[0;1;32m ^
[0m[1m../../components/undo/undo_manager.cc:28:22: [0m[0;1;35mwarning: [0m[1munknown pragma ignored [-Wunknown-pragmas][0m
      redo_label_id_(IDS_BOOKMARK_BAR_REDO) {
[0;1;32m                     ^
[0m[1mgen/components/strings/grit/components_strings.h:992:31: [0m[0;1;30mnote: [0mexpanded from macro 'IDS_BOOKMARK_BAR_REDO'[0m
#define IDS_BOOKMARK_BAR_REDO _Pragma("whitelisted_resource_16126") 16126
[0;1;32m                              ^
[0m[1m<scratch space>:239:2: [0m[0;1;30mnote: [0mexpanded from here[0m
 whitelisted_resource_16126
[0;1;32m ^
[0m[1m../../components/undo/undo_manager.cc:73:31: [0m[0;1;35mwarning: [0m[1munknown pragma ignored [-Wunknown-pragmas][0m
      undo_actions_.empty() ? IDS_BOOKMARK_BAR_UNDO
[0;1;32m                              ^
[0m[1mgen/components/strings/grit/components_strings.h:991:31: [0m[0;1;30mnote: [0mexpanded from macro 'IDS_BOOKMARK_BAR_UNDO'[0m
#define IDS_BOOKMARK_BAR_UNDO _Pragma("whitelisted_resource_16125") 16125
[0;1;32m                              ^
[0m[1m<scratch space>:241:2: [0m[0;1;30mnote: [0mexpanded from here[0m
 whitelisted_resource_16125
[0;1;32m ^
[0m[1m../../components/undo/undo_manager.cc:79:31: [0m[0;1;35mwarning: [0m[1munknown pragma ignored [-Wunknown-pragmas][0m
      redo_actions_.empty() ? IDS_BOOKMARK_BAR_REDO
[0;1;32m                              ^
[0m[1mgen/components/strings/grit/components_strings.h:992:31: [0m[0;1;30mnote: [0mexpanded from macro 'IDS_BOOKMARK_BAR_REDO'[0m
#define IDS_BOOKMARK_BAR_REDO _Pragma("whitelisted_resource_16126") 16126
[0;1;32m                              ^
[0m[1m<scratch space>:243:2: [0m[0;1;30mnote: [0mexpanded from here[0m
 whitelisted_resource_16126
[0;1;32m ^
[0m4 warnings generated.
