[1m../../components/toolbar/toolbar_model_impl.cc:135:7: [0m[0;1;35mwarning: [0m[1munknown pragma ignored [-Wunknown-pragmas][0m
      IDS_SECURE_CONNECTION_EV,
[0;1;32m      ^
[0m[1mgen/components/strings/grit/components_strings.h:364:34: [0m[0;1;30mnote: [0mexpanded from macro 'IDS_SECURE_CONNECTION_EV'[0m
#define IDS_SECURE_CONNECTION_EV _Pragma("whitelisted_resource_15470") 15470
[0;1;32m                                 ^
[0m[1m<scratch space>:37:2: [0m[0;1;30mnote: [0mexpanded from here[0m
 whitelisted_resource_15470
[0;1;32m ^
[0m[1m../../components/toolbar/toolbar_model_impl.cc:142:38: [0m[0;1;35mwarning: [0m[1munknown pragma ignored [-Wunknown-pragmas][0m
    return l10n_util::GetStringUTF16(IDS_OFFLINE_VERBOSE_STATE);
[0;1;32m                                     ^
[0m[1mgen/components/strings/grit/components_strings.h:368:35: [0m[0;1;30mnote: [0mexpanded from macro 'IDS_OFFLINE_VERBOSE_STATE'[0m
#define IDS_OFFLINE_VERBOSE_STATE _Pragma("whitelisted_resource_15474") 15474
[0;1;32m                                  ^
[0m[1m<scratch space>:39:2: [0m[0;1;30mnote: [0mexpanded from here[0m
 whitelisted_resource_15474
[0;1;32m ^
[0m[1m../../components/toolbar/toolbar_model_impl.cc:153:40: [0m[0;1;35mwarning: [0m[1munknown pragma ignored [-Wunknown-pragmas][0m
      return l10n_util::GetStringUTF16(IDS_NOT_SECURE_VERBOSE_STATE);
[0;1;32m                                       ^
[0m[1mgen/components/strings/grit/components_strings.h:366:38: [0m[0;1;30mnote: [0mexpanded from macro 'IDS_NOT_SECURE_VERBOSE_STATE'[0m
#define IDS_NOT_SECURE_VERBOSE_STATE _Pragma("whitelisted_resource_15472") 15472
[0;1;32m                                     ^
[0m[1m<scratch space>:41:2: [0m[0;1;30mnote: [0mexpanded from here[0m
 whitelisted_resource_15472
[0;1;32m ^
[0m[1m../../components/toolbar/toolbar_model_impl.cc:157:42: [0m[0;1;35mwarning: [0m[1munknown pragma ignored [-Wunknown-pragmas][0m
        return l10n_util::GetStringUTF16(IDS_SECURE_VERBOSE_STATE);
[0;1;32m                                         ^
[0m[1mgen/components/strings/grit/components_strings.h:365:34: [0m[0;1;30mnote: [0mexpanded from macro 'IDS_SECURE_VERBOSE_STATE'[0m
#define IDS_SECURE_VERBOSE_STATE _Pragma("whitelisted_resource_15471") 15471
[0;1;32m                                 ^
[0m[1m<scratch space>:43:2: [0m[0;1;30mnote: [0mexpanded from here[0m
 whitelisted_resource_15471
[0;1;32m ^
[0m[1m../../components/toolbar/toolbar_model_impl.cc:171:40: [0m[0;1;35mwarning: [0m[1munknown pragma ignored [-Wunknown-pragmas][0m
      return l10n_util::GetStringUTF16(IDS_SECURE_VERBOSE_STATE);
[0;1;32m                                       ^
[0m[1mgen/components/strings/grit/components_strings.h:365:34: [0m[0;1;30mnote: [0mexpanded from macro 'IDS_SECURE_VERBOSE_STATE'[0m
#define IDS_SECURE_VERBOSE_STATE _Pragma("whitelisted_resource_15471") 15471
[0;1;32m                                 ^
[0m[1m<scratch space>:45:2: [0m[0;1;30mnote: [0mexpanded from here[0m
 whitelisted_resource_15471
[0;1;32m ^
[0m[1m../../components/toolbar/toolbar_model_impl.cc:174:46: [0m[0;1;35mwarning: [0m[1munknown pragma ignored [-Wunknown-pragmas][0m
                                           ? IDS_DANGEROUS_VERBOSE_STATE
[0;1;32m                                             ^
[0m[1mgen/components/strings/grit/components_strings.h:367:37: [0m[0;1;30mnote: [0mexpanded from macro 'IDS_DANGEROUS_VERBOSE_STATE'[0m
#define IDS_DANGEROUS_VERBOSE_STATE _Pragma("whitelisted_resource_15473") 15473
[0;1;32m                                    ^
[0m[1m<scratch space>:47:2: [0m[0;1;30mnote: [0mexpanded from here[0m
 whitelisted_resource_15473
[0;1;32m ^
[0m[1m../../components/toolbar/toolbar_model_impl.cc:175:46: [0m[0;1;35mwarning: [0m[1munknown pragma ignored [-Wunknown-pragmas][0m
                                           : IDS_NOT_SECURE_VERBOSE_STATE);
[0;1;32m                                             ^
[0m[1mgen/components/strings/grit/components_strings.h:366:38: [0m[0;1;30mnote: [0mexpanded from macro 'IDS_NOT_SECURE_VERBOSE_STATE'[0m
#define IDS_NOT_SECURE_VERBOSE_STATE _Pragma("whitelisted_resource_15472") 15472
[0;1;32m                                     ^
[0m[1m<scratch space>:49:2: [0m[0;1;30mnote: [0mexpanded from here[0m
 whitelisted_resource_15472
[0;1;32m ^
[0m7 warnings generated.
