[1m../../chrome/browser/ui/views/folder_upload_confirmation_view.cc:28:34: [0m[0;1;35mwarning: [0m[1munknown pragma ignored [-Wunknown-pragmas][0m
      l10n_util::GetStringFUTF16(IDS_CONFIRM_FILE_UPLOAD_TEXT,
[0;1;32m                                 ^
[0m[1mgen/chrome/grit/generated_resources.h:2887:38: [0m[0;1;30mnote: [0mexpanded from macro 'IDS_CONFIRM_FILE_UPLOAD_TEXT'[0m
#define IDS_CONFIRM_FILE_UPLOAD_TEXT _Pragma("whitelisted_resource_6746") 6746
[0;1;32m                                     ^
[0m[1m<scratch space>:102:2: [0m[0;1;30mnote: [0mexpanded from here[0m
 whitelisted_resource_6746
[0;1;32m ^
[0m[1m../../chrome/browser/ui/views/folder_upload_confirmation_view.cc:58:7: [0m[0;1;35mwarning: [0m[1munknown pragma ignored [-Wunknown-pragmas][0m
      IDS_CONFIRM_FILE_UPLOAD_TITLE,
[0;1;32m      ^
[0m[1mgen/chrome/grit/generated_resources.h:2886:39: [0m[0;1;30mnote: [0mexpanded from macro 'IDS_CONFIRM_FILE_UPLOAD_TITLE'[0m
#define IDS_CONFIRM_FILE_UPLOAD_TITLE _Pragma("whitelisted_resource_6745") 6745
[0;1;32m                                      ^
[0m[1m<scratch space>:104:2: [0m[0;1;30mnote: [0mexpanded from here[0m
 whitelisted_resource_6745
[0;1;32m ^
[0m[1m../../chrome/browser/ui/views/folder_upload_confirmation_view.cc:65:38: [0m[0;1;35mwarning: [0m[1munknown pragma ignored [-Wunknown-pragmas][0m
    return l10n_util::GetStringUTF16(IDS_CONFIRM_FILE_UPLOAD_OK_BUTTON);
[0;1;32m                                     ^
[0m[1mgen/chrome/grit/generated_resources.h:2888:43: [0m[0;1;30mnote: [0mexpanded from macro 'IDS_CONFIRM_FILE_UPLOAD_OK_BUTTON'[0m
#define IDS_CONFIRM_FILE_UPLOAD_OK_BUTTON _Pragma("whitelisted_resource_6747") 6747
[0;1;32m                                          ^
[0m[1m<scratch space>:106:2: [0m[0;1;30mnote: [0mexpanded from here[0m
 whitelisted_resource_6747
[0;1;32m ^
[0m3 warnings generated.
