[1m../../chrome/browser/ui/views/extensions/extension_installed_bubble_view.cc:221:37: [0m[0;1;35mwarning: [0m[1munknown pragma ignored [-Wunknown-pragmas][0m
  return l10n_util::GetStringFUTF16(IDS_EXTENSION_INSTALLED_HEADING,
[0;1;32m                                    ^
[0m[1mgen/chrome/grit/chromium_strings.h:75:41: [0m[0;1;30mnote: [0mexpanded from macro 'IDS_EXTENSION_INSTALLED_HEADING'[0m
#define IDS_EXTENSION_INSTALLED_HEADING _Pragma("whitelisted_resource_519") 519
[0;1;32m                                        ^
[0m[1m<scratch space>:110:2: [0m[0;1;30mnote: [0mexpanded from here[0m
 whitelisted_resource_519
[0;1;32m ^
[0m[1m../../chrome/browser/ui/views/extensions/extension_installed_bubble_view.cc:246:9: [0m[0;1;35mwarning: [0m[1munknown pragma ignored [-Wunknown-pragmas][0m
        IDS_EXTENSION_INSTALLED_DICE_PROMO_SIGNIN_MESSAGE,
[0;1;32m        ^
[0m[1mgen/chrome/grit/generated_resources.h:1461:59: [0m[0;1;30mnote: [0mexpanded from macro 'IDS_EXTENSION_INSTALLED_DICE_PROMO_SIGNIN_MESSAGE'[0m
#define IDS_EXTENSION_INSTALLED_DICE_PROMO_SIGNIN_MESSAGE _Pragma("whitelisted_resource_5008") 5008
[0;1;32m                                                          ^
[0m[1m<scratch space>:3:2: [0m[0;1;30mnote: [0mexpanded from here[0m
 whitelisted_resource_5008
[0;1;32m ^
[0m[1m../../chrome/browser/ui/views/extensions/extension_installed_bubble_view.cc:247:9: [0m[0;1;35mwarning: [0m[1munknown pragma ignored [-Wunknown-pragmas][0m
        IDS_EXTENSION_INSTALLED_DICE_PROMO_SYNC_MESSAGE);
[0;1;32m        ^
[0m[1mgen/chrome/grit/generated_resources.h:1462:57: [0m[0;1;30mnote: [0mexpanded from macro 'IDS_EXTENSION_INSTALLED_DICE_PROMO_SYNC_MESSAGE'[0m
#define IDS_EXTENSION_INSTALLED_DICE_PROMO_SYNC_MESSAGE _Pragma("whitelisted_resource_5009") 5009
[0;1;32m                                                        ^
[0m[1m<scratch space>:5:2: [0m[0;1;30mnote: [0mexpanded from here[0m
 whitelisted_resource_5009
[0;1;32m ^
[0m[1m../../chrome/browser/ui/views/extensions/extension_installed_bubble_view.cc:252:9: [0m[0;1;35mwarning: [0m[1munknown pragma ignored [-Wunknown-pragmas][0m
        IDS_EXTENSION_INSTALLED_SYNC_PROMO_LINK_NEW,
[0;1;32m        ^
[0m[1mgen/chrome/grit/chromium_strings.h:76:53: [0m[0;1;30mnote: [0mexpanded from macro 'IDS_EXTENSION_INSTALLED_SYNC_PROMO_LINK_NEW'[0m
#define IDS_EXTENSION_INSTALLED_SYNC_PROMO_LINK_NEW _Pragma("whitelisted_resource_520") 520
[0;1;32m                                                    ^
[0m[1m<scratch space>:7:2: [0m[0;1;30mnote: [0mexpanded from here[0m
 whitelisted_resource_520
[0;1;32m ^
[0m[1m../../chrome/browser/ui/views/extensions/extension_installed_bubble_view.cc:253:9: [0m[0;1;35mwarning: [0m[1munknown pragma ignored [-Wunknown-pragmas][0m
        IDS_EXTENSION_INSTALLED_SYNC_PROMO_NEW);
[0;1;32m        ^
[0m[1mgen/chrome/grit/generated_resources.h:1460:48: [0m[0;1;30mnote: [0mexpanded from macro 'IDS_EXTENSION_INSTALLED_SYNC_PROMO_NEW'[0m
#define IDS_EXTENSION_INSTALLED_SYNC_PROMO_NEW _Pragma("whitelisted_resource_5007") 5007
[0;1;32m                                               ^
[0m[1m<scratch space>:9:2: [0m[0;1;30mnote: [0mexpanded from here[0m
 whitelisted_resource_5007
[0;1;32m ^
[0m[1m../../chrome/browser/ui/views/extensions/extension_installed_bubble_view.cc:311:35: [0m[0;1;35mwarning: [0m[1munknown pragma ignored [-Wunknown-pragmas][0m
        l10n_util::GetStringUTF16(IDS_EXTENSION_INSTALLED_MANAGE_SHORTCUTS));
[0;1;32m                                  ^
[0m[1mgen/chrome/grit/generated_resources.h:1459:50: [0m[0;1;30mnote: [0mexpanded from macro 'IDS_EXTENSION_INSTALLED_MANAGE_SHORTCUTS'[0m
#define IDS_EXTENSION_INSTALLED_MANAGE_SHORTCUTS _Pragma("whitelisted_resource_5006") 5006
[0;1;32m                                                 ^
[0m[1m<scratch space>:11:2: [0m[0;1;30mnote: [0mexpanded from here[0m
 whitelisted_resource_5006
[0;1;32m ^
[0m[1m../../chrome/browser/ui/views/extensions/extension_installed_bubble_view.cc:319:35: [0m[0;1;35mwarning: [0m[1munknown pragma ignored [-Wunknown-pragmas][0m
        l10n_util::GetStringUTF16(IDS_EXTENSION_INSTALLED_MANAGE_INFO)));
[0;1;32m                                  ^
[0m[1mgen/chrome/grit/generated_resources.h:1458:45: [0m[0;1;30mnote: [0mexpanded from macro 'IDS_EXTENSION_INSTALLED_MANAGE_INFO'[0m
#define IDS_EXTENSION_INSTALLED_MANAGE_INFO _Pragma("whitelisted_resource_5005") 5005
[0;1;32m                                            ^
[0m[1m<scratch space>:13:2: [0m[0;1;30mnote: [0mexpanded from here[0m
 whitelisted_resource_5005
[0;1;32m ^
[0m7 warnings generated.
