[1m../../chrome/browser/ui/webui/ntp_tiles_internals_ui.cc:119:53: [0m[0;1;35mwarning: [0m[1munknown pragma ignored [-Wunknown-pragmas][0m
  source->AddResourcePath("ntp_tiles_internals.js", IDR_NTP_TILES_INTERNALS_JS);
[0;1;32m                                                    ^
[0m[1mgen/components/grit/components_resources.h:31:36: [0m[0;1;30mnote: [0mexpanded from macro 'IDR_NTP_TILES_INTERNALS_JS'[0m
#define IDR_NTP_TILES_INTERNALS_JS _Pragma("whitelisted_resource_17044") 17044
[0;1;32m                                   ^
[0m[1m<scratch space>:19:2: [0m[0;1;30mnote: [0mexpanded from here[0m
 whitelisted_resource_17044
[0;1;32m ^
[0m[1m../../chrome/browser/ui/webui/ntp_tiles_internals_ui.cc:121:27: [0m[0;1;35mwarning: [0m[1munknown pragma ignored [-Wunknown-pragmas][0m
                          IDR_NTP_TILES_INTERNALS_CSS);
[0;1;32m                          ^
[0m[1mgen/components/grit/components_resources.h:32:37: [0m[0;1;30mnote: [0mexpanded from macro 'IDR_NTP_TILES_INTERNALS_CSS'[0m
#define IDR_NTP_TILES_INTERNALS_CSS _Pragma("whitelisted_resource_17045") 17045
[0;1;32m                                    ^
[0m[1m<scratch space>:21:2: [0m[0;1;30mnote: [0mexpanded from here[0m
 whitelisted_resource_17045
[0;1;32m ^
[0m[1m../../chrome/browser/ui/webui/ntp_tiles_internals_ui.cc:122:30: [0m[0;1;35mwarning: [0m[1munknown pragma ignored [-Wunknown-pragmas][0m
  source->SetDefaultResource(IDR_NTP_TILES_INTERNALS_HTML);
[0;1;32m                             ^
[0m[1mgen/components/grit/components_resources.h:30:38: [0m[0;1;30mnote: [0mexpanded from macro 'IDR_NTP_TILES_INTERNALS_HTML'[0m
#define IDR_NTP_TILES_INTERNALS_HTML _Pragma("whitelisted_resource_17043") 17043
[0;1;32m                                     ^
[0m[1m<scratch space>:23:2: [0m[0;1;30mnote: [0mexpanded from here[0m
 whitelisted_resource_17043
[0;1;32m ^
[0m3 warnings generated.
