[1m../../chrome/browser/ui/views/feature_promos/new_tab_promo_bubble_view.cc:27:38: [0m[0;1;35mwarning: [0m[1munknown pragma ignored [-Wunknown-pragmas][0m
  static constexpr int kTextIds[] = {IDS_NEWTAB_PROMO_0, IDS_NEWTAB_PROMO_1,
[0;1;32m                                     ^
[0m[1mgen/chrome/grit/generated_resources.h:1762:28: [0m[0;1;30mnote: [0mexpanded from macro 'IDS_NEWTAB_PROMO_0'[0m
#define IDS_NEWTAB_PROMO_0 _Pragma("whitelisted_resource_5339") 5339
[0;1;32m                           ^
[0m[1m<scratch space>:62:2: [0m[0;1;30mnote: [0mexpanded from here[0m
 whitelisted_resource_5339
[0;1;32m ^
[0m[1m../../chrome/browser/ui/views/feature_promos/new_tab_promo_bubble_view.cc:27:58: [0m[0;1;35mwarning: [0m[1munknown pragma ignored [-Wunknown-pragmas][0m
  static constexpr int kTextIds[] = {IDS_NEWTAB_PROMO_0, IDS_NEWTAB_PROMO_1,
[0;1;32m                                                         ^
[0m[1mgen/chrome/grit/generated_resources.h:1763:28: [0m[0;1;30mnote: [0mexpanded from macro 'IDS_NEWTAB_PROMO_1'[0m
#define IDS_NEWTAB_PROMO_1 _Pragma("whitelisted_resource_5340") 5340
[0;1;32m                           ^
[0m[1m<scratch space>:64:2: [0m[0;1;30mnote: [0mexpanded from here[0m
 whitelisted_resource_5340
[0;1;32m ^
[0m[1m../../chrome/browser/ui/views/feature_promos/new_tab_promo_bubble_view.cc:28:38: [0m[0;1;35mwarning: [0m[1munknown pragma ignored [-Wunknown-pragmas][0m
                                     IDS_NEWTAB_PROMO_2};
[0;1;32m                                     ^
[0m[1mgen/chrome/grit/generated_resources.h:1764:28: [0m[0;1;30mnote: [0mexpanded from macro 'IDS_NEWTAB_PROMO_2'[0m
#define IDS_NEWTAB_PROMO_2 _Pragma("whitelisted_resource_5341") 5341
[0;1;32m                           ^
[0m[1m<scratch space>:66:2: [0m[0;1;30mnote: [0mexpanded from here[0m
 whitelisted_resource_5341
[0;1;32m ^
[0m3 warnings generated.
