[1m../../chrome/browser/ui/apps/directory_access_confirmation_dialog.cc:54:7: [0m[0;1;35mwarning: [0m[1munknown pragma ignored [-Wunknown-pragmas][0m
      IDS_EXTENSIONS_DIRECTORY_CONFIRMATION_DIALOG_TITLE);
[0;1;32m      ^
[0m[1mgen/chrome/grit/generated_resources.h:1463:60: [0m[0;1;30mnote: [0mexpanded from macro 'IDS_EXTENSIONS_DIRECTORY_CONFIRMATION_DIALOG_TITLE'[0m
#define IDS_EXTENSIONS_DIRECTORY_CONFIRMATION_DIALOG_TITLE _Pragma("whitelisted_resource_5010") 5010
[0;1;32m                                                           ^
[0m[1m<scratch space>:58:2: [0m[0;1;30mnote: [0mexpanded from here[0m
 whitelisted_resource_5010
[0;1;32m ^
[0m[1m../../chrome/browser/ui/apps/directory_access_confirmation_dialog.cc:60:9: [0m[0;1;35mwarning: [0m[1munknown pragma ignored [-Wunknown-pragmas][0m
        IDS_EXTENSIONS_DIRECTORY_CONFIRMATION_DIALOG_MESSAGE_WRITABLE,
[0;1;32m        ^
[0m[1mgen/chrome/grit/generated_resources.h:1465:71: [0m[0;1;30mnote: [0mexpanded from macro 'IDS_EXTENSIONS_DIRECTORY_CONFIRMATION_DIALOG_MESSAGE_WRITABLE'[0m
#define IDS_EXTENSIONS_DIRECTORY_CONFIRMATION_DIALOG_MESSAGE_WRITABLE _Pragma("whitelisted_resource_5012") 5012
[0;1;32m                                                                      ^
[0m[1m<scratch space>:60:2: [0m[0;1;30mnote: [0mexpanded from here[0m
 whitelisted_resource_5012
[0;1;32m ^
[0m[1m../../chrome/browser/ui/apps/directory_access_confirmation_dialog.cc:64:9: [0m[0;1;35mwarning: [0m[1munknown pragma ignored [-Wunknown-pragmas][0m
        IDS_EXTENSIONS_DIRECTORY_CONFIRMATION_DIALOG_MESSAGE_READ_ONLY,
[0;1;32m        ^
[0m[1mgen/chrome/grit/generated_resources.h:1464:72: [0m[0;1;30mnote: [0mexpanded from macro 'IDS_EXTENSIONS_DIRECTORY_CONFIRMATION_DIALOG_MESSAGE_READ_ONLY'[0m
#define IDS_EXTENSIONS_DIRECTORY_CONFIRMATION_DIALOG_MESSAGE_READ_ONLY _Pragma("whitelisted_resource_5011") 5011
[0;1;32m                                                                       ^
[0m[1m<scratch space>:62:2: [0m[0;1;30mnote: [0mexpanded from here[0m
 whitelisted_resource_5011
[0;1;32m ^
[0m[1m../../chrome/browser/ui/apps/directory_access_confirmation_dialog.cc:70:36: [0m[0;1;35mwarning: [0m[1munknown pragma ignored [-Wunknown-pragmas][0m
  return l10n_util::GetStringUTF16(IDS_CONFIRM_MESSAGEBOX_YES_BUTTON_LABEL);
[0;1;32m                                   ^
[0m[1mgen/chrome/grit/generated_resources.h:1784:49: [0m[0;1;30mnote: [0mexpanded from macro 'IDS_CONFIRM_MESSAGEBOX_YES_BUTTON_LABEL'[0m
#define IDS_CONFIRM_MESSAGEBOX_YES_BUTTON_LABEL _Pragma("whitelisted_resource_5362") 5362
[0;1;32m                                                ^
[0m[1m<scratch space>:64:2: [0m[0;1;30mnote: [0mexpanded from here[0m
 whitelisted_resource_5362
[0;1;32m ^
[0m[1m../../chrome/browser/ui/apps/directory_access_confirmation_dialog.cc:73:36: [0m[0;1;35mwarning: [0m[1munknown pragma ignored [-Wunknown-pragmas][0m
  return l10n_util::GetStringUTF16(IDS_CONFIRM_MESSAGEBOX_NO_BUTTON_LABEL);
[0;1;32m                                   ^
[0m[1mgen/chrome/grit/generated_resources.h:1785:48: [0m[0;1;30mnote: [0mexpanded from macro 'IDS_CONFIRM_MESSAGEBOX_NO_BUTTON_LABEL'[0m
#define IDS_CONFIRM_MESSAGEBOX_NO_BUTTON_LABEL _Pragma("whitelisted_resource_5363") 5363
[0;1;32m                                               ^
[0m[1m<scratch space>:66:2: [0m[0;1;30mnote: [0mexpanded from here[0m
 whitelisted_resource_5363
[0;1;32m ^
[0m5 warnings generated.
