[1m../../chrome/browser/ui/views/payments/payment_request_views_util.cc:113:7: [0m[0;1;35mwarning: [0m[1munknown pragma ignored [-Wunknown-pragmas][0m
      IDS_PAYMENTS_PROFILE_LABELS_ACCESSIBLE_FORMAT, s1, s2, s3);
[0;1;32m      ^
[0m[1mgen/components/strings/grit/components_strings.h:602:55: [0m[0;1;30mnote: [0mexpanded from macro 'IDS_PAYMENTS_PROFILE_LABELS_ACCESSIBLE_FORMAT'[0m
#define IDS_PAYMENTS_PROFILE_LABELS_ACCESSIBLE_FORMAT _Pragma("whitelisted_resource_15728") 15728
[0;1;32m                                                      ^
[0m[1m<scratch space>:55:2: [0m[0;1;30mnote: [0mexpanded from here[0m
 whitelisted_resource_15728
[0;1;32m ^
[0m[1m../../chrome/browser/ui/views/payments/payment_request_views_util.cc:227:61: [0m[0;1;35mwarning: [0m[1munknown pragma ignored [-Wunknown-pragmas][0m
    back_arrow->SetAccessibleName(l10n_util::GetStringUTF16(IDS_PAYMENTS_BACK));
[0;1;32m                                                            ^
[0m[1mgen/components/strings/grit/components_strings.h:598:27: [0m[0;1;30mnote: [0mexpanded from macro 'IDS_PAYMENTS_BACK'[0m
#define IDS_PAYMENTS_BACK _Pragma("whitelisted_resource_15724") 15724
[0;1;32m                          ^
[0m[1m<scratch space>:57:2: [0m[0;1;30mnote: [0mexpanded from here[0m
 whitelisted_resource_15724
[0;1;32m ^
[0m[1m../../chrome/browser/ui/views/payments/payment_request_views_util.cc:275:44: [0m[0;1;35mwarning: [0m[1munknown pragma ignored [-Wunknown-pragmas][0m
                            .GetImageNamed(IDR_PRODUCT_LOGO_NAME_22)
[0;1;32m                                           ^
[0m[1mgen/chrome/grit/theme_resources.h:58:34: [0m[0;1;30mnote: [0mexpanded from macro 'IDR_PRODUCT_LOGO_NAME_22'[0m
#define IDR_PRODUCT_LOGO_NAME_22 _Pragma("whitelisted_resource_10336") 10336
[0;1;32m                                 ^
[0m[1m<scratch space>:59:2: [0m[0;1;30mnote: [0mexpanded from here[0m
 whitelisted_resource_10336
[0;1;32m ^
[0m[1m../../chrome/browser/ui/views/payments/payment_request_views_util.cc:277:57: [0m[0;1;35mwarning: [0m[1munknown pragma ignored [-Wunknown-pragmas][0m
  chrome_logo->SetTooltipText(l10n_util::GetStringUTF16(IDS_PRODUCT_NAME));
[0;1;32m                                                        ^
[0m[1mgen/chrome/grit/chromium_strings.h:34:26: [0m[0;1;30mnote: [0mexpanded from macro 'IDS_PRODUCT_NAME'[0m
#define IDS_PRODUCT_NAME _Pragma("whitelisted_resource_429") 429
[0;1;32m                         ^
[0m[1m<scratch space>:61:2: [0m[0;1;30mnote: [0mexpanded from here[0m
 whitelisted_resource_429
[0;1;32m ^
[0m[1m../../chrome/browser/ui/views/payments/payment_request_views_util.cc:298:9: [0m[0;1;35mwarning: [0m[1munknown pragma ignored [-Wunknown-pragmas][0m
        IDS_PAYMENTS_ACCESSIBLE_LABEL_WITH_ERROR, *accessible_content, missing);
[0;1;32m        ^
[0m[1mgen/components/strings/grit/components_strings.h:603:50: [0m[0;1;30mnote: [0mexpanded from macro 'IDS_PAYMENTS_ACCESSIBLE_LABEL_WITH_ERROR'[0m
#define IDS_PAYMENTS_ACCESSIBLE_LABEL_WITH_ERROR _Pragma("whitelisted_resource_15729") 15729
[0;1;32m                                                 ^
[0m[1m<scratch space>:63:2: [0m[0;1;30mnote: [0mexpanded from here[0m
 whitelisted_resource_15729
[0;1;32m ^
[0m[1m../../chrome/browser/ui/views/payments/payment_request_views_util.cc:333:9: [0m[0;1;35mwarning: [0m[1munknown pragma ignored [-Wunknown-pragmas][0m
        IDS_PAYMENTS_ACCESSIBLE_LABEL_WITH_ERROR, *accessible_content, missing);
[0;1;32m        ^
[0m[1mgen/components/strings/grit/components_strings.h:603:50: [0m[0;1;30mnote: [0mexpanded from macro 'IDS_PAYMENTS_ACCESSIBLE_LABEL_WITH_ERROR'[0m
#define IDS_PAYMENTS_ACCESSIBLE_LABEL_WITH_ERROR _Pragma("whitelisted_resource_15729") 15729
[0;1;32m                                                 ^
[0m[1m<scratch space>:65:2: [0m[0;1;30mnote: [0mexpanded from here[0m
 whitelisted_resource_15729
[0;1;32m ^
[0m[1m../../chrome/browser/ui/views/payments/payment_request_views_util.cc:407:9: [0m[0;1;35mwarning: [0m[1munknown pragma ignored [-Wunknown-pragmas][0m
        IDS_PAYMENTS_PROFILE_LABELS_ACCESSIBLE_FORMAT, text, formatted_amount,
[0;1;32m        ^
[0m[1mgen/components/strings/grit/components_strings.h:602:55: [0m[0;1;30mnote: [0mexpanded from macro 'IDS_PAYMENTS_PROFILE_LABELS_ACCESSIBLE_FORMAT'[0m
#define IDS_PAYMENTS_PROFILE_LABELS_ACCESSIBLE_FORMAT _Pragma("whitelisted_resource_15728") 15728
[0;1;32m                                                      ^
[0m[1m<scratch space>:67:2: [0m[0;1;30mnote: [0mexpanded from here[0m
 whitelisted_resource_15728
[0;1;32m ^
[0m7 warnings generated.
