[1m../../chrome/browser/ui/views/frame/opaque_browser_frame_view.cc:79:46: [0m[0;1;35mwarning: [0m[1munknown pragma ignored [-Wunknown-pragmas][0m
  minimize_button_ = InitWindowCaptionButton(IDR_MINIMIZE,
[0;1;32m                                             ^
[0m[1mgen/ui/views/resources/grit/views_resources.h:135:22: [0m[0;1;30mnote: [0mexpanded from macro 'IDR_MINIMIZE'[0m
#define IDR_MINIMIZE _Pragma("whitelisted_resource_27580") 27580
[0;1;32m                     ^
[0m[1m<scratch space>:68:2: [0m[0;1;30mnote: [0mexpanded from here[0m
 whitelisted_resource_27580
[0;1;32m ^
[0m[1m../../chrome/browser/ui/views/frame/opaque_browser_frame_view.cc:80:46: [0m[0;1;35mwarning: [0m[1munknown pragma ignored [-Wunknown-pragmas][0m
                                             IDR_MINIMIZE_H,
[0;1;32m                                             ^
[0m[1mgen/ui/views/resources/grit/views_resources.h:136:24: [0m[0;1;30mnote: [0mexpanded from macro 'IDR_MINIMIZE_H'[0m
#define IDR_MINIMIZE_H _Pragma("whitelisted_resource_27581") 27581
[0;1;32m                       ^
[0m[1m<scratch space>:70:2: [0m[0;1;30mnote: [0mexpanded from here[0m
 whitelisted_resource_27581
[0;1;32m ^
[0m[1m../../chrome/browser/ui/views/frame/opaque_browser_frame_view.cc:81:46: [0m[0;1;35mwarning: [0m[1munknown pragma ignored [-Wunknown-pragmas][0m
                                             IDR_MINIMIZE_P,
[0;1;32m                                             ^
[0m[1mgen/ui/views/resources/grit/views_resources.h:137:24: [0m[0;1;30mnote: [0mexpanded from macro 'IDR_MINIMIZE_P'[0m
#define IDR_MINIMIZE_P _Pragma("whitelisted_resource_27582") 27582
[0;1;32m                       ^
[0m[1m<scratch space>:72:2: [0m[0;1;30mnote: [0mexpanded from here[0m
 whitelisted_resource_27582
[0;1;32m ^
[0m[1m../../chrome/browser/ui/views/frame/opaque_browser_frame_view.cc:82:46: [0m[0;1;35mwarning: [0m[1munknown pragma ignored [-Wunknown-pragmas][0m
                                             IDR_MINIMIZE_BUTTON_MASK,
[0;1;32m                                             ^
[0m[1mgen/chrome/grit/theme_resources.h:51:34: [0m[0;1;30mnote: [0mexpanded from macro 'IDR_MINIMIZE_BUTTON_MASK'[0m
#define IDR_MINIMIZE_BUTTON_MASK _Pragma("whitelisted_resource_10317") 10317
[0;1;32m                                 ^
[0m[1m<scratch space>:74:2: [0m[0;1;30mnote: [0mexpanded from here[0m
 whitelisted_resource_10317
[0;1;32m ^
[0m[1m../../chrome/browser/ui/views/frame/opaque_browser_frame_view.cc:83:46: [0m[0;1;35mwarning: [0m[1munknown pragma ignored [-Wunknown-pragmas][0m
                                             IDS_ACCNAME_MINIMIZE,
[0;1;32m                                             ^
[0m[1mgen/chrome/grit/generated_resources.h:1738:30: [0m[0;1;30mnote: [0mexpanded from macro 'IDS_ACCNAME_MINIMIZE'[0m
#define IDS_ACCNAME_MINIMIZE _Pragma("whitelisted_resource_5315") 5315
[0;1;32m                             ^
[0m[1m<scratch space>:76:2: [0m[0;1;30mnote: [0mexpanded from here[0m
 whitelisted_resource_5315
[0;1;32m ^
[0m[1m../../chrome/browser/ui/views/frame/opaque_browser_frame_view.cc:85:46: [0m[0;1;35mwarning: [0m[1munknown pragma ignored [-Wunknown-pragmas][0m
  maximize_button_ = InitWindowCaptionButton(IDR_MAXIMIZE,
[0;1;32m                                             ^
[0m[1mgen/ui/views/resources/grit/views_resources.h:132:22: [0m[0;1;30mnote: [0mexpanded from macro 'IDR_MAXIMIZE'[0m
#define IDR_MAXIMIZE _Pragma("whitelisted_resource_27577") 27577
[0;1;32m                     ^
[0m[1m<scratch space>:78:2: [0m[0;1;30mnote: [0mexpanded from here[0m
 whitelisted_resource_27577
[0;1;32m ^
[0m[1m../../chrome/browser/ui/views/frame/opaque_browser_frame_view.cc:86:46: [0m[0;1;35mwarning: [0m[1munknown pragma ignored [-Wunknown-pragmas][0m
                                             IDR_MAXIMIZE_H,
[0;1;32m                                             ^
[0m[1mgen/ui/views/resources/grit/views_resources.h:133:24: [0m[0;1;30mnote: [0mexpanded from macro 'IDR_MAXIMIZE_H'[0m
#define IDR_MAXIMIZE_H _Pragma("whitelisted_resource_27578") 27578
[0;1;32m                       ^
[0m[1m<scratch space>:80:2: [0m[0;1;30mnote: [0mexpanded from here[0m
 whitelisted_resource_27578
[0;1;32m ^
[0m[1m../../chrome/browser/ui/views/frame/opaque_browser_frame_view.cc:87:46: [0m[0;1;35mwarning: [0m[1munknown pragma ignored [-Wunknown-pragmas][0m
                                             IDR_MAXIMIZE_P,
[0;1;32m                                             ^
[0m[1mgen/ui/views/resources/grit/views_resources.h:134:24: [0m[0;1;30mnote: [0mexpanded from macro 'IDR_MAXIMIZE_P'[0m
#define IDR_MAXIMIZE_P _Pragma("whitelisted_resource_27579") 27579
[0;1;32m                       ^
[0m[1m<scratch space>:82:2: [0m[0;1;30mnote: [0mexpanded from here[0m
 whitelisted_resource_27579
[0;1;32m ^
[0m[1m../../chrome/browser/ui/views/frame/opaque_browser_frame_view.cc:88:46: [0m[0;1;35mwarning: [0m[1munknown pragma ignored [-Wunknown-pragmas][0m
                                             IDR_MAXIMIZE_BUTTON_MASK,
[0;1;32m                                             ^
[0m[1mgen/chrome/grit/theme_resources.h:50:34: [0m[0;1;30mnote: [0mexpanded from macro 'IDR_MAXIMIZE_BUTTON_MASK'[0m
#define IDR_MAXIMIZE_BUTTON_MASK _Pragma("whitelisted_resource_10316") 10316
[0;1;32m                                 ^
[0m[1m<scratch space>:84:2: [0m[0;1;30mnote: [0mexpanded from here[0m
 whitelisted_resource_10316
[0;1;32m ^
[0m[1m../../chrome/browser/ui/views/frame/opaque_browser_frame_view.cc:89:46: [0m[0;1;35mwarning: [0m[1munknown pragma ignored [-Wunknown-pragmas][0m
                                             IDS_ACCNAME_MAXIMIZE,
[0;1;32m                                             ^
[0m[1mgen/chrome/grit/generated_resources.h:1739:30: [0m[0;1;30mnote: [0mexpanded from macro 'IDS_ACCNAME_MAXIMIZE'[0m
#define IDS_ACCNAME_MAXIMIZE _Pragma("whitelisted_resource_5316") 5316
[0;1;32m                             ^
[0m[1m<scratch space>:86:2: [0m[0;1;30mnote: [0mexpanded from here[0m
 whitelisted_resource_5316
[0;1;32m ^
[0m[1m../../chrome/browser/ui/views/frame/opaque_browser_frame_view.cc:91:45: [0m[0;1;35mwarning: [0m[1munknown pragma ignored [-Wunknown-pragmas][0m
  restore_button_ = InitWindowCaptionButton(IDR_RESTORE,
[0;1;32m                                            ^
[0m[1mgen/ui/views/resources/grit/views_resources.h:152:21: [0m[0;1;30mnote: [0mexpanded from macro 'IDR_RESTORE'[0m
#define IDR_RESTORE _Pragma("whitelisted_resource_27597") 27597
[0;1;32m                    ^
[0m[1m<scratch space>:88:2: [0m[0;1;30mnote: [0mexpanded from here[0m
 whitelisted_resource_27597
[0;1;32m ^
[0m[1m../../chrome/browser/ui/views/frame/opaque_browser_frame_view.cc:92:45: [0m[0;1;35mwarning: [0m[1munknown pragma ignored [-Wunknown-pragmas][0m
                                            IDR_RESTORE_H,
[0;1;32m                                            ^
[0m[1mgen/ui/views/resources/grit/views_resources.h:153:23: [0m[0;1;30mnote: [0mexpanded from macro 'IDR_RESTORE_H'[0m
#define IDR_RESTORE_H _Pragma("whitelisted_resource_27598") 27598
[0;1;32m                      ^
[0m[1m<scratch space>:90:2: [0m[0;1;30mnote: [0mexpanded from here[0m
 whitelisted_resource_27598
[0;1;32m ^
[0m[1m../../chrome/browser/ui/views/frame/opaque_browser_frame_view.cc:93:45: [0m[0;1;35mwarning: [0m[1munknown pragma ignored [-Wunknown-pragmas][0m
                                            IDR_RESTORE_P,
[0;1;32m                                            ^
[0m[1mgen/ui/views/resources/grit/views_resources.h:154:23: [0m[0;1;30mnote: [0mexpanded from macro 'IDR_RESTORE_P'[0m
#define IDR_RESTORE_P _Pragma("whitelisted_resource_27599") 27599
[0;1;32m                      ^
[0m[1m<scratch space>:92:2: [0m[0;1;30mnote: [0mexpanded from here[0m
 whitelisted_resource_27599
[0;1;32m ^
[0m[1m../../chrome/browser/ui/views/frame/opaque_browser_frame_view.cc:94:45: [0m[0;1;35mwarning: [0m[1munknown pragma ignored [-Wunknown-pragmas][0m
                                            IDR_RESTORE_BUTTON_MASK,
[0;1;32m                                            ^
[0m[1mgen/chrome/grit/theme_resources.h:88:33: [0m[0;1;30mnote: [0mexpanded from macro 'IDR_RESTORE_BUTTON_MASK'[0m
#define IDR_RESTORE_BUTTON_MASK _Pragma("whitelisted_resource_10455") 10455
[0;1;32m                                ^
[0m[1m<scratch space>:94:2: [0m[0;1;30mnote: [0mexpanded from here[0m
 whitelisted_resource_10455
[0;1;32m ^
[0m[1m../../chrome/browser/ui/views/frame/opaque_browser_frame_view.cc:95:45: [0m[0;1;35mwarning: [0m[1munknown pragma ignored [-Wunknown-pragmas][0m
                                            IDS_ACCNAME_RESTORE,
[0;1;32m                                            ^
[0m[1mgen/chrome/grit/generated_resources.h:1740:29: [0m[0;1;30mnote: [0mexpanded from macro 'IDS_ACCNAME_RESTORE'[0m
#define IDS_ACCNAME_RESTORE _Pragma("whitelisted_resource_5317") 5317
[0;1;32m                            ^
[0m[1m<scratch space>:96:2: [0m[0;1;30mnote: [0mexpanded from here[0m
 whitelisted_resource_5317
[0;1;32m ^
[0m[1m../../chrome/browser/ui/views/frame/opaque_browser_frame_view.cc:97:43: [0m[0;1;35mwarning: [0m[1munknown pragma ignored [-Wunknown-pragmas][0m
  close_button_ = InitWindowCaptionButton(IDR_CLOSE,
[0;1;32m                                          ^
[0m[1mgen/ui/views/resources/grit/views_resources.h:48:19: [0m[0;1;30mnote: [0mexpanded from macro 'IDR_CLOSE'[0m
#define IDR_CLOSE _Pragma("whitelisted_resource_27493") 27493
[0;1;32m                  ^
[0m[1m<scratch space>:98:2: [0m[0;1;30mnote: [0mexpanded from here[0m
 whitelisted_resource_27493
[0;1;32m ^
[0m[1m../../chrome/browser/ui/views/frame/opaque_browser_frame_view.cc:98:43: [0m[0;1;35mwarning: [0m[1munknown pragma ignored [-Wunknown-pragmas][0m
                                          IDR_CLOSE_H,
[0;1;32m                                          ^
[0m[1mgen/ui/views/resources/grit/views_resources.h:49:21: [0m[0;1;30mnote: [0mexpanded from macro 'IDR_CLOSE_H'[0m
#define IDR_CLOSE_H _Pragma("whitelisted_resource_27494") 27494
[0;1;32m                    ^
[0m[1m<scratch space>:100:2: [0m[0;1;30mnote: [0mexpanded from here[0m
 whitelisted_resource_27494
[0;1;32m ^
[0m[1m../../chrome/browser/ui/views/frame/opaque_browser_frame_view.cc:99:43: [0m[0;1;35mwarning: [0m[1munknown pragma ignored [-Wunknown-pragmas][0m
                                          IDR_CLOSE_P,
[0;1;32m                                          ^
[0m[1mgen/ui/views/resources/grit/views_resources.h:50:21: [0m[0;1;30mnote: [0mexpanded from macro 'IDR_CLOSE_P'[0m
#define IDR_CLOSE_P _Pragma("whitelisted_resource_27495") 27495
[0;1;32m                    ^
[0m[1m<scratch space>:102:2: [0m[0;1;30mnote: [0mexpanded from here[0m
 whitelisted_resource_27495
[0;1;32m ^
[0m[1m../../chrome/browser/ui/views/frame/opaque_browser_frame_view.cc:100:43: [0m[0;1;35mwarning: [0m[1munknown pragma ignored [-Wunknown-pragmas][0m
                                          IDR_CLOSE_BUTTON_MASK,
[0;1;32m                                          ^
[0m[1mgen/chrome/grit/theme_resources.h:28:31: [0m[0;1;30mnote: [0mexpanded from macro 'IDR_CLOSE_BUTTON_MASK'[0m
#define IDR_CLOSE_BUTTON_MASK _Pragma("whitelisted_resource_10239") 10239
[0;1;32m                              ^
[0m[1m<scratch space>:104:2: [0m[0;1;30mnote: [0mexpanded from here[0m
 whitelisted_resource_10239
[0;1;32m ^
[0m[1m../../chrome/browser/ui/views/frame/opaque_browser_frame_view.cc:101:43: [0m[0;1;35mwarning: [0m[1munknown pragma ignored [-Wunknown-pragmas][0m
                                          IDS_ACCNAME_CLOSE,
[0;1;32m                                          ^
[0m[1mgen/components/strings/grit/components_strings.h:1037:27: [0m[0;1;30mnote: [0mexpanded from macro 'IDS_ACCNAME_CLOSE'[0m
#define IDS_ACCNAME_CLOSE _Pragma("whitelisted_resource_16175") 16175
[0;1;32m                          ^
[0m[1m<scratch space>:106:2: [0m[0;1;30mnote: [0mexpanded from here[0m
 whitelisted_resource_16175
[0;1;32m ^
[0m[1m../../chrome/browser/ui/views/frame/opaque_browser_frame_view.cc:516:31: [0m[0;1;35mwarning: [0m[1munknown pragma ignored [-Wunknown-pragmas][0m
        tp->GetImageSkiaNamed(IDR_THEME_WINDOW_CONTROL_BACKGROUND),
[0;1;32m                              ^
[0m[1mgen/chrome/grit/theme_resources.h:113:45: [0m[0;1;30mnote: [0mexpanded from macro 'IDR_THEME_WINDOW_CONTROL_BACKGROUND'[0m
#define IDR_THEME_WINDOW_CONTROL_BACKGROUND _Pragma("whitelisted_resource_10497") 10497
[0;1;32m                                            ^
[0m[1m<scratch space>:143:2: [0m[0;1;30mnote: [0mexpanded from here[0m
 whitelisted_resource_10497
[0;1;32m ^
[0m[1m../../chrome/browser/ui/views/frame/opaque_browser_frame_view.cc:555:29: [0m[0;1;35mwarning: [0m[1munknown pragma ignored [-Wunknown-pragmas][0m
      tp->GetImageSkiaNamed(IDR_WINDOW_LEFT_SIDE),
[0;1;32m                            ^
[0m[1mgen/ui/views/resources/grit/views_resources.h:176:30: [0m[0;1;30mnote: [0mexpanded from macro 'IDR_WINDOW_LEFT_SIDE'[0m
#define IDR_WINDOW_LEFT_SIDE _Pragma("whitelisted_resource_27621") 27621
[0;1;32m                             ^
[0m[1m<scratch space>:145:2: [0m[0;1;30mnote: [0mexpanded from here[0m
 whitelisted_resource_27621
[0;1;32m ^
[0m[1m../../chrome/browser/ui/views/frame/opaque_browser_frame_view.cc:556:29: [0m[0;1;35mwarning: [0m[1munknown pragma ignored [-Wunknown-pragmas][0m
      tp->GetImageSkiaNamed(IDR_WINDOW_TOP_CENTER),
[0;1;32m                            ^
[0m[1mgen/ui/views/resources/grit/views_resources.h:178:31: [0m[0;1;30mnote: [0mexpanded from macro 'IDR_WINDOW_TOP_CENTER'[0m
#define IDR_WINDOW_TOP_CENTER _Pragma("whitelisted_resource_27623") 27623
[0;1;32m                              ^
[0m[1m<scratch space>:147:2: [0m[0;1;30mnote: [0mexpanded from here[0m
 whitelisted_resource_27623
[0;1;32m ^
[0m[1m../../chrome/browser/ui/views/frame/opaque_browser_frame_view.cc:557:29: [0m[0;1;35mwarning: [0m[1munknown pragma ignored [-Wunknown-pragmas][0m
      tp->GetImageSkiaNamed(IDR_WINDOW_RIGHT_SIDE),
[0;1;32m                            ^
[0m[1mgen/ui/views/resources/grit/views_resources.h:177:31: [0m[0;1;30mnote: [0mexpanded from macro 'IDR_WINDOW_RIGHT_SIDE'[0m
#define IDR_WINDOW_RIGHT_SIDE _Pragma("whitelisted_resource_27622") 27622
[0;1;32m                              ^
[0m[1m<scratch space>:149:2: [0m[0;1;30mnote: [0mexpanded from here[0m
 whitelisted_resource_27622
[0;1;32m ^
[0m[1m../../chrome/browser/ui/views/frame/opaque_browser_frame_view.cc:558:29: [0m[0;1;35mwarning: [0m[1munknown pragma ignored [-Wunknown-pragmas][0m
      tp->GetImageSkiaNamed(IDR_WINDOW_BOTTOM_CENTER));
[0;1;32m                            ^
[0m[1mgen/ui/views/resources/grit/views_resources.h:173:34: [0m[0;1;30mnote: [0mexpanded from macro 'IDR_WINDOW_BOTTOM_CENTER'[0m
#define IDR_WINDOW_BOTTOM_CENTER _Pragma("whitelisted_resource_27618") 27618
[0;1;32m                                 ^
[0m[1m<scratch space>:151:2: [0m[0;1;30mnote: [0mexpanded from here[0m
 whitelisted_resource_27618
[0;1;32m ^
[0m[1m../../chrome/browser/ui/views/frame/opaque_browser_frame_view.cc:560:29: [0m[0;1;35mwarning: [0m[1munknown pragma ignored [-Wunknown-pragmas][0m
      tp->GetImageSkiaNamed(IDR_WINDOW_TOP_LEFT_CORNER),
[0;1;32m                            ^
[0m[1mgen/ui/views/resources/grit/views_resources.h:179:36: [0m[0;1;30mnote: [0mexpanded from macro 'IDR_WINDOW_TOP_LEFT_CORNER'[0m
#define IDR_WINDOW_TOP_LEFT_CORNER _Pragma("whitelisted_resource_27624") 27624
[0;1;32m                                   ^
[0m[1m<scratch space>:153:2: [0m[0;1;30mnote: [0mexpanded from here[0m
 whitelisted_resource_27624
[0;1;32m ^
[0m[1m../../chrome/browser/ui/views/frame/opaque_browser_frame_view.cc:561:29: [0m[0;1;35mwarning: [0m[1munknown pragma ignored [-Wunknown-pragmas][0m
      tp->GetImageSkiaNamed(IDR_WINDOW_TOP_RIGHT_CORNER),
[0;1;32m                            ^
[0m[1mgen/ui/views/resources/grit/views_resources.h:180:37: [0m[0;1;30mnote: [0mexpanded from macro 'IDR_WINDOW_TOP_RIGHT_CORNER'[0m
#define IDR_WINDOW_TOP_RIGHT_CORNER _Pragma("whitelisted_resource_27625") 27625
[0;1;32m                                    ^
[0m[1m<scratch space>:155:2: [0m[0;1;30mnote: [0mexpanded from here[0m
 whitelisted_resource_27625
[0;1;32m ^
[0m[1m../../chrome/browser/ui/views/frame/opaque_browser_frame_view.cc:562:29: [0m[0;1;35mwarning: [0m[1munknown pragma ignored [-Wunknown-pragmas][0m
      tp->GetImageSkiaNamed(IDR_WINDOW_BOTTOM_LEFT_CORNER),
[0;1;32m                            ^
[0m[1mgen/ui/views/resources/grit/views_resources.h:174:39: [0m[0;1;30mnote: [0mexpanded from macro 'IDR_WINDOW_BOTTOM_LEFT_CORNER'[0m
#define IDR_WINDOW_BOTTOM_LEFT_CORNER _Pragma("whitelisted_resource_27619") 27619
[0;1;32m                                      ^
[0m[1m<scratch space>:157:2: [0m[0;1;30mnote: [0mexpanded from here[0m
 whitelisted_resource_27619
[0;1;32m ^
[0m[1m../../chrome/browser/ui/views/frame/opaque_browser_frame_view.cc:563:29: [0m[0;1;35mwarning: [0m[1munknown pragma ignored [-Wunknown-pragmas][0m
      tp->GetImageSkiaNamed(IDR_WINDOW_BOTTOM_RIGHT_CORNER));
[0;1;32m                            ^
[0m[1mgen/ui/views/resources/grit/views_resources.h:175:40: [0m[0;1;30mnote: [0mexpanded from macro 'IDR_WINDOW_BOTTOM_RIGHT_CORNER'[0m
#define IDR_WINDOW_BOTTOM_RIGHT_CORNER _Pragma("whitelisted_resource_27620") 27620
[0;1;32m                                       ^
[0m[1m<scratch space>:159:2: [0m[0;1;30mnote: [0mexpanded from here[0m
 whitelisted_resource_27620
[0;1;32m ^
[0m[1m../../chrome/browser/ui/views/frame/opaque_browser_frame_view.cc:616:29: [0m[0;1;35mwarning: [0m[1munknown pragma ignored [-Wunknown-pragmas][0m
      tp->GetImageSkiaNamed(IDR_CONTENT_RIGHT_SIDE);
[0;1;32m                            ^
[0m[1mgen/ui/views/resources/grit/views_resources.h:127:32: [0m[0;1;30mnote: [0mexpanded from macro 'IDR_CONTENT_RIGHT_SIDE'[0m
#define IDR_CONTENT_RIGHT_SIDE _Pragma("whitelisted_resource_27572") 27572
[0;1;32m                               ^
[0m[1m<scratch space>:161:2: [0m[0;1;30mnote: [0mexpanded from here[0m
 whitelisted_resource_27572
[0;1;32m ^
[0m[1m../../chrome/browser/ui/views/frame/opaque_browser_frame_view.cc:622:47: [0m[0;1;35mwarning: [0m[1munknown pragma ignored [-Wunknown-pragmas][0m
  canvas->DrawImageInt(*tp->GetImageSkiaNamed(IDR_CONTENT_BOTTOM_RIGHT_CORNER),
[0;1;32m                                              ^
[0m[1mgen/ui/views/resources/grit/views_resources.h:125:41: [0m[0;1;30mnote: [0mexpanded from macro 'IDR_CONTENT_BOTTOM_RIGHT_CORNER'[0m
#define IDR_CONTENT_BOTTOM_RIGHT_CORNER _Pragma("whitelisted_resource_27570") 27570
[0;1;32m                                        ^
[0m[1m<scratch space>:163:2: [0m[0;1;30mnote: [0mexpanded from here[0m
 whitelisted_resource_27570
[0;1;32m ^
[0m[1m../../chrome/browser/ui/views/frame/opaque_browser_frame_view.cc:625:29: [0m[0;1;35mwarning: [0m[1munknown pragma ignored [-Wunknown-pragmas][0m
      tp->GetImageSkiaNamed(IDR_CONTENT_BOTTOM_CENTER);
[0;1;32m                            ^
[0m[1mgen/ui/views/resources/grit/views_resources.h:123:35: [0m[0;1;30mnote: [0mexpanded from macro 'IDR_CONTENT_BOTTOM_CENTER'[0m
#define IDR_CONTENT_BOTTOM_CENTER _Pragma("whitelisted_resource_27568") 27568
[0;1;32m                                  ^
[0m[1m<scratch space>:165:2: [0m[0;1;30mnote: [0mexpanded from here[0m
 whitelisted_resource_27568
[0;1;32m ^
[0m[1m../../chrome/browser/ui/views/frame/opaque_browser_frame_view.cc:627:47: [0m[0;1;35mwarning: [0m[1munknown pragma ignored [-Wunknown-pragmas][0m
  canvas->DrawImageInt(*tp->GetImageSkiaNamed(IDR_CONTENT_BOTTOM_LEFT_CORNER),
[0;1;32m                                              ^
[0m[1mgen/ui/views/resources/grit/views_resources.h:124:40: [0m[0;1;30mnote: [0mexpanded from macro 'IDR_CONTENT_BOTTOM_LEFT_CORNER'[0m
#define IDR_CONTENT_BOTTOM_LEFT_CORNER _Pragma("whitelisted_resource_27569") 27569
[0;1;32m                                       ^
[0m[1m<scratch space>:2:2: [0m[0;1;30mnote: [0mexpanded from here[0m
 whitelisted_resource_27569
[0;1;32m ^
[0m[1m../../chrome/browser/ui/views/frame/opaque_browser_frame_view.cc:629:47: [0m[0;1;35mwarning: [0m[1munknown pragma ignored [-Wunknown-pragmas][0m
  canvas->TileImageInt(*tp->GetImageSkiaNamed(IDR_CONTENT_LEFT_SIDE), x - img_w,
[0;1;32m                                              ^
[0m[1mgen/ui/views/resources/grit/views_resources.h:126:31: [0m[0;1;30mnote: [0mexpanded from macro 'IDR_CONTENT_LEFT_SIDE'[0m
#define IDR_CONTENT_LEFT_SIDE _Pragma("whitelisted_resource_27571") 27571
[0;1;32m                              ^
[0m[1m<scratch space>:4:2: [0m[0;1;30mnote: [0mexpanded from here[0m
 whitelisted_resource_27571
[0;1;32m ^
[0m34 warnings generated.
