[1m../../content/browser/indexed_db/indexed_db_internals_ui.cc:70:27: [0m[0;1;35mwarning: [0m[1munknown pragma ignored [-Wunknown-pragmas][0m
                          IDR_INDEXED_DB_INTERNALS_JS);
[0;1;32m                          ^
[0m[1mgen/content/grit/content_resources.h:20:37: [0m[0;1;30mnote: [0mexpanded from macro 'IDR_INDEXED_DB_INTERNALS_JS'[0m
#define IDR_INDEXED_DB_INTERNALS_JS _Pragma("whitelisted_resource_20415") 20415
[0;1;32m                                    ^
[0m[1m<scratch space>:95:2: [0m[0;1;30mnote: [0mexpanded from here[0m
 whitelisted_resource_20415
[0;1;32m ^
[0m[1m../../content/browser/indexed_db/indexed_db_internals_ui.cc:72:27: [0m[0;1;35mwarning: [0m[1munknown pragma ignored [-Wunknown-pragmas][0m
                          IDR_INDEXED_DB_INTERNALS_CSS);
[0;1;32m                          ^
[0m[1mgen/content/grit/content_resources.h:21:38: [0m[0;1;30mnote: [0mexpanded from macro 'IDR_INDEXED_DB_INTERNALS_CSS'[0m
#define IDR_INDEXED_DB_INTERNALS_CSS _Pragma("whitelisted_resource_20416") 20416
[0;1;32m                                     ^
[0m[1m<scratch space>:97:2: [0m[0;1;30mnote: [0mexpanded from here[0m
 whitelisted_resource_20416
[0;1;32m ^
[0m[1m../../content/browser/indexed_db/indexed_db_internals_ui.cc:73:30: [0m[0;1;35mwarning: [0m[1munknown pragma ignored [-Wunknown-pragmas][0m
  source->SetDefaultResource(IDR_INDEXED_DB_INTERNALS_HTML);
[0;1;32m                             ^
[0m[1mgen/content/grit/content_resources.h:19:39: [0m[0;1;30mnote: [0mexpanded from macro 'IDR_INDEXED_DB_INTERNALS_HTML'[0m
#define IDR_INDEXED_DB_INTERNALS_HTML _Pragma("whitelisted_resource_20414") 20414
[0;1;32m                                      ^
[0m[1m<scratch space>:99:2: [0m[0;1;30mnote: [0mexpanded from here[0m
 whitelisted_resource_20414
[0;1;32m ^
[0m3 warnings generated.
