[1m../../chrome/browser/policy/javascript_policy_handler.cc:30:47: [0m[0;1;35mwarning: [0m[1munknown pragma ignored [-Wunknown-pragmas][0m
    errors->AddError(key::kJavascriptEnabled, IDS_POLICY_TYPE_ERROR,
[0;1;32m                                              ^
[0m[1mgen/components/strings/grit/components_strings.h:665:31: [0m[0;1;30mnote: [0mexpanded from macro 'IDS_POLICY_TYPE_ERROR'[0m
#define IDS_POLICY_TYPE_ERROR _Pragma("whitelisted_resource_15791") 15791
[0;1;32m                              ^
[0m[1m<scratch space>:268:2: [0m[0;1;30mnote: [0mexpanded from here[0m
 whitelisted_resource_15791
[0;1;32m ^
[0m[1m../../chrome/browser/policy/javascript_policy_handler.cc:35:54: [0m[0;1;35mwarning: [0m[1munknown pragma ignored [-Wunknown-pragmas][0m
    errors->AddError(key::kDefaultJavaScriptSetting, IDS_POLICY_TYPE_ERROR,
[0;1;32m                                                     ^
[0m[1mgen/components/strings/grit/components_strings.h:665:31: [0m[0;1;30mnote: [0mexpanded from macro 'IDS_POLICY_TYPE_ERROR'[0m
#define IDS_POLICY_TYPE_ERROR _Pragma("whitelisted_resource_15791") 15791
[0;1;32m                              ^
[0m[1m<scratch space>:270:2: [0m[0;1;30mnote: [0mexpanded from here[0m
 whitelisted_resource_15791
[0;1;32m ^
[0m[1m../../chrome/browser/policy/javascript_policy_handler.cc:41:22: [0m[0;1;35mwarning: [0m[1munknown pragma ignored [-Wunknown-pragmas][0m
                     IDS_POLICY_OVERRIDDEN,
[0;1;32m                     ^
[0m[1mgen/components/strings/grit/components_strings.h:684:31: [0m[0;1;30mnote: [0mexpanded from macro 'IDS_POLICY_OVERRIDDEN'[0m
#define IDS_POLICY_OVERRIDDEN _Pragma("whitelisted_resource_15810") 15810
[0;1;32m                              ^
[0m[1m<scratch space>:272:2: [0m[0;1;30mnote: [0mexpanded from here[0m
 whitelisted_resource_15810
[0;1;32m ^
[0m3 warnings generated.
