[1m../../components/ntp_snippets/remote/json_to_categories.cc:58:31: [0m[0;1;35mwarning: [0m[1munknown pragma ignored [-Wunknown-pragmas][0m
                              IDS_NTP_ARTICLE_SUGGESTIONS_SECTION_HEADER),
[0;1;32m                              ^
[0m[1mgen/components/strings/grit/components_strings.h:348:52: [0m[0;1;30mnote: [0mexpanded from macro 'IDS_NTP_ARTICLE_SUGGESTIONS_SECTION_HEADER'[0m
#define IDS_NTP_ARTICLE_SUGGESTIONS_SECTION_HEADER _Pragma("whitelisted_resource_15454") 15454
[0;1;32m                                                   ^
[0m[1m<scratch space>:267:2: [0m[0;1;30mnote: [0mexpanded from here[0m
 whitelisted_resource_15454
[0;1;32m ^
[0m[1m../../components/ntp_snippets/remote/json_to_categories.cc:62:33: [0m[0;1;35mwarning: [0m[1munknown pragma ignored [-Wunknown-pragmas][0m
      l10n_util::GetStringUTF16(IDS_NTP_ARTICLE_SUGGESTIONS_SECTION_EMPTY));
[0;1;32m                                ^
[0m[1mgen/components/strings/grit/components_strings.h:349:51: [0m[0;1;30mnote: [0mexpanded from macro 'IDS_NTP_ARTICLE_SUGGESTIONS_SECTION_EMPTY'[0m
#define IDS_NTP_ARTICLE_SUGGESTIONS_SECTION_EMPTY _Pragma("whitelisted_resource_15455") 15455
[0;1;32m                                                  ^
[0m[1m<scratch space>:269:2: [0m[0;1;30mnote: [0mexpanded from here[0m
 whitelisted_resource_15455
[0;1;32m ^
[0m[1m../../components/ntp_snippets/remote/json_to_categories.cc:78:33: [0m[0;1;35mwarning: [0m[1munknown pragma ignored [-Wunknown-pragmas][0m
      l10n_util::GetStringUTF16(IDS_NTP_ARTICLE_SUGGESTIONS_SECTION_EMPTY));
[0;1;32m                                ^
[0m[1mgen/components/strings/grit/components_strings.h:349:51: [0m[0;1;30mnote: [0mexpanded from macro 'IDS_NTP_ARTICLE_SUGGESTIONS_SECTION_EMPTY'[0m
#define IDS_NTP_ARTICLE_SUGGESTIONS_SECTION_EMPTY _Pragma("whitelisted_resource_15455") 15455
[0;1;32m                                                  ^
[0m[1m<scratch space>:271:2: [0m[0;1;30mnote: [0mexpanded from here[0m
 whitelisted_resource_15455
[0;1;32m ^
[0m3 warnings generated.
