[1m../../chrome/common/extensions/chrome_extensions_client.cc:151:35: [0m[0;1;35mwarning: [0m[1munknown pragma ignored [-Wunknown-pragmas][0m
  return l10n_util::GetStringUTF8(IDS_PRODUCT_NAME);
[0;1;32m                                  ^
[0m[1mgen/chrome/grit/chromium_strings.h:34:26: [0m[0;1;30mnote: [0mexpanded from macro 'IDS_PRODUCT_NAME'[0m
#define IDS_PRODUCT_NAME _Pragma("whitelisted_resource_429") 429
[0;1;32m                         ^
[0m[1m<scratch space>:105:2: [0m[0;1;30mnote: [0mexpanded from here[0m
 whitelisted_resource_429
[0;1;32m ^
[0m[1m../../chrome/common/extensions/chrome_extensions_client.cc:175:20: [0m[0;1;35mwarning: [0m[1munknown pragma ignored [-Wunknown-pragmas][0m
  source->LoadJSON(IDR_EXTENSION_API_FEATURES);
[0;1;32m                   ^
[0m[1mgen/extensions/grit/extensions_resources.h:5:36: [0m[0;1;30mnote: [0mexpanded from macro 'IDR_EXTENSION_API_FEATURES'[0m
#define IDR_EXTENSION_API_FEATURES _Pragma("whitelisted_resource_24460") 24460
[0;1;32m                                   ^
[0m[1m<scratch space>:107:2: [0m[0;1;30mnote: [0mexpanded from here[0m
 whitelisted_resource_24460
[0;1;32m ^
[0m[1m../../chrome/common/extensions/chrome_extensions_client.cc:176:20: [0m[0;1;35mwarning: [0m[1munknown pragma ignored [-Wunknown-pragmas][0m
  source->LoadJSON(IDR_CHROME_EXTENSION_API_FEATURES);
[0;1;32m                   ^
[0m[1mgen/chrome/grit/common_resources.h:5:43: [0m[0;1;30mnote: [0mexpanded from macro 'IDR_CHROME_EXTENSION_API_FEATURES'[0m
#define IDR_CHROME_EXTENSION_API_FEATURES _Pragma("whitelisted_resource_12850") 12850
[0;1;32m                                          ^
[0m[1m<scratch space>:109:2: [0m[0;1;30mnote: [0mexpanded from here[0m
 whitelisted_resource_12850
[0;1;32m ^
[0m3 warnings generated.
