[1m../../chrome/browser/ui/views/extensions/bookmark_app_confirmation_view.cc:76:33: [0m[0;1;35mwarning: [0m[1munknown pragma ignored [-Wunknown-pragmas][0m
      l10n_util::GetStringUTF16(IDS_BOOKMARK_APP_AX_BUBBLE_NAME_LABEL));
[0;1;32m                                ^
[0m[1mgen/chrome/grit/generated_resources.h:1095:47: [0m[0;1;30mnote: [0mexpanded from macro 'IDS_BOOKMARK_APP_AX_BUBBLE_NAME_LABEL'[0m
#define IDS_BOOKMARK_APP_AX_BUBBLE_NAME_LABEL _Pragma("whitelisted_resource_4459") 4459
[0;1;32m                                              ^
[0m[1m<scratch space>:24:2: [0m[0;1;30mnote: [0mexpanded from here[0m
 whitelisted_resource_4459
[0;1;32m ^
[0m[1m../../chrome/browser/ui/views/extensions/bookmark_app_confirmation_view.cc:89:35: [0m[0;1;35mwarning: [0m[1munknown pragma ignored [-Wunknown-pragmas][0m
        l10n_util::GetStringUTF16(IDS_BOOKMARK_APP_BUBBLE_OPEN_AS_WINDOW));
[0;1;32m                                  ^
[0m[1mgen/chrome/grit/generated_resources.h:1096:48: [0m[0;1;30mnote: [0mexpanded from macro 'IDS_BOOKMARK_APP_BUBBLE_OPEN_AS_WINDOW'[0m
#define IDS_BOOKMARK_APP_BUBBLE_OPEN_AS_WINDOW _Pragma("whitelisted_resource_4460") 4460
[0;1;32m                                               ^
[0m[1m<scratch space>:26:2: [0m[0;1;30mnote: [0mexpanded from here[0m
 whitelisted_resource_4460
[0;1;32m ^
[0m[1m../../chrome/browser/ui/views/extensions/bookmark_app_confirmation_view.cc:110:36: [0m[0;1;35mwarning: [0m[1munknown pragma ignored [-Wunknown-pragmas][0m
  return l10n_util::GetStringUTF16(IDS_ADD_TO_OS_LAUNCH_SURFACE_BUBBLE_TITLE);
[0;1;32m                                   ^
[0m[1mgen/chrome/grit/generated_resources.h:1091:51: [0m[0;1;30mnote: [0mexpanded from macro 'IDS_ADD_TO_OS_LAUNCH_SURFACE_BUBBLE_TITLE'[0m
#define IDS_ADD_TO_OS_LAUNCH_SURFACE_BUBBLE_TITLE _Pragma("whitelisted_resource_4455") 4455
[0;1;32m                                                  ^
[0m[1m<scratch space>:28:2: [0m[0;1;30mnote: [0mexpanded from here[0m
 whitelisted_resource_4455
[0;1;32m ^
[0m[1m../../chrome/browser/ui/views/extensions/bookmark_app_confirmation_view.cc:133:42: [0m[0;1;35mwarning: [0m[1munknown pragma ignored [-Wunknown-pragmas][0m
                                       ? IDS_CREATE_SHORTCUTS_BUTTON_LABEL
[0;1;32m                                         ^
[0m[1mgen/chrome/grit/generated_resources.h:1092:43: [0m[0;1;30mnote: [0mexpanded from macro 'IDS_CREATE_SHORTCUTS_BUTTON_LABEL'[0m
#define IDS_CREATE_SHORTCUTS_BUTTON_LABEL _Pragma("whitelisted_resource_4456") 4456
[0;1;32m                                          ^
[0m[1m<scratch space>:30:2: [0m[0;1;30mnote: [0mexpanded from here[0m
 whitelisted_resource_4456
[0;1;32m ^
[0m[1m../../chrome/browser/ui/views/extensions/bookmark_app_confirmation_view.cc:134:42: [0m[0;1;35mwarning: [0m[1munknown pragma ignored [-Wunknown-pragmas][0m
                                       : IDS_CANCEL);
[0;1;32m                                         ^
[0m[1mgen/components/strings/grit/components_strings.h:1018:20: [0m[0;1;30mnote: [0mexpanded from macro 'IDS_CANCEL'[0m
#define IDS_CANCEL _Pragma("whitelisted_resource_16156") 16156
[0;1;32m                   ^
[0m[1m<scratch space>:32:2: [0m[0;1;30mnote: [0mexpanded from here[0m
 whitelisted_resource_16156
[0;1;32m ^
[0m5 warnings generated.
