[1m../../chrome/browser/ui/passwords/password_dialog_controller_impl.cc:86:26: [0m[0;1;35mwarning: [0m[1munknown pragma ignored [-Wunknown-pragmas][0m
                       ? IDS_AUTO_SIGNIN_FIRST_RUN_TITLE_MANY_DEVICES
[0;1;32m                         ^
[0m[1mgen/chrome/grit/generated_resources.h:2503:54: [0m[0;1;30mnote: [0mexpanded from macro 'IDS_AUTO_SIGNIN_FIRST_RUN_TITLE_MANY_DEVICES'[0m
#define IDS_AUTO_SIGNIN_FIRST_RUN_TITLE_MANY_DEVICES _Pragma("whitelisted_resource_6253") 6253
[0;1;32m                                                     ^
[0m[1m<scratch space>:160:2: [0m[0;1;30mnote: [0mexpanded from here[0m
 whitelisted_resource_6253
[0;1;32m ^
[0m[1m../../chrome/browser/ui/passwords/password_dialog_controller_impl.cc:87:26: [0m[0;1;35mwarning: [0m[1munknown pragma ignored [-Wunknown-pragmas][0m
                       : IDS_AUTO_SIGNIN_FIRST_RUN_TITLE_LOCAL_DEVICE;
[0;1;32m                         ^
[0m[1mgen/chrome/grit/generated_resources.h:2504:54: [0m[0;1;30mnote: [0mexpanded from macro 'IDS_AUTO_SIGNIN_FIRST_RUN_TITLE_LOCAL_DEVICE'[0m
#define IDS_AUTO_SIGNIN_FIRST_RUN_TITLE_LOCAL_DEVICE _Pragma("whitelisted_resource_6254") 6254
[0;1;32m                                                     ^
[0m[1m<scratch space>:162:2: [0m[0;1;30mnote: [0mexpanded from here[0m
 whitelisted_resource_6254
[0;1;32m ^
[0m[1m../../chrome/browser/ui/passwords/password_dialog_controller_impl.cc:95:30: [0m[0;1;35mwarning: [0m[1munknown pragma ignored [-Wunknown-pragmas][0m
                             IDS_AUTO_SIGNIN_FIRST_RUN_SMART_LOCK_TEXT,
[0;1;32m                             ^
[0m[1mgen/chrome/grit/generated_resources.h:2505:51: [0m[0;1;30mnote: [0mexpanded from macro 'IDS_AUTO_SIGNIN_FIRST_RUN_SMART_LOCK_TEXT'[0m
#define IDS_AUTO_SIGNIN_FIRST_RUN_SMART_LOCK_TEXT _Pragma("whitelisted_resource_6255") 6255
[0;1;32m                                                  ^
[0m[1m<scratch space>:164:2: [0m[0;1;30mnote: [0mexpanded from here[0m
 whitelisted_resource_6255
[0;1;32m ^
[0m[1m../../chrome/browser/ui/passwords/password_dialog_controller_impl.cc:96:30: [0m[0;1;35mwarning: [0m[1munknown pragma ignored [-Wunknown-pragmas][0m
                             IDS_AUTO_SIGNIN_FIRST_RUN_TEXT, &result.first,
[0;1;32m                             ^
[0m[1mgen/chrome/grit/generated_resources.h:2506:40: [0m[0;1;30mnote: [0mexpanded from macro 'IDS_AUTO_SIGNIN_FIRST_RUN_TEXT'[0m
#define IDS_AUTO_SIGNIN_FIRST_RUN_TEXT _Pragma("whitelisted_resource_6256") 6256
[0;1;32m                                       ^
[0m[1m<scratch space>:166:2: [0m[0;1;30mnote: [0mexpanded from here[0m
 whitelisted_resource_6256
[0;1;32m ^
[0m4 warnings generated.
