[1m../../chrome/browser/ui/views/create_application_shortcut_view.cc:69:50: [0m[0;1;35mwarning: [0m[1munknown pragma ignored [-Wunknown-pragmas][0m
      new views::Label(l10n_util::GetStringUTF16(IDS_CREATE_SHORTCUTS_LABEL));
[0;1;32m                                                 ^
[0m[1mgen/chrome/grit/generated_resources.h:1118:36: [0m[0;1;30mnote: [0mexpanded from macro 'IDS_CREATE_SHORTCUTS_LABEL'[0m
#define IDS_CREATE_SHORTCUTS_LABEL _Pragma("whitelisted_resource_4486") 4486
[0;1;32m                                   ^
[0m[1m<scratch space>:130:2: [0m[0;1;30mnote: [0mexpanded from here[0m
 whitelisted_resource_4486
[0;1;32m ^
[0m[1m../../chrome/browser/ui/views/create_application_shortcut_view.cc:74:33: [0m[0;1;35mwarning: [0m[1munknown pragma ignored [-Wunknown-pragmas][0m
      l10n_util::GetStringUTF16(IDS_CREATE_SHORTCUTS_DESKTOP_CHKBOX),
[0;1;32m                                ^
[0m[1mgen/chrome/grit/generated_resources.h:1119:45: [0m[0;1;30mnote: [0mexpanded from macro 'IDS_CREATE_SHORTCUTS_DESKTOP_CHKBOX'[0m
#define IDS_CREATE_SHORTCUTS_DESKTOP_CHKBOX _Pragma("whitelisted_resource_4487") 4487
[0;1;32m                                            ^
[0m[1m<scratch space>:132:2: [0m[0;1;30mnote: [0mexpanded from here[0m
 whitelisted_resource_4487
[0;1;32m ^
[0m[1m../../chrome/browser/ui/views/create_application_shortcut_view.cc:102:33: [0m[0;1;35mwarning: [0m[1munknown pragma ignored [-Wunknown-pragmas][0m
      l10n_util::GetStringUTF16(IDS_CREATE_SHORTCUTS_MENU_CHKBOX),
[0;1;32m                                ^
[0m[1mgen/chrome/grit/generated_resources.h:1120:42: [0m[0;1;30mnote: [0mexpanded from macro 'IDS_CREATE_SHORTCUTS_MENU_CHKBOX'[0m
#define IDS_CREATE_SHORTCUTS_MENU_CHKBOX _Pragma("whitelisted_resource_4488") 4488
[0;1;32m                                         ^
[0m[1m<scratch space>:134:2: [0m[0;1;30mnote: [0mexpanded from here[0m
 whitelisted_resource_4488
[0;1;32m ^
[0m[1m../../chrome/browser/ui/views/create_application_shortcut_view.cc:158:38: [0m[0;1;35mwarning: [0m[1munknown pragma ignored [-Wunknown-pragmas][0m
    return l10n_util::GetStringUTF16(IDS_CREATE_SHORTCUTS_COMMIT);
[0;1;32m                                     ^
[0m[1mgen/chrome/grit/generated_resources.h:1121:37: [0m[0;1;30mnote: [0mexpanded from macro 'IDS_CREATE_SHORTCUTS_COMMIT'[0m
#define IDS_CREATE_SHORTCUTS_COMMIT _Pragma("whitelisted_resource_4489") 4489
[0;1;32m                                    ^
[0m[1m<scratch space>:136:2: [0m[0;1;30mnote: [0mexpanded from here[0m
 whitelisted_resource_4489
[0;1;32m ^
[0m[1m../../chrome/browser/ui/views/create_application_shortcut_view.cc:179:36: [0m[0;1;35mwarning: [0m[1munknown pragma ignored [-Wunknown-pragmas][0m
  return l10n_util::GetStringUTF16(IDS_CREATE_SHORTCUTS_TITLE);
[0;1;32m                                   ^
[0m[1mgen/chrome/grit/generated_resources.h:1117:36: [0m[0;1;30mnote: [0mexpanded from macro 'IDS_CREATE_SHORTCUTS_TITLE'[0m
#define IDS_CREATE_SHORTCUTS_TITLE _Pragma("whitelisted_resource_4485") 4485
[0;1;32m                                   ^
[0m[1m<scratch space>:138:2: [0m[0;1;30mnote: [0mexpanded from here[0m
 whitelisted_resource_4485
[0;1;32m ^
[0m5 warnings generated.
