[1m../../components/security_interstitials/core/superfish_error_ui.cc:48:55: [0m[0;1;35mwarning: [0m[1munknown pragma ignored [-Wunknown-pragmas][0m
                            l10n_util::GetStringUTF16(IDS_SSL_V2_TITLE));
[0;1;32m                                                      ^
[0m[1mgen/components/strings/grit/components_strings.h:791:26: [0m[0;1;30mnote: [0mexpanded from macro 'IDS_SSL_V2_TITLE'[0m
#define IDS_SSL_V2_TITLE _Pragma("whitelisted_resource_15922") 15922
[0;1;32m                         ^
[0m[1m<scratch space>:140:2: [0m[0;1;30mnote: [0mexpanded from here[0m
 whitelisted_resource_15922
[0;1;32m ^
[0m[1m../../components/security_interstitials/core/superfish_error_ui.cc:50:44: [0m[0;1;35mwarning: [0m[1munknown pragma ignored [-Wunknown-pragmas][0m
      "heading", l10n_util::GetStringUTF16(IDS_SSL_SUPERFISH_HEADING));
[0;1;32m                                           ^
[0m[1mgen/components/strings/grit/components_strings.h:795:35: [0m[0;1;30mnote: [0mexpanded from macro 'IDS_SSL_SUPERFISH_HEADING'[0m
#define IDS_SSL_SUPERFISH_HEADING _Pragma("whitelisted_resource_15926") 15926
[0;1;32m                                  ^
[0m[1m<scratch space>:142:2: [0m[0;1;30mnote: [0mexpanded from here[0m
 whitelisted_resource_15926
[0;1;32m ^
[0m[1m../../components/security_interstitials/core/superfish_error_ui.cc:53:33: [0m[0;1;35mwarning: [0m[1munknown pragma ignored [-Wunknown-pragmas][0m
      l10n_util::GetStringUTF16(IDS_SSL_SUPERFISH_PRIMARY_PARAGRAPH));
[0;1;32m                                ^
[0m[1mgen/components/strings/grit/components_strings.h:796:45: [0m[0;1;30mnote: [0mexpanded from macro 'IDS_SSL_SUPERFISH_PRIMARY_PARAGRAPH'[0m
#define IDS_SSL_SUPERFISH_PRIMARY_PARAGRAPH _Pragma("whitelisted_resource_15927") 15927
[0;1;32m                                            ^
[0m[1m<scratch space>:144:2: [0m[0;1;30mnote: [0mexpanded from here[0m
 whitelisted_resource_15927
[0;1;32m ^
[0m3 warnings generated.
