[1m../../chrome/browser/ui/views/permission_bubble/permission_prompt_impl.cc:161:37: [0m[0;1;35mwarning: [0m[1munknown pragma ignored [-Wunknown-pragmas][0m
  return l10n_util::GetStringFUTF16(IDS_PERMISSIONS_BUBBLE_PROMPT,
[0;1;32m                                    ^
[0m[1mgen/chrome/grit/generated_resources.h:803:39: [0m[0;1;30mnote: [0mexpanded from macro 'IDS_PERMISSIONS_BUBBLE_PROMPT'[0m
#define IDS_PERMISSIONS_BUBBLE_PROMPT _Pragma("whitelisted_resource_4145") 4145
[0;1;32m                                      ^
[0m[1m<scratch space>:52:2: [0m[0;1;30mnote: [0mexpanded from here[0m
 whitelisted_resource_4145
[0;1;32m ^
[0m[1m../../chrome/browser/ui/views/permission_bubble/permission_prompt_impl.cc:192:38: [0m[0;1;35mwarning: [0m[1munknown pragma ignored [-Wunknown-pragmas][0m
    return l10n_util::GetStringUTF16(IDS_PERMISSION_DENY);
[0;1;32m                                     ^
[0m[1mgen/chrome/grit/generated_resources.h:805:29: [0m[0;1;30mnote: [0mexpanded from macro 'IDS_PERMISSION_DENY'[0m
#define IDS_PERMISSION_DENY _Pragma("whitelisted_resource_4147") 4147
[0;1;32m                            ^
[0m[1m<scratch space>:54:2: [0m[0;1;30mnote: [0mexpanded from here[0m
 whitelisted_resource_4147
[0;1;32m ^
[0m[1m../../chrome/browser/ui/views/permission_bubble/permission_prompt_impl.cc:196:42: [0m[0;1;35mwarning: [0m[1munknown pragma ignored [-Wunknown-pragmas][0m
                                       ? IDS_OK
[0;1;32m                                         ^
[0m[1mgen/components/strings/grit/components_strings.h:1022:16: [0m[0;1;30mnote: [0mexpanded from macro 'IDS_OK'[0m
#define IDS_OK _Pragma("whitelisted_resource_16160") 16160
[0;1;32m               ^
[0m[1m<scratch space>:56:2: [0m[0;1;30mnote: [0mexpanded from here[0m
 whitelisted_resource_16160
[0;1;32m ^
[0m[1m../../chrome/browser/ui/views/permission_bubble/permission_prompt_impl.cc:197:42: [0m[0;1;35mwarning: [0m[1munknown pragma ignored [-Wunknown-pragmas][0m
                                       : IDS_PERMISSION_ALLOW);
[0;1;32m                                         ^
[0m[1mgen/chrome/grit/generated_resources.h:804:30: [0m[0;1;30mnote: [0mexpanded from macro 'IDS_PERMISSION_ALLOW'[0m
#define IDS_PERMISSION_ALLOW _Pragma("whitelisted_resource_4146") 4146
[0;1;32m                             ^
[0m[1m<scratch space>:58:2: [0m[0;1;30mnote: [0mexpanded from here[0m
 whitelisted_resource_4146
[0;1;32m ^
[0m4 warnings generated.
