[1m../../chrome/browser/ui/webui/media/media_engagement_ui.cc:103:50: [0m[0;1;35mwarning: [0m[1munknown pragma ignored [-Wunknown-pragmas][0m
  source->AddResourcePath("media-engagement.js", IDR_MEDIA_ENGAGEMENT_JS);
[0;1;32m                                                 ^
[0m[1mgen/chrome/grit/browser_resources.h:248:33: [0m[0;1;30mnote: [0mexpanded from macro 'IDR_MEDIA_ENGAGEMENT_JS'[0m
#define IDR_MEDIA_ENGAGEMENT_JS _Pragma("whitelisted_resource_11447") 11447
[0;1;32m                                ^
[0m[1m<scratch space>:104:2: [0m[0;1;30mnote: [0mexpanded from here[0m
 whitelisted_resource_11447
[0;1;32m ^
[0m[1m../../chrome/browser/ui/webui/media/media_engagement_ui.cc:106:7: [0m[0;1;35mwarning: [0m[1munknown pragma ignored [-Wunknown-pragmas][0m
      IDR_MEDIA_ENGAGEMENT_MOJO_JS);
[0;1;32m      ^
[0m[1mgen/chrome/grit/browser_resources.h:249:38: [0m[0;1;30mnote: [0mexpanded from macro 'IDR_MEDIA_ENGAGEMENT_MOJO_JS'[0m
#define IDR_MEDIA_ENGAGEMENT_MOJO_JS _Pragma("whitelisted_resource_11448") 11448
[0;1;32m                                     ^
[0m[1m<scratch space>:106:2: [0m[0;1;30mnote: [0mexpanded from here[0m
 whitelisted_resource_11448
[0;1;32m ^
[0m[1m../../chrome/browser/ui/webui/media/media_engagement_ui.cc:107:53: [0m[0;1;35mwarning: [0m[1munknown pragma ignored [-Wunknown-pragmas][0m
  source->AddResourcePath("url/mojom/url.mojom.js", IDR_URL_MOJO_JS);
[0;1;32m                                                    ^
[0m[1mgen/chrome/grit/browser_resources.h:158:25: [0m[0;1;30mnote: [0mexpanded from macro 'IDR_URL_MOJO_JS'[0m
#define IDR_URL_MOJO_JS _Pragma("whitelisted_resource_11250") 11250
[0;1;32m                        ^
[0m[1m<scratch space>:108:2: [0m[0;1;30mnote: [0mexpanded from here[0m
 whitelisted_resource_11250
[0;1;32m ^
[0m[1m../../chrome/browser/ui/webui/media/media_engagement_ui.cc:108:30: [0m[0;1;35mwarning: [0m[1munknown pragma ignored [-Wunknown-pragmas][0m
  source->SetDefaultResource(IDR_MEDIA_ENGAGEMENT_HTML);
[0;1;32m                             ^
[0m[1mgen/chrome/grit/browser_resources.h:247:35: [0m[0;1;30mnote: [0mexpanded from macro 'IDR_MEDIA_ENGAGEMENT_HTML'[0m
#define IDR_MEDIA_ENGAGEMENT_HTML _Pragma("whitelisted_resource_11446") 11446
[0;1;32m                                  ^
[0m[1m<scratch space>:110:2: [0m[0;1;30mnote: [0mexpanded from here[0m
 whitelisted_resource_11446
[0;1;32m ^
[0m4 warnings generated.
