[1m../../chrome/browser/ui/login/login_handler.cc:516:9: [0m[0;1;35mwarning: [0m[1munknown pragma ignored [-Wunknown-pragmas][0m
        IDS_LOGIN_DIALOG_PROXY_AUTHORITY,
[0;1;32m        ^
[0m[1mgen/components/strings/grit/components_strings.h:316:42: [0m[0;1;30mnote: [0mexpanded from macro 'IDS_LOGIN_DIALOG_PROXY_AUTHORITY'[0m
#define IDS_LOGIN_DIALOG_PROXY_AUTHORITY _Pragma("whitelisted_resource_15419") 15419
[0;1;32m                                         ^
[0m[1m<scratch space>:72:2: [0m[0;1;30mnote: [0mexpanded from here[0m
 whitelisted_resource_15419
[0;1;32m ^
[0m[1m../../chrome/browser/ui/login/login_handler.cc:526:36: [0m[0;1;35mwarning: [0m[1munknown pragma ignored [-Wunknown-pragmas][0m
        l10n_util::GetStringFUTF16(IDS_LOGIN_DIALOG_AUTHORITY, *authority);
[0;1;32m                                   ^
[0m[1mgen/components/strings/grit/components_strings.h:315:36: [0m[0;1;30mnote: [0mexpanded from macro 'IDS_LOGIN_DIALOG_AUTHORITY'[0m
#define IDS_LOGIN_DIALOG_AUTHORITY _Pragma("whitelisted_resource_15418") 15418
[0;1;32m                                   ^
[0m[1m<scratch space>:74:2: [0m[0;1;30mnote: [0mexpanded from here[0m
 whitelisted_resource_15418
[0;1;32m ^
[0m[1m../../chrome/browser/ui/login/login_handler.cc:534:46: [0m[0;1;35mwarning: [0m[1munknown pragma ignored [-Wunknown-pragmas][0m
    *explanation = l10n_util::GetStringUTF16(IDS_LOGIN_DIALOG_NOT_PRIVATE);
[0;1;32m                                             ^
[0m[1mgen/components/strings/grit/components_strings.h:317:38: [0m[0;1;30mnote: [0mexpanded from macro 'IDS_LOGIN_DIALOG_NOT_PRIVATE'[0m
#define IDS_LOGIN_DIALOG_NOT_PRIVATE _Pragma("whitelisted_resource_15420") 15420
[0;1;32m                                     ^
[0m[1m<scratch space>:76:2: [0m[0;1;30mnote: [0mexpanded from here[0m
 whitelisted_resource_15420
[0;1;32m ^
[0m3 warnings generated.
