[1m../../chrome/browser/ui/webui/settings/people_handler.cc:981:36: [0m[0;1;35mwarning: [0m[1munknown pragma ignored [-Wunknown-pragmas][0m
                   GetStringFUTF16(IDS_SYNC_ENTER_PASSPHRASE_BODY_WITH_DATE,
[0;1;32m                                   ^
[0m[1mgen/components/strings/grit/components_strings.h:968:50: [0m[0;1;30mnote: [0mexpanded from macro 'IDS_SYNC_ENTER_PASSPHRASE_BODY_WITH_DATE'[0m
#define IDS_SYNC_ENTER_PASSPHRASE_BODY_WITH_DATE _Pragma("whitelisted_resource_16101") 16101
[0;1;32m                                                 ^
[0m[1m<scratch space>:167:2: [0m[0;1;30mnote: [0mexpanded from here[0m
 whitelisted_resource_16101
[0;1;32m ^
[0m[1m../../chrome/browser/ui/webui/settings/people_handler.cc:985:25: [0m[0;1;35mwarning: [0m[1munknown pragma ignored [-Wunknown-pragmas][0m
        GetStringFUTF16(IDS_SYNC_ENTER_GOOGLE_PASSPHRASE_BODY_WITH_DATE,
[0;1;32m                        ^
[0m[1mgen/chrome/grit/generated_resources.h:2310:57: [0m[0;1;30mnote: [0mexpanded from macro 'IDS_SYNC_ENTER_GOOGLE_PASSPHRASE_BODY_WITH_DATE'[0m
#define IDS_SYNC_ENTER_GOOGLE_PASSPHRASE_BODY_WITH_DATE _Pragma("whitelisted_resource_5957") 5957
[0;1;32m                                                        ^
[0m[1m<scratch space>:169:2: [0m[0;1;30mnote: [0mexpanded from here[0m
 whitelisted_resource_5957
[0;1;32m ^
[0m[1m../../chrome/browser/ui/webui/settings/people_handler.cc:991:29: [0m[0;1;35mwarning: [0m[1munknown pragma ignored [-Wunknown-pragmas][0m
            GetStringFUTF16(IDS_SYNC_FULL_ENCRYPTION_BODY_GOOGLE_WITH_DATE,
[0;1;32m                            ^
[0m[1mgen/chrome/grit/generated_resources.h:2383:56: [0m[0;1;30mnote: [0mexpanded from macro 'IDS_SYNC_FULL_ENCRYPTION_BODY_GOOGLE_WITH_DATE'[0m
#define IDS_SYNC_FULL_ENCRYPTION_BODY_GOOGLE_WITH_DATE _Pragma("whitelisted_resource_6034") 6034
[0;1;32m                                                       ^
[0m[1m<scratch space>:171:2: [0m[0;1;30mnote: [0mexpanded from here[0m
 whitelisted_resource_6034
[0;1;32m ^
[0m[1m../../chrome/browser/ui/webui/settings/people_handler.cc:997:29: [0m[0;1;35mwarning: [0m[1munknown pragma ignored [-Wunknown-pragmas][0m
            GetStringFUTF16(IDS_SYNC_FULL_ENCRYPTION_BODY_CUSTOM_WITH_DATE,
[0;1;32m                            ^
[0m[1mgen/chrome/grit/generated_resources.h:2382:56: [0m[0;1;30mnote: [0mexpanded from macro 'IDS_SYNC_FULL_ENCRYPTION_BODY_CUSTOM_WITH_DATE'[0m
#define IDS_SYNC_FULL_ENCRYPTION_BODY_CUSTOM_WITH_DATE _Pragma("whitelisted_resource_6033") 6033
[0;1;32m                                                       ^
[0m[1m<scratch space>:173:2: [0m[0;1;30mnote: [0mexpanded from here[0m
 whitelisted_resource_6033
[0;1;32m ^
[0m[1m../../chrome/browser/ui/webui/settings/people_handler.cc:1002:39: [0m[0;1;35mwarning: [0m[1munknown pragma ignored [-Wunknown-pragmas][0m
                       GetStringUTF16(IDS_SYNC_FULL_ENCRYPTION_BODY_CUSTOM));
[0;1;32m                                      ^
[0m[1mgen/chrome/grit/generated_resources.h:2381:46: [0m[0;1;30mnote: [0mexpanded from macro 'IDS_SYNC_FULL_ENCRYPTION_BODY_CUSTOM'[0m
#define IDS_SYNC_FULL_ENCRYPTION_BODY_CUSTOM _Pragma("whitelisted_resource_6032") 6032
[0;1;32m                                             ^
[0m[1m<scratch space>:175:2: [0m[0;1;30mnote: [0mexpanded from here[0m
 whitelisted_resource_6032
[0;1;32m ^
[0m[1m../../chrome/browser/ui/webui/settings/people_handler.cc:1007:35: [0m[0;1;35mwarning: [0m[1munknown pragma ignored [-Wunknown-pragmas][0m
                   GetStringUTF16(IDS_SYNC_FULL_ENCRYPTION_BODY_CUSTOM));
[0;1;32m                                  ^
[0m[1mgen/chrome/grit/generated_resources.h:2381:46: [0m[0;1;30mnote: [0mexpanded from macro 'IDS_SYNC_FULL_ENCRYPTION_BODY_CUSTOM'[0m
#define IDS_SYNC_FULL_ENCRYPTION_BODY_CUSTOM _Pragma("whitelisted_resource_6032") 6032
[0;1;32m                                             ^
[0m[1m<scratch space>:177:2: [0m[0;1;30mnote: [0mexpanded from here[0m
 whitelisted_resource_6032
[0;1;32m ^
[0m6 warnings generated.
