[1m../../ui/base/webui/web_ui_util.cc:199:42: [0m[0;1;35mwarning: [0m[1munknown pragma ignored [-Wunknown-pragmas][0m
      resource_bundle.GetRawDataResource(IDR_WEBUI_CSS_TEXT_DEFAULTS));
[0;1;32m                                         ^
[0m[1mgen/ui/resources/grit/webui_resources.h:122:37: [0m[0;1;30mnote: [0mexpanded from macro 'IDR_WEBUI_CSS_TEXT_DEFAULTS'[0m
#define IDR_WEBUI_CSS_TEXT_DEFAULTS _Pragma("whitelisted_resource_27963") 27963
[0;1;32m                                    ^
[0m[1m<scratch space>:108:2: [0m[0;1;30mnote: [0mexpanded from here[0m
 whitelisted_resource_27963
[0;1;32m ^
[0m[1m../../ui/base/webui/web_ui_util.cc:206:42: [0m[0;1;35mwarning: [0m[1munknown pragma ignored [-Wunknown-pragmas][0m
      resource_bundle.GetRawDataResource(IDR_WEBUI_CSS_TEXT_DEFAULTS_MD));
[0;1;32m                                         ^
[0m[1mgen/ui/resources/grit/webui_resources.h:123:40: [0m[0;1;30mnote: [0mexpanded from macro 'IDR_WEBUI_CSS_TEXT_DEFAULTS_MD'[0m
#define IDR_WEBUI_CSS_TEXT_DEFAULTS_MD _Pragma("whitelisted_resource_27964") 27964
[0;1;32m                                       ^
[0m[1m<scratch space>:110:2: [0m[0;1;30mnote: [0mexpanded from here[0m
 whitelisted_resource_27964
[0;1;32m ^
[0m[1m../../ui/base/webui/web_ui_util.cc:216:54: [0m[0;1;35mwarning: [0m[1munknown pragma ignored [-Wunknown-pragmas][0m
  std::string font_family = l10n_util::GetStringUTF8(IDS_WEB_FONT_FAMILY);
[0;1;32m                                                     ^
[0m[1mgen/ui/strings/grit/app_locale_settings.h:5:29: [0m[0;1;30mnote: [0mexpanded from macro 'IDS_WEB_FONT_FAMILY'[0m
#define IDS_WEB_FONT_FAMILY _Pragma("whitelisted_resource_27203") 27203
[0;1;32m                            ^
[0m[1m<scratch space>:112:2: [0m[0;1;30mnote: [0mexpanded from here[0m
 whitelisted_resource_27203
[0;1;32m ^
[0m[1m../../ui/base/webui/web_ui_util.cc:229:35: [0m[0;1;35mwarning: [0m[1munknown pragma ignored [-Wunknown-pragmas][0m
  return l10n_util::GetStringUTF8(IDS_WEB_FONT_SIZE);
[0;1;32m                                  ^
[0m[1mgen/ui/strings/grit/app_locale_settings.h:6:27: [0m[0;1;30mnote: [0mexpanded from macro 'IDS_WEB_FONT_SIZE'[0m
#define IDS_WEB_FONT_SIZE _Pragma("whitelisted_resource_27204") 27204
[0;1;32m                          ^
[0m[1m<scratch space>:114:2: [0m[0;1;30mnote: [0mexpanded from here[0m
 whitelisted_resource_27204
[0;1;32m ^
[0m4 warnings generated.
