[1m../../chrome/browser/extensions/policy_handlers.cc:105:26: [0m[0;1;35mwarning: [0m[1munknown pragma ignored [-Wunknown-pragmas][0m
                         IDS_POLICY_TYPE_ERROR,
[0;1;32m                         ^
[0m[1mgen/components/strings/grit/components_strings.h:665:31: [0m[0;1;30mnote: [0mexpanded from macro 'IDS_POLICY_TYPE_ERROR'[0m
#define IDS_POLICY_TYPE_ERROR _Pragma("whitelisted_resource_15791") 15791
[0;1;32m                              ^
[0m[1m<scratch space>:89:2: [0m[0;1;30mnote: [0mexpanded from here[0m
 whitelisted_resource_15791
[0;1;32m ^
[0m[1m../../chrome/browser/extensions/policy_handlers.cc:131:26: [0m[0;1;35mwarning: [0m[1munknown pragma ignored [-Wunknown-pragmas][0m
                         IDS_POLICY_VALUE_FORMAT_ERROR);
[0;1;32m                         ^
[0m[1mgen/components/strings/grit/components_strings.h:667:39: [0m[0;1;30mnote: [0mexpanded from macro 'IDS_POLICY_VALUE_FORMAT_ERROR'[0m
#define IDS_POLICY_VALUE_FORMAT_ERROR _Pragma("whitelisted_resource_15793") 15793
[0;1;32m                                      ^
[0m[1m<scratch space>:91:2: [0m[0;1;30mnote: [0mexpanded from here[0m
 whitelisted_resource_15793
[0;1;32m ^
[0m[1m../../chrome/browser/extensions/policy_handlers.cc:191:24: [0m[0;1;35mwarning: [0m[1munknown pragma ignored [-Wunknown-pragmas][0m
                       IDS_POLICY_TYPE_ERROR,
[0;1;32m                       ^
[0m[1mgen/components/strings/grit/components_strings.h:665:31: [0m[0;1;30mnote: [0mexpanded from macro 'IDS_POLICY_TYPE_ERROR'[0m
#define IDS_POLICY_TYPE_ERROR _Pragma("whitelisted_resource_15791") 15791
[0;1;32m                              ^
[0m[1m<scratch space>:93:2: [0m[0;1;30mnote: [0mexpanded from here[0m
 whitelisted_resource_15791
[0;1;32m ^
[0m[1m../../chrome/browser/extensions/policy_handlers.cc:200:24: [0m[0;1;35mwarning: [0m[1munknown pragma ignored [-Wunknown-pragmas][0m
                       IDS_POLICY_VALUE_FORMAT_ERROR);
[0;1;32m                       ^
[0m[1mgen/components/strings/grit/components_strings.h:667:39: [0m[0;1;30mnote: [0mexpanded from macro 'IDS_POLICY_VALUE_FORMAT_ERROR'[0m
#define IDS_POLICY_VALUE_FORMAT_ERROR _Pragma("whitelisted_resource_15793") 15793
[0;1;32m                                      ^
[0m[1m<scratch space>:95:2: [0m[0;1;30mnote: [0mexpanded from here[0m
 whitelisted_resource_15793
[0;1;32m ^
[0m[1m../../chrome/browser/extensions/policy_handlers.cc:269:28: [0m[0;1;35mwarning: [0m[1munknown pragma ignored [-Wunknown-pragmas][0m
                           IDS_POLICY_NOT_SPECIFIED_ERROR);
[0;1;32m                           ^
[0m[1mgen/components/strings/grit/components_strings.h:669:40: [0m[0;1;30mnote: [0mexpanded from macro 'IDS_POLICY_NOT_SPECIFIED_ERROR'[0m
#define IDS_POLICY_NOT_SPECIFIED_ERROR _Pragma("whitelisted_resource_15795") 15795
[0;1;32m                                       ^
[0m[1m<scratch space>:97:2: [0m[0;1;30mnote: [0mexpanded from here[0m
 whitelisted_resource_15795
[0;1;32m ^
[0m[1m../../chrome/browser/extensions/policy_handlers.cc:290:30: [0m[0;1;35mwarning: [0m[1munknown pragma ignored [-Wunknown-pragmas][0m
              policy_name(), IDS_POLICY_INVALID_UPDATE_URL_ERROR, it.key());
[0;1;32m                             ^
[0m[1mgen/components/strings/grit/components_strings.h:675:45: [0m[0;1;30mnote: [0mexpanded from macro 'IDS_POLICY_INVALID_UPDATE_URL_ERROR'[0m
#define IDS_POLICY_INVALID_UPDATE_URL_ERROR _Pragma("whitelisted_resource_15801") 15801
[0;1;32m                                            ^
[0m[1m<scratch space>:99:2: [0m[0;1;30mnote: [0mexpanded from here[0m
 whitelisted_resource_15801
[0;1;32m ^
[0m6 warnings generated.
