[1m../../components/autofill/core/browser/autofill_external_delegate.cc:102:35: [0m[0;1;35mwarning: [0m[1munknown pragma ignored [-Wunknown-pragmas][0m
        l10n_util::GetStringUTF16(IDS_AUTOFILL_SCAN_CREDIT_CARD));
[0;1;32m                                  ^
[0m[1mgen/components/strings/grit/components_strings.h:53:39: [0m[0;1;30mnote: [0mexpanded from macro 'IDS_AUTOFILL_SCAN_CREDIT_CARD'[0m
#define IDS_AUTOFILL_SCAN_CREDIT_CARD _Pragma("whitelisted_resource_15148") 15148
[0;1;32m                                      ^
[0m[1m<scratch space>:50:2: [0m[0;1;30mnote: [0mexpanded from here[0m
 whitelisted_resource_15148
[0;1;32m ^
[0m[1m../../components/autofill/core/browser/autofill_external_delegate.cc:140:35: [0m[0;1;35mwarning: [0m[1munknown pragma ignored [-Wunknown-pragmas][0m
        l10n_util::GetStringUTF16(IDS_AUTOFILL_CREDIT_CARD_SIGNIN_PROMO));
[0;1;32m                                  ^
[0m[1mgen/components/strings/grit/components_strings.h:19:47: [0m[0;1;30mnote: [0mexpanded from macro 'IDS_AUTOFILL_CREDIT_CARD_SIGNIN_PROMO'[0m
#define IDS_AUTOFILL_CREDIT_CARD_SIGNIN_PROMO _Pragma("whitelisted_resource_15114") 15114
[0;1;32m                                              ^
[0m[1m<scratch space>:52:2: [0m[0;1;30mnote: [0mexpanded from here[0m
 whitelisted_resource_15114
[0;1;32m ^
[0m[1m../../components/autofill/core/browser/autofill_external_delegate.cc:343:35: [0m[0;1;35mwarning: [0m[1munknown pragma ignored [-Wunknown-pragmas][0m
        l10n_util::GetStringUTF16(IDS_AUTOFILL_CLEAR_FORM_MENU_ITEM);
[0;1;32m                                  ^
[0m[1mgen/components/strings/grit/components_strings.h:15:43: [0m[0;1;30mnote: [0mexpanded from macro 'IDS_AUTOFILL_CLEAR_FORM_MENU_ITEM'[0m
#define IDS_AUTOFILL_CLEAR_FORM_MENU_ITEM _Pragma("whitelisted_resource_15110") 15110
[0;1;32m                                          ^
[0m[1m<scratch space>:54:2: [0m[0;1;30mnote: [0mexpanded from here[0m
 whitelisted_resource_15110
[0;1;32m ^
[0m[1m../../components/autofill/core/browser/autofill_external_delegate.cc:415:40: [0m[0;1;35mwarning: [0m[1munknown pragma ignored [-Wunknown-pragmas][0m
      return l10n_util::GetStringUTF16(IDS_AUTOFILL_MANAGE_ADDRESSES);
[0;1;32m                                       ^
[0m[1mgen/components/strings/grit/components_strings.h:49:39: [0m[0;1;30mnote: [0mexpanded from macro 'IDS_AUTOFILL_MANAGE_ADDRESSES'[0m
#define IDS_AUTOFILL_MANAGE_ADDRESSES _Pragma("whitelisted_resource_15144") 15144
[0;1;32m                                      ^
[0m[1m<scratch space>:56:2: [0m[0;1;30mnote: [0mexpanded from here[0m
 whitelisted_resource_15144
[0;1;32m ^
[0m[1m../../components/autofill/core/browser/autofill_external_delegate.cc:418:40: [0m[0;1;35mwarning: [0m[1munknown pragma ignored [-Wunknown-pragmas][0m
      return l10n_util::GetStringUTF16(IDS_AUTOFILL_MANAGE_PAYMENT_METHODS);
[0;1;32m                                       ^
[0m[1mgen/components/strings/grit/components_strings.h:50:45: [0m[0;1;30mnote: [0mexpanded from macro 'IDS_AUTOFILL_MANAGE_PAYMENT_METHODS'[0m
#define IDS_AUTOFILL_MANAGE_PAYMENT_METHODS _Pragma("whitelisted_resource_15145") 15145
[0;1;32m                                            ^
[0m[1m<scratch space>:58:2: [0m[0;1;30mnote: [0mexpanded from here[0m
 whitelisted_resource_15145
[0;1;32m ^
[0m[1m../../components/autofill/core/browser/autofill_external_delegate.cc:421:38: [0m[0;1;35mwarning: [0m[1munknown pragma ignored [-Wunknown-pragmas][0m
    return l10n_util::GetStringUTF16(IDS_AUTOFILL_MANAGE);
[0;1;32m                                     ^
[0m[1mgen/components/strings/grit/components_strings.h:48:29: [0m[0;1;30mnote: [0mexpanded from macro 'IDS_AUTOFILL_MANAGE'[0m
#define IDS_AUTOFILL_MANAGE _Pragma("whitelisted_resource_15143") 15143
[0;1;32m                            ^
[0m[1m<scratch space>:60:2: [0m[0;1;30mnote: [0mexpanded from here[0m
 whitelisted_resource_15143
[0;1;32m ^
[0m[1m../../components/autofill/core/browser/autofill_external_delegate.cc:425:38: [0m[0;1;35mwarning: [0m[1munknown pragma ignored [-Wunknown-pragmas][0m
      IsKeyboardAccessoryEnabled() ? IDS_AUTOFILL_OPTIONS_CONTENT_DESCRIPTION
[0;1;32m                                     ^
[0m[1mgen/components/strings/grit/components_strings.h:52:50: [0m[0;1;30mnote: [0mexpanded from macro 'IDS_AUTOFILL_OPTIONS_CONTENT_DESCRIPTION'[0m
#define IDS_AUTOFILL_OPTIONS_CONTENT_DESCRIPTION _Pragma("whitelisted_resource_15147") 15147
[0;1;32m                                                 ^
[0m[1m<scratch space>:62:2: [0m[0;1;30mnote: [0mexpanded from here[0m
 whitelisted_resource_15147
[0;1;32m ^
[0m[1m../../components/autofill/core/browser/autofill_external_delegate.cc:426:38: [0m[0;1;35mwarning: [0m[1munknown pragma ignored [-Wunknown-pragmas][0m
                                   : IDS_AUTOFILL_SETTINGS_POPUP);
[0;1;32m                                     ^
[0m[1mgen/components/strings/grit/components_strings.h:47:37: [0m[0;1;30mnote: [0mexpanded from macro 'IDS_AUTOFILL_SETTINGS_POPUP'[0m
#define IDS_AUTOFILL_SETTINGS_POPUP _Pragma("whitelisted_resource_15142") 15142
[0;1;32m                                    ^
[0m[1m<scratch space>:64:2: [0m[0;1;30mnote: [0mexpanded from here[0m
 whitelisted_resource_15142
[0;1;32m ^
[0m8 warnings generated.
