[1m../../extensions/browser/sandboxed_unpacker.cc:256:23: [0m[0;1;35mwarning: [0m[1munknown pragma ignored [-Wunknown-pragmas][0m
                      IDS_EXTENSION_PACKAGE_INSTALL_ERROR,
[0;1;32m                      ^
[0m[1mgen/extensions/strings/grit/extensions_strings.h:71:45: [0m[0;1;30mnote: [0mexpanded from macro 'IDS_EXTENSION_PACKAGE_INSTALL_ERROR'[0m
#define IDS_EXTENSION_PACKAGE_INSTALL_ERROR _Pragma("whitelisted_resource_24686") 24686
[0;1;32m                                            ^
[0m[1m<scratch space>:25:2: [0m[0;1;30mnote: [0mexpanded from here[0m
 whitelisted_resource_24686
[0;1;32m ^
[0m[1m../../extensions/browser/sandboxed_unpacker.cc:265:13: [0m[0;1;35mwarning: [0m[1munknown pragma ignored [-Wunknown-pragmas][0m
            IDS_EXTENSION_PACKAGE_INSTALL_ERROR,
[0;1;32m            ^
[0m[1mgen/extensions/strings/grit/extensions_strings.h:71:45: [0m[0;1;30mnote: [0mexpanded from macro 'IDS_EXTENSION_PACKAGE_INSTALL_ERROR'[0m
#define IDS_EXTENSION_PACKAGE_INSTALL_ERROR _Pragma("whitelisted_resource_24686") 24686
[0;1;32m                                            ^
[0m[1m<scratch space>:27:2: [0m[0;1;30mnote: [0mexpanded from here[0m
 whitelisted_resource_24686
[0;1;32m ^
[0m[1m../../extensions/browser/sandboxed_unpacker.cc:319:13: [0m[0;1;35mwarning: [0m[1munknown pragma ignored [-Wunknown-pragmas][0m
            IDS_EXTENSION_PACKAGE_INSTALL_ERROR,
[0;1;32m            ^
[0m[1mgen/extensions/strings/grit/extensions_strings.h:71:45: [0m[0;1;30mnote: [0mexpanded from macro 'IDS_EXTENSION_PACKAGE_INSTALL_ERROR'[0m
#define IDS_EXTENSION_PACKAGE_INSTALL_ERROR _Pragma("whitelisted_resource_24686") 24686
[0;1;32m                                            ^
[0m[1m<scratch space>:57:2: [0m[0;1;30mnote: [0mexpanded from here[0m
 whitelisted_resource_24686
[0;1;32m ^
[0m[1m../../extensions/browser/sandboxed_unpacker.cc:336:35: [0m[0;1;35mwarning: [0m[1munknown pragma ignored [-Wunknown-pragmas][0m
        l10n_util::GetStringUTF16(IDS_EXTENSION_UNPACK_FAILED));
[0;1;32m                                  ^
[0m[1mgen/extensions/strings/grit/extensions_strings.h:72:37: [0m[0;1;30mnote: [0mexpanded from macro 'IDS_EXTENSION_UNPACK_FAILED'[0m
#define IDS_EXTENSION_UNPACK_FAILED _Pragma("whitelisted_resource_24687") 24687
[0;1;32m                                    ^
[0m[1m<scratch space>:67:2: [0m[0;1;30mnote: [0mexpanded from here[0m
 whitelisted_resource_24687
[0;1;32m ^
[0m[1m../../extensions/browser/sandboxed_unpacker.cc:354:45: [0m[0;1;35mwarning: [0m[1munknown pragma ignored [-Wunknown-pragmas][0m
                  l10n_util::GetStringUTF16(IDS_EXTENSION_PACKAGE_UNZIP_ERROR));
[0;1;32m                                            ^
[0m[1mgen/extensions/strings/grit/extensions_strings.h:25:43: [0m[0;1;30mnote: [0mexpanded from macro 'IDS_EXTENSION_PACKAGE_UNZIP_ERROR'[0m
#define IDS_EXTENSION_PACKAGE_UNZIP_ERROR _Pragma("whitelisted_resource_24640") 24640
[0;1;32m                                          ^
[0m[1m<scratch space>:77:2: [0m[0;1;30mnote: [0mexpanded from here[0m
 whitelisted_resource_24640
[0;1;32m ^
[0m[1m../../extensions/browser/sandboxed_unpacker.cc:381:36: [0m[0;1;35mwarning: [0m[1munknown pragma ignored [-Wunknown-pragmas][0m
        l10n_util::GetStringFUTF16(IDS_EXTENSION_PACKAGE_INSTALL_ERROR,
[0;1;32m                                   ^
[0m[1mgen/extensions/strings/grit/extensions_strings.h:71:45: [0m[0;1;30mnote: [0mexpanded from macro 'IDS_EXTENSION_PACKAGE_INSTALL_ERROR'[0m
#define IDS_EXTENSION_PACKAGE_INSTALL_ERROR _Pragma("whitelisted_resource_24686") 24686
[0;1;32m                                            ^
[0m[1m<scratch space>:99:2: [0m[0;1;30mnote: [0mexpanded from here[0m
 whitelisted_resource_24686
[0;1;32m ^
[0m[1m../../extensions/browser/sandboxed_unpacker.cc:436:39: [0m[0;1;35mwarning: [0m[1munknown pragma ignored [-Wunknown-pragmas][0m
                                      IDS_EXTENSION_PACKAGE_UNZIP_ERROR)));
[0;1;32m                                      ^
[0m[1mgen/extensions/strings/grit/extensions_strings.h:25:43: [0m[0;1;30mnote: [0mexpanded from macro 'IDS_EXTENSION_PACKAGE_UNZIP_ERROR'[0m
#define IDS_EXTENSION_PACKAGE_UNZIP_ERROR _Pragma("whitelisted_resource_24640") 24640
[0;1;32m                                          ^
[0m[1m<scratch space>:119:2: [0m[0;1;30mnote: [0mexpanded from here[0m
 whitelisted_resource_24640
[0;1;32m ^
[0m[1m../../extensions/browser/sandboxed_unpacker.cc:534:36: [0m[0;1;35mwarning: [0m[1munknown pragma ignored [-Wunknown-pragmas][0m
        l10n_util::GetStringFUTF16(IDS_EXTENSION_PACKAGE_ERROR_MESSAGE,
[0;1;32m                                   ^
[0m[1mgen/extensions/strings/grit/extensions_strings.h:70:45: [0m[0;1;30mnote: [0mexpanded from macro 'IDS_EXTENSION_PACKAGE_ERROR_MESSAGE'[0m
#define IDS_EXTENSION_PACKAGE_ERROR_MESSAGE _Pragma("whitelisted_resource_24685") 24685
[0;1;32m                                            ^
[0m[1m<scratch space>:8:2: [0m[0;1;30mnote: [0mexpanded from here[0m
 whitelisted_resource_24685
[0;1;32m ^
[0m[1m../../extensions/browser/sandboxed_unpacker.cc:566:13: [0m[0;1;35mwarning: [0m[1munknown pragma ignored [-Wunknown-pragmas][0m
            IDS_EXTENSION_PACKAGE_INSTALL_ERROR,
[0;1;32m            ^
[0m[1mgen/extensions/strings/grit/extensions_strings.h:71:45: [0m[0;1;30mnote: [0mexpanded from macro 'IDS_EXTENSION_PACKAGE_INSTALL_ERROR'[0m
#define IDS_EXTENSION_PACKAGE_INSTALL_ERROR _Pragma("whitelisted_resource_24686") 24686
[0;1;32m                                            ^
[0m[1m<scratch space>:22:2: [0m[0;1;30mnote: [0mexpanded from here[0m
 whitelisted_resource_24686
[0;1;32m ^
[0m[1m../../extensions/browser/sandboxed_unpacker.cc:607:11: [0m[0;1;35mwarning: [0m[1munknown pragma ignored [-Wunknown-pragmas][0m
          IDS_EXTENSION_PACKAGE_INSTALL_ERROR,
[0;1;32m          ^
[0m[1mgen/extensions/strings/grit/extensions_strings.h:71:45: [0m[0;1;30mnote: [0mexpanded from macro 'IDS_EXTENSION_PACKAGE_INSTALL_ERROR'[0m
#define IDS_EXTENSION_PACKAGE_INSTALL_ERROR _Pragma("whitelisted_resource_24686") 24686
[0;1;32m                                            ^
[0m[1m<scratch space>:32:2: [0m[0;1;30mnote: [0mexpanded from here[0m
 whitelisted_resource_24686
[0;1;32m ^
[0m[1m../../extensions/browser/sandboxed_unpacker.cc:613:11: [0m[0;1;35mwarning: [0m[1munknown pragma ignored [-Wunknown-pragmas][0m
          IDS_EXTENSION_PACKAGE_IMAGE_ERROR,
[0;1;32m          ^
[0m[1mgen/extensions/strings/grit/extensions_strings.h:24:43: [0m[0;1;30mnote: [0mexpanded from macro 'IDS_EXTENSION_PACKAGE_IMAGE_ERROR'[0m
#define IDS_EXTENSION_PACKAGE_IMAGE_ERROR _Pragma("whitelisted_resource_24639") 24639
[0;1;32m                                          ^
[0m[1m<scratch space>:34:2: [0m[0;1;30mnote: [0mexpanded from here[0m
 whitelisted_resource_24639
[0;1;32m ^
[0m[1m../../extensions/browser/sandboxed_unpacker.cc:621:11: [0m[0;1;35mwarning: [0m[1munknown pragma ignored [-Wunknown-pragmas][0m
          IDS_EXTENSION_PACKAGE_INSTALL_ERROR,
[0;1;32m          ^
[0m[1mgen/extensions/strings/grit/extensions_strings.h:71:45: [0m[0;1;30mnote: [0mexpanded from macro 'IDS_EXTENSION_PACKAGE_INSTALL_ERROR'[0m
#define IDS_EXTENSION_PACKAGE_INSTALL_ERROR _Pragma("whitelisted_resource_24686") 24686
[0;1;32m                                            ^
[0m[1m<scratch space>:36:2: [0m[0;1;30mnote: [0mexpanded from here[0m
 whitelisted_resource_24686
[0;1;32m ^
[0m[1m../../extensions/browser/sandboxed_unpacker.cc:628:11: [0m[0;1;35mwarning: [0m[1munknown pragma ignored [-Wunknown-pragmas][0m
          IDS_EXTENSION_PACKAGE_INSTALL_ERROR,
[0;1;32m          ^
[0m[1mgen/extensions/strings/grit/extensions_strings.h:71:45: [0m[0;1;30mnote: [0mexpanded from macro 'IDS_EXTENSION_PACKAGE_INSTALL_ERROR'[0m
#define IDS_EXTENSION_PACKAGE_INSTALL_ERROR _Pragma("whitelisted_resource_24686") 24686
[0;1;32m                                            ^
[0m[1m<scratch space>:38:2: [0m[0;1;30mnote: [0mexpanded from here[0m
 whitelisted_resource_24686
[0;1;32m ^
[0m[1m../../extensions/browser/sandboxed_unpacker.cc:634:38: [0m[0;1;35mwarning: [0m[1munknown pragma ignored [-Wunknown-pragmas][0m
          l10n_util::GetStringFUTF16(IDS_EXTENSION_PACKAGE_INSTALL_ERROR,
[0;1;32m                                     ^
[0m[1mgen/extensions/strings/grit/extensions_strings.h:71:45: [0m[0;1;30mnote: [0mexpanded from macro 'IDS_EXTENSION_PACKAGE_INSTALL_ERROR'[0m
#define IDS_EXTENSION_PACKAGE_INSTALL_ERROR _Pragma("whitelisted_resource_24686") 24686
[0;1;32m                                            ^
[0m[1m<scratch space>:40:2: [0m[0;1;30mnote: [0mexpanded from here[0m
 whitelisted_resource_24686
[0;1;32m ^
[0m[1m../../extensions/browser/sandboxed_unpacker.cc:641:11: [0m[0;1;35mwarning: [0m[1munknown pragma ignored [-Wunknown-pragmas][0m
          IDS_EXTENSION_PACKAGE_INSTALL_ERROR,
[0;1;32m          ^
[0m[1mgen/extensions/strings/grit/extensions_strings.h:71:45: [0m[0;1;30mnote: [0mexpanded from macro 'IDS_EXTENSION_PACKAGE_INSTALL_ERROR'[0m
#define IDS_EXTENSION_PACKAGE_INSTALL_ERROR _Pragma("whitelisted_resource_24686") 24686
[0;1;32m                                            ^
[0m[1m<scratch space>:42:2: [0m[0;1;30mnote: [0mexpanded from here[0m
 whitelisted_resource_24686
[0;1;32m ^
[0m[1m../../extensions/browser/sandboxed_unpacker.cc:700:42: [0m[0;1;35mwarning: [0m[1munknown pragma ignored [-Wunknown-pragmas][0m
      error = l10n_util::GetStringFUTF16(IDS_EXTENSION_PACKAGE_INSTALL_ERROR,
[0;1;32m                                         ^
[0m[1mgen/extensions/strings/grit/extensions_strings.h:71:45: [0m[0;1;30mnote: [0mexpanded from macro 'IDS_EXTENSION_PACKAGE_INSTALL_ERROR'[0m
#define IDS_EXTENSION_PACKAGE_INSTALL_ERROR _Pragma("whitelisted_resource_24686") 24686
[0;1;32m                                            ^
[0m[1m<scratch space>:46:2: [0m[0;1;30mnote: [0mexpanded from here[0m
 whitelisted_resource_24686
[0;1;32m ^
[0m[1m../../extensions/browser/sandboxed_unpacker.cc:707:38: [0m[0;1;35mwarning: [0m[1munknown pragma ignored [-Wunknown-pragmas][0m
          l10n_util::GetStringFUTF16(IDS_EXTENSION_PACKAGE_INSTALL_ERROR,
[0;1;32m                                     ^
[0m[1mgen/extensions/strings/grit/extensions_strings.h:71:45: [0m[0;1;30mnote: [0mexpanded from macro 'IDS_EXTENSION_PACKAGE_INSTALL_ERROR'[0m
#define IDS_EXTENSION_PACKAGE_INSTALL_ERROR _Pragma("whitelisted_resource_24686") 24686
[0;1;32m                                            ^
[0m[1m<scratch space>:48:2: [0m[0;1;30mnote: [0mexpanded from here[0m
 whitelisted_resource_24686
[0;1;32m ^
[0m[1m../../extensions/browser/sandboxed_unpacker.cc:713:42: [0m[0;1;35mwarning: [0m[1munknown pragma ignored [-Wunknown-pragmas][0m
      error = l10n_util::GetStringFUTF16(IDS_EXTENSION_PACKAGE_INSTALL_ERROR,
[0;1;32m                                         ^
[0m[1mgen/extensions/strings/grit/extensions_strings.h:71:45: [0m[0;1;30mnote: [0mexpanded from macro 'IDS_EXTENSION_PACKAGE_INSTALL_ERROR'[0m
#define IDS_EXTENSION_PACKAGE_INSTALL_ERROR _Pragma("whitelisted_resource_24686") 24686
[0;1;32m                                            ^
[0m[1m<scratch space>:50:2: [0m[0;1;30mnote: [0mexpanded from here[0m
 whitelisted_resource_24686
[0;1;32m ^
[0m[1m../../extensions/browser/sandboxed_unpacker.cc:797:36: [0m[0;1;35mwarning: [0m[1munknown pragma ignored [-Wunknown-pragmas][0m
        l10n_util::GetStringFUTF16(IDS_EXTENSION_PACKAGE_ERROR_MESSAGE,
[0;1;32m                                   ^
[0m[1mgen/extensions/strings/grit/extensions_strings.h:70:45: [0m[0;1;30mnote: [0mexpanded from macro 'IDS_EXTENSION_PACKAGE_ERROR_MESSAGE'[0m
#define IDS_EXTENSION_PACKAGE_ERROR_MESSAGE _Pragma("whitelisted_resource_24685") 24685
[0;1;32m                                            ^
[0m[1m<scratch space>:52:2: [0m[0;1;30mnote: [0mexpanded from here[0m
 whitelisted_resource_24685
[0;1;32m ^
[0m[1m../../extensions/browser/sandboxed_unpacker.cc:816:13: [0m[0;1;35mwarning: [0m[1munknown pragma ignored [-Wunknown-pragmas][0m
            IDS_EXTENSION_PACKAGE_INSTALL_ERROR,
[0;1;32m            ^
[0m[1mgen/extensions/strings/grit/extensions_strings.h:71:45: [0m[0;1;30mnote: [0mexpanded from macro 'IDS_EXTENSION_PACKAGE_INSTALL_ERROR'[0m
#define IDS_EXTENSION_PACKAGE_INSTALL_ERROR _Pragma("whitelisted_resource_24686") 24686
[0;1;32m                                            ^
[0m[1m<scratch space>:54:2: [0m[0;1;30mnote: [0mexpanded from here[0m
 whitelisted_resource_24686
[0;1;32m ^
[0m[1m../../extensions/browser/sandboxed_unpacker.cc:819:39: [0m[0;1;35mwarning: [0m[1munknown pragma ignored [-Wunknown-pragmas][0m
            l10n_util::GetStringUTF16(IDS_EXTENSION_INSTALL_PROCESS_CRASHED)));
[0;1;32m                                      ^
[0m[1mgen/extensions/strings/grit/extensions_strings.h:68:47: [0m[0;1;30mnote: [0mexpanded from macro 'IDS_EXTENSION_INSTALL_PROCESS_CRASHED'[0m
#define IDS_EXTENSION_INSTALL_PROCESS_CRASHED _Pragma("whitelisted_resource_24683") 24683
[0;1;32m                                              ^
[0m[1m<scratch space>:56:2: [0m[0;1;30mnote: [0mexpanded from here[0m
 whitelisted_resource_24683
[0;1;32m ^
[0m[1m../../extensions/browser/sandboxed_unpacker.cc:834:34: [0m[0;1;35mwarning: [0m[1munknown pragma ignored [-Wunknown-pragmas][0m
      l10n_util::GetStringFUTF16(IDS_EXTENSION_PACKAGE_ERROR_MESSAGE, error));
[0;1;32m                                 ^
[0m[1mgen/extensions/strings/grit/extensions_strings.h:70:45: [0m[0;1;30mnote: [0mexpanded from macro 'IDS_EXTENSION_PACKAGE_ERROR_MESSAGE'[0m
#define IDS_EXTENSION_PACKAGE_ERROR_MESSAGE _Pragma("whitelisted_resource_24685") 24685
[0;1;32m                                            ^
[0m[1m<scratch space>:60:2: [0m[0;1;30mnote: [0mexpanded from here[0m
 whitelisted_resource_24685
[0;1;32m ^
[0m[1m../../extensions/browser/sandboxed_unpacker.cc:934:44: [0m[0;1;35mwarning: [0m[1munknown pragma ignored [-Wunknown-pragmas][0m
                l10n_util::GetStringFUTF16(IDS_EXTENSION_PACKAGE_ERROR_CODE,
[0;1;32m                                           ^
[0m[1mgen/extensions/strings/grit/extensions_strings.h:69:42: [0m[0;1;30mnote: [0mexpanded from macro 'IDS_EXTENSION_PACKAGE_ERROR_CODE'[0m
#define IDS_EXTENSION_PACKAGE_ERROR_CODE _Pragma("whitelisted_resource_24684") 24684
[0;1;32m                                         ^
[0m[1m<scratch space>:62:2: [0m[0;1;30mnote: [0mexpanded from here[0m
 whitelisted_resource_24684
[0;1;32m ^
[0m[1m../../extensions/browser/sandboxed_unpacker.cc:1060:13: [0m[0;1;35mwarning: [0m[1munknown pragma ignored [-Wunknown-pragmas][0m
            IDS_EXTENSION_PACKAGE_INSTALL_ERROR,
[0;1;32m            ^
[0m[1mgen/extensions/strings/grit/extensions_strings.h:71:45: [0m[0;1;30mnote: [0mexpanded from macro 'IDS_EXTENSION_PACKAGE_INSTALL_ERROR'[0m
#define IDS_EXTENSION_PACKAGE_INSTALL_ERROR _Pragma("whitelisted_resource_24686") 24686
[0;1;32m                                            ^
[0m[1m<scratch space>:86:2: [0m[0;1;30mnote: [0mexpanded from here[0m
 whitelisted_resource_24686
[0;1;32m ^
[0m[1m../../extensions/browser/sandboxed_unpacker.cc:1071:36: [0m[0;1;35mwarning: [0m[1munknown pragma ignored [-Wunknown-pragmas][0m
        l10n_util::GetStringFUTF16(IDS_EXTENSION_PACKAGE_INSTALL_ERROR,
[0;1;32m                                   ^
[0m[1mgen/extensions/strings/grit/extensions_strings.h:71:45: [0m[0;1;30mnote: [0mexpanded from macro 'IDS_EXTENSION_PACKAGE_INSTALL_ERROR'[0m
#define IDS_EXTENSION_PACKAGE_INSTALL_ERROR _Pragma("whitelisted_resource_24686") 24686
[0;1;32m                                            ^
[0m[1m<scratch space>:88:2: [0m[0;1;30mnote: [0mexpanded from here[0m
 whitelisted_resource_24686
[0;1;32m ^
[0m25 warnings generated.
