[1m../../chrome/browser/ui/startup/bad_flags_prompt.cc:152:48: [0m[0;1;35mwarning: [0m[1munknown pragma ignored [-Wunknown-pragmas][0m
      ShowBadFeatureFlagsInfoBar(web_contents, IDS_BAD_FEATURES_WARNING_MESSAGE,
[0;1;32m                                               ^
[0m[1mgen/chrome/grit/generated_resources.h:1640:42: [0m[0;1;30mnote: [0mexpanded from macro 'IDS_BAD_FEATURES_WARNING_MESSAGE'[0m
#define IDS_BAD_FEATURES_WARNING_MESSAGE _Pragma("whitelisted_resource_5211") 5211
[0;1;32m                                         ^
[0m[1m<scratch space>:63:2: [0m[0;1;30mnote: [0mexpanded from here[0m
 whitelisted_resource_5211
[0;1;32m ^
[0m[1m../../chrome/browser/ui/startup/bad_flags_prompt.cc:195:33: [0m[0;1;35mwarning: [0m[1munknown pragma ignored [-Wunknown-pragmas][0m
      l10n_util::GetStringUTF16(IDS_CANT_WRITE_USER_DIRECTORY_TITLE);
[0;1;32m                                ^
[0m[1mgen/chrome/grit/generated_resources.h:2297:45: [0m[0;1;30mnote: [0mexpanded from macro 'IDS_CANT_WRITE_USER_DIRECTORY_TITLE'[0m
#define IDS_CANT_WRITE_USER_DIRECTORY_TITLE _Pragma("whitelisted_resource_5938") 5938
[0;1;32m                                            ^
[0m[1m<scratch space>:65:2: [0m[0;1;30mnote: [0mexpanded from here[0m
 whitelisted_resource_5938
[0;1;32m ^
[0m[1m../../chrome/browser/ui/startup/bad_flags_prompt.cc:197:34: [0m[0;1;35mwarning: [0m[1munknown pragma ignored [-Wunknown-pragmas][0m
      l10n_util::GetStringFUTF16(IDS_CANT_WRITE_USER_DIRECTORY_SUMMARY,
[0;1;32m                                 ^
[0m[1mgen/chrome/grit/chromium_strings.h:53:47: [0m[0;1;30mnote: [0mexpanded from macro 'IDS_CANT_WRITE_USER_DIRECTORY_SUMMARY'[0m
#define IDS_CANT_WRITE_USER_DIRECTORY_SUMMARY _Pragma("whitelisted_resource_465") 465
[0;1;32m                                              ^
[0m[1m<scratch space>:67:2: [0m[0;1;30mnote: [0mexpanded from here[0m
 whitelisted_resource_465
[0;1;32m ^
[0m3 warnings generated.
