[1m../../chrome/browser/ui/webui/welcome_ui.cc:54:49: [0m[0;1;35mwarning: [0m[1munknown pragma ignored [-Wunknown-pragmas][0m
  html_source->AddLocalizedString("acceptText", IDS_WELCOME_ACCEPT_BUTTON);
[0;1;32m                                                ^
[0m[1mgen/chrome/grit/generated_resources.h:2824:35: [0m[0;1;30mnote: [0mexpanded from macro 'IDS_WELCOME_ACCEPT_BUTTON'[0m
#define IDS_WELCOME_ACCEPT_BUTTON _Pragma("whitelisted_resource_6666") 6666
[0;1;32m                                  ^
[0m[1m<scratch space>:10:2: [0m[0;1;30mnote: [0mexpanded from here[0m
 whitelisted_resource_6666
[0;1;32m ^
[0m[1m../../chrome/browser/ui/webui/welcome_ui.cc:55:44: [0m[0;1;35mwarning: [0m[1munknown pragma ignored [-Wunknown-pragmas][0m
  html_source->AddResourcePath("logo.png", IDR_PRODUCT_LOGO_128);
[0;1;32m                                           ^
[0m[1mgen/chrome/grit/chrome_unscaled_resources.h:6:30: [0m[0;1;30mnote: [0mexpanded from macro 'IDR_PRODUCT_LOGO_128'[0m
#define IDR_PRODUCT_LOGO_128 _Pragma("whitelisted_resource_10151") 10151
[0;1;32m                             ^
[0m[1m<scratch space>:12:2: [0m[0;1;30mnote: [0mexpanded from here[0m
 whitelisted_resource_10151
[0;1;32m ^
[0m[1m../../chrome/browser/ui/webui/welcome_ui.cc:56:46: [0m[0;1;35mwarning: [0m[1munknown pragma ignored [-Wunknown-pragmas][0m
  html_source->AddResourcePath("logo2x.png", IDR_PRODUCT_LOGO_256);
[0;1;32m                                             ^
[0m[1mgen/chrome/grit/chrome_unscaled_resources.h:7:30: [0m[0;1;30mnote: [0mexpanded from macro 'IDR_PRODUCT_LOGO_256'[0m
#define IDR_PRODUCT_LOGO_256 _Pragma("whitelisted_resource_10152") 10152
[0;1;32m                             ^
[0m[1m<scratch space>:14:2: [0m[0;1;30mnote: [0mexpanded from here[0m
 whitelisted_resource_10152
[0;1;32m ^
[0m[1m../../chrome/browser/ui/webui/welcome_ui.cc:61:51: [0m[0;1;35mwarning: [0m[1munknown pragma ignored [-Wunknown-pragmas][0m
    html_source->AddLocalizedString("headerText", IDS_WELCOME_HEADER);
[0;1;32m                                                  ^
[0m[1mgen/chrome/grit/chromium_strings.h:173:28: [0m[0;1;30mnote: [0mexpanded from macro 'IDS_WELCOME_HEADER'[0m
#define IDS_WELCOME_HEADER _Pragma("whitelisted_resource_649") 649
[0;1;32m                           ^
[0m[1m<scratch space>:16:2: [0m[0;1;30mnote: [0mexpanded from here[0m
 whitelisted_resource_649
[0;1;32m ^
[0m[1m../../chrome/browser/ui/webui/welcome_ui.cc:63:37: [0m[0;1;35mwarning: [0m[1munknown pragma ignored [-Wunknown-pragmas][0m
                                    IDS_DICE_WELCOME_SECOND_HEADER);
[0;1;32m                                    ^
[0m[1mgen/chrome/grit/chromium_strings.h:175:40: [0m[0;1;30mnote: [0mexpanded from macro 'IDS_DICE_WELCOME_SECOND_HEADER'[0m
#define IDS_DICE_WELCOME_SECOND_HEADER _Pragma("whitelisted_resource_651") 651
[0;1;32m                                       ^
[0m[1m<scratch space>:18:2: [0m[0;1;30mnote: [0mexpanded from here[0m
 whitelisted_resource_651
[0;1;32m ^
[0m[1m../../chrome/browser/ui/webui/welcome_ui.cc:65:37: [0m[0;1;35mwarning: [0m[1munknown pragma ignored [-Wunknown-pragmas][0m
                                    IDS_DICE_WELCOME_DESCRIPTION);
[0;1;32m                                    ^
[0m[1mgen/chrome/grit/chromium_strings.h:177:38: [0m[0;1;30mnote: [0mexpanded from macro 'IDS_DICE_WELCOME_DESCRIPTION'[0m
#define IDS_DICE_WELCOME_DESCRIPTION _Pragma("whitelisted_resource_653") 653
[0;1;32m                                     ^
[0m[1m<scratch space>:20:2: [0m[0;1;30mnote: [0mexpanded from here[0m
 whitelisted_resource_653
[0;1;32m ^
[0m[1m../../chrome/browser/ui/webui/welcome_ui.cc:67:37: [0m[0;1;35mwarning: [0m[1munknown pragma ignored [-Wunknown-pragmas][0m
                                    IDS_DICE_WELCOME_DECLINE_BUTTON);
[0;1;32m                                    ^
[0m[1mgen/chrome/grit/chromium_strings.h:176:41: [0m[0;1;30mnote: [0mexpanded from macro 'IDS_DICE_WELCOME_DECLINE_BUTTON'[0m
#define IDS_DICE_WELCOME_DECLINE_BUTTON _Pragma("whitelisted_resource_652") 652
[0;1;32m                                        ^
[0m[1m<scratch space>:22:2: [0m[0;1;30mnote: [0mexpanded from here[0m
 whitelisted_resource_652
[0;1;32m ^
[0m[1m../../chrome/browser/ui/webui/welcome_ui.cc:69:34: [0m[0;1;35mwarning: [0m[1munknown pragma ignored [-Wunknown-pragmas][0m
                                 IDR_DICE_WELCOME_BROWSER_PROXY_HTML);
[0;1;32m                                 ^
[0m[1mgen/chrome/grit/browser_resources.h:16:45: [0m[0;1;30mnote: [0mexpanded from macro 'IDR_DICE_WELCOME_BROWSER_PROXY_HTML'[0m
#define IDR_DICE_WELCOME_BROWSER_PROXY_HTML _Pragma("whitelisted_resource_11506") 11506
[0;1;32m                                            ^
[0m[1m<scratch space>:24:2: [0m[0;1;30mnote: [0mexpanded from here[0m
 whitelisted_resource_11506
[0;1;32m ^
[0m[1m../../chrome/browser/ui/webui/welcome_ui.cc:71:34: [0m[0;1;35mwarning: [0m[1munknown pragma ignored [-Wunknown-pragmas][0m
                                 IDR_DICE_WELCOME_BROWSER_PROXY_JS);
[0;1;32m                                 ^
[0m[1mgen/chrome/grit/browser_resources.h:17:43: [0m[0;1;30mnote: [0mexpanded from macro 'IDR_DICE_WELCOME_BROWSER_PROXY_JS'[0m
#define IDR_DICE_WELCOME_BROWSER_PROXY_JS _Pragma("whitelisted_resource_11507") 11507
[0;1;32m                                          ^
[0m[1m<scratch space>:26:2: [0m[0;1;30mnote: [0mexpanded from here[0m
 whitelisted_resource_11507
[0;1;32m ^
[0m[1m../../chrome/browser/ui/webui/welcome_ui.cc:72:54: [0m[0;1;35mwarning: [0m[1munknown pragma ignored [-Wunknown-pragmas][0m
    html_source->AddResourcePath("welcome_app.html", IDR_DICE_WELCOME_APP_HTML);
[0;1;32m                                                     ^
[0m[1mgen/chrome/grit/browser_resources.h:18:35: [0m[0;1;30mnote: [0mexpanded from macro 'IDR_DICE_WELCOME_APP_HTML'[0m
#define IDR_DICE_WELCOME_APP_HTML _Pragma("whitelisted_resource_11508") 11508
[0;1;32m                                  ^
[0m[1m<scratch space>:28:2: [0m[0;1;30mnote: [0mexpanded from here[0m
 whitelisted_resource_11508
[0;1;32m ^
[0m[1m../../chrome/browser/ui/webui/welcome_ui.cc:73:52: [0m[0;1;35mwarning: [0m[1munknown pragma ignored [-Wunknown-pragmas][0m
    html_source->AddResourcePath("welcome_app.js", IDR_DICE_WELCOME_APP_JS);
[0;1;32m                                                   ^
[0m[1mgen/chrome/grit/browser_resources.h:19:33: [0m[0;1;30mnote: [0mexpanded from macro 'IDR_DICE_WELCOME_APP_JS'[0m
#define IDR_DICE_WELCOME_APP_JS _Pragma("whitelisted_resource_11509") 11509
[0;1;32m                                ^
[0m[1m<scratch space>:30:2: [0m[0;1;30mnote: [0mexpanded from here[0m
 whitelisted_resource_11509
[0;1;32m ^
[0m[1m../../chrome/browser/ui/webui/welcome_ui.cc:74:49: [0m[0;1;35mwarning: [0m[1munknown pragma ignored [-Wunknown-pragmas][0m
    html_source->AddResourcePath("welcome.css", IDR_DICE_WELCOME_CSS);
[0;1;32m                                                ^
[0m[1mgen/chrome/grit/browser_resources.h:14:30: [0m[0;1;30mnote: [0mexpanded from macro 'IDR_DICE_WELCOME_CSS'[0m
#define IDR_DICE_WELCOME_CSS _Pragma("whitelisted_resource_11504") 11504
[0;1;32m                             ^
[0m[1m<scratch space>:32:2: [0m[0;1;30mnote: [0mexpanded from here[0m
 whitelisted_resource_11504
[0;1;32m ^
[0m[1m../../chrome/browser/ui/webui/welcome_ui.cc:75:37: [0m[0;1;35mwarning: [0m[1munknown pragma ignored [-Wunknown-pragmas][0m
    html_source->SetDefaultResource(IDR_DICE_WELCOME_HTML);
[0;1;32m                                    ^
[0m[1mgen/chrome/grit/browser_resources.h:15:31: [0m[0;1;30mnote: [0mexpanded from macro 'IDR_DICE_WELCOME_HTML'[0m
#define IDR_DICE_WELCOME_HTML _Pragma("whitelisted_resource_11505") 11505
[0;1;32m                              ^
[0m[1m<scratch space>:34:2: [0m[0;1;30mnote: [0mexpanded from here[0m
 whitelisted_resource_11505
[0;1;32m ^
[0m[1m../../chrome/browser/ui/webui/welcome_ui.cc:87:43: [0m[0;1;35mwarning: [0m[1munknown pragma ignored [-Wunknown-pragmas][0m
              : l10n_util::GetStringUTF16(IDS_WELCOME_SUBHEADER);
[0;1;32m                                          ^
[0m[1mgen/chrome/grit/generated_resources.h:2822:31: [0m[0;1;30mnote: [0mexpanded from macro 'IDS_WELCOME_SUBHEADER'[0m
#define IDS_WELCOME_SUBHEADER _Pragma("whitelisted_resource_6664") 6664
[0;1;32m                              ^
[0m[1m<scratch space>:36:2: [0m[0;1;30mnote: [0mexpanded from here[0m
 whitelisted_resource_6664
[0;1;32m ^
[0m[1m../../chrome/browser/ui/webui/welcome_ui.cc:91:45: [0m[0;1;35mwarning: [0m[1munknown pragma ignored [-Wunknown-pragmas][0m
    int header_id = is_everywhere_variant ? IDS_WELCOME_HEADER_AFTER_FIRST_RUN
[0;1;32m                                            ^
[0m[1mgen/chrome/grit/chromium_strings.h:174:44: [0m[0;1;30mnote: [0mexpanded from macro 'IDS_WELCOME_HEADER_AFTER_FIRST_RUN'[0m
#define IDS_WELCOME_HEADER_AFTER_FIRST_RUN _Pragma("whitelisted_resource_650") 650
[0;1;32m                                           ^
[0m[1m<scratch space>:38:2: [0m[0;1;30mnote: [0mexpanded from here[0m
 whitelisted_resource_650
[0;1;32m ^
[0m[1m../../chrome/browser/ui/webui/welcome_ui.cc:92:45: [0m[0;1;35mwarning: [0m[1munknown pragma ignored [-Wunknown-pragmas][0m
                                          : IDS_WELCOME_HEADER;
[0;1;32m                                            ^
[0m[1mgen/chrome/grit/chromium_strings.h:173:28: [0m[0;1;30mnote: [0mexpanded from macro 'IDS_WELCOME_HEADER'[0m
#define IDS_WELCOME_HEADER _Pragma("whitelisted_resource_649") 649
[0;1;32m                           ^
[0m[1m<scratch space>:40:2: [0m[0;1;30mnote: [0mexpanded from here[0m
 whitelisted_resource_649
[0;1;32m ^
[0m[1m../../chrome/browser/ui/webui/welcome_ui.cc:94:56: [0m[0;1;35mwarning: [0m[1munknown pragma ignored [-Wunknown-pragmas][0m
    html_source->AddLocalizedString("descriptionText", IDS_WELCOME_DESCRIPTION);
[0;1;32m                                                       ^
[0m[1mgen/chrome/grit/generated_resources.h:2823:33: [0m[0;1;30mnote: [0mexpanded from macro 'IDS_WELCOME_DESCRIPTION'[0m
#define IDS_WELCOME_DESCRIPTION _Pragma("whitelisted_resource_6665") 6665
[0;1;32m                                ^
[0m[1m<scratch space>:42:2: [0m[0;1;30mnote: [0mexpanded from here[0m
 whitelisted_resource_6665
[0;1;32m ^
[0m[1m../../chrome/browser/ui/webui/welcome_ui.cc:95:52: [0m[0;1;35mwarning: [0m[1munknown pragma ignored [-Wunknown-pragmas][0m
    html_source->AddLocalizedString("declineText", IDS_WELCOME_DECLINE_BUTTON);
[0;1;32m                                                   ^
[0m[1mgen/chrome/grit/generated_resources.h:2825:36: [0m[0;1;30mnote: [0mexpanded from macro 'IDS_WELCOME_DECLINE_BUTTON'[0m
#define IDS_WELCOME_DECLINE_BUTTON _Pragma("whitelisted_resource_6667") 6667
[0;1;32m                                   ^
[0m[1m<scratch space>:44:2: [0m[0;1;30mnote: [0mexpanded from here[0m
 whitelisted_resource_6667
[0;1;32m ^
[0m[1m../../chrome/browser/ui/webui/welcome_ui.cc:96:48: [0m[0;1;35mwarning: [0m[1munknown pragma ignored [-Wunknown-pragmas][0m
    html_source->AddResourcePath("welcome.js", IDR_WELCOME_JS);
[0;1;32m                                               ^
[0m[1mgen/chrome/grit/browser_resources.h:13:24: [0m[0;1;30mnote: [0mexpanded from macro 'IDR_WELCOME_JS'[0m
#define IDR_WELCOME_JS _Pragma("whitelisted_resource_11503") 11503
[0;1;32m                       ^
[0m[1m<scratch space>:46:2: [0m[0;1;30mnote: [0mexpanded from here[0m
 whitelisted_resource_11503
[0;1;32m ^
[0m[1m../../chrome/browser/ui/webui/welcome_ui.cc:97:49: [0m[0;1;35mwarning: [0m[1munknown pragma ignored [-Wunknown-pragmas][0m
    html_source->AddResourcePath("welcome.css", IDR_WELCOME_CSS);
[0;1;32m                                                ^
[0m[1mgen/chrome/grit/browser_resources.h:11:25: [0m[0;1;30mnote: [0mexpanded from macro 'IDR_WELCOME_CSS'[0m
#define IDR_WELCOME_CSS _Pragma("whitelisted_resource_11501") 11501
[0;1;32m                        ^
[0m[1m<scratch space>:48:2: [0m[0;1;30mnote: [0mexpanded from here[0m
 whitelisted_resource_11501
[0;1;32m ^
[0m[1m../../chrome/browser/ui/webui/welcome_ui.cc:98:37: [0m[0;1;35mwarning: [0m[1munknown pragma ignored [-Wunknown-pragmas][0m
    html_source->SetDefaultResource(IDR_WELCOME_HTML);
[0;1;32m                                    ^
[0m[1mgen/chrome/grit/browser_resources.h:12:26: [0m[0;1;30mnote: [0mexpanded from macro 'IDR_WELCOME_HTML'[0m
#define IDR_WELCOME_HTML _Pragma("whitelisted_resource_11502") 11502
[0;1;32m                         ^
[0m[1m<scratch space>:50:2: [0m[0;1;30mnote: [0mexpanded from here[0m
 whitelisted_resource_11502
[0;1;32m ^
[0m21 warnings generated.
