[1m../../components/undo/bookmark_undo_service.cc:86:10: [0m[0;1;35mwarning: [0m[1munknown pragma ignored [-Wunknown-pragmas][0m
  return IDS_BOOKMARK_BAR_UNDO_ADD;
[0;1;32m         ^
[0m[1mgen/components/strings/grit/components_strings.h:993:35: [0m[0;1;30mnote: [0mexpanded from macro 'IDS_BOOKMARK_BAR_UNDO_ADD'[0m
#define IDS_BOOKMARK_BAR_UNDO_ADD _Pragma("whitelisted_resource_16127") 16127
[0;1;32m                                  ^
[0m[1m<scratch space>:72:2: [0m[0;1;30mnote: [0mexpanded from here[0m
 whitelisted_resource_16127
[0;1;32m ^
[0m[1m../../components/undo/bookmark_undo_service.cc:90:10: [0m[0;1;35mwarning: [0m[1munknown pragma ignored [-Wunknown-pragmas][0m
  return IDS_BOOKMARK_BAR_REDO_DELETE;
[0;1;32m         ^
[0m[1mgen/components/strings/grit/components_strings.h:996:38: [0m[0;1;30mnote: [0mexpanded from macro 'IDS_BOOKMARK_BAR_REDO_DELETE'[0m
#define IDS_BOOKMARK_BAR_REDO_DELETE _Pragma("whitelisted_resource_16130") 16130
[0;1;32m                                     ^
[0m[1m<scratch space>:74:2: [0m[0;1;30mnote: [0mexpanded from here[0m
 whitelisted_resource_16130
[0;1;32m ^
[0m[1m../../components/undo/bookmark_undo_service.cc:148:10: [0m[0;1;35mwarning: [0m[1munknown pragma ignored [-Wunknown-pragmas][0m
  return IDS_BOOKMARK_BAR_UNDO_DELETE;
[0;1;32m         ^
[0m[1mgen/components/strings/grit/components_strings.h:995:38: [0m[0;1;30mnote: [0mexpanded from macro 'IDS_BOOKMARK_BAR_UNDO_DELETE'[0m
#define IDS_BOOKMARK_BAR_UNDO_DELETE _Pragma("whitelisted_resource_16129") 16129
[0;1;32m                                     ^
[0m[1m<scratch space>:76:2: [0m[0;1;30mnote: [0mexpanded from here[0m
 whitelisted_resource_16129
[0;1;32m ^
[0m[1m../../components/undo/bookmark_undo_service.cc:152:10: [0m[0;1;35mwarning: [0m[1munknown pragma ignored [-Wunknown-pragmas][0m
  return IDS_BOOKMARK_BAR_REDO_ADD;
[0;1;32m         ^
[0m[1mgen/components/strings/grit/components_strings.h:994:35: [0m[0;1;30mnote: [0mexpanded from macro 'IDS_BOOKMARK_BAR_REDO_ADD'[0m
#define IDS_BOOKMARK_BAR_REDO_ADD _Pragma("whitelisted_resource_16128") 16128
[0;1;32m                                  ^
[0m[1m<scratch space>:78:2: [0m[0;1;30mnote: [0mexpanded from here[0m
 whitelisted_resource_16128
[0;1;32m ^
[0m[1m../../components/undo/bookmark_undo_service.cc:196:10: [0m[0;1;35mwarning: [0m[1munknown pragma ignored [-Wunknown-pragmas][0m
  return IDS_BOOKMARK_BAR_UNDO_EDIT;
[0;1;32m         ^
[0m[1mgen/components/strings/grit/components_strings.h:997:36: [0m[0;1;30mnote: [0mexpanded from macro 'IDS_BOOKMARK_BAR_UNDO_EDIT'[0m
#define IDS_BOOKMARK_BAR_UNDO_EDIT _Pragma("whitelisted_resource_16131") 16131
[0;1;32m                                   ^
[0m[1m<scratch space>:80:2: [0m[0;1;30mnote: [0mexpanded from here[0m
 whitelisted_resource_16131
[0;1;32m ^
[0m[1m../../components/undo/bookmark_undo_service.cc:200:10: [0m[0;1;35mwarning: [0m[1munknown pragma ignored [-Wunknown-pragmas][0m
  return IDS_BOOKMARK_BAR_REDO_EDIT;
[0;1;32m         ^
[0m[1mgen/components/strings/grit/components_strings.h:998:36: [0m[0;1;30mnote: [0mexpanded from macro 'IDS_BOOKMARK_BAR_REDO_EDIT'[0m
#define IDS_BOOKMARK_BAR_REDO_EDIT _Pragma("whitelisted_resource_16132") 16132
[0;1;32m                                   ^
[0m[1m<scratch space>:82:2: [0m[0;1;30mnote: [0mexpanded from here[0m
 whitelisted_resource_16132
[0;1;32m ^
[0m[1m../../components/undo/bookmark_undo_service.cc:264:10: [0m[0;1;35mwarning: [0m[1munknown pragma ignored [-Wunknown-pragmas][0m
  return IDS_BOOKMARK_BAR_UNDO_MOVE;
[0;1;32m         ^
[0m[1mgen/components/strings/grit/components_strings.h:999:36: [0m[0;1;30mnote: [0mexpanded from macro 'IDS_BOOKMARK_BAR_UNDO_MOVE'[0m
#define IDS_BOOKMARK_BAR_UNDO_MOVE _Pragma("whitelisted_resource_16133") 16133
[0;1;32m                                   ^
[0m[1m<scratch space>:84:2: [0m[0;1;30mnote: [0mexpanded from here[0m
 whitelisted_resource_16133
[0;1;32m ^
[0m[1m../../components/undo/bookmark_undo_service.cc:268:10: [0m[0;1;35mwarning: [0m[1munknown pragma ignored [-Wunknown-pragmas][0m
  return IDS_BOOKMARK_BAR_REDO_MOVE;
[0;1;32m         ^
[0m[1mgen/components/strings/grit/components_strings.h:1000:36: [0m[0;1;30mnote: [0mexpanded from macro 'IDS_BOOKMARK_BAR_REDO_MOVE'[0m
#define IDS_BOOKMARK_BAR_REDO_MOVE _Pragma("whitelisted_resource_16134") 16134
[0;1;32m                                   ^
[0m[1m<scratch space>:86:2: [0m[0;1;30mnote: [0mexpanded from here[0m
 whitelisted_resource_16134
[0;1;32m ^
[0m[1m../../components/undo/bookmark_undo_service.cc:324:10: [0m[0;1;35mwarning: [0m[1munknown pragma ignored [-Wunknown-pragmas][0m
  return IDS_BOOKMARK_BAR_UNDO_REORDER;
[0;1;32m         ^
[0m[1mgen/components/strings/grit/components_strings.h:1001:39: [0m[0;1;30mnote: [0mexpanded from macro 'IDS_BOOKMARK_BAR_UNDO_REORDER'[0m
#define IDS_BOOKMARK_BAR_UNDO_REORDER _Pragma("whitelisted_resource_16135") 16135
[0;1;32m                                      ^
[0m[1m<scratch space>:88:2: [0m[0;1;30mnote: [0mexpanded from here[0m
 whitelisted_resource_16135
[0;1;32m ^
[0m[1m../../components/undo/bookmark_undo_service.cc:328:10: [0m[0;1;35mwarning: [0m[1munknown pragma ignored [-Wunknown-pragmas][0m
  return IDS_BOOKMARK_BAR_REDO_REORDER;
[0;1;32m         ^
[0m[1mgen/components/strings/grit/components_strings.h:1002:39: [0m[0;1;30mnote: [0mexpanded from macro 'IDS_BOOKMARK_BAR_REDO_REORDER'[0m
#define IDS_BOOKMARK_BAR_REDO_REORDER _Pragma("whitelisted_resource_16136") 16136
[0;1;32m                                      ^
[0m[1m<scratch space>:90:2: [0m[0;1;30mnote: [0mexpanded from here[0m
 whitelisted_resource_16136
[0;1;32m ^
[0m10 warnings generated.
