[1m../../ui/base/accelerators/accelerator.cc:225:43: [0m[0;1;35mwarning: [0m[1munknown pragma ignored [-Wunknown-pragmas][0m
    shortcut = l10n_util::GetStringFUTF16(IDS_APP_SHIFT_MODIFIER, shortcut);
[0;1;32m                                          ^
[0m[1mgen/ui/strings/grit/ui_strings.h:109:32: [0m[0;1;30mnote: [0mexpanded from macro 'IDS_APP_SHIFT_MODIFIER'[0m
#define IDS_APP_SHIFT_MODIFIER _Pragma("whitelisted_resource_27365") 27365
[0;1;32m                               ^
[0m[1m<scratch space>:137:2: [0m[0;1;30mnote: [0mexpanded from here[0m
 whitelisted_resource_27365
[0;1;32m ^
[0m[1m../../ui/base/accelerators/accelerator.cc:231:43: [0m[0;1;35mwarning: [0m[1munknown pragma ignored [-Wunknown-pragmas][0m
    shortcut = l10n_util::GetStringFUTF16(IDS_APP_CONTROL_MODIFIER, shortcut);
[0;1;32m                                          ^
[0m[1mgen/ui/strings/grit/ui_strings.h:107:34: [0m[0;1;30mnote: [0mexpanded from macro 'IDS_APP_CONTROL_MODIFIER'[0m
#define IDS_APP_CONTROL_MODIFIER _Pragma("whitelisted_resource_27363") 27363
[0;1;32m                                 ^
[0m[1m<scratch space>:139:2: [0m[0;1;30mnote: [0mexpanded from here[0m
 whitelisted_resource_27363
[0;1;32m ^
[0m[1m../../ui/base/accelerators/accelerator.cc:233:43: [0m[0;1;35mwarning: [0m[1munknown pragma ignored [-Wunknown-pragmas][0m
    shortcut = l10n_util::GetStringFUTF16(IDS_APP_ALT_MODIFIER, shortcut);
[0;1;32m                                          ^
[0m[1mgen/ui/strings/grit/ui_strings.h:108:30: [0m[0;1;30mnote: [0mexpanded from macro 'IDS_APP_ALT_MODIFIER'[0m
#define IDS_APP_ALT_MODIFIER _Pragma("whitelisted_resource_27364") 27364
[0;1;32m                             ^
[0m[1m<scratch space>:141:2: [0m[0;1;30mnote: [0mexpanded from here[0m
 whitelisted_resource_27364
[0;1;32m ^
[0m[1m../../ui/base/accelerators/accelerator.cc:307:19: [0m[0;1;35mwarning: [0m[1munknown pragma ignored [-Wunknown-pragmas][0m
      string_id = IDS_APP_TAB_KEY;
[0;1;32m                  ^
[0m[1mgen/ui/strings/grit/ui_strings.h:85:25: [0m[0;1;30mnote: [0mexpanded from macro 'IDS_APP_TAB_KEY'[0m
#define IDS_APP_TAB_KEY _Pragma("whitelisted_resource_27341") 27341
[0;1;32m                        ^
[0m[1m<scratch space>:143:2: [0m[0;1;30mnote: [0mexpanded from here[0m
 whitelisted_resource_27341
[0;1;32m ^
[0m[1m../../ui/base/accelerators/accelerator.cc:310:19: [0m[0;1;35mwarning: [0m[1munknown pragma ignored [-Wunknown-pragmas][0m
      string_id = IDS_APP_ENTER_KEY;
[0;1;32m                  ^
[0m[1mgen/ui/strings/grit/ui_strings.h:96:27: [0m[0;1;30mnote: [0mexpanded from macro 'IDS_APP_ENTER_KEY'[0m
#define IDS_APP_ENTER_KEY _Pragma("whitelisted_resource_27352") 27352
[0;1;32m                          ^
[0m[1m<scratch space>:145:2: [0m[0;1;30mnote: [0mexpanded from here[0m
 whitelisted_resource_27352
[0;1;32m ^
[0m[1m../../ui/base/accelerators/accelerator.cc:313:19: [0m[0;1;35mwarning: [0m[1munknown pragma ignored [-Wunknown-pragmas][0m
      string_id = IDS_APP_SPACE_KEY;
[0;1;32m                  ^
[0m[1mgen/ui/strings/grit/ui_strings.h:97:27: [0m[0;1;30mnote: [0mexpanded from macro 'IDS_APP_SPACE_KEY'[0m
#define IDS_APP_SPACE_KEY _Pragma("whitelisted_resource_27353") 27353
[0;1;32m                          ^
[0m[1m<scratch space>:147:2: [0m[0;1;30mnote: [0mexpanded from here[0m
 whitelisted_resource_27353
[0;1;32m ^
[0m[1m../../ui/base/accelerators/accelerator.cc:316:19: [0m[0;1;35mwarning: [0m[1munknown pragma ignored [-Wunknown-pragmas][0m
      string_id = IDS_APP_PAGEUP_KEY;
[0;1;32m                  ^
[0m[1mgen/ui/strings/grit/ui_strings.h:90:28: [0m[0;1;30mnote: [0mexpanded from macro 'IDS_APP_PAGEUP_KEY'[0m
#define IDS_APP_PAGEUP_KEY _Pragma("whitelisted_resource_27346") 27346
[0;1;32m                           ^
[0m[1m<scratch space>:149:2: [0m[0;1;30mnote: [0mexpanded from here[0m
 whitelisted_resource_27346
[0;1;32m ^
[0m[1m../../ui/base/accelerators/accelerator.cc:319:19: [0m[0;1;35mwarning: [0m[1munknown pragma ignored [-Wunknown-pragmas][0m
      string_id = IDS_APP_PAGEDOWN_KEY;
[0;1;32m                  ^
[0m[1mgen/ui/strings/grit/ui_strings.h:91:30: [0m[0;1;30mnote: [0mexpanded from macro 'IDS_APP_PAGEDOWN_KEY'[0m
#define IDS_APP_PAGEDOWN_KEY _Pragma("whitelisted_resource_27347") 27347
[0;1;32m                             ^
[0m[1m<scratch space>:151:2: [0m[0;1;30mnote: [0mexpanded from here[0m
 whitelisted_resource_27347
[0;1;32m ^
[0m[1m../../ui/base/accelerators/accelerator.cc:322:19: [0m[0;1;35mwarning: [0m[1munknown pragma ignored [-Wunknown-pragmas][0m
      string_id = IDS_APP_END_KEY;
[0;1;32m                  ^
[0m[1mgen/ui/strings/grit/ui_strings.h:89:25: [0m[0;1;30mnote: [0mexpanded from macro 'IDS_APP_END_KEY'[0m
#define IDS_APP_END_KEY _Pragma("whitelisted_resource_27345") 27345
[0;1;32m                        ^
[0m[1m<scratch space>:153:2: [0m[0;1;30mnote: [0mexpanded from here[0m
 whitelisted_resource_27345
[0;1;32m ^
[0m[1m../../ui/base/accelerators/accelerator.cc:325:19: [0m[0;1;35mwarning: [0m[1munknown pragma ignored [-Wunknown-pragmas][0m
      string_id = IDS_APP_HOME_KEY;
[0;1;32m                  ^
[0m[1mgen/ui/strings/grit/ui_strings.h:87:26: [0m[0;1;30mnote: [0mexpanded from macro 'IDS_APP_HOME_KEY'[0m
#define IDS_APP_HOME_KEY _Pragma("whitelisted_resource_27343") 27343
[0;1;32m                         ^
[0m[1m<scratch space>:155:2: [0m[0;1;30mnote: [0mexpanded from here[0m
 whitelisted_resource_27343
[0;1;32m ^
[0m[1m../../ui/base/accelerators/accelerator.cc:328:19: [0m[0;1;35mwarning: [0m[1munknown pragma ignored [-Wunknown-pragmas][0m
      string_id = IDS_APP_INSERT_KEY;
[0;1;32m                  ^
[0m[1mgen/ui/strings/grit/ui_strings.h:86:28: [0m[0;1;30mnote: [0mexpanded from macro 'IDS_APP_INSERT_KEY'[0m
#define IDS_APP_INSERT_KEY _Pragma("whitelisted_resource_27342") 27342
[0;1;32m                           ^
[0m[1m<scratch space>:157:2: [0m[0;1;30mnote: [0mexpanded from here[0m
 whitelisted_resource_27342
[0;1;32m ^
[0m[1m../../ui/base/accelerators/accelerator.cc:331:19: [0m[0;1;35mwarning: [0m[1munknown pragma ignored [-Wunknown-pragmas][0m
      string_id = IDS_APP_DELETE_KEY;
[0;1;32m                  ^
[0m[1mgen/ui/strings/grit/ui_strings.h:88:28: [0m[0;1;30mnote: [0mexpanded from macro 'IDS_APP_DELETE_KEY'[0m
#define IDS_APP_DELETE_KEY _Pragma("whitelisted_resource_27344") 27344
[0;1;32m                           ^
[0m[1m<scratch space>:2:2: [0m[0;1;30mnote: [0mexpanded from here[0m
 whitelisted_resource_27344
[0;1;32m ^
[0m[1m../../ui/base/accelerators/accelerator.cc:334:19: [0m[0;1;35mwarning: [0m[1munknown pragma ignored [-Wunknown-pragmas][0m
      string_id = IDS_APP_LEFT_ARROW_KEY;
[0;1;32m                  ^
[0m[1mgen/ui/strings/grit/ui_strings.h:92:32: [0m[0;1;30mnote: [0mexpanded from macro 'IDS_APP_LEFT_ARROW_KEY'[0m
#define IDS_APP_LEFT_ARROW_KEY _Pragma("whitelisted_resource_27348") 27348
[0;1;32m                               ^
[0m[1m<scratch space>:4:2: [0m[0;1;30mnote: [0mexpanded from here[0m
 whitelisted_resource_27348
[0;1;32m ^
[0m[1m../../ui/base/accelerators/accelerator.cc:337:19: [0m[0;1;35mwarning: [0m[1munknown pragma ignored [-Wunknown-pragmas][0m
      string_id = IDS_APP_RIGHT_ARROW_KEY;
[0;1;32m                  ^
[0m[1mgen/ui/strings/grit/ui_strings.h:93:33: [0m[0;1;30mnote: [0mexpanded from macro 'IDS_APP_RIGHT_ARROW_KEY'[0m
#define IDS_APP_RIGHT_ARROW_KEY _Pragma("whitelisted_resource_27349") 27349
[0;1;32m                                ^
[0m[1m<scratch space>:6:2: [0m[0;1;30mnote: [0mexpanded from here[0m
 whitelisted_resource_27349
[0;1;32m ^
[0m[1m../../ui/base/accelerators/accelerator.cc:340:19: [0m[0;1;35mwarning: [0m[1munknown pragma ignored [-Wunknown-pragmas][0m
      string_id = IDS_APP_UP_ARROW_KEY;
[0;1;32m                  ^
[0m[1mgen/ui/strings/grit/ui_strings.h:94:30: [0m[0;1;30mnote: [0mexpanded from macro 'IDS_APP_UP_ARROW_KEY'[0m
#define IDS_APP_UP_ARROW_KEY _Pragma("whitelisted_resource_27350") 27350
[0;1;32m                             ^
[0m[1m<scratch space>:8:2: [0m[0;1;30mnote: [0mexpanded from here[0m
 whitelisted_resource_27350
[0;1;32m ^
[0m[1m../../ui/base/accelerators/accelerator.cc:343:19: [0m[0;1;35mwarning: [0m[1munknown pragma ignored [-Wunknown-pragmas][0m
      string_id = IDS_APP_DOWN_ARROW_KEY;
[0;1;32m                  ^
[0m[1mgen/ui/strings/grit/ui_strings.h:95:32: [0m[0;1;30mnote: [0mexpanded from macro 'IDS_APP_DOWN_ARROW_KEY'[0m
#define IDS_APP_DOWN_ARROW_KEY _Pragma("whitelisted_resource_27351") 27351
[0;1;32m                               ^
[0m[1m<scratch space>:10:2: [0m[0;1;30mnote: [0mexpanded from here[0m
 whitelisted_resource_27351
[0;1;32m ^
[0m[1m../../ui/base/accelerators/accelerator.cc:346:19: [0m[0;1;35mwarning: [0m[1munknown pragma ignored [-Wunknown-pragmas][0m
      string_id = IDS_APP_ESC_KEY;
[0;1;32m                  ^
[0m[1mgen/ui/strings/grit/ui_strings.h:84:25: [0m[0;1;30mnote: [0mexpanded from macro 'IDS_APP_ESC_KEY'[0m
#define IDS_APP_ESC_KEY _Pragma("whitelisted_resource_27340") 27340
[0;1;32m                        ^
[0m[1m<scratch space>:12:2: [0m[0;1;30mnote: [0mexpanded from here[0m
 whitelisted_resource_27340
[0;1;32m ^
[0m[1m../../ui/base/accelerators/accelerator.cc:349:19: [0m[0;1;35mwarning: [0m[1munknown pragma ignored [-Wunknown-pragmas][0m
      string_id = IDS_APP_BACKSPACE_KEY;
[0;1;32m                  ^
[0m[1mgen/ui/strings/grit/ui_strings.h:100:31: [0m[0;1;30mnote: [0mexpanded from macro 'IDS_APP_BACKSPACE_KEY'[0m
#define IDS_APP_BACKSPACE_KEY _Pragma("whitelisted_resource_27356") 27356
[0;1;32m                              ^
[0m[1m<scratch space>:14:2: [0m[0;1;30mnote: [0mexpanded from here[0m
 whitelisted_resource_27356
[0;1;32m ^
[0m[1m../../ui/base/accelerators/accelerator.cc:352:19: [0m[0;1;35mwarning: [0m[1munknown pragma ignored [-Wunknown-pragmas][0m
      string_id = IDS_APP_F1_KEY;
[0;1;32m                  ^
[0m[1mgen/ui/strings/grit/ui_strings.h:98:24: [0m[0;1;30mnote: [0mexpanded from macro 'IDS_APP_F1_KEY'[0m
#define IDS_APP_F1_KEY _Pragma("whitelisted_resource_27354") 27354
[0;1;32m                       ^
[0m[1m<scratch space>:16:2: [0m[0;1;30mnote: [0mexpanded from here[0m
 whitelisted_resource_27354
[0;1;32m ^
[0m[1m../../ui/base/accelerators/accelerator.cc:355:19: [0m[0;1;35mwarning: [0m[1munknown pragma ignored [-Wunknown-pragmas][0m
      string_id = IDS_APP_F11_KEY;
[0;1;32m                  ^
[0m[1mgen/ui/strings/grit/ui_strings.h:99:25: [0m[0;1;30mnote: [0mexpanded from macro 'IDS_APP_F11_KEY'[0m
#define IDS_APP_F11_KEY _Pragma("whitelisted_resource_27355") 27355
[0;1;32m                        ^
[0m[1m<scratch space>:18:2: [0m[0;1;30mnote: [0mexpanded from here[0m
 whitelisted_resource_27355
[0;1;32m ^
[0m[1m../../ui/base/accelerators/accelerator.cc:358:19: [0m[0;1;35mwarning: [0m[1munknown pragma ignored [-Wunknown-pragmas][0m
      string_id = IDS_APP_COMMA_KEY;
[0;1;32m                  ^
[0m[1mgen/ui/strings/grit/ui_strings.h:101:27: [0m[0;1;30mnote: [0mexpanded from macro 'IDS_APP_COMMA_KEY'[0m
#define IDS_APP_COMMA_KEY _Pragma("whitelisted_resource_27357") 27357
[0;1;32m                          ^
[0m[1m<scratch space>:20:2: [0m[0;1;30mnote: [0mexpanded from here[0m
 whitelisted_resource_27357
[0;1;32m ^
[0m[1m../../ui/base/accelerators/accelerator.cc:361:19: [0m[0;1;35mwarning: [0m[1munknown pragma ignored [-Wunknown-pragmas][0m
      string_id = IDS_APP_PERIOD_KEY;
[0;1;32m                  ^
[0m[1mgen/ui/strings/grit/ui_strings.h:102:28: [0m[0;1;30mnote: [0mexpanded from macro 'IDS_APP_PERIOD_KEY'[0m
#define IDS_APP_PERIOD_KEY _Pragma("whitelisted_resource_27358") 27358
[0;1;32m                           ^
[0m[1m<scratch space>:22:2: [0m[0;1;30mnote: [0mexpanded from here[0m
 whitelisted_resource_27358
[0;1;32m ^
[0m[1m../../ui/base/accelerators/accelerator.cc:364:19: [0m[0;1;35mwarning: [0m[1munknown pragma ignored [-Wunknown-pragmas][0m
      string_id = IDS_APP_MEDIA_NEXT_TRACK_KEY;
[0;1;32m                  ^
[0m[1mgen/ui/strings/grit/ui_strings.h:103:38: [0m[0;1;30mnote: [0mexpanded from macro 'IDS_APP_MEDIA_NEXT_TRACK_KEY'[0m
#define IDS_APP_MEDIA_NEXT_TRACK_KEY _Pragma("whitelisted_resource_27359") 27359
[0;1;32m                                     ^
[0m[1m<scratch space>:24:2: [0m[0;1;30mnote: [0mexpanded from here[0m
 whitelisted_resource_27359
[0;1;32m ^
[0m[1m../../ui/base/accelerators/accelerator.cc:367:19: [0m[0;1;35mwarning: [0m[1munknown pragma ignored [-Wunknown-pragmas][0m
      string_id = IDS_APP_MEDIA_PLAY_PAUSE_KEY;
[0;1;32m                  ^
[0m[1mgen/ui/strings/grit/ui_strings.h:104:38: [0m[0;1;30mnote: [0mexpanded from macro 'IDS_APP_MEDIA_PLAY_PAUSE_KEY'[0m
#define IDS_APP_MEDIA_PLAY_PAUSE_KEY _Pragma("whitelisted_resource_27360") 27360
[0;1;32m                                     ^
[0m[1m<scratch space>:26:2: [0m[0;1;30mnote: [0mexpanded from here[0m
 whitelisted_resource_27360
[0;1;32m ^
[0m[1m../../ui/base/accelerators/accelerator.cc:370:19: [0m[0;1;35mwarning: [0m[1munknown pragma ignored [-Wunknown-pragmas][0m
      string_id = IDS_APP_MEDIA_PREV_TRACK_KEY;
[0;1;32m                  ^
[0m[1mgen/ui/strings/grit/ui_strings.h:105:38: [0m[0;1;30mnote: [0mexpanded from macro 'IDS_APP_MEDIA_PREV_TRACK_KEY'[0m
#define IDS_APP_MEDIA_PREV_TRACK_KEY _Pragma("whitelisted_resource_27361") 27361
[0;1;32m                                     ^
[0m[1m<scratch space>:28:2: [0m[0;1;30mnote: [0mexpanded from here[0m
 whitelisted_resource_27361
[0;1;32m ^
[0m[1m../../ui/base/accelerators/accelerator.cc:373:19: [0m[0;1;35mwarning: [0m[1munknown pragma ignored [-Wunknown-pragmas][0m
      string_id = IDS_APP_MEDIA_STOP_KEY;
[0;1;32m                  ^
[0m[1mgen/ui/strings/grit/ui_strings.h:106:32: [0m[0;1;30mnote: [0mexpanded from macro 'IDS_APP_MEDIA_STOP_KEY'[0m
#define IDS_APP_MEDIA_STOP_KEY _Pragma("whitelisted_resource_27362") 27362
[0;1;32m                               ^
[0m[1m<scratch space>:30:2: [0m[0;1;30mnote: [0mexpanded from here[0m
 whitelisted_resource_27362
[0;1;32m ^
[0m26 warnings generated.
