[1m../../chrome/browser/ui/webui/system_info_ui.cc:131:56: [0m[0;1;35mwarning: [0m[1munknown pragma ignored [-Wunknown-pragmas][0m
  strings.SetString("title", l10n_util::GetStringUTF16(IDS_ABOUT_SYS_TITLE));
[0;1;32m                                                       ^
[0m[1mgen/chrome/grit/generated_resources.h:1658:29: [0m[0;1;30mnote: [0mexpanded from macro 'IDS_ABOUT_SYS_TITLE'[0m
#define IDS_ABOUT_SYS_TITLE _Pragma("whitelisted_resource_5229") 5229
[0;1;32m                            ^
[0m[1m<scratch space>:60:2: [0m[0;1;30mnote: [0mexpanded from here[0m
 whitelisted_resource_5229
[0;1;32m ^
[0m[1m../../chrome/browser/ui/webui/system_info_ui.cc:133:47: [0m[0;1;35mwarning: [0m[1munknown pragma ignored [-Wunknown-pragmas][0m
                    l10n_util::GetStringUTF16(IDS_ABOUT_SYS_DESC));
[0;1;32m                                              ^
[0m[1mgen/chrome/grit/generated_resources.h:1659:28: [0m[0;1;30mnote: [0mexpanded from macro 'IDS_ABOUT_SYS_DESC'[0m
#define IDS_ABOUT_SYS_DESC _Pragma("whitelisted_resource_5230") 5230
[0;1;32m                           ^
[0m[1m<scratch space>:62:2: [0m[0;1;30mnote: [0mexpanded from here[0m
 whitelisted_resource_5230
[0;1;32m ^
[0m[1m../../chrome/browser/ui/webui/system_info_ui.cc:135:47: [0m[0;1;35mwarning: [0m[1munknown pragma ignored [-Wunknown-pragmas][0m
                    l10n_util::GetStringUTF16(IDS_ABOUT_SYS_TABLE_TITLE));
[0;1;32m                                              ^
[0m[1mgen/chrome/grit/generated_resources.h:1660:35: [0m[0;1;30mnote: [0mexpanded from macro 'IDS_ABOUT_SYS_TABLE_TITLE'[0m
#define IDS_ABOUT_SYS_TABLE_TITLE _Pragma("whitelisted_resource_5231") 5231
[0;1;32m                                  ^
[0m[1m<scratch space>:64:2: [0m[0;1;30mnote: [0mexpanded from here[0m
 whitelisted_resource_5231
[0;1;32m ^
[0m[1m../../chrome/browser/ui/webui/system_info_ui.cc:138:33: [0m[0;1;35mwarning: [0m[1munknown pragma ignored [-Wunknown-pragmas][0m
      l10n_util::GetStringUTF16(IDS_ABOUT_SYS_LOG_FILE_TABLE_TITLE));
[0;1;32m                                ^
[0m[1mgen/chrome/grit/generated_resources.h:1661:44: [0m[0;1;30mnote: [0mexpanded from macro 'IDS_ABOUT_SYS_LOG_FILE_TABLE_TITLE'[0m
#define IDS_ABOUT_SYS_LOG_FILE_TABLE_TITLE _Pragma("whitelisted_resource_5232") 5232
[0;1;32m                                           ^
[0m[1m<scratch space>:66:2: [0m[0;1;30mnote: [0mexpanded from here[0m
 whitelisted_resource_5232
[0;1;32m ^
[0m[1m../../chrome/browser/ui/webui/system_info_ui.cc:140:47: [0m[0;1;35mwarning: [0m[1munknown pragma ignored [-Wunknown-pragmas][0m
                    l10n_util::GetStringUTF16(IDS_ABOUT_SYS_EXPAND_ALL));
[0;1;32m                                              ^
[0m[1mgen/chrome/grit/generated_resources.h:1662:34: [0m[0;1;30mnote: [0mexpanded from macro 'IDS_ABOUT_SYS_EXPAND_ALL'[0m
#define IDS_ABOUT_SYS_EXPAND_ALL _Pragma("whitelisted_resource_5233") 5233
[0;1;32m                                 ^
[0m[1m<scratch space>:68:2: [0m[0;1;30mnote: [0mexpanded from here[0m
 whitelisted_resource_5233
[0;1;32m ^
[0m[1m../../chrome/browser/ui/webui/system_info_ui.cc:142:47: [0m[0;1;35mwarning: [0m[1munknown pragma ignored [-Wunknown-pragmas][0m
                    l10n_util::GetStringUTF16(IDS_ABOUT_SYS_COLLAPSE_ALL));
[0;1;32m                                              ^
[0m[1mgen/chrome/grit/generated_resources.h:1663:36: [0m[0;1;30mnote: [0mexpanded from macro 'IDS_ABOUT_SYS_COLLAPSE_ALL'[0m
#define IDS_ABOUT_SYS_COLLAPSE_ALL _Pragma("whitelisted_resource_5234") 5234
[0;1;32m                                   ^
[0m[1m<scratch space>:70:2: [0m[0;1;30mnote: [0mexpanded from here[0m
 whitelisted_resource_5234
[0;1;32m ^
[0m[1m../../chrome/browser/ui/webui/system_info_ui.cc:144:47: [0m[0;1;35mwarning: [0m[1munknown pragma ignored [-Wunknown-pragmas][0m
                    l10n_util::GetStringUTF16(IDS_ABOUT_SYS_EXPAND));
[0;1;32m                                              ^
[0m[1mgen/chrome/grit/generated_resources.h:1664:30: [0m[0;1;30mnote: [0mexpanded from macro 'IDS_ABOUT_SYS_EXPAND'[0m
#define IDS_ABOUT_SYS_EXPAND _Pragma("whitelisted_resource_5235") 5235
[0;1;32m                             ^
[0m[1m<scratch space>:72:2: [0m[0;1;30mnote: [0mexpanded from here[0m
 whitelisted_resource_5235
[0;1;32m ^
[0m[1m../../chrome/browser/ui/webui/system_info_ui.cc:146:47: [0m[0;1;35mwarning: [0m[1munknown pragma ignored [-Wunknown-pragmas][0m
                    l10n_util::GetStringUTF16(IDS_ABOUT_SYS_COLLAPSE));
[0;1;32m                                              ^
[0m[1mgen/chrome/grit/generated_resources.h:1665:32: [0m[0;1;30mnote: [0mexpanded from macro 'IDS_ABOUT_SYS_COLLAPSE'[0m
#define IDS_ABOUT_SYS_COLLAPSE _Pragma("whitelisted_resource_5236") 5236
[0;1;32m                               ^
[0m[1m<scratch space>:74:2: [0m[0;1;30mnote: [0mexpanded from here[0m
 whitelisted_resource_5236
[0;1;32m ^
[0m[1m../../chrome/browser/ui/webui/system_info_ui.cc:148:47: [0m[0;1;35mwarning: [0m[1munknown pragma ignored [-Wunknown-pragmas][0m
                    l10n_util::GetStringUTF16(IDS_ABOUT_SYS_PARSE_ERROR));
[0;1;32m                                              ^
[0m[1mgen/chrome/grit/generated_resources.h:1666:35: [0m[0;1;30mnote: [0mexpanded from macro 'IDS_ABOUT_SYS_PARSE_ERROR'[0m
#define IDS_ABOUT_SYS_PARSE_ERROR _Pragma("whitelisted_resource_5237") 5237
[0;1;32m                                  ^
[0m[1m<scratch space>:76:2: [0m[0;1;30mnote: [0mexpanded from here[0m
 whitelisted_resource_5237
[0;1;32m ^
[0m[1m../../chrome/browser/ui/webui/system_info_ui.cc:167:11: [0m[0;1;35mwarning: [0m[1munknown pragma ignored [-Wunknown-pragmas][0m
          IDR_ABOUT_SYS_HTML));
[0;1;32m          ^
[0m[1mgen/chrome/grit/browser_resources.h:25:28: [0m[0;1;30mnote: [0mexpanded from macro 'IDR_ABOUT_SYS_HTML'[0m
#define IDR_ABOUT_SYS_HTML _Pragma("whitelisted_resource_11011") 11011
[0;1;32m                           ^
[0m[1m<scratch space>:78:2: [0m[0;1;30mnote: [0mexpanded from here[0m
 whitelisted_resource_11011
[0;1;32m ^
[0m10 warnings generated.
