[1m../../chrome/browser/ssl/cert_report_helper.cc:102:32: [0m[0;1;35mwarning: [0m[1munknown pragma ignored [-Wunknown-pragmas][0m
      l10n_util::GetStringUTF8(IDS_SAFE_BROWSING_PRIVACY_POLICY_PAGE).c_str());
[0;1;32m                               ^
[0m[1mgen/components/strings/grit/components_strings.h:814:47: [0m[0;1;30mnote: [0mexpanded from macro 'IDS_SAFE_BROWSING_PRIVACY_POLICY_PAGE'[0m
#define IDS_SAFE_BROWSING_PRIVACY_POLICY_PAGE _Pragma("whitelisted_resource_15945") 15945
[0;1;32m                                              ^
[0m[1m<scratch space>:117:2: [0m[0;1;30mnote: [0mexpanded from here[0m
 whitelisted_resource_15945
[0;1;32m ^
[0m[1m../../chrome/browser/ssl/cert_report_helper.cc:108:38: [0m[0;1;35mwarning: [0m[1munknown pragma ignored [-Wunknown-pragmas][0m
                                     IDS_SAFE_BROWSING_MALWARE_REPORTING_AGREE,
[0;1;32m                                     ^
[0m[1mgen/components/strings/grit/components_strings.h:815:51: [0m[0;1;30mnote: [0mexpanded from macro 'IDS_SAFE_BROWSING_MALWARE_REPORTING_AGREE'[0m
#define IDS_SAFE_BROWSING_MALWARE_REPORTING_AGREE _Pragma("whitelisted_resource_15946") 15946
[0;1;32m                                                  ^
[0m[1m<scratch space>:119:2: [0m[0;1;30mnote: [0mexpanded from here[0m
 whitelisted_resource_15946
[0;1;32m ^
[0m[1m../../chrome/browser/ssl/cert_report_helper.cc:109:38: [0m[0;1;35mwarning: [0m[1munknown pragma ignored [-Wunknown-pragmas][0m
                                     IDS_SAFE_BROWSING_SCOUT_REPORTING_AGREE),
[0;1;32m                                     ^
[0m[1mgen/components/strings/grit/components_strings.h:816:49: [0m[0;1;30mnote: [0mexpanded from macro 'IDS_SAFE_BROWSING_SCOUT_REPORTING_AGREE'[0m
#define IDS_SAFE_BROWSING_SCOUT_REPORTING_AGREE _Pragma("whitelisted_resource_15947") 15947
[0;1;32m                                                ^
[0m[1m<scratch space>:121:2: [0m[0;1;30mnote: [0mexpanded from here[0m
 whitelisted_resource_15947
[0;1;32m ^
[0m3 warnings generated.
