[1m../../content/browser/accessibility/accessibility_ui.cc:205:53: [0m[0;1;35mwarning: [0m[1munknown pragma ignored [-Wunknown-pragmas][0m
  html_source->AddResourcePath("accessibility.css", IDR_ACCESSIBILITY_CSS);
[0;1;32m                                                    ^
[0m[1mgen/content/grit/content_resources.h:6:31: [0m[0;1;30mnote: [0mexpanded from macro 'IDR_ACCESSIBILITY_CSS'[0m
#define IDR_ACCESSIBILITY_CSS _Pragma("whitelisted_resource_20401") 20401
[0;1;32m                              ^
[0m[1m<scratch space>:39:2: [0m[0;1;30mnote: [0mexpanded from here[0m
 whitelisted_resource_20401
[0;1;32m ^
[0m[1m../../content/browser/accessibility/accessibility_ui.cc:206:52: [0m[0;1;35mwarning: [0m[1munknown pragma ignored [-Wunknown-pragmas][0m
  html_source->AddResourcePath("accessibility.js", IDR_ACCESSIBILITY_JS);
[0;1;32m                                                   ^
[0m[1mgen/content/grit/content_resources.h:7:30: [0m[0;1;30mnote: [0mexpanded from macro 'IDR_ACCESSIBILITY_JS'[0m
#define IDR_ACCESSIBILITY_JS _Pragma("whitelisted_resource_20402") 20402
[0;1;32m                             ^
[0m[1m<scratch space>:41:2: [0m[0;1;30mnote: [0mexpanded from here[0m
 whitelisted_resource_20402
[0;1;32m ^
[0m[1m../../content/browser/accessibility/accessibility_ui.cc:207:35: [0m[0;1;35mwarning: [0m[1munknown pragma ignored [-Wunknown-pragmas][0m
  html_source->SetDefaultResource(IDR_ACCESSIBILITY_HTML);
[0;1;32m                                  ^
[0m[1mgen/content/grit/content_resources.h:5:32: [0m[0;1;30mnote: [0mexpanded from macro 'IDR_ACCESSIBILITY_HTML'[0m
#define IDR_ACCESSIBILITY_HTML _Pragma("whitelisted_resource_20400") 20400
[0;1;32m                               ^
[0m[1m<scratch space>:43:2: [0m[0;1;30mnote: [0mexpanded from here[0m
 whitelisted_resource_20400
[0;1;32m ^
[0m3 warnings generated.
