[1m../../chrome/browser/ui/bookmarks/bookmark_utils_desktop.cc:103:48: [0m[0;1;35mwarning: [0m[1munknown pragma ignored [-Wunknown-pragmas][0m
             parent, l10n_util::GetStringUTF16(IDS_PRODUCT_NAME),
[0;1;32m                                               ^
[0m[1mgen/chrome/grit/chromium_strings.h:34:26: [0m[0;1;30mnote: [0mexpanded from macro 'IDS_PRODUCT_NAME'[0m
#define IDS_PRODUCT_NAME _Pragma("whitelisted_resource_429") 429
[0;1;32m                         ^
[0m[1m<scratch space>:39:2: [0m[0;1;30mnote: [0mexpanded from here[0m
 whitelisted_resource_429
[0;1;32m ^
[0m[1m../../chrome/browser/ui/bookmarks/bookmark_utils_desktop.cc:104:41: [0m[0;1;35mwarning: [0m[1munknown pragma ignored [-Wunknown-pragmas][0m
             l10n_util::GetStringFUTF16(IDS_BOOKMARK_BAR_SHOULD_OPEN_ALL,
[0;1;32m                                        ^
[0m[1mgen/chrome/grit/generated_resources.h:30:42: [0m[0;1;30mnote: [0mexpanded from macro 'IDS_BOOKMARK_BAR_SHOULD_OPEN_ALL'[0m
#define IDS_BOOKMARK_BAR_SHOULD_OPEN_ALL _Pragma("whitelisted_resource_827") 827
[0;1;32m                                         ^
[0m[1m<scratch space>:41:2: [0m[0;1;30mnote: [0mexpanded from here[0m
 whitelisted_resource_827
[0;1;32m ^
[0m[1m../../chrome/browser/ui/bookmarks/bookmark_utils_desktop.cc:204:48: [0m[0;1;35mwarning: [0m[1munknown pragma ignored [-Wunknown-pragmas][0m
             window, l10n_util::GetStringUTF16(IDS_PRODUCT_NAME),
[0;1;32m                                               ^
[0m[1mgen/chrome/grit/chromium_strings.h:34:26: [0m[0;1;30mnote: [0mexpanded from macro 'IDS_PRODUCT_NAME'[0m
#define IDS_PRODUCT_NAME _Pragma("whitelisted_resource_429") 429
[0;1;32m                         ^
[0m[1m<scratch space>:44:2: [0m[0;1;30mnote: [0mexpanded from here[0m
 whitelisted_resource_429
[0;1;32m ^
[0m[1m../../chrome/browser/ui/bookmarks/bookmark_utils_desktop.cc:206:18: [0m[0;1;35mwarning: [0m[1munknown pragma ignored [-Wunknown-pragmas][0m
                 IDS_BOOKMARK_EDITOR_CONFIRM_DELETE,
[0;1;32m                 ^
[0m[1mgen/chrome/grit/generated_resources.h:46:44: [0m[0;1;30mnote: [0mexpanded from macro 'IDS_BOOKMARK_EDITOR_CONFIRM_DELETE'[0m
#define IDS_BOOKMARK_EDITOR_CONFIRM_DELETE _Pragma("whitelisted_resource_848") 848
[0;1;32m                                           ^
[0m[1m<scratch space>:46:2: [0m[0;1;30mnote: [0mexpanded from here[0m
 whitelisted_resource_848
[0;1;32m ^
[0m4 warnings generated.
