[1m../../chrome/browser/sync/profile_sync_service_android.cc:430:9: [0m[0;1;35mwarning: [0m[1munknown pragma ignored [-Wunknown-pragmas][0m
        IDS_SYNC_ENTER_GOOGLE_PASSPHRASE_BODY_WITH_DATE,
[0;1;32m        ^
[0m[1mgen/chrome/grit/generated_resources.h:2310:57: [0m[0;1;30mnote: [0mexpanded from macro 'IDS_SYNC_ENTER_GOOGLE_PASSPHRASE_BODY_WITH_DATE'[0m
#define IDS_SYNC_ENTER_GOOGLE_PASSPHRASE_BODY_WITH_DATE _Pragma("whitelisted_resource_5957") 5957
[0;1;32m                                                        ^
[0m[1m<scratch space>:47:2: [0m[0;1;30mnote: [0mexpanded from here[0m
 whitelisted_resource_5957
[0;1;32m ^
[0m[1m../../chrome/browser/sync/profile_sync_service_android.cc:443:34: [0m[0;1;35mwarning: [0m[1munknown pragma ignored [-Wunknown-pragmas][0m
      l10n_util::GetStringFUTF16(IDS_SYNC_ENTER_PASSPHRASE_BODY_WITH_DATE,
[0;1;32m                                 ^
[0m[1mgen/components/strings/grit/components_strings.h:968:50: [0m[0;1;30mnote: [0mexpanded from macro 'IDS_SYNC_ENTER_PASSPHRASE_BODY_WITH_DATE'[0m
#define IDS_SYNC_ENTER_PASSPHRASE_BODY_WITH_DATE _Pragma("whitelisted_resource_16101") 16101
[0;1;32m                                                 ^
[0m[1m<scratch space>:49:2: [0m[0;1;30mnote: [0mexpanded from here[0m
 whitelisted_resource_16101
[0;1;32m ^
[0m[1m../../chrome/browser/sync/profile_sync_service_android.cc:455:39: [0m[0;1;35mwarning: [0m[1munknown pragma ignored [-Wunknown-pragmas][0m
      env, l10n_util::GetStringFUTF16(IDS_SYNC_ACCOUNT_INFO,
[0;1;32m                                      ^
[0m[1mgen/chrome/grit/generated_resources.h:2311:31: [0m[0;1;30mnote: [0mexpanded from macro 'IDS_SYNC_ACCOUNT_INFO'[0m
#define IDS_SYNC_ACCOUNT_INFO _Pragma("whitelisted_resource_5958") 5958
[0;1;32m                              ^
[0m[1m<scratch space>:51:2: [0m[0;1;30mnote: [0mexpanded from here[0m
 whitelisted_resource_5958
[0;1;32m ^
[0m[1m../../chrome/browser/sync/profile_sync_service_android.cc:465:37: [0m[0;1;35mwarning: [0m[1munknown pragma ignored [-Wunknown-pragmas][0m
      env, l10n_util::GetStringUTF8(IDS_SYNC_ENTER_PASSPHRASE_BODY));
[0;1;32m                                    ^
[0m[1mgen/components/strings/grit/components_strings.h:969:40: [0m[0;1;30mnote: [0mexpanded from macro 'IDS_SYNC_ENTER_PASSPHRASE_BODY'[0m
#define IDS_SYNC_ENTER_PASSPHRASE_BODY _Pragma("whitelisted_resource_16102") 16102
[0;1;32m                                       ^
[0m[1m<scratch space>:53:2: [0m[0;1;30mnote: [0mexpanded from here[0m
 whitelisted_resource_16102
[0;1;32m ^
[0m4 warnings generated.
