[1m../../chrome/browser/themes/theme_service.cc:727:23: [0m[0;1;35mwarning: [0m[1munknown pragma ignored [-Wunknown-pragmas][0m
      !HasCustomImage(IDR_THEME_NTP_BACKGROUND)) {
[0;1;32m                      ^
[0m[1mgen/chrome/grit/theme_resources.h:108:34: [0m[0;1;30mnote: [0mexpanded from macro 'IDR_THEME_NTP_BACKGROUND'[0m
#define IDR_THEME_NTP_BACKGROUND _Pragma("whitelisted_resource_10490") 10490
[0;1;32m                                 ^
[0m[1m<scratch space>:31:2: [0m[0;1;30mnote: [0mexpanded from here[0m
 whitelisted_resource_10490
[0;1;32m ^
[0m[1m../../chrome/browser/themes/theme_service.cc:764:26: [0m[0;1;35mwarning: [0m[1munknown pragma ignored [-Wunknown-pragmas][0m
      if (HasCustomImage(IDR_THEME_NTP_BACKGROUND))
[0;1;32m                         ^
[0m[1mgen/chrome/grit/theme_resources.h:108:34: [0m[0;1;30mnote: [0mexpanded from macro 'IDR_THEME_NTP_BACKGROUND'[0m
#define IDR_THEME_NTP_BACKGROUND _Pragma("whitelisted_resource_10490") 10490
[0;1;32m                                 ^
[0m[1m<scratch space>:33:2: [0m[0;1;30mnote: [0mexpanded from here[0m
 whitelisted_resource_10490
[0;1;32m ^
[0m[1m../../chrome/browser/themes/theme_service.cc:780:13: [0m[0;1;35mwarning: [0m[1munknown pragma ignored [-Wunknown-pragmas][0m
  if (id == IDR_PRODUCT_LOGO && ntp_alternate != 0)
[0;1;32m            ^
[0m[1mgen/components/grit/components_scaled_resources.h:30:26: [0m[0;1;30mnote: [0mexpanded from macro 'IDR_PRODUCT_LOGO'[0m
#define IDR_PRODUCT_LOGO _Pragma("whitelisted_resource_17228") 17228
[0;1;32m                         ^
[0m[1m<scratch space>:35:2: [0m[0;1;30mnote: [0mexpanded from here[0m
 whitelisted_resource_17228
[0;1;32m ^
[0m[1m../../chrome/browser/themes/theme_service.cc:781:10: [0m[0;1;35mwarning: [0m[1munknown pragma ignored [-Wunknown-pragmas][0m
    id = IDR_PRODUCT_LOGO_WHITE;
[0;1;32m         ^
[0m[1mgen/chrome/grit/theme_resources.h:57:32: [0m[0;1;30mnote: [0mexpanded from macro 'IDR_PRODUCT_LOGO_WHITE'[0m
#define IDR_PRODUCT_LOGO_WHITE _Pragma("whitelisted_resource_10335") 10335
[0;1;32m                               ^
[0m[1m<scratch space>:37:2: [0m[0;1;30mnote: [0mexpanded from here[0m
 whitelisted_resource_10335
[0;1;32m ^
[0m[1m../../chrome/browser/themes/theme_service.cc:797:15: [0m[0;1;35mwarning: [0m[1munknown pragma ignored [-Wunknown-pragmas][0m
    if (id == IDR_THEME_FRAME)
[0;1;32m              ^
[0m[1mgen/chrome/grit/theme_resources.h:101:25: [0m[0;1;30mnote: [0mexpanded from macro 'IDR_THEME_FRAME'[0m
#define IDR_THEME_FRAME _Pragma("whitelisted_resource_10483") 10483
[0;1;32m                        ^
[0m[1m<scratch space>:39:2: [0m[0;1;30mnote: [0mexpanded from here[0m
 whitelisted_resource_10483
[0;1;32m ^
[0m[1m../../chrome/browser/themes/theme_service.cc:798:21: [0m[0;1;35mwarning: [0m[1munknown pragma ignored [-Wunknown-pragmas][0m
      adjusted_id = IDR_THEME_FRAME_INCOGNITO;
[0;1;32m                    ^
[0m[1mgen/chrome/grit/theme_resources.h:103:35: [0m[0;1;30mnote: [0mexpanded from macro 'IDR_THEME_FRAME_INCOGNITO'[0m
#define IDR_THEME_FRAME_INCOGNITO _Pragma("whitelisted_resource_10485") 10485
[0;1;32m                                  ^
[0m[1m<scratch space>:41:2: [0m[0;1;30mnote: [0mexpanded from here[0m
 whitelisted_resource_10485
[0;1;32m ^
[0m[1m../../chrome/browser/themes/theme_service.cc:799:20: [0m[0;1;35mwarning: [0m[1munknown pragma ignored [-Wunknown-pragmas][0m
    else if (id == IDR_THEME_FRAME_INACTIVE)
[0;1;32m                   ^
[0m[1mgen/chrome/grit/theme_resources.h:102:34: [0m[0;1;30mnote: [0mexpanded from macro 'IDR_THEME_FRAME_INACTIVE'[0m
#define IDR_THEME_FRAME_INACTIVE _Pragma("whitelisted_resource_10484") 10484
[0;1;32m                                 ^
[0m[1m<scratch space>:43:2: [0m[0;1;30mnote: [0mexpanded from here[0m
 whitelisted_resource_10484
[0;1;32m ^
[0m[1m../../chrome/browser/themes/theme_service.cc:800:21: [0m[0;1;35mwarning: [0m[1munknown pragma ignored [-Wunknown-pragmas][0m
      adjusted_id = IDR_THEME_FRAME_INCOGNITO_INACTIVE;
[0;1;32m                    ^
[0m[1mgen/chrome/grit/theme_resources.h:104:44: [0m[0;1;30mnote: [0mexpanded from macro 'IDR_THEME_FRAME_INCOGNITO_INACTIVE'[0m
#define IDR_THEME_FRAME_INCOGNITO_INACTIVE _Pragma("whitelisted_resource_10486") 10486
[0;1;32m                                           ^
[0m[1m<scratch space>:45:2: [0m[0;1;30mnote: [0mexpanded from here[0m
 whitelisted_resource_10486
[0;1;32m ^
[0m8 warnings generated.
