[1m../../chrome/browser/policy/network_prediction_policy_handler.cc:35:51: [0m[0;1;35mwarning: [0m[1munknown pragma ignored [-Wunknown-pragmas][0m
    errors->AddError(key::kDnsPrefetchingEnabled, IDS_POLICY_TYPE_ERROR,
[0;1;32m                                                  ^
[0m[1mgen/components/strings/grit/components_strings.h:665:31: [0m[0;1;30mnote: [0mexpanded from macro 'IDS_POLICY_TYPE_ERROR'[0m
#define IDS_POLICY_TYPE_ERROR _Pragma("whitelisted_resource_15791") 15791
[0;1;32m                              ^
[0m[1m<scratch space>:265:2: [0m[0;1;30mnote: [0mexpanded from here[0m
 whitelisted_resource_15791
[0;1;32m ^
[0m[1m../../chrome/browser/policy/network_prediction_policy_handler.cc:40:54: [0m[0;1;35mwarning: [0m[1munknown pragma ignored [-Wunknown-pragmas][0m
    errors->AddError(key::kNetworkPredictionOptions, IDS_POLICY_TYPE_ERROR,
[0;1;32m                                                     ^
[0m[1mgen/components/strings/grit/components_strings.h:665:31: [0m[0;1;30mnote: [0mexpanded from macro 'IDS_POLICY_TYPE_ERROR'[0m
#define IDS_POLICY_TYPE_ERROR _Pragma("whitelisted_resource_15791") 15791
[0;1;32m                              ^
[0m[1m<scratch space>:267:2: [0m[0;1;30mnote: [0mexpanded from here[0m
 whitelisted_resource_15791
[0;1;32m ^
[0m[1m../../chrome/browser/policy/network_prediction_policy_handler.cc:46:22: [0m[0;1;35mwarning: [0m[1munknown pragma ignored [-Wunknown-pragmas][0m
                     IDS_POLICY_OVERRIDDEN,
[0;1;32m                     ^
[0m[1mgen/components/strings/grit/components_strings.h:684:31: [0m[0;1;30mnote: [0mexpanded from macro 'IDS_POLICY_OVERRIDDEN'[0m
#define IDS_POLICY_OVERRIDDEN _Pragma("whitelisted_resource_15810") 15810
[0;1;32m                              ^
[0m[1m<scratch space>:269:2: [0m[0;1;30mnote: [0mexpanded from here[0m
 whitelisted_resource_15810
[0;1;32m ^
[0m3 warnings generated.
