[1m../../chrome/browser/ui/webui/signin/signin_create_profile_handler.cc:61:11: [0m[0;1;35mwarning: [0m[1munknown pragma ignored [-Wunknown-pragmas][0m
          IDS_PROFILES_CREATE_DESKTOP_SHORTCUT_LABEL));
[0;1;32m          ^
[0m[1mgen/chrome/grit/generated_resources.h:2577:52: [0m[0;1;30mnote: [0mexpanded from macro 'IDS_PROFILES_CREATE_DESKTOP_SHORTCUT_LABEL'[0m
#define IDS_PROFILES_CREATE_DESKTOP_SHORTCUT_LABEL _Pragma("whitelisted_resource_6336") 6336
[0;1;32m                                                   ^
[0m[1m<scratch space>:147:2: [0m[0;1;30mnote: [0mexpanded from here[0m
 whitelisted_resource_6336
[0;1;32m ^
[0m[1m../../chrome/browser/ui/webui/signin/signin_create_profile_handler.cc:63:58: [0m[0;1;35mwarning: [0m[1munknown pragma ignored [-Wunknown-pragmas][0m
                               l10n_util::GetStringUTF16(IDS_ADD));
[0;1;32m                                                         ^
[0m[1mgen/components/strings/grit/components_strings.h:1023:17: [0m[0;1;30mnote: [0mexpanded from macro 'IDS_ADD'[0m
#define IDS_ADD _Pragma("whitelisted_resource_16161") 16161
[0;1;32m                ^
[0m[1m<scratch space>:149:2: [0m[0;1;30mnote: [0mexpanded from here[0m
 whitelisted_resource_16161
[0;1;32m ^
[0m[1m../../chrome/browser/ui/webui/signin/signin_create_profile_handler.cc:65:58: [0m[0;1;35mwarning: [0m[1munknown pragma ignored [-Wunknown-pragmas][0m
                               l10n_util::GetStringUTF16(IDS_LEARN_MORE));
[0;1;32m                                                         ^
[0m[1mgen/components/strings/grit/components_strings.h:1021:24: [0m[0;1;30mnote: [0mexpanded from macro 'IDS_LEARN_MORE'[0m
#define IDS_LEARN_MORE _Pragma("whitelisted_resource_16159") 16159
[0;1;32m                       ^
[0m[1m<scratch space>:151:2: [0m[0;1;30mnote: [0mexpanded from here[0m
 whitelisted_resource_16159
[0;1;32m ^
[0m[1m../../chrome/browser/ui/webui/signin/signin_create_profile_handler.cc:68:33: [0m[0;1;35mwarning: [0m[1munknown pragma ignored [-Wunknown-pragmas][0m
      l10n_util::GetStringUTF16(IDS_PROFILES_CREATE_TITLE));
[0;1;32m                                ^
[0m[1mgen/chrome/grit/generated_resources.h:2572:35: [0m[0;1;30mnote: [0mexpanded from macro 'IDS_PROFILES_CREATE_TITLE'[0m
#define IDS_PROFILES_CREATE_TITLE _Pragma("whitelisted_resource_6331") 6331
[0;1;32m                                  ^
[0m[1m<scratch space>:153:2: [0m[0;1;30mnote: [0mexpanded from here[0m
 whitelisted_resource_6331
[0;1;32m ^
[0m[1m../../chrome/browser/ui/webui/signin/signin_create_profile_handler.cc:72:11: [0m[0;1;35mwarning: [0m[1munknown pragma ignored [-Wunknown-pragmas][0m
          IDS_PROFILES_PROFILE_SIGNOUT_BUTTON));
[0;1;32m          ^
[0m[1mgen/chrome/grit/generated_resources.h:2119:45: [0m[0;1;30mnote: [0mexpanded from macro 'IDS_PROFILES_PROFILE_SIGNOUT_BUTTON'[0m
#define IDS_PROFILES_PROFILE_SIGNOUT_BUTTON _Pragma("whitelisted_resource_5757") 5757
[0;1;32m                                            ^
[0m[1m<scratch space>:155:2: [0m[0;1;30mnote: [0mexpanded from here[0m
 whitelisted_resource_5757
[0;1;32m ^
[0m[1m../../chrome/browser/ui/webui/signin/signin_create_profile_handler.cc:276:36: [0m[0;1;35mwarning: [0m[1munknown pragma ignored [-Wunknown-pragmas][0m
  return l10n_util::GetStringUTF16(IDS_PROFILES_CREATE_LOCAL_ERROR);
[0;1;32m                                   ^
[0m[1mgen/chrome/grit/generated_resources.h:2574:41: [0m[0;1;30mnote: [0mexpanded from macro 'IDS_PROFILES_CREATE_LOCAL_ERROR'[0m
#define IDS_PROFILES_CREATE_LOCAL_ERROR _Pragma("whitelisted_resource_6333") 6333
[0;1;32m                                        ^
[0m[1m<scratch space>:158:2: [0m[0;1;30mnote: [0mexpanded from here[0m
 whitelisted_resource_6333
[0;1;32m ^
[0m6 warnings generated.
