[1m../../chrome/browser/ui/views/payments/error_message_view_controller.cc:32:43: [0m[0;1;35mwarning: [0m[1munknown pragma ignored [-Wunknown-pragmas][0m
          this, l10n_util::GetStringUTF16(IDS_CLOSE)));
[0;1;32m                                          ^
[0m[1mgen/components/strings/grit/components_strings.h:1019:19: [0m[0;1;30mnote: [0mexpanded from macro 'IDS_CLOSE'[0m
#define IDS_CLOSE _Pragma("whitelisted_resource_16157") 16157
[0;1;32m                  ^
[0m[1m<scratch space>:135:2: [0m[0;1;30mnote: [0mexpanded from here[0m
 whitelisted_resource_16157
[0;1;32m ^
[0m[1m../../chrome/browser/ui/views/payments/error_message_view_controller.cc:47:36: [0m[0;1;35mwarning: [0m[1munknown pragma ignored [-Wunknown-pragmas][0m
  return l10n_util::GetStringUTF16(IDS_PAYMENTS_ERROR_MESSAGE_DIALOG_TITLE);
[0;1;32m                                   ^
[0m[1mgen/components/strings/grit/components_strings.h:495:49: [0m[0;1;30mnote: [0mexpanded from macro 'IDS_PAYMENTS_ERROR_MESSAGE_DIALOG_TITLE'[0m
#define IDS_PAYMENTS_ERROR_MESSAGE_DIALOG_TITLE _Pragma("whitelisted_resource_15603") 15603
[0;1;32m                                                ^
[0m[1m<scratch space>:137:2: [0m[0;1;30mnote: [0mexpanded from here[0m
 whitelisted_resource_15603
[0;1;32m ^
[0m[1m../../chrome/browser/ui/views/payments/error_message_view_controller.cc:60:33: [0m[0;1;35mwarning: [0m[1munknown pragma ignored [-Wunknown-pragmas][0m
      l10n_util::GetStringUTF16(IDS_PAYMENTS_ERROR_MESSAGE));
[0;1;32m                                ^
[0m[1mgen/components/strings/grit/components_strings.h:552:36: [0m[0;1;30mnote: [0mexpanded from macro 'IDS_PAYMENTS_ERROR_MESSAGE'[0m
#define IDS_PAYMENTS_ERROR_MESSAGE _Pragma("whitelisted_resource_15660") 15660
[0;1;32m                                   ^
[0m[1m<scratch space>:139:2: [0m[0;1;30mnote: [0mexpanded from here[0m
 whitelisted_resource_15660
[0;1;32m ^
[0m3 warnings generated.
