[1m../../chrome/browser/ui/views/profiles/forced_reauthentication_dialog_view.cc:143:33: [0m[0;1;35mwarning: [0m[1munknown pragma ignored [-Wunknown-pragmas][0m
      l10n_util::GetStringUTF16(IDS_ENTERPRISE_FORCE_SIGNOUT_TITLE),
[0;1;32m                                ^
[0m[1mgen/chrome/grit/generated_resources.h:2036:44: [0m[0;1;30mnote: [0mexpanded from macro 'IDS_ENTERPRISE_FORCE_SIGNOUT_TITLE'[0m
#define IDS_ENTERPRISE_FORCE_SIGNOUT_TITLE _Pragma("whitelisted_resource_5660") 5660
[0;1;32m                                           ^
[0m[1m<scratch space>:35:2: [0m[0;1;30mnote: [0mexpanded from here[0m
 whitelisted_resource_5660
[0;1;32m ^
[0m[1m../../chrome/browser/ui/views/profiles/forced_reauthentication_dialog_view.cc:151:9: [0m[0;1;35mwarning: [0m[1munknown pragma ignored [-Wunknown-pragmas][0m
        IDS_ENTERPRISE_FORCE_SIGNOUT_CLOSE_CONFIRM);
[0;1;32m        ^
[0m[1mgen/chrome/grit/generated_resources.h:2037:52: [0m[0;1;30mnote: [0mexpanded from macro 'IDS_ENTERPRISE_FORCE_SIGNOUT_CLOSE_CONFIRM'[0m
#define IDS_ENTERPRISE_FORCE_SIGNOUT_CLOSE_CONFIRM _Pragma("whitelisted_resource_5661") 5661
[0;1;32m                                                   ^
[0m[1m<scratch space>:37:2: [0m[0;1;30mnote: [0mexpanded from here[0m
 whitelisted_resource_5661
[0;1;32m ^
[0m[1m../../chrome/browser/ui/views/profiles/forced_reauthentication_dialog_view.cc:153:36: [0m[0;1;35mwarning: [0m[1munknown pragma ignored [-Wunknown-pragmas][0m
  return l10n_util::GetStringUTF16(IDS_ENTERPRISE_FORCE_SIGNOUT_CLOSE_DELAY);
[0;1;32m                                   ^
[0m[1mgen/chrome/grit/generated_resources.h:2038:50: [0m[0;1;30mnote: [0mexpanded from macro 'IDS_ENTERPRISE_FORCE_SIGNOUT_CLOSE_DELAY'[0m
#define IDS_ENTERPRISE_FORCE_SIGNOUT_CLOSE_DELAY _Pragma("whitelisted_resource_5662") 5662
[0;1;32m                                                 ^
[0m[1m<scratch space>:39:2: [0m[0;1;30mnote: [0mexpanded from here[0m
 whitelisted_resource_5662
[0;1;32m ^
[0m[1m../../chrome/browser/ui/views/profiles/forced_reauthentication_dialog_view.cc:170:34: [0m[0;1;35mwarning: [0m[1munknown pragma ignored [-Wunknown-pragmas][0m
      l10n_util::GetStringFUTF16(IDS_ENTERPRISE_SIGNIN_ALERT, domain, &offset);
[0;1;32m                                 ^
[0m[1mgen/chrome/grit/generated_resources.h:2035:37: [0m[0;1;30mnote: [0mexpanded from macro 'IDS_ENTERPRISE_SIGNIN_ALERT'[0m
#define IDS_ENTERPRISE_SIGNIN_ALERT _Pragma("whitelisted_resource_5659") 5659
[0;1;32m                                    ^
[0m[1m<scratch space>:41:2: [0m[0;1;30mnote: [0mexpanded from here[0m
 whitelisted_resource_5659
[0;1;32m ^
[0m[1m../../chrome/browser/ui/views/profiles/forced_reauthentication_dialog_view.cc:192:7: [0m[0;1;35mwarning: [0m[1munknown pragma ignored [-Wunknown-pragmas][0m
      IDS_ENTERPRISE_FORCE_SIGNOUT_ADDITIONAL_EXPLANATION);
[0;1;32m      ^
[0m[1mgen/chrome/grit/generated_resources.h:2039:61: [0m[0;1;30mnote: [0mexpanded from macro 'IDS_ENTERPRISE_FORCE_SIGNOUT_ADDITIONAL_EXPLANATION'[0m
#define IDS_ENTERPRISE_FORCE_SIGNOUT_ADDITIONAL_EXPLANATION _Pragma("whitelisted_resource_5663") 5663
[0;1;32m                                                            ^
[0m[1m<scratch space>:43:2: [0m[0;1;30mnote: [0mexpanded from here[0m
 whitelisted_resource_5663
[0;1;32m ^
[0m[1m../../chrome/browser/ui/views/profiles/forced_reauthentication_dialog_view.cc:195:9: [0m[0;1;35mwarning: [0m[1munknown pragma ignored [-Wunknown-pragmas][0m
        IDS_ENTERPRISE_FORCE_SIGNOUT_EXPLANATION_WITHOUT_USER_NAME,
[0;1;32m        ^
[0m[1mgen/chrome/grit/chromium_strings.h:107:68: [0m[0;1;30mnote: [0mexpanded from macro 'IDS_ENTERPRISE_FORCE_SIGNOUT_EXPLANATION_WITHOUT_USER_NAME'[0m
#define IDS_ENTERPRISE_FORCE_SIGNOUT_EXPLANATION_WITHOUT_USER_NAME _Pragma("whitelisted_resource_554") 554
[0;1;32m                                                                   ^
[0m[1m<scratch space>:45:2: [0m[0;1;30mnote: [0mexpanded from here[0m
 whitelisted_resource_554
[0;1;32m ^
[0m[1m../../chrome/browser/ui/views/profiles/forced_reauthentication_dialog_view.cc:199:36: [0m[0;1;35mwarning: [0m[1munknown pragma ignored [-Wunknown-pragmas][0m
        l10n_util::GetStringFUTF16(IDS_ENTERPRISE_FORCE_SIGNOUT_EXPLANATION,
[0;1;32m                                   ^
[0m[1mgen/chrome/grit/chromium_strings.h:106:50: [0m[0;1;30mnote: [0mexpanded from macro 'IDS_ENTERPRISE_FORCE_SIGNOUT_EXPLANATION'[0m
#define IDS_ENTERPRISE_FORCE_SIGNOUT_EXPLANATION _Pragma("whitelisted_resource_553") 553
[0;1;32m                                                 ^
[0m[1m<scratch space>:47:2: [0m[0;1;30mnote: [0mexpanded from here[0m
 whitelisted_resource_553
[0;1;32m ^
[0m7 warnings generated.
