[1m../../components/supervised_user_error_page/supervised_user_error_page.cc:46:16: [0m[0;1;35mwarning: [0m[1munknown pragma ignored [-Wunknown-pragmas][0m
        return IDS_SUPERVISED_USER_BLOCK_MESSAGE_DEFAULT;
[0;1;32m               ^
[0m[1mgen/components/strings/grit/components_strings.h:945:51: [0m[0;1;30mnote: [0mexpanded from macro 'IDS_SUPERVISED_USER_BLOCK_MESSAGE_DEFAULT'[0m
#define IDS_SUPERVISED_USER_BLOCK_MESSAGE_DEFAULT _Pragma("whitelisted_resource_16078") 16078
[0;1;32m                                                  ^
[0m[1m<scratch space>:156:2: [0m[0;1;30mnote: [0mexpanded from here[0m
 whitelisted_resource_16078
[0;1;32m ^
[0m[1m../../components/supervised_user_error_page/supervised_user_error_page.cc:48:16: [0m[0;1;35mwarning: [0m[1munknown pragma ignored [-Wunknown-pragmas][0m
        return IDS_CHILD_BLOCK_MESSAGE_DEFAULT_SINGLE_PARENT;
[0;1;32m               ^
[0m[1mgen/components/strings/grit/components_strings.h:943:55: [0m[0;1;30mnote: [0mexpanded from macro 'IDS_CHILD_BLOCK_MESSAGE_DEFAULT_SINGLE_PARENT'[0m
#define IDS_CHILD_BLOCK_MESSAGE_DEFAULT_SINGLE_PARENT _Pragma("whitelisted_resource_16076") 16076
[0;1;32m                                                      ^
[0m[1m<scratch space>:158:2: [0m[0;1;30mnote: [0mexpanded from here[0m
 whitelisted_resource_16076
[0;1;32m ^
[0m[1m../../components/supervised_user_error_page/supervised_user_error_page.cc:49:14: [0m[0;1;35mwarning: [0m[1munknown pragma ignored [-Wunknown-pragmas][0m
      return IDS_CHILD_BLOCK_MESSAGE_DEFAULT_MULTI_PARENT;
[0;1;32m             ^
[0m[1mgen/components/strings/grit/components_strings.h:944:54: [0m[0;1;30mnote: [0mexpanded from macro 'IDS_CHILD_BLOCK_MESSAGE_DEFAULT_MULTI_PARENT'[0m
#define IDS_CHILD_BLOCK_MESSAGE_DEFAULT_MULTI_PARENT _Pragma("whitelisted_resource_16077") 16077
[0;1;32m                                                     ^
[0m[1m<scratch space>:160:2: [0m[0;1;30mnote: [0mexpanded from here[0m
 whitelisted_resource_16077
[0;1;32m ^
[0m[1m../../components/supervised_user_error_page/supervised_user_error_page.cc:52:14: [0m[0;1;35mwarning: [0m[1munknown pragma ignored [-Wunknown-pragmas][0m
      return IDS_SUPERVISED_USER_BLOCK_MESSAGE_SAFE_SITES;
[0;1;32m             ^
[0m[1mgen/components/strings/grit/components_strings.h:946:54: [0m[0;1;30mnote: [0mexpanded from macro 'IDS_SUPERVISED_USER_BLOCK_MESSAGE_SAFE_SITES'[0m
#define IDS_SUPERVISED_USER_BLOCK_MESSAGE_SAFE_SITES _Pragma("whitelisted_resource_16079") 16079
[0;1;32m                                                     ^
[0m[1m<scratch space>:162:2: [0m[0;1;30mnote: [0mexpanded from here[0m
 whitelisted_resource_16079
[0;1;32m ^
[0m[1m../../components/supervised_user_error_page/supervised_user_error_page.cc:58:16: [0m[0;1;35mwarning: [0m[1munknown pragma ignored [-Wunknown-pragmas][0m
        return IDS_SUPERVISED_USER_BLOCK_MESSAGE_MANUAL;
[0;1;32m               ^
[0m[1mgen/components/strings/grit/components_strings.h:949:50: [0m[0;1;30mnote: [0mexpanded from macro 'IDS_SUPERVISED_USER_BLOCK_MESSAGE_MANUAL'[0m
#define IDS_SUPERVISED_USER_BLOCK_MESSAGE_MANUAL _Pragma("whitelisted_resource_16082") 16082
[0;1;32m                                                 ^
[0m[1m<scratch space>:164:2: [0m[0;1;30mnote: [0mexpanded from here[0m
 whitelisted_resource_16082
[0;1;32m ^
[0m[1m../../components/supervised_user_error_page/supervised_user_error_page.cc:60:16: [0m[0;1;35mwarning: [0m[1munknown pragma ignored [-Wunknown-pragmas][0m
        return IDS_CHILD_BLOCK_MESSAGE_MANUAL_SINGLE_PARENT;
[0;1;32m               ^
[0m[1mgen/components/strings/grit/components_strings.h:947:54: [0m[0;1;30mnote: [0mexpanded from macro 'IDS_CHILD_BLOCK_MESSAGE_MANUAL_SINGLE_PARENT'[0m
#define IDS_CHILD_BLOCK_MESSAGE_MANUAL_SINGLE_PARENT _Pragma("whitelisted_resource_16080") 16080
[0;1;32m                                                     ^
[0m[1m<scratch space>:166:2: [0m[0;1;30mnote: [0mexpanded from here[0m
 whitelisted_resource_16080
[0;1;32m ^
[0m[1m../../components/supervised_user_error_page/supervised_user_error_page.cc:61:14: [0m[0;1;35mwarning: [0m[1munknown pragma ignored [-Wunknown-pragmas][0m
      return IDS_CHILD_BLOCK_MESSAGE_MANUAL_MULTI_PARENT;
[0;1;32m             ^
[0m[1mgen/components/strings/grit/components_strings.h:948:53: [0m[0;1;30mnote: [0mexpanded from macro 'IDS_CHILD_BLOCK_MESSAGE_MANUAL_MULTI_PARENT'[0m
#define IDS_CHILD_BLOCK_MESSAGE_MANUAL_MULTI_PARENT _Pragma("whitelisted_resource_16081") 16081
[0;1;32m                                                    ^
[0m[1m<scratch space>:168:2: [0m[0;1;30mnote: [0mexpanded from here[0m
 whitelisted_resource_16081
[0;1;32m ^
[0m[1m../../components/supervised_user_error_page/supervised_user_error_page.cc:63:14: [0m[0;1;35mwarning: [0m[1munknown pragma ignored [-Wunknown-pragmas][0m
      return IDS_SUPERVISED_USER_NOT_SIGNED_IN;
[0;1;32m             ^
[0m[1mgen/components/strings/grit/components_strings.h:950:43: [0m[0;1;30mnote: [0mexpanded from macro 'IDS_SUPERVISED_USER_NOT_SIGNED_IN'[0m
#define IDS_SUPERVISED_USER_NOT_SIGNED_IN _Pragma("whitelisted_resource_16083") 16083
[0;1;32m                                          ^
[0m[1m<scratch space>:170:2: [0m[0;1;30mnote: [0mexpanded from here[0m
 whitelisted_resource_16083
[0;1;32m ^
[0m[1m../../components/supervised_user_error_page/supervised_user_error_page.cc:82:47: [0m[0;1;35mwarning: [0m[1munknown pragma ignored [-Wunknown-pragmas][0m
                    l10n_util::GetStringUTF16(IDS_BLOCK_INTERSTITIAL_TITLE));
[0;1;32m                                              ^
[0m[1mgen/components/strings/grit/components_strings.h:924:38: [0m[0;1;30mnote: [0mexpanded from macro 'IDS_BLOCK_INTERSTITIAL_TITLE'[0m
#define IDS_BLOCK_INTERSTITIAL_TITLE _Pragma("whitelisted_resource_16057") 16057
[0;1;32m                                     ^
[0m[1m<scratch space>:172:2: [0m[0;1;30mnote: [0mexpanded from here[0m
 whitelisted_resource_16057
[0;1;32m ^
[0m[1m../../components/supervised_user_error_page/supervised_user_error_page.cc:102:35: [0m[0;1;35mwarning: [0m[1munknown pragma ignored [-Wunknown-pragmas][0m
        l10n_util::GetStringUTF16(IDS_BLOCK_INTERSTITIAL_HEADER_NOT_SIGNED_IN);
[0;1;32m                                  ^
[0m[1mgen/components/strings/grit/components_strings.h:928:53: [0m[0;1;30mnote: [0mexpanded from macro 'IDS_BLOCK_INTERSTITIAL_HEADER_NOT_SIGNED_IN'[0m
#define IDS_BLOCK_INTERSTITIAL_HEADER_NOT_SIGNED_IN _Pragma("whitelisted_resource_16061") 16061
[0;1;32m                                                    ^
[0m[1m<scratch space>:174:2: [0m[0;1;30mnote: [0mexpanded from here[0m
 whitelisted_resource_16061
[0;1;32m ^
[0m[1m../../components/supervised_user_error_page/supervised_user_error_page.cc:106:37: [0m[0;1;35mwarning: [0m[1munknown pragma ignored [-Wunknown-pragmas][0m
          l10n_util::GetStringUTF16(IDS_CHILD_BLOCK_INTERSTITIAL_HEADER);
[0;1;32m                                    ^
[0m[1mgen/components/strings/grit/components_strings.h:926:45: [0m[0;1;30mnote: [0mexpanded from macro 'IDS_CHILD_BLOCK_INTERSTITIAL_HEADER'[0m
#define IDS_CHILD_BLOCK_INTERSTITIAL_HEADER _Pragma("whitelisted_resource_16059") 16059
[0;1;32m                                            ^
[0m[1m<scratch space>:176:2: [0m[0;1;30mnote: [0mexpanded from here[0m
 whitelisted_resource_16059
[0;1;32m ^
[0m[1m../../components/supervised_user_error_page/supervised_user_error_page.cc:108:37: [0m[0;1;35mwarning: [0m[1munknown pragma ignored [-Wunknown-pragmas][0m
          l10n_util::GetStringUTF16(IDS_CHILD_BLOCK_INTERSTITIAL_MESSAGE);
[0;1;32m                                    ^
[0m[1mgen/components/strings/grit/components_strings.h:929:46: [0m[0;1;30mnote: [0mexpanded from macro 'IDS_CHILD_BLOCK_INTERSTITIAL_MESSAGE'[0m
#define IDS_CHILD_BLOCK_INTERSTITIAL_MESSAGE _Pragma("whitelisted_resource_16062") 16062
[0;1;32m                                             ^
[0m[1m<scratch space>:178:2: [0m[0;1;30mnote: [0mexpanded from here[0m
 whitelisted_resource_16062
[0;1;32m ^
[0m[1m../../components/supervised_user_error_page/supervised_user_error_page.cc:110:49: [0m[0;1;35mwarning: [0m[1munknown pragma ignored [-Wunknown-pragmas][0m
      block_header = l10n_util::GetStringFUTF16(IDS_BLOCK_INTERSTITIAL_HEADER,
[0;1;32m                                                ^
[0m[1mgen/components/strings/grit/components_strings.h:925:39: [0m[0;1;30mnote: [0mexpanded from macro 'IDS_BLOCK_INTERSTITIAL_HEADER'[0m
#define IDS_BLOCK_INTERSTITIAL_HEADER _Pragma("whitelisted_resource_16058") 16058
[0;1;32m                                      ^
[0m[1m<scratch space>:180:2: [0m[0;1;30mnote: [0mexpanded from here[0m
 whitelisted_resource_16058
[0;1;32m ^
[0m[1m../../components/supervised_user_error_page/supervised_user_error_page.cc:116:9: [0m[0;1;35mwarning: [0m[1munknown pragma ignored [-Wunknown-pragmas][0m
        IDS_BLOCK_INTERSTITIAL_HEADER_ACCESS_REQUESTS_DISABLED);
[0;1;32m        ^
[0m[1mgen/components/strings/grit/components_strings.h:927:64: [0m[0;1;30mnote: [0mexpanded from macro 'IDS_BLOCK_INTERSTITIAL_HEADER_ACCESS_REQUESTS_DISABLED'[0m
#define IDS_BLOCK_INTERSTITIAL_HEADER_ACCESS_REQUESTS_DISABLED _Pragma("whitelisted_resource_16060") 16060
[0;1;32m                                                               ^
[0m[1m<scratch space>:182:2: [0m[0;1;30mnote: [0mexpanded from here[0m
 whitelisted_resource_16060
[0;1;32m ^
[0m[1m../../components/supervised_user_error_page/supervised_user_error_page.cc:121:11: [0m[0;1;35mwarning: [0m[1munknown pragma ignored [-Wunknown-pragmas][0m
          IDS_BLOCK_INTERSTITIAL_MESSAGE_SUPERVISED_USERS_DEPRECATED);
[0;1;32m          ^
[0m[1mgen/components/strings/grit/components_strings.h:930:68: [0m[0;1;30mnote: [0mexpanded from macro 'IDS_BLOCK_INTERSTITIAL_MESSAGE_SUPERVISED_USERS_DEPRECATED'[0m
#define IDS_BLOCK_INTERSTITIAL_MESSAGE_SUPERVISED_USERS_DEPRECATED _Pragma("whitelisted_resource_16063") 16063
[0;1;32m                                                                   ^
[0m[1m<scratch space>:184:2: [0m[0;1;30mnote: [0mexpanded from here[0m
 whitelisted_resource_16063
[0;1;32m ^
[0m[1m../../components/supervised_user_error_page/supervised_user_error_page.cc:130:46: [0m[0;1;35mwarning: [0m[1munknown pragma ignored [-Wunknown-pragmas][0m
                                             IDS_SUPERVISED_USER_BLOCK_HEADER));
[0;1;32m                                             ^
[0m[1mgen/components/strings/grit/components_strings.h:942:42: [0m[0;1;30mnote: [0mexpanded from macro 'IDS_SUPERVISED_USER_BLOCK_HEADER'[0m
#define IDS_SUPERVISED_USER_BLOCK_HEADER _Pragma("whitelisted_resource_16075") 16075
[0;1;32m                                         ^
[0m[1m<scratch space>:186:2: [0m[0;1;30mnote: [0mexpanded from here[0m
 whitelisted_resource_16075
[0;1;32m ^
[0m[1m../../components/supervised_user_error_page/supervised_user_error_page.cc:136:41: [0m[0;1;35mwarning: [0m[1munknown pragma ignored [-Wunknown-pragmas][0m
                                        IDS_BLOCK_INTERSTITIAL_SEND_FEEDBACK));
[0;1;32m                                        ^
[0m[1mgen/components/strings/grit/components_strings.h:939:46: [0m[0;1;30mnote: [0mexpanded from macro 'IDS_BLOCK_INTERSTITIAL_SEND_FEEDBACK'[0m
#define IDS_BLOCK_INTERSTITIAL_SEND_FEEDBACK _Pragma("whitelisted_resource_16072") 16072
[0;1;32m                                             ^
[0m[1m<scratch space>:188:2: [0m[0;1;30mnote: [0mexpanded from here[0m
 whitelisted_resource_16072
[0;1;32m ^
[0m[1m../../components/supervised_user_error_page/supervised_user_error_page.cc:137:61: [0m[0;1;35mwarning: [0m[1munknown pragma ignored [-Wunknown-pragmas][0m
  strings.SetString("backButton", l10n_util::GetStringUTF16(IDS_BACK_BUTTON));
[0;1;32m                                                            ^
[0m[1mgen/components/strings/grit/components_strings.h:931:25: [0m[0;1;30mnote: [0mexpanded from macro 'IDS_BACK_BUTTON'[0m
#define IDS_BACK_BUTTON _Pragma("whitelisted_resource_16064") 16064
[0;1;32m                        ^
[0m[1m<scratch space>:190:2: [0m[0;1;30mnote: [0mexpanded from here[0m
 whitelisted_resource_16064
[0;1;32m ^
[0m[1m../../components/supervised_user_error_page/supervised_user_error_page.cc:140:33: [0m[0;1;35mwarning: [0m[1munknown pragma ignored [-Wunknown-pragmas][0m
      l10n_util::GetStringUTF16(IDS_BLOCK_INTERSTITIAL_REQUEST_ACCESS_BUTTON));
[0;1;32m                                ^
[0m[1mgen/components/strings/grit/components_strings.h:932:54: [0m[0;1;30mnote: [0mexpanded from macro 'IDS_BLOCK_INTERSTITIAL_REQUEST_ACCESS_BUTTON'[0m
#define IDS_BLOCK_INTERSTITIAL_REQUEST_ACCESS_BUTTON _Pragma("whitelisted_resource_16065") 16065
[0;1;32m                                                     ^
[0m[1m<scratch space>:192:2: [0m[0;1;30mnote: [0mexpanded from here[0m
 whitelisted_resource_16065
[0;1;32m ^
[0m[1m../../components/supervised_user_error_page/supervised_user_error_page.cc:143:33: [0m[0;1;35mwarning: [0m[1munknown pragma ignored [-Wunknown-pragmas][0m
      l10n_util::GetStringUTF16(IDS_BLOCK_INTERSTITIAL_SHOW_DETAILS));
[0;1;32m                                ^
[0m[1mgen/components/strings/grit/components_strings.h:940:45: [0m[0;1;30mnote: [0mexpanded from macro 'IDS_BLOCK_INTERSTITIAL_SHOW_DETAILS'[0m
#define IDS_BLOCK_INTERSTITIAL_SHOW_DETAILS _Pragma("whitelisted_resource_16073") 16073
[0;1;32m                                            ^
[0m[1m<scratch space>:194:2: [0m[0;1;30mnote: [0mexpanded from here[0m
 whitelisted_resource_16073
[0;1;32m ^
[0m[1m../../components/supervised_user_error_page/supervised_user_error_page.cc:146:33: [0m[0;1;35mwarning: [0m[1munknown pragma ignored [-Wunknown-pragmas][0m
      l10n_util::GetStringUTF16(IDS_BLOCK_INTERSTITIAL_HIDE_DETAILS));
[0;1;32m                                ^
[0m[1mgen/components/strings/grit/components_strings.h:941:45: [0m[0;1;30mnote: [0mexpanded from macro 'IDS_BLOCK_INTERSTITIAL_HIDE_DETAILS'[0m
#define IDS_BLOCK_INTERSTITIAL_HIDE_DETAILS _Pragma("whitelisted_resource_16074") 16074
[0;1;32m                                            ^
[0m[1m<scratch space>:196:2: [0m[0;1;30mnote: [0mexpanded from here[0m
 whitelisted_resource_16074
[0;1;32m ^
[0m[1m../../components/supervised_user_error_page/supervised_user_error_page.cc:152:11: [0m[0;1;35mwarning: [0m[1munknown pragma ignored [-Wunknown-pragmas][0m
          IDS_CHILD_BLOCK_INTERSTITIAL_REQUEST_SENT_MESSAGE_SINGLE_PARENT);
[0;1;32m          ^
[0m[1mgen/components/strings/grit/components_strings.h:935:73: [0m[0;1;30mnote: [0mexpanded from macro 'IDS_CHILD_BLOCK_INTERSTITIAL_REQUEST_SENT_MESSAGE_SINGLE_PARENT'[0m
#define IDS_CHILD_BLOCK_INTERSTITIAL_REQUEST_SENT_MESSAGE_SINGLE_PARENT _Pragma("whitelisted_resource_16068") 16068
[0;1;32m                                                                        ^
[0m[1m<scratch space>:198:2: [0m[0;1;30mnote: [0mexpanded from here[0m
 whitelisted_resource_16068
[0;1;32m ^
[0m[1m../../components/supervised_user_error_page/supervised_user_error_page.cc:154:11: [0m[0;1;35mwarning: [0m[1munknown pragma ignored [-Wunknown-pragmas][0m
          IDS_CHILD_BLOCK_INTERSTITIAL_REQUEST_FAILED_MESSAGE_SINGLE_PARENT);
[0;1;32m          ^
[0m[1mgen/components/strings/grit/components_strings.h:937:75: [0m[0;1;30mnote: [0mexpanded from macro 'IDS_CHILD_BLOCK_INTERSTITIAL_REQUEST_FAILED_MESSAGE_SINGLE_PARENT'[0m
#define IDS_CHILD_BLOCK_INTERSTITIAL_REQUEST_FAILED_MESSAGE_SINGLE_PARENT _Pragma("whitelisted_resource_16070") 16070
[0;1;32m                                                                          ^
[0m[1m<scratch space>:200:2: [0m[0;1;30mnote: [0mexpanded from here[0m
 whitelisted_resource_16070
[0;1;32m ^
[0m[1m../../components/supervised_user_error_page/supervised_user_error_page.cc:157:11: [0m[0;1;35mwarning: [0m[1munknown pragma ignored [-Wunknown-pragmas][0m
          IDS_CHILD_BLOCK_INTERSTITIAL_REQUEST_SENT_MESSAGE_MULTI_PARENT);
[0;1;32m          ^
[0m[1mgen/components/strings/grit/components_strings.h:936:72: [0m[0;1;30mnote: [0mexpanded from macro 'IDS_CHILD_BLOCK_INTERSTITIAL_REQUEST_SENT_MESSAGE_MULTI_PARENT'[0m
#define IDS_CHILD_BLOCK_INTERSTITIAL_REQUEST_SENT_MESSAGE_MULTI_PARENT _Pragma("whitelisted_resource_16069") 16069
[0;1;32m                                                                       ^
[0m[1m<scratch space>:202:2: [0m[0;1;30mnote: [0mexpanded from here[0m
 whitelisted_resource_16069
[0;1;32m ^
[0m[1m../../components/supervised_user_error_page/supervised_user_error_page.cc:159:11: [0m[0;1;35mwarning: [0m[1munknown pragma ignored [-Wunknown-pragmas][0m
          IDS_CHILD_BLOCK_INTERSTITIAL_REQUEST_FAILED_MESSAGE_MULTI_PARENT);
[0;1;32m          ^
[0m[1mgen/components/strings/grit/components_strings.h:938:74: [0m[0;1;30mnote: [0mexpanded from macro 'IDS_CHILD_BLOCK_INTERSTITIAL_REQUEST_FAILED_MESSAGE_MULTI_PARENT'[0m
#define IDS_CHILD_BLOCK_INTERSTITIAL_REQUEST_FAILED_MESSAGE_MULTI_PARENT _Pragma("whitelisted_resource_16071") 16071
[0;1;32m                                                                         ^
[0m[1m<scratch space>:204:2: [0m[0;1;30mnote: [0mexpanded from here[0m
 whitelisted_resource_16071
[0;1;32m ^
[0m[1m../../components/supervised_user_error_page/supervised_user_error_page.cc:163:9: [0m[0;1;35mwarning: [0m[1munknown pragma ignored [-Wunknown-pragmas][0m
        IDS_BLOCK_INTERSTITIAL_REQUEST_SENT_MESSAGE, custodian16);
[0;1;32m        ^
[0m[1mgen/components/strings/grit/components_strings.h:933:53: [0m[0;1;30mnote: [0mexpanded from macro 'IDS_BLOCK_INTERSTITIAL_REQUEST_SENT_MESSAGE'[0m
#define IDS_BLOCK_INTERSTITIAL_REQUEST_SENT_MESSAGE _Pragma("whitelisted_resource_16066") 16066
[0;1;32m                                                    ^
[0m[1m<scratch space>:206:2: [0m[0;1;30mnote: [0mexpanded from here[0m
 whitelisted_resource_16066
[0;1;32m ^
[0m[1m../../components/supervised_user_error_page/supervised_user_error_page.cc:165:9: [0m[0;1;35mwarning: [0m[1munknown pragma ignored [-Wunknown-pragmas][0m
        IDS_BLOCK_INTERSTITIAL_REQUEST_FAILED_MESSAGE, custodian16);
[0;1;32m        ^
[0m[1mgen/components/strings/grit/components_strings.h:934:55: [0m[0;1;30mnote: [0mexpanded from macro 'IDS_BLOCK_INTERSTITIAL_REQUEST_FAILED_MESSAGE'[0m
#define IDS_BLOCK_INTERSTITIAL_REQUEST_FAILED_MESSAGE _Pragma("whitelisted_resource_16067") 16067
[0;1;32m                                                      ^
[0m[1m<scratch space>:208:2: [0m[0;1;30mnote: [0mexpanded from here[0m
 whitelisted_resource_16067
[0;1;32m ^
[0m[1m../../components/supervised_user_error_page/supervised_user_error_page.cc:172:31: [0m[0;1;35mwarning: [0m[1munknown pragma ignored [-Wunknown-pragmas][0m
          .GetRawDataResource(IDR_SUPERVISED_USER_BLOCK_INTERSTITIAL_HTML)
[0;1;32m                              ^
[0m[1mgen/components/grit/components_resources.h:51:53: [0m[0;1;30mnote: [0mexpanded from macro 'IDR_SUPERVISED_USER_BLOCK_INTERSTITIAL_HTML'[0m
#define IDR_SUPERVISED_USER_BLOCK_INTERSTITIAL_HTML _Pragma("whitelisted_resource_17064") 17064
[0;1;32m                                                    ^
[0m[1m<scratch space>:210:2: [0m[0;1;30mnote: [0mexpanded from here[0m
 whitelisted_resource_17064
[0;1;32m ^
[0m28 warnings generated.
