[1m../../chrome/browser/ui/views/importer/import_lock_dialog_view.cc:53:50: [0m[0;1;35mwarning: [0m[1munknown pragma ignored [-Wunknown-pragmas][0m
      new views::Label(l10n_util::GetStringUTF16(IDS_IMPORTER_LOCK_TEXT));
[0;1;32m                                                 ^
[0m[1mgen/chrome/grit/generated_resources.h:1805:32: [0m[0;1;30mnote: [0mexpanded from macro 'IDS_IMPORTER_LOCK_TEXT'[0m
#define IDS_IMPORTER_LOCK_TEXT _Pragma("whitelisted_resource_5388") 5388
[0;1;32m                               ^
[0m[1m<scratch space>:102:2: [0m[0;1;30mnote: [0mexpanded from here[0m
 whitelisted_resource_5388
[0;1;32m ^
[0m[1m../../chrome/browser/ui/views/importer/import_lock_dialog_view.cc:75:38: [0m[0;1;35mwarning: [0m[1munknown pragma ignored [-Wunknown-pragmas][0m
    return l10n_util::GetStringUTF16(IDS_IMPORTER_LOCK_OK);
[0;1;32m                                     ^
[0m[1mgen/chrome/grit/generated_resources.h:1806:30: [0m[0;1;30mnote: [0mexpanded from macro 'IDS_IMPORTER_LOCK_OK'[0m
#define IDS_IMPORTER_LOCK_OK _Pragma("whitelisted_resource_5389") 5389
[0;1;32m                             ^
[0m[1m<scratch space>:104:2: [0m[0;1;30mnote: [0mexpanded from here[0m
 whitelisted_resource_5389
[0;1;32m ^
[0m[1m../../chrome/browser/ui/views/importer/import_lock_dialog_view.cc:80:36: [0m[0;1;35mwarning: [0m[1munknown pragma ignored [-Wunknown-pragmas][0m
  return l10n_util::GetStringUTF16(IDS_IMPORTER_LOCK_TITLE);
[0;1;32m                                   ^
[0m[1mgen/chrome/grit/generated_resources.h:1804:33: [0m[0;1;30mnote: [0mexpanded from macro 'IDS_IMPORTER_LOCK_TITLE'[0m
#define IDS_IMPORTER_LOCK_TITLE _Pragma("whitelisted_resource_5387") 5387
[0;1;32m                                ^
[0m[1m<scratch space>:106:2: [0m[0;1;30mnote: [0mexpanded from here[0m
 whitelisted_resource_5387
[0;1;32m ^
[0m3 warnings generated.
