[1m../../chrome/browser/ui/views/payments/payment_request_item_list.cc:115:35: [0m[0;1;35mwarning: [0m[1munknown pragma ignored [-Wunknown-pragmas][0m
        l10n_util::GetStringUTF16(IDS_PAYMENTS_EDIT));
[0;1;32m                                  ^
[0m[1mgen/components/strings/grit/components_strings.h:599:27: [0m[0;1;30mnote: [0mexpanded from macro 'IDS_PAYMENTS_EDIT'[0m
#define IDS_PAYMENTS_EDIT _Pragma("whitelisted_resource_15725") 15725
[0;1;32m                          ^
[0m[1m<scratch space>:61:2: [0m[0;1;30mnote: [0mexpanded from here[0m
 whitelisted_resource_15725
[0;1;32m ^
[0m[1m../../chrome/browser/ui/views/payments/payment_request_item_list.cc:172:23: [0m[0;1;35mwarning: [0m[1munknown pragma ignored [-Wunknown-pragmas][0m
                      IDS_PAYMENTS_ROW_ACCESSIBLE_NAME_SELECTED_FORMAT,
[0;1;32m                      ^
[0m[1mgen/components/strings/grit/components_strings.h:601:58: [0m[0;1;30mnote: [0mexpanded from macro 'IDS_PAYMENTS_ROW_ACCESSIBLE_NAME_SELECTED_FORMAT'[0m
#define IDS_PAYMENTS_ROW_ACCESSIBLE_NAME_SELECTED_FORMAT _Pragma("whitelisted_resource_15727") 15727
[0;1;32m                                                         ^
[0m[1m<scratch space>:63:2: [0m[0;1;30mnote: [0mexpanded from here[0m
 whitelisted_resource_15727
[0;1;32m ^
[0m[1m../../chrome/browser/ui/views/payments/payment_request_item_list.cc:175:23: [0m[0;1;35mwarning: [0m[1munknown pragma ignored [-Wunknown-pragmas][0m
                      IDS_PAYMENTS_ROW_ACCESSIBLE_NAME_FORMAT,
[0;1;32m                      ^
[0m[1mgen/components/strings/grit/components_strings.h:600:49: [0m[0;1;30mnote: [0mexpanded from macro 'IDS_PAYMENTS_ROW_ACCESSIBLE_NAME_FORMAT'[0m
#define IDS_PAYMENTS_ROW_ACCESSIBLE_NAME_FORMAT _Pragma("whitelisted_resource_15726") 15726
[0;1;32m                                                ^
[0m[1m<scratch space>:65:2: [0m[0;1;30mnote: [0mexpanded from here[0m
 whitelisted_resource_15726
[0;1;32m ^
[0m3 warnings generated.
