[1m../../chrome/browser/profiles/profile_avatar_icon_util.cc:359:10: [0m[0;1;35mwarning: [0m[1munknown pragma ignored [-Wunknown-pragmas][0m
  return IDR_PROFILE_AVATAR_PLACEHOLDER_LARGE;
[0;1;32m         ^
[0m[1mgen/chrome/grit/theme_resources.h:86:46: [0m[0;1;30mnote: [0mexpanded from macro 'IDR_PROFILE_AVATAR_PLACEHOLDER_LARGE'[0m
#define IDR_PROFILE_AVATAR_PLACEHOLDER_LARGE _Pragma("whitelisted_resource_10368") 10368
[0;1;32m                                             ^
[0m[1m<scratch space>:30:2: [0m[0;1;30mnote: [0mexpanded from here[0m
 whitelisted_resource_10368
[0;1;32m ^
[0m[1m../../chrome/browser/profiles/profile_avatar_icon_util.cc:369:8: [0m[0;1;35mwarning: [0m[1munknown pragma ignored [-Wunknown-pragmas][0m
      {IDR_PROFILE_AVATAR_0,
[0;1;32m       ^
[0m[1mgen/chrome/grit/theme_resources.h:59:30: [0m[0;1;30mnote: [0mexpanded from macro 'IDR_PROFILE_AVATAR_0'[0m
#define IDR_PROFILE_AVATAR_0 _Pragma("whitelisted_resource_10341") 10341
[0;1;32m                             ^
[0m[1m<scratch space>:33:2: [0m[0;1;30mnote: [0mexpanded from here[0m
 whitelisted_resource_10341
[0;1;32m ^
[0m[1m../../chrome/browser/profiles/profile_avatar_icon_util.cc:371:8: [0m[0;1;35mwarning: [0m[1munknown pragma ignored [-Wunknown-pragmas][0m
       IDS_DEFAULT_AVATAR_LABEL_0},
[0;1;32m       ^
[0m[1mgen/chrome/grit/generated_resources.h:2178:36: [0m[0;1;30mnote: [0mexpanded from macro 'IDS_DEFAULT_AVATAR_LABEL_0'[0m
#define IDS_DEFAULT_AVATAR_LABEL_0 _Pragma("whitelisted_resource_5817") 5817
[0;1;32m                                   ^
[0m[1m<scratch space>:35:2: [0m[0;1;30mnote: [0mexpanded from here[0m
 whitelisted_resource_5817
[0;1;32m ^
[0m[1m../../chrome/browser/profiles/profile_avatar_icon_util.cc:372:8: [0m[0;1;35mwarning: [0m[1munknown pragma ignored [-Wunknown-pragmas][0m
      {IDR_PROFILE_AVATAR_1,
[0;1;32m       ^
[0m[1mgen/chrome/grit/theme_resources.h:60:30: [0m[0;1;30mnote: [0mexpanded from macro 'IDR_PROFILE_AVATAR_1'[0m
#define IDR_PROFILE_AVATAR_1 _Pragma("whitelisted_resource_10342") 10342
[0;1;32m                             ^
[0m[1m<scratch space>:37:2: [0m[0;1;30mnote: [0mexpanded from here[0m
 whitelisted_resource_10342
[0;1;32m ^
[0m[1m../../chrome/browser/profiles/profile_avatar_icon_util.cc:374:8: [0m[0;1;35mwarning: [0m[1munknown pragma ignored [-Wunknown-pragmas][0m
       IDS_DEFAULT_AVATAR_LABEL_1},
[0;1;32m       ^
[0m[1mgen/chrome/grit/generated_resources.h:2179:36: [0m[0;1;30mnote: [0mexpanded from macro 'IDS_DEFAULT_AVATAR_LABEL_1'[0m
#define IDS_DEFAULT_AVATAR_LABEL_1 _Pragma("whitelisted_resource_5818") 5818
[0;1;32m                                   ^
[0m[1m<scratch space>:39:2: [0m[0;1;30mnote: [0mexpanded from here[0m
 whitelisted_resource_5818
[0;1;32m ^
[0m[1m../../chrome/browser/profiles/profile_avatar_icon_util.cc:375:8: [0m[0;1;35mwarning: [0m[1munknown pragma ignored [-Wunknown-pragmas][0m
      {IDR_PROFILE_AVATAR_2,
[0;1;32m       ^
[0m[1mgen/chrome/grit/theme_resources.h:61:30: [0m[0;1;30mnote: [0mexpanded from macro 'IDR_PROFILE_AVATAR_2'[0m
#define IDR_PROFILE_AVATAR_2 _Pragma("whitelisted_resource_10343") 10343
[0;1;32m                             ^
[0m[1m<scratch space>:41:2: [0m[0;1;30mnote: [0mexpanded from here[0m
 whitelisted_resource_10343
[0;1;32m ^
[0m[1m../../chrome/browser/profiles/profile_avatar_icon_util.cc:377:8: [0m[0;1;35mwarning: [0m[1munknown pragma ignored [-Wunknown-pragmas][0m
       IDS_DEFAULT_AVATAR_LABEL_2},
[0;1;32m       ^
[0m[1mgen/chrome/grit/generated_resources.h:2180:36: [0m[0;1;30mnote: [0mexpanded from macro 'IDS_DEFAULT_AVATAR_LABEL_2'[0m
#define IDS_DEFAULT_AVATAR_LABEL_2 _Pragma("whitelisted_resource_5819") 5819
[0;1;32m                                   ^
[0m[1m<scratch space>:43:2: [0m[0;1;30mnote: [0mexpanded from here[0m
 whitelisted_resource_5819
[0;1;32m ^
[0m[1m../../chrome/browser/profiles/profile_avatar_icon_util.cc:378:8: [0m[0;1;35mwarning: [0m[1munknown pragma ignored [-Wunknown-pragmas][0m
      {IDR_PROFILE_AVATAR_3,
[0;1;32m       ^
[0m[1mgen/chrome/grit/theme_resources.h:62:30: [0m[0;1;30mnote: [0mexpanded from macro 'IDR_PROFILE_AVATAR_3'[0m
#define IDR_PROFILE_AVATAR_3 _Pragma("whitelisted_resource_10344") 10344
[0;1;32m                             ^
[0m[1m<scratch space>:45:2: [0m[0;1;30mnote: [0mexpanded from here[0m
 whitelisted_resource_10344
[0;1;32m ^
[0m[1m../../chrome/browser/profiles/profile_avatar_icon_util.cc:380:8: [0m[0;1;35mwarning: [0m[1munknown pragma ignored [-Wunknown-pragmas][0m
       IDS_DEFAULT_AVATAR_LABEL_3},
[0;1;32m       ^
[0m[1mgen/chrome/grit/generated_resources.h:2181:36: [0m[0;1;30mnote: [0mexpanded from macro 'IDS_DEFAULT_AVATAR_LABEL_3'[0m
#define IDS_DEFAULT_AVATAR_LABEL_3 _Pragma("whitelisted_resource_5820") 5820
[0;1;32m                                   ^
[0m[1m<scratch space>:47:2: [0m[0;1;30mnote: [0mexpanded from here[0m
 whitelisted_resource_5820
[0;1;32m ^
[0m[1m../../chrome/browser/profiles/profile_avatar_icon_util.cc:381:8: [0m[0;1;35mwarning: [0m[1munknown pragma ignored [-Wunknown-pragmas][0m
      {IDR_PROFILE_AVATAR_4,
[0;1;32m       ^
[0m[1mgen/chrome/grit/theme_resources.h:63:30: [0m[0;1;30mnote: [0mexpanded from macro 'IDR_PROFILE_AVATAR_4'[0m
#define IDR_PROFILE_AVATAR_4 _Pragma("whitelisted_resource_10345") 10345
[0;1;32m                             ^
[0m[1m<scratch space>:49:2: [0m[0;1;30mnote: [0mexpanded from here[0m
 whitelisted_resource_10345
[0;1;32m ^
[0m[1m../../chrome/browser/profiles/profile_avatar_icon_util.cc:383:8: [0m[0;1;35mwarning: [0m[1munknown pragma ignored [-Wunknown-pragmas][0m
       IDS_DEFAULT_AVATAR_LABEL_4},
[0;1;32m       ^
[0m[1mgen/chrome/grit/generated_resources.h:2182:36: [0m[0;1;30mnote: [0mexpanded from macro 'IDS_DEFAULT_AVATAR_LABEL_4'[0m
#define IDS_DEFAULT_AVATAR_LABEL_4 _Pragma("whitelisted_resource_5821") 5821
[0;1;32m                                   ^
[0m[1m<scratch space>:51:2: [0m[0;1;30mnote: [0mexpanded from here[0m
 whitelisted_resource_5821
[0;1;32m ^
[0m[1m../../chrome/browser/profiles/profile_avatar_icon_util.cc:384:8: [0m[0;1;35mwarning: [0m[1munknown pragma ignored [-Wunknown-pragmas][0m
      {IDR_PROFILE_AVATAR_5,
[0;1;32m       ^
[0m[1mgen/chrome/grit/theme_resources.h:64:30: [0m[0;1;30mnote: [0mexpanded from macro 'IDR_PROFILE_AVATAR_5'[0m
#define IDR_PROFILE_AVATAR_5 _Pragma("whitelisted_resource_10346") 10346
[0;1;32m                             ^
[0m[1m<scratch space>:53:2: [0m[0;1;30mnote: [0mexpanded from here[0m
 whitelisted_resource_10346
[0;1;32m ^
[0m[1m../../chrome/browser/profiles/profile_avatar_icon_util.cc:386:8: [0m[0;1;35mwarning: [0m[1munknown pragma ignored [-Wunknown-pragmas][0m
       IDS_DEFAULT_AVATAR_LABEL_5},
[0;1;32m       ^
[0m[1mgen/chrome/grit/generated_resources.h:2183:36: [0m[0;1;30mnote: [0mexpanded from macro 'IDS_DEFAULT_AVATAR_LABEL_5'[0m
#define IDS_DEFAULT_AVATAR_LABEL_5 _Pragma("whitelisted_resource_5822") 5822
[0;1;32m                                   ^
[0m[1m<scratch space>:55:2: [0m[0;1;30mnote: [0mexpanded from here[0m
 whitelisted_resource_5822
[0;1;32m ^
[0m[1m../../chrome/browser/profiles/profile_avatar_icon_util.cc:387:8: [0m[0;1;35mwarning: [0m[1munknown pragma ignored [-Wunknown-pragmas][0m
      {IDR_PROFILE_AVATAR_6,
[0;1;32m       ^
[0m[1mgen/chrome/grit/theme_resources.h:65:30: [0m[0;1;30mnote: [0mexpanded from macro 'IDR_PROFILE_AVATAR_6'[0m
#define IDR_PROFILE_AVATAR_6 _Pragma("whitelisted_resource_10347") 10347
[0;1;32m                             ^
[0m[1m<scratch space>:57:2: [0m[0;1;30mnote: [0mexpanded from here[0m
 whitelisted_resource_10347
[0;1;32m ^
[0m[1m../../chrome/browser/profiles/profile_avatar_icon_util.cc:389:8: [0m[0;1;35mwarning: [0m[1munknown pragma ignored [-Wunknown-pragmas][0m
       IDS_DEFAULT_AVATAR_LABEL_6},
[0;1;32m       ^
[0m[1mgen/chrome/grit/generated_resources.h:2184:36: [0m[0;1;30mnote: [0mexpanded from macro 'IDS_DEFAULT_AVATAR_LABEL_6'[0m
#define IDS_DEFAULT_AVATAR_LABEL_6 _Pragma("whitelisted_resource_5823") 5823
[0;1;32m                                   ^
[0m[1m<scratch space>:59:2: [0m[0;1;30mnote: [0mexpanded from here[0m
 whitelisted_resource_5823
[0;1;32m ^
[0m[1m../../chrome/browser/profiles/profile_avatar_icon_util.cc:390:8: [0m[0;1;35mwarning: [0m[1munknown pragma ignored [-Wunknown-pragmas][0m
      {IDR_PROFILE_AVATAR_7,
[0;1;32m       ^
[0m[1mgen/chrome/grit/theme_resources.h:66:30: [0m[0;1;30mnote: [0mexpanded from macro 'IDR_PROFILE_AVATAR_7'[0m
#define IDR_PROFILE_AVATAR_7 _Pragma("whitelisted_resource_10348") 10348
[0;1;32m                             ^
[0m[1m<scratch space>:61:2: [0m[0;1;30mnote: [0mexpanded from here[0m
 whitelisted_resource_10348
[0;1;32m ^
[0m[1m../../chrome/browser/profiles/profile_avatar_icon_util.cc:392:8: [0m[0;1;35mwarning: [0m[1munknown pragma ignored [-Wunknown-pragmas][0m
       IDS_DEFAULT_AVATAR_LABEL_7},
[0;1;32m       ^
[0m[1mgen/chrome/grit/generated_resources.h:2185:36: [0m[0;1;30mnote: [0mexpanded from macro 'IDS_DEFAULT_AVATAR_LABEL_7'[0m
#define IDS_DEFAULT_AVATAR_LABEL_7 _Pragma("whitelisted_resource_5824") 5824
[0;1;32m                                   ^
[0m[1m<scratch space>:63:2: [0m[0;1;30mnote: [0mexpanded from here[0m
 whitelisted_resource_5824
[0;1;32m ^
[0m[1m../../chrome/browser/profiles/profile_avatar_icon_util.cc:393:8: [0m[0;1;35mwarning: [0m[1munknown pragma ignored [-Wunknown-pragmas][0m
      {IDR_PROFILE_AVATAR_8,
[0;1;32m       ^
[0m[1mgen/chrome/grit/theme_resources.h:67:30: [0m[0;1;30mnote: [0mexpanded from macro 'IDR_PROFILE_AVATAR_8'[0m
#define IDR_PROFILE_AVATAR_8 _Pragma("whitelisted_resource_10349") 10349
[0;1;32m                             ^
[0m[1m<scratch space>:65:2: [0m[0;1;30mnote: [0mexpanded from here[0m
 whitelisted_resource_10349
[0;1;32m ^
[0m[1m../../chrome/browser/profiles/profile_avatar_icon_util.cc:395:8: [0m[0;1;35mwarning: [0m[1munknown pragma ignored [-Wunknown-pragmas][0m
       IDS_DEFAULT_AVATAR_LABEL_8},
[0;1;32m       ^
[0m[1mgen/chrome/grit/generated_resources.h:2186:36: [0m[0;1;30mnote: [0mexpanded from macro 'IDS_DEFAULT_AVATAR_LABEL_8'[0m
#define IDS_DEFAULT_AVATAR_LABEL_8 _Pragma("whitelisted_resource_5825") 5825
[0;1;32m                                   ^
[0m[1m<scratch space>:67:2: [0m[0;1;30mnote: [0mexpanded from here[0m
 whitelisted_resource_5825
[0;1;32m ^
[0m[1m../../chrome/browser/profiles/profile_avatar_icon_util.cc:396:8: [0m[0;1;35mwarning: [0m[1munknown pragma ignored [-Wunknown-pragmas][0m
      {IDR_PROFILE_AVATAR_9,
[0;1;32m       ^
[0m[1mgen/chrome/grit/theme_resources.h:68:30: [0m[0;1;30mnote: [0mexpanded from macro 'IDR_PROFILE_AVATAR_9'[0m
#define IDR_PROFILE_AVATAR_9 _Pragma("whitelisted_resource_10350") 10350
[0;1;32m                             ^
[0m[1m<scratch space>:69:2: [0m[0;1;30mnote: [0mexpanded from here[0m
 whitelisted_resource_10350
[0;1;32m ^
[0m[1m../../chrome/browser/profiles/profile_avatar_icon_util.cc:398:8: [0m[0;1;35mwarning: [0m[1munknown pragma ignored [-Wunknown-pragmas][0m
       IDS_DEFAULT_AVATAR_LABEL_9},
[0;1;32m       ^
[0m[1mgen/chrome/grit/generated_resources.h:2187:36: [0m[0;1;30mnote: [0mexpanded from macro 'IDS_DEFAULT_AVATAR_LABEL_9'[0m
#define IDS_DEFAULT_AVATAR_LABEL_9 _Pragma("whitelisted_resource_5826") 5826
[0;1;32m                                   ^
[0m[1m<scratch space>:71:2: [0m[0;1;30mnote: [0mexpanded from here[0m
 whitelisted_resource_5826
[0;1;32m ^
[0m[1m../../chrome/browser/profiles/profile_avatar_icon_util.cc:399:8: [0m[0;1;35mwarning: [0m[1munknown pragma ignored [-Wunknown-pragmas][0m
      {IDR_PROFILE_AVATAR_10,
[0;1;32m       ^
[0m[1mgen/chrome/grit/theme_resources.h:69:31: [0m[0;1;30mnote: [0mexpanded from macro 'IDR_PROFILE_AVATAR_10'[0m
#define IDR_PROFILE_AVATAR_10 _Pragma("whitelisted_resource_10351") 10351
[0;1;32m                              ^
[0m[1m<scratch space>:73:2: [0m[0;1;30mnote: [0mexpanded from here[0m
 whitelisted_resource_10351
[0;1;32m ^
[0m[1m../../chrome/browser/profiles/profile_avatar_icon_util.cc:401:8: [0m[0;1;35mwarning: [0m[1munknown pragma ignored [-Wunknown-pragmas][0m
       IDS_DEFAULT_AVATAR_LABEL_10},
[0;1;32m       ^
[0m[1mgen/chrome/grit/generated_resources.h:2188:37: [0m[0;1;30mnote: [0mexpanded from macro 'IDS_DEFAULT_AVATAR_LABEL_10'[0m
#define IDS_DEFAULT_AVATAR_LABEL_10 _Pragma("whitelisted_resource_5827") 5827
[0;1;32m                                    ^
[0m[1m<scratch space>:75:2: [0m[0;1;30mnote: [0mexpanded from here[0m
 whitelisted_resource_5827
[0;1;32m ^
[0m[1m../../chrome/browser/profiles/profile_avatar_icon_util.cc:402:8: [0m[0;1;35mwarning: [0m[1munknown pragma ignored [-Wunknown-pragmas][0m
      {IDR_PROFILE_AVATAR_11,
[0;1;32m       ^
[0m[1mgen/chrome/grit/theme_resources.h:70:31: [0m[0;1;30mnote: [0mexpanded from macro 'IDR_PROFILE_AVATAR_11'[0m
#define IDR_PROFILE_AVATAR_11 _Pragma("whitelisted_resource_10352") 10352
[0;1;32m                              ^
[0m[1m<scratch space>:77:2: [0m[0;1;30mnote: [0mexpanded from here[0m
 whitelisted_resource_10352
[0;1;32m ^
[0m[1m../../chrome/browser/profiles/profile_avatar_icon_util.cc:404:8: [0m[0;1;35mwarning: [0m[1munknown pragma ignored [-Wunknown-pragmas][0m
       IDS_DEFAULT_AVATAR_LABEL_11},
[0;1;32m       ^
[0m[1mgen/chrome/grit/generated_resources.h:2189:37: [0m[0;1;30mnote: [0mexpanded from macro 'IDS_DEFAULT_AVATAR_LABEL_11'[0m
#define IDS_DEFAULT_AVATAR_LABEL_11 _Pragma("whitelisted_resource_5828") 5828
[0;1;32m                                    ^
[0m[1m<scratch space>:79:2: [0m[0;1;30mnote: [0mexpanded from here[0m
 whitelisted_resource_5828
[0;1;32m ^
[0m[1m../../chrome/browser/profiles/profile_avatar_icon_util.cc:405:8: [0m[0;1;35mwarning: [0m[1munknown pragma ignored [-Wunknown-pragmas][0m
      {IDR_PROFILE_AVATAR_12,
[0;1;32m       ^
[0m[1mgen/chrome/grit/theme_resources.h:71:31: [0m[0;1;30mnote: [0mexpanded from macro 'IDR_PROFILE_AVATAR_12'[0m
#define IDR_PROFILE_AVATAR_12 _Pragma("whitelisted_resource_10353") 10353
[0;1;32m                              ^
[0m[1m<scratch space>:81:2: [0m[0;1;30mnote: [0mexpanded from here[0m
 whitelisted_resource_10353
[0;1;32m ^
[0m[1m../../chrome/browser/profiles/profile_avatar_icon_util.cc:407:8: [0m[0;1;35mwarning: [0m[1munknown pragma ignored [-Wunknown-pragmas][0m
       IDS_DEFAULT_AVATAR_LABEL_12},
[0;1;32m       ^
[0m[1mgen/chrome/grit/generated_resources.h:2190:37: [0m[0;1;30mnote: [0mexpanded from macro 'IDS_DEFAULT_AVATAR_LABEL_12'[0m
#define IDS_DEFAULT_AVATAR_LABEL_12 _Pragma("whitelisted_resource_5829") 5829
[0;1;32m                                    ^
[0m[1m<scratch space>:83:2: [0m[0;1;30mnote: [0mexpanded from here[0m
 whitelisted_resource_5829
[0;1;32m ^
[0m[1m../../chrome/browser/profiles/profile_avatar_icon_util.cc:408:8: [0m[0;1;35mwarning: [0m[1munknown pragma ignored [-Wunknown-pragmas][0m
      {IDR_PROFILE_AVATAR_13,
[0;1;32m       ^
[0m[1mgen/chrome/grit/theme_resources.h:72:31: [0m[0;1;30mnote: [0mexpanded from macro 'IDR_PROFILE_AVATAR_13'[0m
#define IDR_PROFILE_AVATAR_13 _Pragma("whitelisted_resource_10354") 10354
[0;1;32m                              ^
[0m[1m<scratch space>:85:2: [0m[0;1;30mnote: [0mexpanded from here[0m
 whitelisted_resource_10354
[0;1;32m ^
[0m[1m../../chrome/browser/profiles/profile_avatar_icon_util.cc:410:8: [0m[0;1;35mwarning: [0m[1munknown pragma ignored [-Wunknown-pragmas][0m
       IDS_DEFAULT_AVATAR_LABEL_13},
[0;1;32m       ^
[0m[1mgen/chrome/grit/generated_resources.h:2191:37: [0m[0;1;30mnote: [0mexpanded from macro 'IDS_DEFAULT_AVATAR_LABEL_13'[0m
#define IDS_DEFAULT_AVATAR_LABEL_13 _Pragma("whitelisted_resource_5830") 5830
[0;1;32m                                    ^
[0m[1m<scratch space>:87:2: [0m[0;1;30mnote: [0mexpanded from here[0m
 whitelisted_resource_5830
[0;1;32m ^
[0m[1m../../chrome/browser/profiles/profile_avatar_icon_util.cc:411:8: [0m[0;1;35mwarning: [0m[1munknown pragma ignored [-Wunknown-pragmas][0m
      {IDR_PROFILE_AVATAR_14,
[0;1;32m       ^
[0m[1mgen/chrome/grit/theme_resources.h:73:31: [0m[0;1;30mnote: [0mexpanded from macro 'IDR_PROFILE_AVATAR_14'[0m
#define IDR_PROFILE_AVATAR_14 _Pragma("whitelisted_resource_10355") 10355
[0;1;32m                              ^
[0m[1m<scratch space>:89:2: [0m[0;1;30mnote: [0mexpanded from here[0m
 whitelisted_resource_10355
[0;1;32m ^
[0m[1m../../chrome/browser/profiles/profile_avatar_icon_util.cc:413:8: [0m[0;1;35mwarning: [0m[1munknown pragma ignored [-Wunknown-pragmas][0m
       IDS_DEFAULT_AVATAR_LABEL_14},
[0;1;32m       ^
[0m[1mgen/chrome/grit/generated_resources.h:2192:37: [0m[0;1;30mnote: [0mexpanded from macro 'IDS_DEFAULT_AVATAR_LABEL_14'[0m
#define IDS_DEFAULT_AVATAR_LABEL_14 _Pragma("whitelisted_resource_5831") 5831
[0;1;32m                                    ^
[0m[1m<scratch space>:91:2: [0m[0;1;30mnote: [0mexpanded from here[0m
 whitelisted_resource_5831
[0;1;32m ^
[0m[1m../../chrome/browser/profiles/profile_avatar_icon_util.cc:414:8: [0m[0;1;35mwarning: [0m[1munknown pragma ignored [-Wunknown-pragmas][0m
      {IDR_PROFILE_AVATAR_15,
[0;1;32m       ^
[0m[1mgen/chrome/grit/theme_resources.h:74:31: [0m[0;1;30mnote: [0mexpanded from macro 'IDR_PROFILE_AVATAR_15'[0m
#define IDR_PROFILE_AVATAR_15 _Pragma("whitelisted_resource_10356") 10356
[0;1;32m                              ^
[0m[1m<scratch space>:93:2: [0m[0;1;30mnote: [0mexpanded from here[0m
 whitelisted_resource_10356
[0;1;32m ^
[0m[1m../../chrome/browser/profiles/profile_avatar_icon_util.cc:416:8: [0m[0;1;35mwarning: [0m[1munknown pragma ignored [-Wunknown-pragmas][0m
       IDS_DEFAULT_AVATAR_LABEL_15},
[0;1;32m       ^
[0m[1mgen/chrome/grit/generated_resources.h:2193:37: [0m[0;1;30mnote: [0mexpanded from macro 'IDS_DEFAULT_AVATAR_LABEL_15'[0m
#define IDS_DEFAULT_AVATAR_LABEL_15 _Pragma("whitelisted_resource_5832") 5832
[0;1;32m                                    ^
[0m[1m<scratch space>:95:2: [0m[0;1;30mnote: [0mexpanded from here[0m
 whitelisted_resource_5832
[0;1;32m ^
[0m[1m../../chrome/browser/profiles/profile_avatar_icon_util.cc:417:8: [0m[0;1;35mwarning: [0m[1munknown pragma ignored [-Wunknown-pragmas][0m
      {IDR_PROFILE_AVATAR_16,
[0;1;32m       ^
[0m[1mgen/chrome/grit/theme_resources.h:75:31: [0m[0;1;30mnote: [0mexpanded from macro 'IDR_PROFILE_AVATAR_16'[0m
#define IDR_PROFILE_AVATAR_16 _Pragma("whitelisted_resource_10357") 10357
[0;1;32m                              ^
[0m[1m<scratch space>:97:2: [0m[0;1;30mnote: [0mexpanded from here[0m
 whitelisted_resource_10357
[0;1;32m ^
[0m[1m../../chrome/browser/profiles/profile_avatar_icon_util.cc:419:8: [0m[0;1;35mwarning: [0m[1munknown pragma ignored [-Wunknown-pragmas][0m
       IDS_DEFAULT_AVATAR_LABEL_16},
[0;1;32m       ^
[0m[1mgen/chrome/grit/generated_resources.h:2194:37: [0m[0;1;30mnote: [0mexpanded from macro 'IDS_DEFAULT_AVATAR_LABEL_16'[0m
#define IDS_DEFAULT_AVATAR_LABEL_16 _Pragma("whitelisted_resource_5833") 5833
[0;1;32m                                    ^
[0m[1m<scratch space>:99:2: [0m[0;1;30mnote: [0mexpanded from here[0m
 whitelisted_resource_5833
[0;1;32m ^
[0m[1m../../chrome/browser/profiles/profile_avatar_icon_util.cc:420:8: [0m[0;1;35mwarning: [0m[1munknown pragma ignored [-Wunknown-pragmas][0m
      {IDR_PROFILE_AVATAR_17,
[0;1;32m       ^
[0m[1mgen/chrome/grit/theme_resources.h:76:31: [0m[0;1;30mnote: [0mexpanded from macro 'IDR_PROFILE_AVATAR_17'[0m
#define IDR_PROFILE_AVATAR_17 _Pragma("whitelisted_resource_10358") 10358
[0;1;32m                              ^
[0m[1m<scratch space>:101:2: [0m[0;1;30mnote: [0mexpanded from here[0m
 whitelisted_resource_10358
[0;1;32m ^
[0m[1m../../chrome/browser/profiles/profile_avatar_icon_util.cc:422:8: [0m[0;1;35mwarning: [0m[1munknown pragma ignored [-Wunknown-pragmas][0m
       IDS_DEFAULT_AVATAR_LABEL_17},
[0;1;32m       ^
[0m[1mgen/chrome/grit/generated_resources.h:2195:37: [0m[0;1;30mnote: [0mexpanded from macro 'IDS_DEFAULT_AVATAR_LABEL_17'[0m
#define IDS_DEFAULT_AVATAR_LABEL_17 _Pragma("whitelisted_resource_5834") 5834
[0;1;32m                                    ^
[0m[1m<scratch space>:103:2: [0m[0;1;30mnote: [0mexpanded from here[0m
 whitelisted_resource_5834
[0;1;32m ^
[0m[1m../../chrome/browser/profiles/profile_avatar_icon_util.cc:423:8: [0m[0;1;35mwarning: [0m[1munknown pragma ignored [-Wunknown-pragmas][0m
      {IDR_PROFILE_AVATAR_18,
[0;1;32m       ^
[0m[1mgen/chrome/grit/theme_resources.h:77:31: [0m[0;1;30mnote: [0mexpanded from macro 'IDR_PROFILE_AVATAR_18'[0m
#define IDR_PROFILE_AVATAR_18 _Pragma("whitelisted_resource_10359") 10359
[0;1;32m                              ^
[0m[1m<scratch space>:105:2: [0m[0;1;30mnote: [0mexpanded from here[0m
 whitelisted_resource_10359
[0;1;32m ^
[0m[1m../../chrome/browser/profiles/profile_avatar_icon_util.cc:425:8: [0m[0;1;35mwarning: [0m[1munknown pragma ignored [-Wunknown-pragmas][0m
       IDS_DEFAULT_AVATAR_LABEL_18},
[0;1;32m       ^
[0m[1mgen/chrome/grit/generated_resources.h:2196:37: [0m[0;1;30mnote: [0mexpanded from macro 'IDS_DEFAULT_AVATAR_LABEL_18'[0m
#define IDS_DEFAULT_AVATAR_LABEL_18 _Pragma("whitelisted_resource_5835") 5835
[0;1;32m                                    ^
[0m[1m<scratch space>:107:2: [0m[0;1;30mnote: [0mexpanded from here[0m
 whitelisted_resource_5835
[0;1;32m ^
[0m[1m../../chrome/browser/profiles/profile_avatar_icon_util.cc:426:8: [0m[0;1;35mwarning: [0m[1munknown pragma ignored [-Wunknown-pragmas][0m
      {IDR_PROFILE_AVATAR_19,
[0;1;32m       ^
[0m[1mgen/chrome/grit/theme_resources.h:78:31: [0m[0;1;30mnote: [0mexpanded from macro 'IDR_PROFILE_AVATAR_19'[0m
#define IDR_PROFILE_AVATAR_19 _Pragma("whitelisted_resource_10360") 10360
[0;1;32m                              ^
[0m[1m<scratch space>:109:2: [0m[0;1;30mnote: [0mexpanded from here[0m
 whitelisted_resource_10360
[0;1;32m ^
[0m[1m../../chrome/browser/profiles/profile_avatar_icon_util.cc:428:8: [0m[0;1;35mwarning: [0m[1munknown pragma ignored [-Wunknown-pragmas][0m
       IDS_DEFAULT_AVATAR_LABEL_19},
[0;1;32m       ^
[0m[1mgen/chrome/grit/generated_resources.h:2197:37: [0m[0;1;30mnote: [0mexpanded from macro 'IDS_DEFAULT_AVATAR_LABEL_19'[0m
#define IDS_DEFAULT_AVATAR_LABEL_19 _Pragma("whitelisted_resource_5836") 5836
[0;1;32m                                    ^
[0m[1m<scratch space>:111:2: [0m[0;1;30mnote: [0mexpanded from here[0m
 whitelisted_resource_5836
[0;1;32m ^
[0m[1m../../chrome/browser/profiles/profile_avatar_icon_util.cc:429:8: [0m[0;1;35mwarning: [0m[1munknown pragma ignored [-Wunknown-pragmas][0m
      {IDR_PROFILE_AVATAR_20,
[0;1;32m       ^
[0m[1mgen/chrome/grit/theme_resources.h:79:31: [0m[0;1;30mnote: [0mexpanded from macro 'IDR_PROFILE_AVATAR_20'[0m
#define IDR_PROFILE_AVATAR_20 _Pragma("whitelisted_resource_10361") 10361
[0;1;32m                              ^
[0m[1m<scratch space>:113:2: [0m[0;1;30mnote: [0mexpanded from here[0m
 whitelisted_resource_10361
[0;1;32m ^
[0m[1m../../chrome/browser/profiles/profile_avatar_icon_util.cc:431:8: [0m[0;1;35mwarning: [0m[1munknown pragma ignored [-Wunknown-pragmas][0m
       IDS_DEFAULT_AVATAR_LABEL_20},
[0;1;32m       ^
[0m[1mgen/chrome/grit/generated_resources.h:2198:37: [0m[0;1;30mnote: [0mexpanded from macro 'IDS_DEFAULT_AVATAR_LABEL_20'[0m
#define IDS_DEFAULT_AVATAR_LABEL_20 _Pragma("whitelisted_resource_5837") 5837
[0;1;32m                                    ^
[0m[1m<scratch space>:115:2: [0m[0;1;30mnote: [0mexpanded from here[0m
 whitelisted_resource_5837
[0;1;32m ^
[0m[1m../../chrome/browser/profiles/profile_avatar_icon_util.cc:432:8: [0m[0;1;35mwarning: [0m[1munknown pragma ignored [-Wunknown-pragmas][0m
      {IDR_PROFILE_AVATAR_21,
[0;1;32m       ^
[0m[1mgen/chrome/grit/theme_resources.h:80:31: [0m[0;1;30mnote: [0mexpanded from macro 'IDR_PROFILE_AVATAR_21'[0m
#define IDR_PROFILE_AVATAR_21 _Pragma("whitelisted_resource_10362") 10362
[0;1;32m                              ^
[0m[1m<scratch space>:117:2: [0m[0;1;30mnote: [0mexpanded from here[0m
 whitelisted_resource_10362
[0;1;32m ^
[0m[1m../../chrome/browser/profiles/profile_avatar_icon_util.cc:434:8: [0m[0;1;35mwarning: [0m[1munknown pragma ignored [-Wunknown-pragmas][0m
       IDS_DEFAULT_AVATAR_LABEL_21},
[0;1;32m       ^
[0m[1mgen/chrome/grit/generated_resources.h:2199:37: [0m[0;1;30mnote: [0mexpanded from macro 'IDS_DEFAULT_AVATAR_LABEL_21'[0m
#define IDS_DEFAULT_AVATAR_LABEL_21 _Pragma("whitelisted_resource_5838") 5838
[0;1;32m                                    ^
[0m[1m<scratch space>:119:2: [0m[0;1;30mnote: [0mexpanded from here[0m
 whitelisted_resource_5838
[0;1;32m ^
[0m[1m../../chrome/browser/profiles/profile_avatar_icon_util.cc:435:8: [0m[0;1;35mwarning: [0m[1munknown pragma ignored [-Wunknown-pragmas][0m
      {IDR_PROFILE_AVATAR_22,
[0;1;32m       ^
[0m[1mgen/chrome/grit/theme_resources.h:81:31: [0m[0;1;30mnote: [0mexpanded from macro 'IDR_PROFILE_AVATAR_22'[0m
#define IDR_PROFILE_AVATAR_22 _Pragma("whitelisted_resource_10363") 10363
[0;1;32m                              ^
[0m[1m<scratch space>:121:2: [0m[0;1;30mnote: [0mexpanded from here[0m
 whitelisted_resource_10363
[0;1;32m ^
[0m[1m../../chrome/browser/profiles/profile_avatar_icon_util.cc:437:8: [0m[0;1;35mwarning: [0m[1munknown pragma ignored [-Wunknown-pragmas][0m
       IDS_DEFAULT_AVATAR_LABEL_22},
[0;1;32m       ^
[0m[1mgen/chrome/grit/generated_resources.h:2200:37: [0m[0;1;30mnote: [0mexpanded from macro 'IDS_DEFAULT_AVATAR_LABEL_22'[0m
#define IDS_DEFAULT_AVATAR_LABEL_22 _Pragma("whitelisted_resource_5839") 5839
[0;1;32m                                    ^
[0m[1m<scratch space>:123:2: [0m[0;1;30mnote: [0mexpanded from here[0m
 whitelisted_resource_5839
[0;1;32m ^
[0m[1m../../chrome/browser/profiles/profile_avatar_icon_util.cc:438:8: [0m[0;1;35mwarning: [0m[1munknown pragma ignored [-Wunknown-pragmas][0m
      {IDR_PROFILE_AVATAR_23,
[0;1;32m       ^
[0m[1mgen/chrome/grit/theme_resources.h:82:31: [0m[0;1;30mnote: [0mexpanded from macro 'IDR_PROFILE_AVATAR_23'[0m
#define IDR_PROFILE_AVATAR_23 _Pragma("whitelisted_resource_10364") 10364
[0;1;32m                              ^
[0m[1m<scratch space>:125:2: [0m[0;1;30mnote: [0mexpanded from here[0m
 whitelisted_resource_10364
[0;1;32m ^
[0m[1m../../chrome/browser/profiles/profile_avatar_icon_util.cc:440:8: [0m[0;1;35mwarning: [0m[1munknown pragma ignored [-Wunknown-pragmas][0m
       IDS_DEFAULT_AVATAR_LABEL_23},
[0;1;32m       ^
[0m[1mgen/chrome/grit/generated_resources.h:2201:37: [0m[0;1;30mnote: [0mexpanded from macro 'IDS_DEFAULT_AVATAR_LABEL_23'[0m
#define IDS_DEFAULT_AVATAR_LABEL_23 _Pragma("whitelisted_resource_5840") 5840
[0;1;32m                                    ^
[0m[1m<scratch space>:127:2: [0m[0;1;30mnote: [0mexpanded from here[0m
 whitelisted_resource_5840
[0;1;32m ^
[0m[1m../../chrome/browser/profiles/profile_avatar_icon_util.cc:441:8: [0m[0;1;35mwarning: [0m[1munknown pragma ignored [-Wunknown-pragmas][0m
      {IDR_PROFILE_AVATAR_24,
[0;1;32m       ^
[0m[1mgen/chrome/grit/theme_resources.h:83:31: [0m[0;1;30mnote: [0mexpanded from macro 'IDR_PROFILE_AVATAR_24'[0m
#define IDR_PROFILE_AVATAR_24 _Pragma("whitelisted_resource_10365") 10365
[0;1;32m                              ^
[0m[1m<scratch space>:129:2: [0m[0;1;30mnote: [0mexpanded from here[0m
 whitelisted_resource_10365
[0;1;32m ^
[0m[1m../../chrome/browser/profiles/profile_avatar_icon_util.cc:443:8: [0m[0;1;35mwarning: [0m[1munknown pragma ignored [-Wunknown-pragmas][0m
       IDS_DEFAULT_AVATAR_LABEL_24},
[0;1;32m       ^
[0m[1mgen/chrome/grit/generated_resources.h:2202:37: [0m[0;1;30mnote: [0mexpanded from macro 'IDS_DEFAULT_AVATAR_LABEL_24'[0m
#define IDS_DEFAULT_AVATAR_LABEL_24 _Pragma("whitelisted_resource_5841") 5841
[0;1;32m                                    ^
[0m[1m<scratch space>:131:2: [0m[0;1;30mnote: [0mexpanded from here[0m
 whitelisted_resource_5841
[0;1;32m ^
[0m[1m../../chrome/browser/profiles/profile_avatar_icon_util.cc:444:8: [0m[0;1;35mwarning: [0m[1munknown pragma ignored [-Wunknown-pragmas][0m
      {IDR_PROFILE_AVATAR_25,
[0;1;32m       ^
[0m[1mgen/chrome/grit/theme_resources.h:84:31: [0m[0;1;30mnote: [0mexpanded from macro 'IDR_PROFILE_AVATAR_25'[0m
#define IDR_PROFILE_AVATAR_25 _Pragma("whitelisted_resource_10366") 10366
[0;1;32m                              ^
[0m[1m<scratch space>:133:2: [0m[0;1;30mnote: [0mexpanded from here[0m
 whitelisted_resource_10366
[0;1;32m ^
[0m[1m../../chrome/browser/profiles/profile_avatar_icon_util.cc:446:8: [0m[0;1;35mwarning: [0m[1munknown pragma ignored [-Wunknown-pragmas][0m
       IDS_DEFAULT_AVATAR_LABEL_25},
[0;1;32m       ^
[0m[1mgen/chrome/grit/generated_resources.h:2203:37: [0m[0;1;30mnote: [0mexpanded from macro 'IDS_DEFAULT_AVATAR_LABEL_25'[0m
#define IDS_DEFAULT_AVATAR_LABEL_25 _Pragma("whitelisted_resource_5842") 5842
[0;1;32m                                    ^
[0m[1m<scratch space>:135:2: [0m[0;1;30mnote: [0mexpanded from here[0m
 whitelisted_resource_5842
[0;1;32m ^
[0m[1m../../chrome/browser/profiles/profile_avatar_icon_util.cc:447:8: [0m[0;1;35mwarning: [0m[1munknown pragma ignored [-Wunknown-pragmas][0m
      {IDR_PROFILE_AVATAR_26, NULL, -1},
[0;1;32m       ^
[0m[1mgen/chrome/grit/theme_resources.h:85:31: [0m[0;1;30mnote: [0mexpanded from macro 'IDR_PROFILE_AVATAR_26'[0m
#define IDR_PROFILE_AVATAR_26 _Pragma("whitelisted_resource_10367") 10367
[0;1;32m                              ^
[0m[1m<scratch space>:137:2: [0m[0;1;30mnote: [0mexpanded from here[0m
 whitelisted_resource_10367
[0;1;32m ^
[0m54 warnings generated.
