In file included from ../../chrome/browser/android/resource_mapper.cc:45:
[1m../../chrome/browser/android/resource_id.h:21:18: [0m[0;1;35mwarning: [0m[1munknown pragma ignored [-Wunknown-pragmas][0m
LINK_RESOURCE_ID(IDR_INFOBAR_3D_BLOCKED, R.drawable.infobar_3d_blocked)
[0;1;32m                 ^
[0m[1mgen/chrome/grit/theme_resources.h:43:32: [0m[0;1;30mnote: [0mexpanded from macro 'IDR_INFOBAR_3D_BLOCKED'[0m
#define IDR_INFOBAR_3D_BLOCKED _Pragma("whitelisted_resource_10300") 10300
[0;1;32m                               ^
[0mIn file included from ../../chrome/browser/android/resource_mapper.cc:45:
[1m../../chrome/browser/android/resource_id.h:22:18: [0m[0;1;35mwarning: [0m[1munknown pragma ignored [-Wunknown-pragmas][0m
LINK_RESOURCE_ID(IDR_INFOBAR_AUTOFILL_CC, R.drawable.infobar_autofill_cc)
[0;1;32m                 ^
[0m[1mgen/components/grit/components_scaled_resources.h:25:33: [0m[0;1;30mnote: [0mexpanded from macro 'IDR_INFOBAR_AUTOFILL_CC'[0m
#define IDR_INFOBAR_AUTOFILL_CC _Pragma("whitelisted_resource_17220") 17220
[0;1;32m                                ^
[0mIn file included from ../../chrome/browser/android/resource_mapper.cc:45:
[1m../../chrome/browser/android/resource_id.h:23:18: [0m[0;1;35mwarning: [0m[1munknown pragma ignored [-Wunknown-pragmas][0m
LINK_RESOURCE_ID(IDR_INFOBAR_TRANSLATE, R.drawable.infobar_translate)
[0;1;32m                 ^
[0m[1mgen/chrome/grit/theme_resources.h:44:31: [0m[0;1;30mnote: [0mexpanded from macro 'IDR_INFOBAR_TRANSLATE'[0m
#define IDR_INFOBAR_TRANSLATE _Pragma("whitelisted_resource_10301") 10301
[0;1;32m                              ^
[0mIn file included from ../../chrome/browser/android/resource_mapper.cc:45:
[1m../../chrome/browser/android/resource_id.h:54:18: [0m[0;1;35mwarning: [0m[1munknown pragma ignored [-Wunknown-pragmas][0m
LINK_RESOURCE_ID(IDR_AUTOFILL_GOOGLE_PAY_WITH_DIVIDER,
[0;1;32m                 ^
[0m[1mgen/components/grit/components_scaled_resources.h:22:46: [0m[0;1;30mnote: [0mexpanded from macro 'IDR_AUTOFILL_GOOGLE_PAY_WITH_DIVIDER'[0m
#define IDR_AUTOFILL_GOOGLE_PAY_WITH_DIVIDER _Pragma("whitelisted_resource_17217") 17217
[0;1;32m                                             ^
[0mIn file included from ../../chrome/browser/android/resource_mapper.cc:45:
[1m../../chrome/browser/android/resource_id.h:78:18: [0m[0;1;35mwarning: [0m[1munknown pragma ignored [-Wunknown-pragmas][0m
LINK_RESOURCE_ID(IDR_AUTOFILL_CC_AMEX, R.drawable.amex_card)
[0;1;32m                 ^
[0m[1mgen/components/grit/components_scaled_resources.h:5:30: [0m[0;1;30mnote: [0mexpanded from macro 'IDR_AUTOFILL_CC_AMEX'[0m
#define IDR_AUTOFILL_CC_AMEX _Pragma("whitelisted_resource_17200") 17200
[0;1;32m                             ^
[0mIn file included from ../../chrome/browser/android/resource_mapper.cc:45:
[1m../../chrome/browser/android/resource_id.h:79:18: [0m[0;1;35mwarning: [0m[1munknown pragma ignored [-Wunknown-pragmas][0m
LINK_RESOURCE_ID(IDR_AUTOFILL_CC_DINERS, R.drawable.diners_card)
[0;1;32m                 ^
[0m[1mgen/components/grit/components_scaled_resources.h:6:32: [0m[0;1;30mnote: [0mexpanded from macro 'IDR_AUTOFILL_CC_DINERS'[0m
#define IDR_AUTOFILL_CC_DINERS _Pragma("whitelisted_resource_17201") 17201
[0;1;32m                               ^
[0mIn file included from ../../chrome/browser/android/resource_mapper.cc:45:
[1m../../chrome/browser/android/resource_id.h:80:18: [0m[0;1;35mwarning: [0m[1munknown pragma ignored [-Wunknown-pragmas][0m
LINK_RESOURCE_ID(IDR_AUTOFILL_CC_DISCOVER, R.drawable.discover_card)
[0;1;32m                 ^
[0m[1mgen/components/grit/components_scaled_resources.h:7:34: [0m[0;1;30mnote: [0mexpanded from macro 'IDR_AUTOFILL_CC_DISCOVER'[0m
#define IDR_AUTOFILL_CC_DISCOVER _Pragma("whitelisted_resource_17202") 17202
[0;1;32m                                 ^
[0mIn file included from ../../chrome/browser/android/resource_mapper.cc:45:
[1m../../chrome/browser/android/resource_id.h:81:18: [0m[0;1;35mwarning: [0m[1munknown pragma ignored [-Wunknown-pragmas][0m
LINK_RESOURCE_ID(IDR_AUTOFILL_CC_ELO, R.drawable.elo_card)
[0;1;32m                 ^
[0m[1mgen/components/grit/components_scaled_resources.h:8:29: [0m[0;1;30mnote: [0mexpanded from macro 'IDR_AUTOFILL_CC_ELO'[0m
#define IDR_AUTOFILL_CC_ELO _Pragma("whitelisted_resource_17203") 17203
[0;1;32m                            ^
[0mIn file included from ../../chrome/browser/android/resource_mapper.cc:45:
[1m../../chrome/browser/android/resource_id.h:82:18: [0m[0;1;35mwarning: [0m[1munknown pragma ignored [-Wunknown-pragmas][0m
LINK_RESOURCE_ID(IDR_AUTOFILL_CC_GENERIC, R.drawable.ic_credit_card_black)
[0;1;32m                 ^
[0m[1mgen/components/grit/components_scaled_resources.h:9:33: [0m[0;1;30mnote: [0mexpanded from macro 'IDR_AUTOFILL_CC_GENERIC'[0m
#define IDR_AUTOFILL_CC_GENERIC _Pragma("whitelisted_resource_17204") 17204
[0;1;32m                                ^
[0mIn file included from ../../chrome/browser/android/resource_mapper.cc:45:
[1m../../chrome/browser/android/resource_id.h:83:18: [0m[0;1;35mwarning: [0m[1munknown pragma ignored [-Wunknown-pragmas][0m
LINK_RESOURCE_ID(IDR_AUTOFILL_CC_JCB, R.drawable.jcb_card)
[0;1;32m                 ^
[0m[1mgen/components/grit/components_scaled_resources.h:10:29: [0m[0;1;30mnote: [0mexpanded from macro 'IDR_AUTOFILL_CC_JCB'[0m
#define IDR_AUTOFILL_CC_JCB _Pragma("whitelisted_resource_17205") 17205
[0;1;32m                            ^
[0mIn file included from ../../chrome/browser/android/resource_mapper.cc:45:
[1m../../chrome/browser/android/resource_id.h:84:18: [0m[0;1;35mwarning: [0m[1munknown pragma ignored [-Wunknown-pragmas][0m
LINK_RESOURCE_ID(IDR_AUTOFILL_CC_MASTERCARD, R.drawable.mc_card)
[0;1;32m                 ^
[0m[1mgen/components/grit/components_scaled_resources.h:11:36: [0m[0;1;30mnote: [0mexpanded from macro 'IDR_AUTOFILL_CC_MASTERCARD'[0m
#define IDR_AUTOFILL_CC_MASTERCARD _Pragma("whitelisted_resource_17206") 17206
[0;1;32m                                   ^
[0mIn file included from ../../chrome/browser/android/resource_mapper.cc:45:
[1m../../chrome/browser/android/resource_id.h:85:18: [0m[0;1;35mwarning: [0m[1munknown pragma ignored [-Wunknown-pragmas][0m
LINK_RESOURCE_ID(IDR_AUTOFILL_CC_MIR, R.drawable.mir_card)
[0;1;32m                 ^
[0m[1mgen/components/grit/components_scaled_resources.h:12:29: [0m[0;1;30mnote: [0mexpanded from macro 'IDR_AUTOFILL_CC_MIR'[0m
#define IDR_AUTOFILL_CC_MIR _Pragma("whitelisted_resource_17207") 17207
[0;1;32m                            ^
[0mIn file included from ../../chrome/browser/android/resource_mapper.cc:45:
[1m../../chrome/browser/android/resource_id.h:86:18: [0m[0;1;35mwarning: [0m[1munknown pragma ignored [-Wunknown-pragmas][0m
LINK_RESOURCE_ID(IDR_AUTOFILL_CC_UNIONPAY, R.drawable.unionpay_card)
[0;1;32m                 ^
[0m[1mgen/components/grit/components_scaled_resources.h:13:34: [0m[0;1;30mnote: [0mexpanded from macro 'IDR_AUTOFILL_CC_UNIONPAY'[0m
#define IDR_AUTOFILL_CC_UNIONPAY _Pragma("whitelisted_resource_17208") 17208
[0;1;32m                                 ^
[0mIn file included from ../../chrome/browser/android/resource_mapper.cc:45:
[1m../../chrome/browser/android/resource_id.h:87:18: [0m[0;1;35mwarning: [0m[1munknown pragma ignored [-Wunknown-pragmas][0m
LINK_RESOURCE_ID(IDR_AUTOFILL_CC_VISA, R.drawable.visa_card)
[0;1;32m                 ^
[0m[1mgen/components/grit/components_scaled_resources.h:14:30: [0m[0;1;30mnote: [0mexpanded from macro 'IDR_AUTOFILL_CC_VISA'[0m
#define IDR_AUTOFILL_CC_VISA _Pragma("whitelisted_resource_17209") 17209
[0;1;32m                             ^
[0mIn file included from ../../chrome/browser/android/resource_mapper.cc:45:
[1m../../chrome/browser/android/resource_id.h:88:18: [0m[0;1;35mwarning: [0m[1munknown pragma ignored [-Wunknown-pragmas][0m
LINK_RESOURCE_ID(IDR_AUTOFILL_CC_SCAN_NEW, R.drawable.ic_photo_camera_black)
[0;1;32m                 ^
[0m[1mgen/components/grit/components_scaled_resources.h:16:34: [0m[0;1;30mnote: [0mexpanded from macro 'IDR_AUTOFILL_CC_SCAN_NEW'[0m
#define IDR_AUTOFILL_CC_SCAN_NEW _Pragma("whitelisted_resource_17211") 17211
[0;1;32m                                 ^
[0mIn file included from ../../chrome/browser/android/resource_mapper.cc:45:
[1m../../chrome/browser/android/resource_id.h:89:18: [0m[0;1;35mwarning: [0m[1munknown pragma ignored [-Wunknown-pragmas][0m
LINK_RESOURCE_ID(IDR_AUTOFILL_GOOGLE_PAY, R.drawable.google_pay)
[0;1;32m                 ^
[0m[1mgen/components/grit/components_scaled_resources.h:15:33: [0m[0;1;30mnote: [0mexpanded from macro 'IDR_AUTOFILL_GOOGLE_PAY'[0m
#define IDR_AUTOFILL_GOOGLE_PAY _Pragma("whitelisted_resource_17210") 17210
[0;1;32m                                ^
[0mIn file included from ../../chrome/browser/android/resource_mapper.cc:45:
[1m../../chrome/browser/android/resource_id.h:90:18: [0m[0;1;35mwarning: [0m[1munknown pragma ignored [-Wunknown-pragmas][0m
LINK_RESOURCE_ID(IDR_AUTOFILL_HTTP_WARNING, R.drawable.ic_info_outline_grey)
[0;1;32m                 ^
[0m[1mgen/components/grit/components_scaled_resources.h:20:35: [0m[0;1;30mnote: [0mexpanded from macro 'IDR_AUTOFILL_HTTP_WARNING'[0m
#define IDR_AUTOFILL_HTTP_WARNING _Pragma("whitelisted_resource_17215") 17215
[0;1;32m                                  ^
[0mIn file included from ../../chrome/browser/android/resource_mapper.cc:45:
[1m../../chrome/browser/android/resource_id.h:91:18: [0m[0;1;35mwarning: [0m[1munknown pragma ignored [-Wunknown-pragmas][0m
LINK_RESOURCE_ID(IDR_AUTOFILL_HTTPS_INVALID_WARNING, R.drawable.ic_warning_red)
[0;1;32m                 ^
[0m[1mgen/components/grit/components_scaled_resources.h:21:44: [0m[0;1;30mnote: [0mexpanded from macro 'IDR_AUTOFILL_HTTPS_INVALID_WARNING'[0m
#define IDR_AUTOFILL_HTTPS_INVALID_WARNING _Pragma("whitelisted_resource_17216") 17216
[0;1;32m                                           ^
[0mIn file included from ../../chrome/browser/android/resource_mapper.cc:45:
[1m../../chrome/browser/android/resource_id.h:95:18: [0m[0;1;35mwarning: [0m[1munknown pragma ignored [-Wunknown-pragmas][0m
LINK_RESOURCE_ID(IDR_AUTOFILL_SETTINGS, R.drawable.ic_settings_black)
[0;1;32m                 ^
[0m[1mgen/components/grit/components_scaled_resources.h:18:31: [0m[0;1;30mnote: [0mexpanded from macro 'IDR_AUTOFILL_SETTINGS'[0m
#define IDR_AUTOFILL_SETTINGS _Pragma("whitelisted_resource_17213") 17213
[0;1;32m                              ^
[0mIn file included from ../../chrome/browser/android/resource_mapper.cc:45:
[1m../../chrome/browser/android/resource_id.h:96:18: [0m[0;1;35mwarning: [0m[1munknown pragma ignored [-Wunknown-pragmas][0m
LINK_RESOURCE_ID(IDR_AUTOFILL_CREATE, R.drawable.ic_edit_24dp)
[0;1;32m                 ^
[0m[1mgen/components/grit/components_scaled_resources.h:19:29: [0m[0;1;30mnote: [0mexpanded from macro 'IDR_AUTOFILL_CREATE'[0m
#define IDR_AUTOFILL_CREATE _Pragma("whitelisted_resource_17214") 17214
[0;1;32m                            ^
[0mIn file included from ../../chrome/browser/android/resource_mapper.cc:45:
[1m../../chrome/browser/android/resource_id.h:99:18: [0m[0;1;35mwarning: [0m[1munknown pragma ignored [-Wunknown-pragmas][0m
LINK_RESOURCE_ID(IDR_CREDIT_CARD_CVC_HINT, R.drawable.cvc_icon)
[0;1;32m                 ^
[0m[1mgen/components/grit/components_scaled_resources.h:23:34: [0m[0;1;30mnote: [0mexpanded from macro 'IDR_CREDIT_CARD_CVC_HINT'[0m
#define IDR_CREDIT_CARD_CVC_HINT _Pragma("whitelisted_resource_17218") 17218
[0;1;32m                                 ^
[0mIn file included from ../../chrome/browser/android/resource_mapper.cc:45:
[1m../../chrome/browser/android/resource_id.h:100:18: [0m[0;1;35mwarning: [0m[1munknown pragma ignored [-Wunknown-pragmas][0m
LINK_RESOURCE_ID(IDR_CREDIT_CARD_CVC_HINT_AMEX, R.drawable.cvc_icon_amex)
[0;1;32m                 ^
[0m[1mgen/components/grit/components_scaled_resources.h:24:39: [0m[0;1;30mnote: [0mexpanded from macro 'IDR_CREDIT_CARD_CVC_HINT_AMEX'[0m
#define IDR_CREDIT_CARD_CVC_HINT_AMEX _Pragma("whitelisted_resource_17219") 17219
[0;1;32m                                      ^
[0m22 warnings generated.
