[1m../../chrome/browser/ui/search_engines/template_url_table_model.cc:73:17: [0m[0;1;35mwarning: [0m[1munknown pragma ignored [-Wunknown-pragmas][0m
  if (col_id == IDS_SEARCH_ENGINES_EDITOR_DESCRIPTION_COLUMN) {
[0;1;32m                ^
[0m[1mgen/chrome/grit/generated_resources.h:956:54: [0m[0;1;30mnote: [0mexpanded from macro 'IDS_SEARCH_ENGINES_EDITOR_DESCRIPTION_COLUMN'[0m
#define IDS_SEARCH_ENGINES_EDITOR_DESCRIPTION_COLUMN _Pragma("whitelisted_resource_4300") 4300
[0;1;32m                                                     ^
[0m[1m<scratch space>:63:2: [0m[0;1;30mnote: [0mexpanded from here[0m
 whitelisted_resource_4300
[0;1;32m ^
[0m[1m../../chrome/browser/ui/search_engines/template_url_table_model.cc:80:36: [0m[0;1;35mwarning: [0m[1munknown pragma ignored [-Wunknown-pragmas][0m
        l10n_util::GetStringFUTF16(IDS_SEARCH_ENGINES_EDITOR_DEFAULT_ENGINE,
[0;1;32m                                   ^
[0m[1mgen/chrome/grit/generated_resources.h:960:50: [0m[0;1;30mnote: [0mexpanded from macro 'IDS_SEARCH_ENGINES_EDITOR_DEFAULT_ENGINE'[0m
#define IDS_SEARCH_ENGINES_EDITOR_DEFAULT_ENGINE _Pragma("whitelisted_resource_4304") 4304
[0;1;32m                                                 ^
[0m[1m<scratch space>:65:2: [0m[0;1;30mnote: [0mexpanded from here[0m
 whitelisted_resource_4304
[0;1;32m ^
[0m[1m../../chrome/browser/ui/search_engines/template_url_table_model.cc:84:13: [0m[0;1;35mwarning: [0m[1munknown pragma ignored [-Wunknown-pragmas][0m
  DCHECK_EQ(IDS_SEARCH_ENGINES_EDITOR_KEYWORD_COLUMN, col_id);
[0;1;32m            ^
[0m[1mgen/chrome/grit/generated_resources.h:955:50: [0m[0;1;30mnote: [0mexpanded from macro 'IDS_SEARCH_ENGINES_EDITOR_KEYWORD_COLUMN'[0m
#define IDS_SEARCH_ENGINES_EDITOR_KEYWORD_COLUMN _Pragma("whitelisted_resource_4299") 4299
[0;1;32m                                                 ^
[0m[1m../../chrome/browser/ui/search_engines/template_url_table_model.cc:84:13: [0m[0;1;35mwarning: [0m[1munknown pragma ignored [-Wunknown-pragmas][0m
[1mgen/chrome/grit/generated_resources.h:955:50: [0m[0;1;30mnote: [0mexpanded from macro 'IDS_SEARCH_ENGINES_EDITOR_KEYWORD_COLUMN'[0m
#define IDS_SEARCH_ENGINES_EDITOR_KEYWORD_COLUMN _Pragma("whitelisted_resource_4299") 4299
[0;1;32m                                                 ^
[0m4 warnings generated.
