[1m../../chrome/renderer/net/net_error_helper_core.cc:60:6: [0m[0;1;35mwarning: [0m[1munknown pragma ignored [-Wunknown-pragmas][0m
    {IDS_ERRORPAGES_SUGGESTION_VISIT_GOOGLE_CACHE, "cachedPage"},
[0;1;32m     ^
[0m[1mgen/components/strings/grit/components_strings.h:195:54: [0m[0;1;30mnote: [0mexpanded from macro 'IDS_ERRORPAGES_SUGGESTION_VISIT_GOOGLE_CACHE'[0m
#define IDS_ERRORPAGES_SUGGESTION_VISIT_GOOGLE_CACHE _Pragma("whitelisted_resource_15294") 15294
[0;1;32m                                                     ^
[0m[1m<scratch space>:268:2: [0m[0;1;30mnote: [0mexpanded from here[0m
 whitelisted_resource_15294
[0;1;32m ^
[0m[1m../../chrome/renderer/net/net_error_helper_core.cc:62:6: [0m[0;1;35mwarning: [0m[1munknown pragma ignored [-Wunknown-pragmas][0m
    {IDS_ERRORPAGES_SUGGESTION_CORRECTED_URL, "urlCorrection"},
[0;1;32m     ^
[0m[1mgen/components/strings/grit/components_strings.h:196:49: [0m[0;1;30mnote: [0mexpanded from macro 'IDS_ERRORPAGES_SUGGESTION_CORRECTED_URL'[0m
#define IDS_ERRORPAGES_SUGGESTION_CORRECTED_URL _Pragma("whitelisted_resource_15295") 15295
[0;1;32m                                                ^
[0m[1m<scratch space>:270:2: [0m[0;1;30mnote: [0mexpanded from here[0m
 whitelisted_resource_15295
[0;1;32m ^
[0m[1m../../chrome/renderer/net/net_error_helper_core.cc:63:6: [0m[0;1;35mwarning: [0m[1munknown pragma ignored [-Wunknown-pragmas][0m
    {IDS_ERRORPAGES_SUGGESTION_ALTERNATE_URL, "siteDomain"},
[0;1;32m     ^
[0m[1mgen/components/strings/grit/components_strings.h:197:49: [0m[0;1;30mnote: [0mexpanded from macro 'IDS_ERRORPAGES_SUGGESTION_ALTERNATE_URL'[0m
#define IDS_ERRORPAGES_SUGGESTION_ALTERNATE_URL _Pragma("whitelisted_resource_15296") 15296
[0;1;32m                                                ^
[0m[1m<scratch space>:272:2: [0m[0;1;30mnote: [0mexpanded from here[0m
 whitelisted_resource_15296
[0;1;32m ^
[0m[1m../../chrome/renderer/net/net_error_helper_core.cc:64:6: [0m[0;1;35mwarning: [0m[1munknown pragma ignored [-Wunknown-pragmas][0m
    {IDS_ERRORPAGES_SUGGESTION_ALTERNATE_URL, "host"},
[0;1;32m     ^
[0m[1mgen/components/strings/grit/components_strings.h:197:49: [0m[0;1;30mnote: [0mexpanded from macro 'IDS_ERRORPAGES_SUGGESTION_ALTERNATE_URL'[0m
#define IDS_ERRORPAGES_SUGGESTION_ALTERNATE_URL _Pragma("whitelisted_resource_15296") 15296
[0;1;32m                                                ^
[0m[1m<scratch space>:274:2: [0m[0;1;30mnote: [0mexpanded from here[0m
 whitelisted_resource_15296
[0;1;32m ^
[0m[1m../../chrome/renderer/net/net_error_helper_core.cc:65:6: [0m[0;1;35mwarning: [0m[1munknown pragma ignored [-Wunknown-pragmas][0m
    {IDS_ERRORPAGES_SUGGESTION_ALTERNATE_URL, "sitemap"},
[0;1;32m     ^
[0m[1mgen/components/strings/grit/components_strings.h:197:49: [0m[0;1;30mnote: [0mexpanded from macro 'IDS_ERRORPAGES_SUGGESTION_ALTERNATE_URL'[0m
#define IDS_ERRORPAGES_SUGGESTION_ALTERNATE_URL _Pragma("whitelisted_resource_15296") 15296
[0;1;32m                                                ^
[0m[1m<scratch space>:276:2: [0m[0;1;30mnote: [0mexpanded from here[0m
 whitelisted_resource_15296
[0;1;32m ^
[0m[1m../../chrome/renderer/net/net_error_helper_core.cc:66:6: [0m[0;1;35mwarning: [0m[1munknown pragma ignored [-Wunknown-pragmas][0m
    {IDS_ERRORPAGES_SUGGESTION_ALTERNATE_URL, "pathParentFolder"},
[0;1;32m     ^
[0m[1mgen/components/strings/grit/components_strings.h:197:49: [0m[0;1;30mnote: [0mexpanded from macro 'IDS_ERRORPAGES_SUGGESTION_ALTERNATE_URL'[0m
#define IDS_ERRORPAGES_SUGGESTION_ALTERNATE_URL _Pragma("whitelisted_resource_15296") 15296
[0;1;32m                                                ^
[0m[1m<scratch space>:278:2: [0m[0;1;30mnote: [0mexpanded from here[0m
 whitelisted_resource_15296
[0;1;32m ^
[0m[1m../../chrome/renderer/net/net_error_helper_core.cc:71:6: [0m[0;1;35mwarning: [0m[1munknown pragma ignored [-Wunknown-pragmas][0m
    {IDS_ERRORPAGES_SUGGESTION_ALTERNATE_URL, "contentOverlap"},
[0;1;32m     ^
[0m[1mgen/components/strings/grit/components_strings.h:197:49: [0m[0;1;30mnote: [0mexpanded from macro 'IDS_ERRORPAGES_SUGGESTION_ALTERNATE_URL'[0m
#define IDS_ERRORPAGES_SUGGESTION_ALTERNATE_URL _Pragma("whitelisted_resource_15296") 15296
[0;1;32m                                                ^
[0m[1m<scratch space>:280:2: [0m[0;1;30mnote: [0mexpanded from here[0m
 whitelisted_resource_15296
[0;1;32m ^
[0m[1m../../chrome/renderer/net/net_error_helper_core.cc:72:6: [0m[0;1;35mwarning: [0m[1munknown pragma ignored [-Wunknown-pragmas][0m
    {IDS_ERRORPAGES_SUGGESTION_CORRECTED_URL, "emphasizedUrlCorrection"},
[0;1;32m     ^
[0m[1mgen/components/strings/grit/components_strings.h:196:49: [0m[0;1;30mnote: [0mexpanded from macro 'IDS_ERRORPAGES_SUGGESTION_CORRECTED_URL'[0m
#define IDS_ERRORPAGES_SUGGESTION_CORRECTED_URL _Pragma("whitelisted_resource_15295") 15295
[0;1;32m                                                ^
[0m[1m<scratch space>:282:2: [0m[0;1;30mnote: [0mexpanded from here[0m
 whitelisted_resource_15295
[0;1;32m ^
[0m8 warnings generated.
