[1m../../extensions/browser/extension_creator.cc:46:34: [0m[0;1;35mwarning: [0m[1munknown pragma ignored [-Wunknown-pragmas][0m
        l10n_util::GetStringUTF8(IDS_EXTENSION_DIRECTORY_NO_EXISTS);
[0;1;32m                                 ^
[0m[1mgen/extensions/strings/grit/extensions_strings.h:9:43: [0m[0;1;30mnote: [0mexpanded from macro 'IDS_EXTENSION_DIRECTORY_NO_EXISTS'[0m
#define IDS_EXTENSION_DIRECTORY_NO_EXISTS _Pragma("whitelisted_resource_24624") 24624
[0;1;32m                                          ^
[0m[1m<scratch space>:304:2: [0m[0;1;30mnote: [0mexpanded from here[0m
 whitelisted_resource_24624
[0;1;32m ^
[0m[1m../../extensions/browser/extension_creator.cc:54:34: [0m[0;1;35mwarning: [0m[1munknown pragma ignored [-Wunknown-pragmas][0m
        l10n_util::GetStringUTF8(IDS_EXTENSION_CANT_GET_ABSOLUTE_PATH);
[0;1;32m                                 ^
[0m[1mgen/extensions/strings/grit/extensions_strings.h:6:46: [0m[0;1;30mnote: [0mexpanded from macro 'IDS_EXTENSION_CANT_GET_ABSOLUTE_PATH'[0m
#define IDS_EXTENSION_CANT_GET_ABSOLUTE_PATH _Pragma("whitelisted_resource_24621") 24621
[0;1;32m                                             ^
[0m[1m<scratch space>:306:2: [0m[0;1;30mnote: [0mexpanded from here[0m
 whitelisted_resource_24621
[0;1;32m ^
[0m[1m../../extensions/browser/extension_creator.cc:62:34: [0m[0;1;35mwarning: [0m[1munknown pragma ignored [-Wunknown-pragmas][0m
        l10n_util::GetStringUTF8(IDS_EXTENSION_PRIVATE_KEY_INVALID_PATH);
[0;1;32m                                 ^
[0m[1mgen/extensions/strings/grit/extensions_strings.h:33:48: [0m[0;1;30mnote: [0mexpanded from macro 'IDS_EXTENSION_PRIVATE_KEY_INVALID_PATH'[0m
#define IDS_EXTENSION_PRIVATE_KEY_INVALID_PATH _Pragma("whitelisted_resource_24648") 24648
[0;1;32m                                               ^
[0m[1m<scratch space>:308:2: [0m[0;1;30mnote: [0mexpanded from here[0m
 whitelisted_resource_24648
[0;1;32m ^
[0m[1m../../extensions/browser/extension_creator.cc:71:47: [0m[0;1;35mwarning: [0m[1munknown pragma ignored [-Wunknown-pragmas][0m
    error_message_ = l10n_util::GetStringUTF8(IDS_EXTENSION_PRIVATE_KEY_EXISTS);
[0;1;32m                                              ^
[0m[1mgen/extensions/strings/grit/extensions_strings.h:26:42: [0m[0;1;30mnote: [0mexpanded from macro 'IDS_EXTENSION_PRIVATE_KEY_EXISTS'[0m
#define IDS_EXTENSION_PRIVATE_KEY_EXISTS _Pragma("whitelisted_resource_24641") 24641
[0;1;32m                                         ^
[0m[1m<scratch space>:310:2: [0m[0;1;30mnote: [0mexpanded from here[0m
 whitelisted_resource_24641
[0;1;32m ^
[0m[1m../../extensions/browser/extension_creator.cc:78:47: [0m[0;1;35mwarning: [0m[1munknown pragma ignored [-Wunknown-pragmas][0m
    error_message_ = l10n_util::GetStringUTF8(IDS_EXTENSION_CRX_EXISTS);
[0;1;32m                                              ^
[0m[1mgen/extensions/strings/grit/extensions_strings.h:8:34: [0m[0;1;30mnote: [0mexpanded from macro 'IDS_EXTENSION_CRX_EXISTS'[0m
#define IDS_EXTENSION_CRX_EXISTS _Pragma("whitelisted_resource_24623") 24623
[0;1;32m                                 ^
[0m[1m<scratch space>:312:2: [0m[0;1;30mnote: [0mexpanded from here[0m
 whitelisted_resource_24623
[0;1;32m ^
[0m[1m../../extensions/browser/extension_creator.cc:93:34: [0m[0;1;35mwarning: [0m[1munknown pragma ignored [-Wunknown-pragmas][0m
        l10n_util::GetStringUTF8(IDS_EXTENSION_PUBLIC_KEY_FAILED_TO_EXPORT);
[0;1;32m                                 ^
[0m[1mgen/extensions/strings/grit/extensions_strings.h:34:51: [0m[0;1;30mnote: [0mexpanded from macro 'IDS_EXTENSION_PUBLIC_KEY_FAILED_TO_EXPORT'[0m
#define IDS_EXTENSION_PUBLIC_KEY_FAILED_TO_EXPORT _Pragma("whitelisted_resource_24649") 24649
[0;1;32m                                                  ^
[0m[1m<scratch space>:314:2: [0m[0;1;30mnote: [0mexpanded from here[0m
 whitelisted_resource_24649
[0;1;32m ^
[0m[1m../../extensions/browser/extension_creator.cc:120:34: [0m[0;1;35mwarning: [0m[1munknown pragma ignored [-Wunknown-pragmas][0m
        l10n_util::GetStringUTF8(IDS_EXTENSION_PRIVATE_KEY_NO_EXISTS);
[0;1;32m                                 ^
[0m[1mgen/extensions/strings/grit/extensions_strings.h:32:45: [0m[0;1;30mnote: [0mexpanded from macro 'IDS_EXTENSION_PRIVATE_KEY_NO_EXISTS'[0m
#define IDS_EXTENSION_PRIVATE_KEY_NO_EXISTS _Pragma("whitelisted_resource_24647") 24647
[0;1;32m                                            ^
[0m[1m<scratch space>:316:2: [0m[0;1;30mnote: [0mexpanded from here[0m
 whitelisted_resource_24647
[0;1;32m ^
[0m[1m../../extensions/browser/extension_creator.cc:127:34: [0m[0;1;35mwarning: [0m[1munknown pragma ignored [-Wunknown-pragmas][0m
        l10n_util::GetStringUTF8(IDS_EXTENSION_PRIVATE_KEY_FAILED_TO_READ);
[0;1;32m                                 ^
[0m[1mgen/extensions/strings/grit/extensions_strings.h:27:50: [0m[0;1;30mnote: [0mexpanded from macro 'IDS_EXTENSION_PRIVATE_KEY_FAILED_TO_READ'[0m
#define IDS_EXTENSION_PRIVATE_KEY_FAILED_TO_READ _Pragma("whitelisted_resource_24642") 24642
[0;1;32m                                                 ^
[0m[1m<scratch space>:318:2: [0m[0;1;30mnote: [0mexpanded from here[0m
 whitelisted_resource_24642
[0;1;32m ^
[0m[1m../../extensions/browser/extension_creator.cc:134:34: [0m[0;1;35mwarning: [0m[1munknown pragma ignored [-Wunknown-pragmas][0m
        l10n_util::GetStringUTF8(IDS_EXTENSION_PRIVATE_KEY_INVALID);
[0;1;32m                                 ^
[0m[1mgen/extensions/strings/grit/extensions_strings.h:31:43: [0m[0;1;30mnote: [0mexpanded from macro 'IDS_EXTENSION_PRIVATE_KEY_INVALID'[0m
#define IDS_EXTENSION_PRIVATE_KEY_INVALID _Pragma("whitelisted_resource_24646") 24646
[0;1;32m                                          ^
[0m[1m<scratch space>:320:2: [0m[0;1;30mnote: [0mexpanded from here[0m
 whitelisted_resource_24646
[0;1;32m ^
[0m[1m../../extensions/browser/extension_creator.cc:148:34: [0m[0;1;35mwarning: [0m[1munknown pragma ignored [-Wunknown-pragmas][0m
        l10n_util::GetStringUTF8(IDS_EXTENSION_PRIVATE_KEY_FAILED_TO_GENERATE);
[0;1;32m                                 ^
[0m[1mgen/extensions/strings/grit/extensions_strings.h:29:54: [0m[0;1;30mnote: [0mexpanded from macro 'IDS_EXTENSION_PRIVATE_KEY_FAILED_TO_GENERATE'[0m
#define IDS_EXTENSION_PRIVATE_KEY_FAILED_TO_GENERATE _Pragma("whitelisted_resource_24644") 24644
[0;1;32m                                                     ^
[0m[1m<scratch space>:322:2: [0m[0;1;30mnote: [0mexpanded from here[0m
 whitelisted_resource_24644
[0;1;32m ^
[0m[1m../../extensions/browser/extension_creator.cc:155:34: [0m[0;1;35mwarning: [0m[1munknown pragma ignored [-Wunknown-pragmas][0m
        l10n_util::GetStringUTF8(IDS_EXTENSION_PRIVATE_KEY_FAILED_TO_EXPORT);
[0;1;32m                                 ^
[0m[1mgen/extensions/strings/grit/extensions_strings.h:28:52: [0m[0;1;30mnote: [0mexpanded from macro 'IDS_EXTENSION_PRIVATE_KEY_FAILED_TO_EXPORT'[0m
#define IDS_EXTENSION_PRIVATE_KEY_FAILED_TO_EXPORT _Pragma("whitelisted_resource_24643") 24643
[0;1;32m                                                   ^
[0m[1m<scratch space>:324:2: [0m[0;1;30mnote: [0mexpanded from here[0m
 whitelisted_resource_24643
[0;1;32m ^
[0m[1m../../extensions/browser/extension_creator.cc:165:34: [0m[0;1;35mwarning: [0m[1munknown pragma ignored [-Wunknown-pragmas][0m
        l10n_util::GetStringUTF8(IDS_EXTENSION_PRIVATE_KEY_FAILED_TO_OUTPUT);
[0;1;32m                                 ^
[0m[1mgen/extensions/strings/grit/extensions_strings.h:30:52: [0m[0;1;30mnote: [0mexpanded from macro 'IDS_EXTENSION_PRIVATE_KEY_FAILED_TO_OUTPUT'[0m
#define IDS_EXTENSION_PRIVATE_KEY_FAILED_TO_OUTPUT _Pragma("whitelisted_resource_24645") 24645
[0;1;32m                                                   ^
[0m[1m<scratch space>:326:2: [0m[0;1;30mnote: [0mexpanded from here[0m
 whitelisted_resource_24645
[0;1;32m ^
[0m[1m../../extensions/browser/extension_creator.cc:171:34: [0m[0;1;35mwarning: [0m[1munknown pragma ignored [-Wunknown-pragmas][0m
        l10n_util::GetStringUTF8(IDS_EXTENSION_PRIVATE_KEY_FAILED_TO_OUTPUT);
[0;1;32m                                 ^
[0m[1mgen/extensions/strings/grit/extensions_strings.h:30:52: [0m[0;1;30mnote: [0mexpanded from macro 'IDS_EXTENSION_PRIVATE_KEY_FAILED_TO_OUTPUT'[0m
#define IDS_EXTENSION_PRIVATE_KEY_FAILED_TO_OUTPUT _Pragma("whitelisted_resource_24645") 24645
[0;1;32m                                                   ^
[0m[1m<scratch space>:328:2: [0m[0;1;30mnote: [0mexpanded from here[0m
 whitelisted_resource_24645
[0;1;32m ^
[0m[1m../../extensions/browser/extension_creator.cc:179:36: [0m[0;1;35mwarning: [0m[1munknown pragma ignored [-Wunknown-pragmas][0m
          l10n_util::GetStringUTF8(IDS_EXTENSION_PRIVATE_KEY_FAILED_TO_OUTPUT);
[0;1;32m                                   ^
[0m[1mgen/extensions/strings/grit/extensions_strings.h:30:52: [0m[0;1;30mnote: [0mexpanded from macro 'IDS_EXTENSION_PRIVATE_KEY_FAILED_TO_OUTPUT'[0m
#define IDS_EXTENSION_PRIVATE_KEY_FAILED_TO_OUTPUT _Pragma("whitelisted_resource_24645") 24645
[0;1;32m                                                   ^
[0m[1m<scratch space>:330:2: [0m[0;1;30mnote: [0mexpanded from here[0m
 whitelisted_resource_24645
[0;1;32m ^
[0m[1m../../extensions/browser/extension_creator.cc:197:34: [0m[0;1;35mwarning: [0m[1munknown pragma ignored [-Wunknown-pragmas][0m
        l10n_util::GetStringUTF8(IDS_EXTENSION_FAILED_DURING_PACKAGING);
[0;1;32m                                 ^
[0m[1mgen/extensions/strings/grit/extensions_strings.h:11:47: [0m[0;1;30mnote: [0mexpanded from macro 'IDS_EXTENSION_FAILED_DURING_PACKAGING'[0m
#define IDS_EXTENSION_FAILED_DURING_PACKAGING _Pragma("whitelisted_resource_24626") 24626
[0;1;32m                                              ^
[0m[1m<scratch space>:332:2: [0m[0;1;30mnote: [0mexpanded from here[0m
 whitelisted_resource_24626
[0;1;32m ^
[0m[1m../../extensions/browser/extension_creator.cc:212:36: [0m[0;1;35mwarning: [0m[1munknown pragma ignored [-Wunknown-pragmas][0m
          l10n_util::GetStringUTF8(IDS_EXTENSION_ERROR_WHILE_SIGNING);
[0;1;32m                                   ^
[0m[1mgen/extensions/strings/grit/extensions_strings.h:10:43: [0m[0;1;30mnote: [0mexpanded from macro 'IDS_EXTENSION_ERROR_WHILE_SIGNING'[0m
#define IDS_EXTENSION_ERROR_WHILE_SIGNING _Pragma("whitelisted_resource_24625") 24625
[0;1;32m                                          ^
[0m[1m<scratch space>:334:2: [0m[0;1;30mnote: [0mexpanded from here[0m
 whitelisted_resource_24625
[0;1;32m ^
[0m[1m../../extensions/browser/extension_creator.cc:216:36: [0m[0;1;35mwarning: [0m[1munknown pragma ignored [-Wunknown-pragmas][0m
          l10n_util::GetStringUTF8(IDS_EXTENSION_SHARING_VIOLATION);
[0;1;32m                                   ^
[0m[1mgen/extensions/strings/grit/extensions_strings.h:36:41: [0m[0;1;30mnote: [0mexpanded from macro 'IDS_EXTENSION_SHARING_VIOLATION'[0m
#define IDS_EXTENSION_SHARING_VIOLATION _Pragma("whitelisted_resource_24651") 24651
[0;1;32m                                        ^
[0m[1m<scratch space>:336:2: [0m[0;1;30mnote: [0mexpanded from here[0m
 whitelisted_resource_24651
[0;1;32m ^
[0m17 warnings generated.
