[1m../../chrome/browser/ui/webui/offline/offline_internals_ui.cc:27:32: [0m[0;1;35mwarning: [0m[1munknown pragma ignored [-Wunknown-pragmas][0m
                               IDR_OFFLINE_INTERNALS_CSS);
[0;1;32m                               ^
[0m[1mgen/chrome/grit/browser_resources.h:73:35: [0m[0;1;30mnote: [0mexpanded from macro 'IDR_OFFLINE_INTERNALS_CSS'[0m
#define IDR_OFFLINE_INTERNALS_CSS _Pragma("whitelisted_resource_11076") 11076
[0;1;32m                                  ^
[0m[1m<scratch space>:61:2: [0m[0;1;30mnote: [0mexpanded from here[0m
 whitelisted_resource_11076
[0;1;32m ^
[0m[1m../../chrome/browser/ui/webui/offline/offline_internals_ui.cc:29:32: [0m[0;1;35mwarning: [0m[1munknown pragma ignored [-Wunknown-pragmas][0m
                               IDR_OFFLINE_INTERNALS_JS);
[0;1;32m                               ^
[0m[1mgen/chrome/grit/browser_resources.h:74:34: [0m[0;1;30mnote: [0mexpanded from macro 'IDR_OFFLINE_INTERNALS_JS'[0m
#define IDR_OFFLINE_INTERNALS_JS _Pragma("whitelisted_resource_11077") 11077
[0;1;32m                                 ^
[0m[1m<scratch space>:63:2: [0m[0;1;30mnote: [0mexpanded from here[0m
 whitelisted_resource_11077
[0;1;32m ^
[0m[1m../../chrome/browser/ui/webui/offline/offline_internals_ui.cc:31:32: [0m[0;1;35mwarning: [0m[1munknown pragma ignored [-Wunknown-pragmas][0m
                               IDR_OFFLINE_INTERNALS_BROWSER_PROXY_JS);
[0;1;32m                               ^
[0m[1mgen/chrome/grit/browser_resources.h:75:48: [0m[0;1;30mnote: [0mexpanded from macro 'IDR_OFFLINE_INTERNALS_BROWSER_PROXY_JS'[0m
#define IDR_OFFLINE_INTERNALS_BROWSER_PROXY_JS _Pragma("whitelisted_resource_11078") 11078
[0;1;32m                                               ^
[0m[1m<scratch space>:65:2: [0m[0;1;30mnote: [0mexpanded from here[0m
 whitelisted_resource_11078
[0;1;32m ^
[0m[1m../../chrome/browser/ui/webui/offline/offline_internals_ui.cc:32:35: [0m[0;1;35mwarning: [0m[1munknown pragma ignored [-Wunknown-pragmas][0m
  html_source->SetDefaultResource(IDR_OFFLINE_INTERNALS_HTML);
[0;1;32m                                  ^
[0m[1mgen/chrome/grit/browser_resources.h:72:36: [0m[0;1;30mnote: [0mexpanded from macro 'IDR_OFFLINE_INTERNALS_HTML'[0m
#define IDR_OFFLINE_INTERNALS_HTML _Pragma("whitelisted_resource_11075") 11075
[0;1;32m                                   ^
[0m[1m<scratch space>:67:2: [0m[0;1;30mnote: [0mexpanded from here[0m
 whitelisted_resource_11075
[0;1;32m ^
[0m4 warnings generated.
