[1m../../components/payments/content/payment_request_spec.cc:269:17: [0m[0;1;35mwarning: [0m[1munknown pragma ignored [-Wunknown-pragmas][0m
                IDS_PAYMENTS_UNSUPPORTED_DELIVERY_ADDRESS);
[0;1;32m                ^
[0m[1mgen/components/strings/grit/components_strings.h:586:51: [0m[0;1;30mnote: [0mexpanded from macro 'IDS_PAYMENTS_UNSUPPORTED_DELIVERY_ADDRESS'[0m
#define IDS_PAYMENTS_UNSUPPORTED_DELIVERY_ADDRESS _Pragma("whitelisted_resource_15712") 15712
[0;1;32m                                                  ^
[0m[1m<scratch space>:88:2: [0m[0;1;30mnote: [0mexpanded from here[0m
 whitelisted_resource_15712
[0;1;32m ^
[0m[1m../../components/payments/content/payment_request_spec.cc:273:17: [0m[0;1;35mwarning: [0m[1munknown pragma ignored [-Wunknown-pragmas][0m
                IDS_PAYMENTS_UNSUPPORTED_PICKUP_ADDRESS);
[0;1;32m                ^
[0m[1mgen/components/strings/grit/components_strings.h:589:49: [0m[0;1;30mnote: [0mexpanded from macro 'IDS_PAYMENTS_UNSUPPORTED_PICKUP_ADDRESS'[0m
#define IDS_PAYMENTS_UNSUPPORTED_PICKUP_ADDRESS _Pragma("whitelisted_resource_15715") 15715
[0;1;32m                                                ^
[0m[1m<scratch space>:90:2: [0m[0;1;30mnote: [0mexpanded from here[0m
 whitelisted_resource_15715
[0;1;32m ^
[0m[1m../../components/payments/content/payment_request_spec.cc:277:17: [0m[0;1;35mwarning: [0m[1munknown pragma ignored [-Wunknown-pragmas][0m
                IDS_PAYMENTS_UNSUPPORTED_SHIPPING_ADDRESS);
[0;1;32m                ^
[0m[1mgen/components/strings/grit/components_strings.h:583:51: [0m[0;1;30mnote: [0mexpanded from macro 'IDS_PAYMENTS_UNSUPPORTED_SHIPPING_ADDRESS'[0m
#define IDS_PAYMENTS_UNSUPPORTED_SHIPPING_ADDRESS _Pragma("whitelisted_resource_15709") 15709
[0;1;32m                                                  ^
[0m[1m<scratch space>:92:2: [0m[0;1;30mnote: [0mexpanded from here[0m
 whitelisted_resource_15709
[0;1;32m ^
[0m3 warnings generated.
