[1m../../device/bluetooth/bluetooth_device.cc:112:41: [0m[0;1;35mwarning: [0m[1munknown pragma ignored [-Wunknown-pragmas][0m
      return l10n_util::GetStringFUTF16(IDS_BLUETOOTH_DEVICE_COMPUTER,
[0;1;32m                                        ^
[0m[1mgen/device/bluetooth/strings/grit/bluetooth_strings.h:6:39: [0m[0;1;30mnote: [0mexpanded from macro 'IDS_BLUETOOTH_DEVICE_COMPUTER'[0m
#define IDS_BLUETOOTH_DEVICE_COMPUTER _Pragma("whitelisted_resource_24401") 24401
[0;1;32m                                      ^
[0m[1m<scratch space>:246:2: [0m[0;1;30mnote: [0mexpanded from here[0m
 whitelisted_resource_24401
[0;1;32m ^
[0m[1m../../device/bluetooth/bluetooth_device.cc:115:41: [0m[0;1;35mwarning: [0m[1munknown pragma ignored [-Wunknown-pragmas][0m
      return l10n_util::GetStringFUTF16(IDS_BLUETOOTH_DEVICE_PHONE,
[0;1;32m                                        ^
[0m[1mgen/device/bluetooth/strings/grit/bluetooth_strings.h:7:36: [0m[0;1;30mnote: [0mexpanded from macro 'IDS_BLUETOOTH_DEVICE_PHONE'[0m
#define IDS_BLUETOOTH_DEVICE_PHONE _Pragma("whitelisted_resource_24402") 24402
[0;1;32m                                   ^
[0m[1m<scratch space>:248:2: [0m[0;1;30mnote: [0mexpanded from here[0m
 whitelisted_resource_24402
[0;1;32m ^
[0m[1m../../device/bluetooth/bluetooth_device.cc:118:41: [0m[0;1;35mwarning: [0m[1munknown pragma ignored [-Wunknown-pragmas][0m
      return l10n_util::GetStringFUTF16(IDS_BLUETOOTH_DEVICE_MODEM,
[0;1;32m                                        ^
[0m[1mgen/device/bluetooth/strings/grit/bluetooth_strings.h:8:36: [0m[0;1;30mnote: [0mexpanded from macro 'IDS_BLUETOOTH_DEVICE_MODEM'[0m
#define IDS_BLUETOOTH_DEVICE_MODEM _Pragma("whitelisted_resource_24403") 24403
[0;1;32m                                   ^
[0m[1m<scratch space>:250:2: [0m[0;1;30mnote: [0mexpanded from here[0m
 whitelisted_resource_24403
[0;1;32m ^
[0m[1m../../device/bluetooth/bluetooth_device.cc:121:41: [0m[0;1;35mwarning: [0m[1munknown pragma ignored [-Wunknown-pragmas][0m
      return l10n_util::GetStringFUTF16(IDS_BLUETOOTH_DEVICE_AUDIO,
[0;1;32m                                        ^
[0m[1mgen/device/bluetooth/strings/grit/bluetooth_strings.h:9:36: [0m[0;1;30mnote: [0mexpanded from macro 'IDS_BLUETOOTH_DEVICE_AUDIO'[0m
#define IDS_BLUETOOTH_DEVICE_AUDIO _Pragma("whitelisted_resource_24404") 24404
[0;1;32m                                   ^
[0m[1m<scratch space>:252:2: [0m[0;1;30mnote: [0mexpanded from here[0m
 whitelisted_resource_24404
[0;1;32m ^
[0m[1m../../device/bluetooth/bluetooth_device.cc:124:41: [0m[0;1;35mwarning: [0m[1munknown pragma ignored [-Wunknown-pragmas][0m
      return l10n_util::GetStringFUTF16(IDS_BLUETOOTH_DEVICE_CAR_AUDIO,
[0;1;32m                                        ^
[0m[1mgen/device/bluetooth/strings/grit/bluetooth_strings.h:10:40: [0m[0;1;30mnote: [0mexpanded from macro 'IDS_BLUETOOTH_DEVICE_CAR_AUDIO'[0m
#define IDS_BLUETOOTH_DEVICE_CAR_AUDIO _Pragma("whitelisted_resource_24405") 24405
[0;1;32m                                       ^
[0m[1m<scratch space>:254:2: [0m[0;1;30mnote: [0mexpanded from here[0m
 whitelisted_resource_24405
[0;1;32m ^
[0m[1m../../device/bluetooth/bluetooth_device.cc:127:41: [0m[0;1;35mwarning: [0m[1munknown pragma ignored [-Wunknown-pragmas][0m
      return l10n_util::GetStringFUTF16(IDS_BLUETOOTH_DEVICE_VIDEO,
[0;1;32m                                        ^
[0m[1mgen/device/bluetooth/strings/grit/bluetooth_strings.h:11:36: [0m[0;1;30mnote: [0mexpanded from macro 'IDS_BLUETOOTH_DEVICE_VIDEO'[0m
#define IDS_BLUETOOTH_DEVICE_VIDEO _Pragma("whitelisted_resource_24406") 24406
[0;1;32m                                   ^
[0m[1m<scratch space>:256:2: [0m[0;1;30mnote: [0mexpanded from here[0m
 whitelisted_resource_24406
[0;1;32m ^
[0m[1m../../device/bluetooth/bluetooth_device.cc:130:41: [0m[0;1;35mwarning: [0m[1munknown pragma ignored [-Wunknown-pragmas][0m
      return l10n_util::GetStringFUTF16(IDS_BLUETOOTH_DEVICE_JOYSTICK,
[0;1;32m                                        ^
[0m[1mgen/device/bluetooth/strings/grit/bluetooth_strings.h:12:39: [0m[0;1;30mnote: [0mexpanded from macro 'IDS_BLUETOOTH_DEVICE_JOYSTICK'[0m
#define IDS_BLUETOOTH_DEVICE_JOYSTICK _Pragma("whitelisted_resource_24407") 24407
[0;1;32m                                      ^
[0m[1m<scratch space>:258:2: [0m[0;1;30mnote: [0mexpanded from here[0m
 whitelisted_resource_24407
[0;1;32m ^
[0m[1m../../device/bluetooth/bluetooth_device.cc:133:41: [0m[0;1;35mwarning: [0m[1munknown pragma ignored [-Wunknown-pragmas][0m
      return l10n_util::GetStringFUTF16(IDS_BLUETOOTH_DEVICE_GAMEPAD,
[0;1;32m                                        ^
[0m[1mgen/device/bluetooth/strings/grit/bluetooth_strings.h:13:38: [0m[0;1;30mnote: [0mexpanded from macro 'IDS_BLUETOOTH_DEVICE_GAMEPAD'[0m
#define IDS_BLUETOOTH_DEVICE_GAMEPAD _Pragma("whitelisted_resource_24408") 24408
[0;1;32m                                     ^
[0m[1m<scratch space>:260:2: [0m[0;1;30mnote: [0mexpanded from here[0m
 whitelisted_resource_24408
[0;1;32m ^
[0m[1m../../device/bluetooth/bluetooth_device.cc:136:41: [0m[0;1;35mwarning: [0m[1munknown pragma ignored [-Wunknown-pragmas][0m
      return l10n_util::GetStringFUTF16(IDS_BLUETOOTH_DEVICE_KEYBOARD,
[0;1;32m                                        ^
[0m[1mgen/device/bluetooth/strings/grit/bluetooth_strings.h:14:39: [0m[0;1;30mnote: [0mexpanded from macro 'IDS_BLUETOOTH_DEVICE_KEYBOARD'[0m
#define IDS_BLUETOOTH_DEVICE_KEYBOARD _Pragma("whitelisted_resource_24409") 24409
[0;1;32m                                      ^
[0m[1m<scratch space>:262:2: [0m[0;1;30mnote: [0mexpanded from here[0m
 whitelisted_resource_24409
[0;1;32m ^
[0m[1m../../device/bluetooth/bluetooth_device.cc:139:41: [0m[0;1;35mwarning: [0m[1munknown pragma ignored [-Wunknown-pragmas][0m
      return l10n_util::GetStringFUTF16(IDS_BLUETOOTH_DEVICE_MOUSE,
[0;1;32m                                        ^
[0m[1mgen/device/bluetooth/strings/grit/bluetooth_strings.h:16:36: [0m[0;1;30mnote: [0mexpanded from macro 'IDS_BLUETOOTH_DEVICE_MOUSE'[0m
#define IDS_BLUETOOTH_DEVICE_MOUSE _Pragma("whitelisted_resource_24411") 24411
[0;1;32m                                   ^
[0m[1m<scratch space>:264:2: [0m[0;1;30mnote: [0mexpanded from here[0m
 whitelisted_resource_24411
[0;1;32m ^
[0m[1m../../device/bluetooth/bluetooth_device.cc:142:41: [0m[0;1;35mwarning: [0m[1munknown pragma ignored [-Wunknown-pragmas][0m
      return l10n_util::GetStringFUTF16(IDS_BLUETOOTH_DEVICE_TABLET,
[0;1;32m                                        ^
[0m[1mgen/device/bluetooth/strings/grit/bluetooth_strings.h:15:37: [0m[0;1;30mnote: [0mexpanded from macro 'IDS_BLUETOOTH_DEVICE_TABLET'[0m
#define IDS_BLUETOOTH_DEVICE_TABLET _Pragma("whitelisted_resource_24410") 24410
[0;1;32m                                    ^
[0m[1m<scratch space>:266:2: [0m[0;1;30mnote: [0mexpanded from here[0m
 whitelisted_resource_24410
[0;1;32m ^
[0m[1m../../device/bluetooth/bluetooth_device.cc:146:11: [0m[0;1;35mwarning: [0m[1munknown pragma ignored [-Wunknown-pragmas][0m
          IDS_BLUETOOTH_DEVICE_KEYBOARD_MOUSE_COMBO, address_utf16);
[0;1;32m          ^
[0m[1mgen/device/bluetooth/strings/grit/bluetooth_strings.h:17:51: [0m[0;1;30mnote: [0mexpanded from macro 'IDS_BLUETOOTH_DEVICE_KEYBOARD_MOUSE_COMBO'[0m
#define IDS_BLUETOOTH_DEVICE_KEYBOARD_MOUSE_COMBO _Pragma("whitelisted_resource_24412") 24412
[0;1;32m                                                  ^
[0m[1m<scratch space>:268:2: [0m[0;1;30mnote: [0mexpanded from here[0m
 whitelisted_resource_24412
[0;1;32m ^
[0m[1m../../device/bluetooth/bluetooth_device.cc:148:41: [0m[0;1;35mwarning: [0m[1munknown pragma ignored [-Wunknown-pragmas][0m
      return l10n_util::GetStringFUTF16(IDS_BLUETOOTH_DEVICE_UNKNOWN,
[0;1;32m                                        ^
[0m[1mgen/device/bluetooth/strings/grit/bluetooth_strings.h:5:38: [0m[0;1;30mnote: [0mexpanded from macro 'IDS_BLUETOOTH_DEVICE_UNKNOWN'[0m
#define IDS_BLUETOOTH_DEVICE_UNKNOWN _Pragma("whitelisted_resource_24400") 24400
[0;1;32m                                     ^
[0m[1m<scratch space>:270:2: [0m[0;1;30mnote: [0mexpanded from here[0m
 whitelisted_resource_24400
[0;1;32m ^
[0m13 warnings generated.
