[1m../../chrome/browser/ui/views/toolbar/reload_button.cc:30:3: [0m[0;1;35mwarning: [0m[1munknown pragma ignored [-Wunknown-pragmas][0m
  IDS_RELOAD_MENU_NORMAL_RELOAD_ITEM,
[0;1;32m  ^
[0m[1mgen/chrome/grit/generated_resources.h:1212:44: [0m[0;1;30mnote: [0mexpanded from macro 'IDS_RELOAD_MENU_NORMAL_RELOAD_ITEM'[0m
#define IDS_RELOAD_MENU_NORMAL_RELOAD_ITEM _Pragma("whitelisted_resource_4748") 4748
[0;1;32m                                           ^
[0m[1m<scratch space>:57:2: [0m[0;1;30mnote: [0mexpanded from here[0m
 whitelisted_resource_4748
[0;1;32m ^
[0m[1m../../chrome/browser/ui/views/toolbar/reload_button.cc:31:3: [0m[0;1;35mwarning: [0m[1munknown pragma ignored [-Wunknown-pragmas][0m
  IDS_RELOAD_MENU_HARD_RELOAD_ITEM,
[0;1;32m  ^
[0m[1mgen/chrome/grit/generated_resources.h:1213:42: [0m[0;1;30mnote: [0mexpanded from macro 'IDS_RELOAD_MENU_HARD_RELOAD_ITEM'[0m
#define IDS_RELOAD_MENU_HARD_RELOAD_ITEM _Pragma("whitelisted_resource_4749") 4749
[0;1;32m                                         ^
[0m[1m<scratch space>:59:2: [0m[0;1;30mnote: [0mexpanded from here[0m
 whitelisted_resource_4749
[0;1;32m ^
[0m[1m../../chrome/browser/ui/views/toolbar/reload_button.cc:32:3: [0m[0;1;35mwarning: [0m[1munknown pragma ignored [-Wunknown-pragmas][0m
  IDS_RELOAD_MENU_EMPTY_AND_HARD_RELOAD_ITEM,
[0;1;32m  ^
[0m[1mgen/chrome/grit/generated_resources.h:1214:52: [0m[0;1;30mnote: [0mexpanded from macro 'IDS_RELOAD_MENU_EMPTY_AND_HARD_RELOAD_ITEM'[0m
#define IDS_RELOAD_MENU_EMPTY_AND_HARD_RELOAD_ITEM _Pragma("whitelisted_resource_4750") 4750
[0;1;32m                                                   ^
[0m[1m<scratch space>:61:2: [0m[0;1;30mnote: [0mexpanded from here[0m
 whitelisted_resource_4750
[0;1;32m ^
[0m[1m../../chrome/browser/ui/views/toolbar/reload_button.cc:106:7: [0m[0;1;35mwarning: [0m[1munknown pragma ignored [-Wunknown-pragmas][0m
      IDS_TOOLTIP_RELOAD_WITH_MENU : IDS_TOOLTIP_RELOAD;
[0;1;32m      ^
[0m[1mgen/chrome/grit/generated_resources.h:1714:38: [0m[0;1;30mnote: [0mexpanded from macro 'IDS_TOOLTIP_RELOAD_WITH_MENU'[0m
#define IDS_TOOLTIP_RELOAD_WITH_MENU _Pragma("whitelisted_resource_5289") 5289
[0;1;32m                                     ^
[0m[1m<scratch space>:65:2: [0m[0;1;30mnote: [0mexpanded from here[0m
 whitelisted_resource_5289
[0;1;32m ^
[0m[1m../../chrome/browser/ui/views/toolbar/reload_button.cc:106:38: [0m[0;1;35mwarning: [0m[1munknown pragma ignored [-Wunknown-pragmas][0m
      IDS_TOOLTIP_RELOAD_WITH_MENU : IDS_TOOLTIP_RELOAD;
[0;1;32m                                     ^
[0m[1mgen/chrome/grit/generated_resources.h:1713:28: [0m[0;1;30mnote: [0mexpanded from macro 'IDS_TOOLTIP_RELOAD'[0m
#define IDS_TOOLTIP_RELOAD _Pragma("whitelisted_resource_5288") 5288
[0;1;32m                           ^
[0m[1m<scratch space>:67:2: [0m[0;1;30mnote: [0mexpanded from here[0m
 whitelisted_resource_5288
[0;1;32m ^
[0m[1m../../chrome/browser/ui/views/toolbar/reload_button.cc:108:59: [0m[0;1;35mwarning: [0m[1munknown pragma ignored [-Wunknown-pragmas][0m
      (visible_mode_ == Mode::kReload) ? reload_tooltip : IDS_TOOLTIP_STOP;
[0;1;32m                                                          ^
[0m[1mgen/chrome/grit/generated_resources.h:1715:26: [0m[0;1;30mnote: [0mexpanded from macro 'IDS_TOOLTIP_STOP'[0m
#define IDS_TOOLTIP_STOP _Pragma("whitelisted_resource_5290") 5290
[0;1;32m                         ^
[0m[1m<scratch space>:69:2: [0m[0;1;30mnote: [0mexpanded from here[0m
 whitelisted_resource_5290
[0;1;32m ^
[0m[1m../../chrome/browser/ui/views/toolbar/reload_button.cc:189:10: [0m[0;1;35mwarning: [0m[1munknown pragma ignored [-Wunknown-pragmas][0m
    case IDS_RELOAD_MENU_NORMAL_RELOAD_ITEM:
[0;1;32m         ^
[0m[1mgen/chrome/grit/generated_resources.h:1212:44: [0m[0;1;30mnote: [0mexpanded from macro 'IDS_RELOAD_MENU_NORMAL_RELOAD_ITEM'[0m
#define IDS_RELOAD_MENU_NORMAL_RELOAD_ITEM _Pragma("whitelisted_resource_4748") 4748
[0;1;32m                                           ^
[0m[1m<scratch space>:73:2: [0m[0;1;30mnote: [0mexpanded from here[0m
 whitelisted_resource_4748
[0;1;32m ^
[0m[1m../../chrome/browser/ui/views/toolbar/reload_button.cc:192:10: [0m[0;1;35mwarning: [0m[1munknown pragma ignored [-Wunknown-pragmas][0m
    case IDS_RELOAD_MENU_HARD_RELOAD_ITEM:
[0;1;32m         ^
[0m[1mgen/chrome/grit/generated_resources.h:1213:42: [0m[0;1;30mnote: [0mexpanded from macro 'IDS_RELOAD_MENU_HARD_RELOAD_ITEM'[0m
#define IDS_RELOAD_MENU_HARD_RELOAD_ITEM _Pragma("whitelisted_resource_4749") 4749
[0;1;32m                                         ^
[0m[1m<scratch space>:75:2: [0m[0;1;30mnote: [0mexpanded from here[0m
 whitelisted_resource_4749
[0;1;32m ^
[0m[1m../../chrome/browser/ui/views/toolbar/reload_button.cc:202:10: [0m[0;1;35mwarning: [0m[1munknown pragma ignored [-Wunknown-pragmas][0m
    case IDS_RELOAD_MENU_NORMAL_RELOAD_ITEM:
[0;1;32m         ^
[0m[1mgen/chrome/grit/generated_resources.h:1212:44: [0m[0;1;30mnote: [0mexpanded from macro 'IDS_RELOAD_MENU_NORMAL_RELOAD_ITEM'[0m
#define IDS_RELOAD_MENU_NORMAL_RELOAD_ITEM _Pragma("whitelisted_resource_4748") 4748
[0;1;32m                                           ^
[0m[1m<scratch space>:77:2: [0m[0;1;30mnote: [0mexpanded from here[0m
 whitelisted_resource_4748
[0;1;32m ^
[0m[1m../../chrome/browser/ui/views/toolbar/reload_button.cc:205:10: [0m[0;1;35mwarning: [0m[1munknown pragma ignored [-Wunknown-pragmas][0m
    case IDS_RELOAD_MENU_HARD_RELOAD_ITEM:
[0;1;32m         ^
[0m[1mgen/chrome/grit/generated_resources.h:1213:42: [0m[0;1;30mnote: [0mexpanded from macro 'IDS_RELOAD_MENU_HARD_RELOAD_ITEM'[0m
#define IDS_RELOAD_MENU_HARD_RELOAD_ITEM _Pragma("whitelisted_resource_4749") 4749
[0;1;32m                                         ^
[0m[1m<scratch space>:79:2: [0m[0;1;30mnote: [0mexpanded from here[0m
 whitelisted_resource_4749
[0;1;32m ^
[0m[1m../../chrome/browser/ui/views/toolbar/reload_button.cc:208:10: [0m[0;1;35mwarning: [0m[1munknown pragma ignored [-Wunknown-pragmas][0m
    case IDS_RELOAD_MENU_EMPTY_AND_HARD_RELOAD_ITEM:
[0;1;32m         ^
[0m[1mgen/chrome/grit/generated_resources.h:1214:52: [0m[0;1;30mnote: [0mexpanded from macro 'IDS_RELOAD_MENU_EMPTY_AND_HARD_RELOAD_ITEM'[0m
#define IDS_RELOAD_MENU_EMPTY_AND_HARD_RELOAD_ITEM _Pragma("whitelisted_resource_4750") 4750
[0;1;32m                                                   ^
[0m[1m<scratch space>:81:2: [0m[0;1;30mnote: [0mexpanded from here[0m
 whitelisted_resource_4750
[0;1;32m ^
[0m11 warnings generated.
