[1m../../ui/views/controls/tree/tree_view.cc:96:52: [0m[0;1;35mwarning: [0m[1munknown pragma ignored [-Wunknown-pragmas][0m
             .GetImageNamed((base::i18n::IsRTL() ? IDR_FOLDER_CLOSED_RTL
[0;1;32m                                                   ^
[0m[1mgen/ui/resources/grit/ui_resources.h:37:31: [0m[0;1;30mnote: [0mexpanded from macro 'IDR_FOLDER_CLOSED_RTL'[0m
#define IDR_FOLDER_CLOSED_RTL _Pragma("whitelisted_resource_26993") 26993
[0;1;32m                              ^
[0m[1m<scratch space>:95:2: [0m[0;1;30mnote: [0mexpanded from here[0m
 whitelisted_resource_26993
[0;1;32m ^
[0m[1m../../ui/views/controls/tree/tree_view.cc:97:52: [0m[0;1;35mwarning: [0m[1munknown pragma ignored [-Wunknown-pragmas][0m
                                                 : IDR_FOLDER_CLOSED))
[0;1;32m                                                   ^
[0m[1mgen/ui/resources/grit/ui_resources.h:36:27: [0m[0;1;30mnote: [0mexpanded from macro 'IDR_FOLDER_CLOSED'[0m
#define IDR_FOLDER_CLOSED _Pragma("whitelisted_resource_26992") 26992
[0;1;32m                          ^
[0m[1m<scratch space>:97:2: [0m[0;1;30mnote: [0mexpanded from here[0m
 whitelisted_resource_26992
[0;1;32m ^
[0m[1m../../ui/views/controls/tree/tree_view.cc:100:61: [0m[0;1;35mwarning: [0m[1munknown pragma ignored [-Wunknown-pragmas][0m
                      .GetImageNamed((base::i18n::IsRTL() ? IDR_FOLDER_OPEN_RTL
[0;1;32m                                                            ^
[0m[1mgen/ui/views/resources/grit/views_resources.h:129:29: [0m[0;1;30mnote: [0mexpanded from macro 'IDR_FOLDER_OPEN_RTL'[0m
#define IDR_FOLDER_OPEN_RTL _Pragma("whitelisted_resource_27574") 27574
[0;1;32m                            ^
[0m[1m<scratch space>:99:2: [0m[0;1;30mnote: [0mexpanded from here[0m
 whitelisted_resource_27574
[0;1;32m ^
[0m[1m../../ui/views/controls/tree/tree_view.cc:101:61: [0m[0;1;35mwarning: [0m[1munknown pragma ignored [-Wunknown-pragmas][0m
                                                          : IDR_FOLDER_OPEN))
[0;1;32m                                                            ^
[0m[1mgen/ui/views/resources/grit/views_resources.h:128:25: [0m[0;1;30mnote: [0mexpanded from macro 'IDR_FOLDER_OPEN'[0m
#define IDR_FOLDER_OPEN _Pragma("whitelisted_resource_27573") 27573
[0;1;32m                        ^
[0m[1m<scratch space>:101:2: [0m[0;1;30mnote: [0mexpanded from here[0m
 whitelisted_resource_27573
[0;1;32m ^
[0m4 warnings generated.
