[1m../../chrome/browser/importer/external_process_importer_client.cc:53:33: [0m[0;1;35mwarning: [0m[1munknown pragma ignored [-Wunknown-pragmas][0m
  localized_strings.try_emplace(IDS_BOOKMARK_GROUP,
[0;1;32m                                ^
[0m[1mgen/chrome/grit/generated_resources.h:9:28: [0m[0;1;30mnote: [0mexpanded from macro 'IDS_BOOKMARK_GROUP'[0m
#define IDS_BOOKMARK_GROUP _Pragma("whitelisted_resource_806") 806
[0;1;32m                           ^
[0m[1m<scratch space>:32:2: [0m[0;1;30mnote: [0mexpanded from here[0m
 whitelisted_resource_806
[0;1;32m ^
[0m[1m../../chrome/browser/importer/external_process_importer_client.cc:54:58: [0m[0;1;35mwarning: [0m[1munknown pragma ignored [-Wunknown-pragmas][0m
                                l10n_util::GetStringUTF8(IDS_BOOKMARK_GROUP));
[0;1;32m                                                         ^
[0m[1mgen/chrome/grit/generated_resources.h:9:28: [0m[0;1;30mnote: [0mexpanded from macro 'IDS_BOOKMARK_GROUP'[0m
#define IDS_BOOKMARK_GROUP _Pragma("whitelisted_resource_806") 806
[0;1;32m                           ^
[0m[1m<scratch space>:34:2: [0m[0;1;30mnote: [0mexpanded from here[0m
 whitelisted_resource_806
[0;1;32m ^
[0m[1m../../chrome/browser/importer/external_process_importer_client.cc:56:7: [0m[0;1;35mwarning: [0m[1munknown pragma ignored [-Wunknown-pragmas][0m
      IDS_BOOKMARK_GROUP_FROM_FIREFOX,
[0;1;32m      ^
[0m[1mgen/chrome/grit/generated_resources.h:7:41: [0m[0;1;30mnote: [0mexpanded from macro 'IDS_BOOKMARK_GROUP_FROM_FIREFOX'[0m
#define IDS_BOOKMARK_GROUP_FROM_FIREFOX _Pragma("whitelisted_resource_804") 804
[0;1;32m                                        ^
[0m[1m<scratch space>:36:2: [0m[0;1;30mnote: [0mexpanded from here[0m
 whitelisted_resource_804
[0;1;32m ^
[0m[1m../../chrome/browser/importer/external_process_importer_client.cc:57:32: [0m[0;1;35mwarning: [0m[1munknown pragma ignored [-Wunknown-pragmas][0m
      l10n_util::GetStringUTF8(IDS_BOOKMARK_GROUP_FROM_FIREFOX));
[0;1;32m                               ^
[0m[1mgen/chrome/grit/generated_resources.h:7:41: [0m[0;1;30mnote: [0mexpanded from macro 'IDS_BOOKMARK_GROUP_FROM_FIREFOX'[0m
#define IDS_BOOKMARK_GROUP_FROM_FIREFOX _Pragma("whitelisted_resource_804") 804
[0;1;32m                                        ^
[0m[1m<scratch space>:38:2: [0m[0;1;30mnote: [0mexpanded from here[0m
 whitelisted_resource_804
[0;1;32m ^
[0m[1m../../chrome/browser/importer/external_process_importer_client.cc:59:7: [0m[0;1;35mwarning: [0m[1munknown pragma ignored [-Wunknown-pragmas][0m
      IDS_BOOKMARK_GROUP_FROM_SAFARI,
[0;1;32m      ^
[0m[1mgen/chrome/grit/generated_resources.h:8:40: [0m[0;1;30mnote: [0mexpanded from macro 'IDS_BOOKMARK_GROUP_FROM_SAFARI'[0m
#define IDS_BOOKMARK_GROUP_FROM_SAFARI _Pragma("whitelisted_resource_805") 805
[0;1;32m                                       ^
[0m[1m<scratch space>:40:2: [0m[0;1;30mnote: [0mexpanded from here[0m
 whitelisted_resource_805
[0;1;32m ^
[0m[1m../../chrome/browser/importer/external_process_importer_client.cc:60:32: [0m[0;1;35mwarning: [0m[1munknown pragma ignored [-Wunknown-pragmas][0m
      l10n_util::GetStringUTF8(IDS_BOOKMARK_GROUP_FROM_SAFARI));
[0;1;32m                               ^
[0m[1mgen/chrome/grit/generated_resources.h:8:40: [0m[0;1;30mnote: [0mexpanded from macro 'IDS_BOOKMARK_GROUP_FROM_SAFARI'[0m
#define IDS_BOOKMARK_GROUP_FROM_SAFARI _Pragma("whitelisted_resource_805") 805
[0;1;32m                                       ^
[0m[1m<scratch space>:42:2: [0m[0;1;30mnote: [0mexpanded from here[0m
 whitelisted_resource_805
[0;1;32m ^
[0m[1m../../chrome/browser/importer/external_process_importer_client.cc:62:7: [0m[0;1;35mwarning: [0m[1munknown pragma ignored [-Wunknown-pragmas][0m
      IDS_IMPORT_FROM_FIREFOX,
[0;1;32m      ^
[0m[1mgen/chrome/grit/generated_resources.h:1800:33: [0m[0;1;30mnote: [0mexpanded from macro 'IDS_IMPORT_FROM_FIREFOX'[0m
#define IDS_IMPORT_FROM_FIREFOX _Pragma("whitelisted_resource_5380") 5380
[0;1;32m                                ^
[0m[1m<scratch space>:44:2: [0m[0;1;30mnote: [0mexpanded from here[0m
 whitelisted_resource_5380
[0;1;32m ^
[0m[1m../../chrome/browser/importer/external_process_importer_client.cc:63:32: [0m[0;1;35mwarning: [0m[1munknown pragma ignored [-Wunknown-pragmas][0m
      l10n_util::GetStringUTF8(IDS_IMPORT_FROM_FIREFOX));
[0;1;32m                               ^
[0m[1mgen/chrome/grit/generated_resources.h:1800:33: [0m[0;1;30mnote: [0mexpanded from macro 'IDS_IMPORT_FROM_FIREFOX'[0m
#define IDS_IMPORT_FROM_FIREFOX _Pragma("whitelisted_resource_5380") 5380
[0;1;32m                                ^
[0m[1m<scratch space>:46:2: [0m[0;1;30mnote: [0mexpanded from here[0m
 whitelisted_resource_5380
[0;1;32m ^
[0m[1m../../chrome/browser/importer/external_process_importer_client.cc:65:7: [0m[0;1;35mwarning: [0m[1munknown pragma ignored [-Wunknown-pragmas][0m
      IDS_IMPORT_FROM_ICEWEASEL,
[0;1;32m      ^
[0m[1mgen/chrome/grit/generated_resources.h:1801:35: [0m[0;1;30mnote: [0mexpanded from macro 'IDS_IMPORT_FROM_ICEWEASEL'[0m
#define IDS_IMPORT_FROM_ICEWEASEL _Pragma("whitelisted_resource_5381") 5381
[0;1;32m                                  ^
[0m[1m<scratch space>:48:2: [0m[0;1;30mnote: [0mexpanded from here[0m
 whitelisted_resource_5381
[0;1;32m ^
[0m[1m../../chrome/browser/importer/external_process_importer_client.cc:66:32: [0m[0;1;35mwarning: [0m[1munknown pragma ignored [-Wunknown-pragmas][0m
      l10n_util::GetStringUTF8(IDS_IMPORT_FROM_ICEWEASEL));
[0;1;32m                               ^
[0m[1mgen/chrome/grit/generated_resources.h:1801:35: [0m[0;1;30mnote: [0mexpanded from macro 'IDS_IMPORT_FROM_ICEWEASEL'[0m
#define IDS_IMPORT_FROM_ICEWEASEL _Pragma("whitelisted_resource_5381") 5381
[0;1;32m                                  ^
[0m[1m<scratch space>:50:2: [0m[0;1;30mnote: [0mexpanded from here[0m
 whitelisted_resource_5381
[0;1;32m ^
[0m[1m../../chrome/browser/importer/external_process_importer_client.cc:68:7: [0m[0;1;35mwarning: [0m[1munknown pragma ignored [-Wunknown-pragmas][0m
      IDS_IMPORT_FROM_SAFARI, l10n_util::GetStringUTF8(IDS_IMPORT_FROM_SAFARI));
[0;1;32m      ^
[0m[1mgen/chrome/grit/generated_resources.h:1802:32: [0m[0;1;30mnote: [0mexpanded from macro 'IDS_IMPORT_FROM_SAFARI'[0m
#define IDS_IMPORT_FROM_SAFARI _Pragma("whitelisted_resource_5382") 5382
[0;1;32m                               ^
[0m[1m<scratch space>:52:2: [0m[0;1;30mnote: [0mexpanded from here[0m
 whitelisted_resource_5382
[0;1;32m ^
[0m[1m../../chrome/browser/importer/external_process_importer_client.cc:68:56: [0m[0;1;35mwarning: [0m[1munknown pragma ignored [-Wunknown-pragmas][0m
      IDS_IMPORT_FROM_SAFARI, l10n_util::GetStringUTF8(IDS_IMPORT_FROM_SAFARI));
[0;1;32m                                                       ^
[0m[1mgen/chrome/grit/generated_resources.h:1802:32: [0m[0;1;30mnote: [0mexpanded from macro 'IDS_IMPORT_FROM_SAFARI'[0m
#define IDS_IMPORT_FROM_SAFARI _Pragma("whitelisted_resource_5382") 5382
[0;1;32m                               ^
[0m[1m<scratch space>:54:2: [0m[0;1;30mnote: [0mexpanded from here[0m
 whitelisted_resource_5382
[0;1;32m ^
[0m[1m../../chrome/browser/importer/external_process_importer_client.cc:70:7: [0m[0;1;35mwarning: [0m[1munknown pragma ignored [-Wunknown-pragmas][0m
      IDS_BOOKMARK_BAR_FOLDER_NAME,
[0;1;32m      ^
[0m[1mgen/components/strings/grit/components_strings.h:104:38: [0m[0;1;30mnote: [0mexpanded from macro 'IDS_BOOKMARK_BAR_FOLDER_NAME'[0m
#define IDS_BOOKMARK_BAR_FOLDER_NAME _Pragma("whitelisted_resource_15202") 15202
[0;1;32m                                     ^
[0m[1m<scratch space>:56:2: [0m[0;1;30mnote: [0mexpanded from here[0m
 whitelisted_resource_15202
[0;1;32m ^
[0m[1m../../chrome/browser/importer/external_process_importer_client.cc:71:32: [0m[0;1;35mwarning: [0m[1munknown pragma ignored [-Wunknown-pragmas][0m
      l10n_util::GetStringUTF8(IDS_BOOKMARK_BAR_FOLDER_NAME));
[0;1;32m                               ^
[0m[1mgen/components/strings/grit/components_strings.h:104:38: [0m[0;1;30mnote: [0mexpanded from macro 'IDS_BOOKMARK_BAR_FOLDER_NAME'[0m
#define IDS_BOOKMARK_BAR_FOLDER_NAME _Pragma("whitelisted_resource_15202") 15202
[0;1;32m                                     ^
[0m[1m<scratch space>:58:2: [0m[0;1;30mnote: [0mexpanded from here[0m
 whitelisted_resource_15202
[0;1;32m ^
[0m14 warnings generated.
