[1m../../chrome/browser/ui/webui/cookies_tree_model_util.cc:118:36: [0m[0;1;35mwarning: [0m[1munknown pragma ignored [-Wunknown-pragmas][0m
          l10n_util::GetStringUTF8(IDS_COOKIES_COOKIE_ACCESSIBLE_TO_SCRIPT_NO) :
[0;1;32m                                   ^
[0m[1mgen/chrome/grit/generated_resources.h:2054:52: [0m[0;1;30mnote: [0mexpanded from macro 'IDS_COOKIES_COOKIE_ACCESSIBLE_TO_SCRIPT_NO'[0m
#define IDS_COOKIES_COOKIE_ACCESSIBLE_TO_SCRIPT_NO _Pragma("whitelisted_resource_5678") 5678
[0;1;32m                                                   ^
[0m[1m<scratch space>:112:2: [0m[0;1;30mnote: [0mexpanded from here[0m
 whitelisted_resource_5678
[0;1;32m ^
[0m[1m../../chrome/browser/ui/webui/cookies_tree_model_util.cc:119:36: [0m[0;1;35mwarning: [0m[1munknown pragma ignored [-Wunknown-pragmas][0m
          l10n_util::GetStringUTF8(IDS_COOKIES_COOKIE_ACCESSIBLE_TO_SCRIPT_YES);
[0;1;32m                                   ^
[0m[1mgen/chrome/grit/generated_resources.h:2053:53: [0m[0;1;30mnote: [0mexpanded from macro 'IDS_COOKIES_COOKIE_ACCESSIBLE_TO_SCRIPT_YES'[0m
#define IDS_COOKIES_COOKIE_ACCESSIBLE_TO_SCRIPT_YES _Pragma("whitelisted_resource_5677") 5677
[0;1;32m                                                    ^
[0m[1m<scratch space>:114:2: [0m[0;1;30mnote: [0mexpanded from here[0m
 whitelisted_resource_5677
[0;1;32m ^
[0m[1m../../chrome/browser/ui/webui/cookies_tree_model_util.cc:125:36: [0m[0;1;35mwarning: [0m[1munknown pragma ignored [-Wunknown-pragmas][0m
          l10n_util::GetStringUTF8(IDS_COOKIES_COOKIE_EXPIRES_SESSION));
[0;1;32m                                   ^
[0m[1mgen/chrome/grit/generated_resources.h:2048:44: [0m[0;1;30mnote: [0mexpanded from macro 'IDS_COOKIES_COOKIE_EXPIRES_SESSION'[0m
#define IDS_COOKIES_COOKIE_EXPIRES_SESSION _Pragma("whitelisted_resource_5672") 5672
[0;1;32m                                           ^
[0m[1m<scratch space>:116:2: [0m[0;1;30mnote: [0mexpanded from here[0m
 whitelisted_resource_5672
[0;1;32m ^
[0m[1m../../chrome/browser/ui/webui/cookies_tree_model_util.cc:136:36: [0m[0;1;35mwarning: [0m[1munknown pragma ignored [-Wunknown-pragmas][0m
          l10n_util::GetStringUTF8(IDS_COOKIES_WEB_DATABASE_UNNAMED_NAME) :
[0;1;32m                                   ^
[0m[1mgen/chrome/grit/generated_resources.h:2057:47: [0m[0;1;30mnote: [0mexpanded from macro 'IDS_COOKIES_WEB_DATABASE_UNNAMED_NAME'[0m
#define IDS_COOKIES_WEB_DATABASE_UNNAMED_NAME _Pragma("whitelisted_resource_5681") 5681
[0;1;32m                                              ^
[0m[1m<scratch space>:118:2: [0m[0;1;30mnote: [0mexpanded from here[0m
 whitelisted_resource_5681
[0;1;32m ^
[0m[1m../../chrome/browser/ui/webui/cookies_tree_model_util.cc:201:42: [0m[0;1;35mwarning: [0m[1munknown pragma ignored [-Wunknown-pragmas][0m
              : l10n_util::GetStringUTF8(IDS_COOKIES_FILE_SYSTEM_USAGE_NONE));
[0;1;32m                                         ^
[0m[1mgen/chrome/grit/generated_resources.h:2074:44: [0m[0;1;30mnote: [0mexpanded from macro 'IDS_COOKIES_FILE_SYSTEM_USAGE_NONE'[0m
#define IDS_COOKIES_FILE_SYSTEM_USAGE_NONE _Pragma("whitelisted_resource_5702") 5702
[0;1;32m                                           ^
[0m[1m<scratch space>:120:2: [0m[0;1;30mnote: [0mexpanded from here[0m
 whitelisted_resource_5702
[0;1;32m ^
[0m[1m../../chrome/browser/ui/webui/cookies_tree_model_util.cc:207:42: [0m[0;1;35mwarning: [0m[1munknown pragma ignored [-Wunknown-pragmas][0m
              : l10n_util::GetStringUTF8(IDS_COOKIES_FILE_SYSTEM_USAGE_NONE));
[0;1;32m                                         ^
[0m[1mgen/chrome/grit/generated_resources.h:2074:44: [0m[0;1;30mnote: [0mexpanded from macro 'IDS_COOKIES_FILE_SYSTEM_USAGE_NONE'[0m
#define IDS_COOKIES_FILE_SYSTEM_USAGE_NONE _Pragma("whitelisted_resource_5702") 5702
[0;1;32m                                           ^
[0m[1m<scratch space>:122:2: [0m[0;1;30mnote: [0mexpanded from here[0m
 whitelisted_resource_5702
[0;1;32m ^
[0m[1m../../chrome/browser/ui/webui/cookies_tree_model_util.cc:243:48: [0m[0;1;35mwarning: [0m[1munknown pragma ignored [-Wunknown-pragmas][0m
                      l10n_util::GetStringUTF8(IDS_CLIENT_CERT_ECDSA_SIGN));
[0;1;32m                                               ^
[0m[1mgen/chrome/grit/generated_resources.h:2082:36: [0m[0;1;30mnote: [0mexpanded from macro 'IDS_CLIENT_CERT_ECDSA_SIGN'[0m
#define IDS_CLIENT_CERT_ECDSA_SIGN _Pragma("whitelisted_resource_5710") 5710
[0;1;32m                                   ^
[0m[1m<scratch space>:124:2: [0m[0;1;30mnote: [0mexpanded from here[0m
 whitelisted_resource_5710
[0;1;32m ^
[0m7 warnings generated.
