[1m../../chrome/browser/ui/views/tabs/tab.cc:579:45: [0m[0;1;35mwarning: [0m[1munknown pragma ignored [-Wunknown-pragmas][0m
                ? l10n_util::GetStringUTF16(IDS_TAB_LOADING_TITLE)
[0;1;32m                                            ^
[0m[1mgen/chrome/grit/generated_resources.h:810:31: [0m[0;1;30mnote: [0mexpanded from macro 'IDS_TAB_LOADING_TITLE'[0m
#define IDS_TAB_LOADING_TITLE _Pragma("whitelisted_resource_4152") 4152
[0;1;32m                              ^
[0m[1m<scratch space>:33:2: [0m[0;1;30mnote: [0mexpanded from here[0m
 whitelisted_resource_4152
[0;1;32m ^
[0m[1m../../chrome/browser/ui/views/tabs/tab.cc:1109:42: [0m[0;1;35mwarning: [0m[1munknown pragma ignored [-Wunknown-pragmas][0m
  if (GetThemeProvider()->HasCustomImage(IDR_THEME_TOOLBAR)) {
[0;1;32m                                         ^
[0m[1mgen/chrome/grit/theme_resources.h:112:27: [0m[0;1;30mnote: [0mexpanded from macro 'IDR_THEME_TOOLBAR'[0m
#define IDR_THEME_TOOLBAR _Pragma("whitelisted_resource_10495") 10495
[0;1;32m                          ^
[0m[1m<scratch space>:35:2: [0m[0;1;30mnote: [0mexpanded from here[0m
 whitelisted_resource_10495
[0;1;32m ^
[0m[1m../../chrome/browser/ui/views/tabs/tab.cc:1110:26: [0m[0;1;35mwarning: [0m[1munknown pragma ignored [-Wunknown-pragmas][0m
    active_tab_fill_id = IDR_THEME_TOOLBAR;
[0;1;32m                         ^
[0m[1mgen/chrome/grit/theme_resources.h:112:27: [0m[0;1;30mnote: [0mexpanded from macro 'IDR_THEME_TOOLBAR'[0m
#define IDR_THEME_TOOLBAR _Pragma("whitelisted_resource_10495") 10495
[0;1;32m                          ^
[0m[1m<scratch space>:37:2: [0m[0;1;30mnote: [0mexpanded from here[0m
 whitelisted_resource_10495
[0;1;32m ^
[0m3 warnings generated.
