[1m../../components/password_manager/core/browser/password_autofill_manager.cc:53:38: [0m[0;1;35mwarning: [0m[1munknown pragma ignored [-Wunknown-pragmas][0m
    return l10n_util::GetStringUTF16(IDS_PASSWORD_MANAGER_EMPTY_LOGIN);
[0;1;32m                                     ^
[0m[1mgen/components/strings/grit/components_strings.h:489:42: [0m[0;1;30mnote: [0mexpanded from macro 'IDS_PASSWORD_MANAGER_EMPTY_LOGIN'[0m
#define IDS_PASSWORD_MANAGER_EMPTY_LOGIN _Pragma("whitelisted_resource_15597") 15597
[0;1;32m                                         ^
[0m[1m<scratch space>:92:2: [0m[0;1;30mnote: [0mexpanded from here[0m
 whitelisted_resource_15597
[0;1;32m ^
[0m[1m../../components/password_manager/core/browser/password_autofill_manager.cc:72:44: [0m[0;1;35mwarning: [0m[1munknown pragma ignored [-Wunknown-pragmas][0m
                 l10n_util::GetStringUTF16(IDS_PASSWORD_MANAGER_EMPTY_LOGIN)
[0;1;32m                                           ^
[0m[1mgen/components/strings/grit/components_strings.h:489:42: [0m[0;1;30mnote: [0mexpanded from macro 'IDS_PASSWORD_MANAGER_EMPTY_LOGIN'[0m
#define IDS_PASSWORD_MANAGER_EMPTY_LOGIN _Pragma("whitelisted_resource_15597") 15597
[0;1;32m                                         ^
[0m[1m<scratch space>:94:2: [0m[0;1;30mnote: [0mexpanded from here[0m
 whitelisted_resource_15597
[0;1;32m ^
[0m[1m../../components/password_manager/core/browser/password_autofill_manager.cc:246:9: [0m[0;1;35mwarning: [0m[1munknown pragma ignored [-Wunknown-pragmas][0m
        IDS_AUTOFILL_PASSWORD_FIELD_SUGGESTIONS_TITLE));
[0;1;32m        ^
[0m[1mgen/components/strings/grit/components_strings.h:54:55: [0m[0;1;30mnote: [0mexpanded from macro 'IDS_AUTOFILL_PASSWORD_FIELD_SUGGESTIONS_TITLE'[0m
#define IDS_AUTOFILL_PASSWORD_FIELD_SUGGESTIONS_TITLE _Pragma("whitelisted_resource_15149") 15149
[0;1;32m                                                      ^
[0m[1m<scratch space>:96:2: [0m[0;1;30mnote: [0mexpanded from here[0m
 whitelisted_resource_15149
[0;1;32m ^
[0m[1m../../components/password_manager/core/browser/password_autofill_manager.cc:260:11: [0m[0;1;35mwarning: [0m[1munknown pragma ignored [-Wunknown-pragmas][0m
          IDS_AUTOFILL_SHOW_ALL_SAVED_FALLBACK,
[0;1;32m          ^
[0m[1mgen/components/strings/grit/components_strings.h:55:46: [0m[0;1;30mnote: [0mexpanded from macro 'IDS_AUTOFILL_SHOW_ALL_SAVED_FALLBACK'[0m
#define IDS_AUTOFILL_SHOW_ALL_SAVED_FALLBACK _Pragma("whitelisted_resource_15150") 15150
[0;1;32m                                             ^
[0m[1m<scratch space>:98:2: [0m[0;1;30mnote: [0mexpanded from here[0m
 whitelisted_resource_15150
[0;1;32m ^
[0m[1m../../components/password_manager/core/browser/password_autofill_manager.cc:273:11: [0m[0;1;35mwarning: [0m[1munknown pragma ignored [-Wunknown-pragmas][0m
          IDS_AUTOFILL_GENERATE_PASSWORD_FALLBACK,
[0;1;32m          ^
[0m[1mgen/components/strings/grit/components_strings.h:56:49: [0m[0;1;30mnote: [0mexpanded from macro 'IDS_AUTOFILL_GENERATE_PASSWORD_FALLBACK'[0m
#define IDS_AUTOFILL_GENERATE_PASSWORD_FALLBACK _Pragma("whitelisted_resource_15151") 15151
[0;1;32m                                                ^
[0m[1m<scratch space>:100:2: [0m[0;1;30mnote: [0mexpanded from here[0m
 whitelisted_resource_15151
[0;1;32m ^
[0m[1m../../components/password_manager/core/browser/password_autofill_manager.cc:299:32: [0m[0;1;35mwarning: [0m[1munknown pragma ignored [-Wunknown-pragmas][0m
      l10n_util::GetStringUTF8(IDS_AUTOFILL_SHOW_ALL_SAVED_FALLBACK),
[0;1;32m                               ^
[0m[1mgen/components/strings/grit/components_strings.h:55:46: [0m[0;1;30mnote: [0mexpanded from macro 'IDS_AUTOFILL_SHOW_ALL_SAVED_FALLBACK'[0m
#define IDS_AUTOFILL_SHOW_ALL_SAVED_FALLBACK _Pragma("whitelisted_resource_15150") 15150
[0;1;32m                                             ^
[0m[1m<scratch space>:102:2: [0m[0;1;30mnote: [0mexpanded from here[0m
 whitelisted_resource_15150
[0;1;32m ^
[0m[1m../../components/password_manager/core/browser/password_autofill_manager.cc:314:9: [0m[0;1;35mwarning: [0m[1munknown pragma ignored [-Wunknown-pragmas][0m
        IDS_AUTOFILL_GENERATE_PASSWORD_FALLBACK,
[0;1;32m        ^
[0m[1mgen/components/strings/grit/components_strings.h:56:49: [0m[0;1;30mnote: [0mexpanded from macro 'IDS_AUTOFILL_GENERATE_PASSWORD_FALLBACK'[0m
#define IDS_AUTOFILL_GENERATE_PASSWORD_FALLBACK _Pragma("whitelisted_resource_15151") 15151
[0;1;32m                                                ^
[0m[1m<scratch space>:104:2: [0m[0;1;30mnote: [0mexpanded from here[0m
 whitelisted_resource_15151
[0;1;32m ^
[0m7 warnings generated.
