[1m../../chrome/renderer/plugins/non_loadable_plugin_placeholder.cc:27:11: [0m[0;1;35mwarning: [0m[1munknown pragma ignored [-Wunknown-pragmas][0m
          IDR_BLOCKED_PLUGIN_HTML));
[0;1;32m          ^
[0m[1mgen/chrome/grit/renderer_resources.h:7:33: [0m[0;1;30mnote: [0mexpanded from macro 'IDR_BLOCKED_PLUGIN_HTML'[0m
#define IDR_BLOCKED_PLUGIN_HTML _Pragma("whitelisted_resource_12860") 12860
[0;1;32m                                ^
[0m[1m<scratch space>:9:2: [0m[0;1;30mnote: [0mexpanded from here[0m
 whitelisted_resource_12860
[0;1;32m ^
[0m[1m../../chrome/renderer/plugins/non_loadable_plugin_placeholder.cc:31:45: [0m[0;1;35mwarning: [0m[1munknown pragma ignored [-Wunknown-pragmas][0m
                   l10n_util::GetStringUTF8(IDS_PLUGIN_NOT_SUPPORTED));
[0;1;32m                                            ^
[0m[1mgen/components/strings/grit/components_strings.h:1027:34: [0m[0;1;30mnote: [0mexpanded from macro 'IDS_PLUGIN_NOT_SUPPORTED'[0m
#define IDS_PLUGIN_NOT_SUPPORTED _Pragma("whitelisted_resource_16165") 16165
[0;1;32m                                 ^
[0m[1m<scratch space>:11:2: [0m[0;1;30mnote: [0mexpanded from here[0m
 whitelisted_resource_16165
[0;1;32m ^
[0m[1m../../chrome/renderer/plugins/non_loadable_plugin_placeholder.cc:45:45: [0m[0;1;35mwarning: [0m[1munknown pragma ignored [-Wunknown-pragmas][0m
                   l10n_util::GetStringUTF8(IDS_PLUGIN_INITIALIZATION_ERROR));
[0;1;32m                                            ^
[0m[1mgen/content/app/strings/grit/content_strings.h:239:41: [0m[0;1;30mnote: [0mexpanded from macro 'IDS_PLUGIN_INITIALIZATION_ERROR'[0m
#define IDS_PLUGIN_INITIALIZATION_ERROR _Pragma("whitelisted_resource_20335") 20335
[0;1;32m                                        ^
[0m[1m<scratch space>:13:2: [0m[0;1;30mnote: [0mexpanded from here[0m
 whitelisted_resource_20335
[0;1;32m ^
[0m[1m../../chrome/renderer/plugins/non_loadable_plugin_placeholder.cc:49:11: [0m[0;1;35mwarning: [0m[1munknown pragma ignored [-Wunknown-pragmas][0m
          IDR_BLOCKED_PLUGIN_HTML));
[0;1;32m          ^
[0m[1mgen/chrome/grit/renderer_resources.h:7:33: [0m[0;1;30mnote: [0mexpanded from macro 'IDR_BLOCKED_PLUGIN_HTML'[0m
#define IDR_BLOCKED_PLUGIN_HTML _Pragma("whitelisted_resource_12860") 12860
[0;1;32m                                ^
[0m[1m<scratch space>:15:2: [0m[0;1;30mnote: [0mexpanded from here[0m
 whitelisted_resource_12860
[0;1;32m ^
[0m4 warnings generated.
