[1m../../chrome/browser/ui/webui/gcm_internals_ui.cc:168:32: [0m[0;1;35mwarning: [0m[1munknown pragma ignored [-Wunknown-pragmas][0m
                               IDR_GCM_DRIVER_GCM_INTERNALS_CSS);
[0;1;32m                               ^
[0m[1mgen/components/grit/components_resources.h:24:42: [0m[0;1;30mnote: [0mexpanded from macro 'IDR_GCM_DRIVER_GCM_INTERNALS_CSS'[0m
#define IDR_GCM_DRIVER_GCM_INTERNALS_CSS _Pragma("whitelisted_resource_17029") 17029
[0;1;32m                                         ^
[0m[1m<scratch space>:31:2: [0m[0;1;30mnote: [0mexpanded from here[0m
 whitelisted_resource_17029
[0;1;32m ^
[0m[1m../../chrome/browser/ui/webui/gcm_internals_ui.cc:170:32: [0m[0;1;35mwarning: [0m[1munknown pragma ignored [-Wunknown-pragmas][0m
                               IDR_GCM_DRIVER_GCM_INTERNALS_JS);
[0;1;32m                               ^
[0m[1mgen/components/grit/components_resources.h:25:41: [0m[0;1;30mnote: [0mexpanded from macro 'IDR_GCM_DRIVER_GCM_INTERNALS_JS'[0m
#define IDR_GCM_DRIVER_GCM_INTERNALS_JS _Pragma("whitelisted_resource_17030") 17030
[0;1;32m                                        ^
[0m[1m<scratch space>:33:2: [0m[0;1;30mnote: [0mexpanded from here[0m
 whitelisted_resource_17030
[0;1;32m ^
[0m[1m../../chrome/browser/ui/webui/gcm_internals_ui.cc:171:35: [0m[0;1;35mwarning: [0m[1munknown pragma ignored [-Wunknown-pragmas][0m
  html_source->SetDefaultResource(IDR_GCM_DRIVER_GCM_INTERNALS_HTML);
[0;1;32m                                  ^
[0m[1mgen/components/grit/components_resources.h:23:43: [0m[0;1;30mnote: [0mexpanded from macro 'IDR_GCM_DRIVER_GCM_INTERNALS_HTML'[0m
#define IDR_GCM_DRIVER_GCM_INTERNALS_HTML _Pragma("whitelisted_resource_17028") 17028
[0;1;32m                                          ^
[0m[1m<scratch space>:35:2: [0m[0;1;30mnote: [0mexpanded from here[0m
 whitelisted_resource_17028
[0;1;32m ^
[0m3 warnings generated.
