[1m../../chrome/browser/ui/views/payments/payment_method_view_controller.cc:141:9: [0m[0;1;35mwarning: [0m[1munknown pragma ignored [-Wunknown-pragmas][0m
        IDS_PAYMENTS_PROFILE_LABELS_ACCESSIBLE_FORMAT, label, sublabel,
[0;1;32m        ^
[0m[1mgen/components/strings/grit/components_strings.h:602:55: [0m[0;1;30mnote: [0mexpanded from macro 'IDS_PAYMENTS_PROFILE_LABELS_ACCESSIBLE_FORMAT'[0m
#define IDS_PAYMENTS_PROFILE_LABELS_ACCESSIBLE_FORMAT _Pragma("whitelisted_resource_15728") 15728
[0;1;32m                                                      ^
[0m[1m<scratch space>:116:2: [0m[0;1;30mnote: [0mexpanded from here[0m
 whitelisted_resource_15728
[0;1;32m ^
[0m[1m../../chrome/browser/ui/views/payments/payment_method_view_controller.cc:155:38: [0m[0;1;35mwarning: [0m[1munknown pragma ignored [-Wunknown-pragmas][0m
    return l10n_util::GetStringUTF16(IDS_PAYMENTS_METHOD_OF_PAYMENT_LABEL);
[0;1;32m                                     ^
[0m[1mgen/components/strings/grit/components_strings.h:496:46: [0m[0;1;30mnote: [0mexpanded from macro 'IDS_PAYMENTS_METHOD_OF_PAYMENT_LABEL'[0m
#define IDS_PAYMENTS_METHOD_OF_PAYMENT_LABEL _Pragma("whitelisted_resource_15604") 15604
[0;1;32m                                             ^
[0m[1m<scratch space>:118:2: [0m[0;1;30mnote: [0mexpanded from here[0m
 whitelisted_resource_15604
[0;1;32m ^
[0m[1m../../chrome/browser/ui/views/payments/payment_method_view_controller.cc:206:7: [0m[0;1;35mwarning: [0m[1munknown pragma ignored [-Wunknown-pragmas][0m
      IDS_PAYMENT_REQUEST_PAYMENT_METHOD_SECTION_NAME);
[0;1;32m      ^
[0m[1mgen/components/strings/grit/components_strings.h:512:57: [0m[0;1;30mnote: [0mexpanded from macro 'IDS_PAYMENT_REQUEST_PAYMENT_METHOD_SECTION_NAME'[0m
#define IDS_PAYMENT_REQUEST_PAYMENT_METHOD_SECTION_NAME _Pragma("whitelisted_resource_15620") 15620
[0;1;32m                                                        ^
[0m[1m<scratch space>:121:2: [0m[0;1;30mnote: [0mexpanded from here[0m
 whitelisted_resource_15620
[0;1;32m ^
[0m[1m../../chrome/browser/ui/views/payments/payment_method_view_controller.cc:240:39: [0m[0;1;35mwarning: [0m[1munknown pragma ignored [-Wunknown-pragmas][0m
      this, l10n_util::GetStringUTF16(IDS_PAYMENTS_ADD_CARD));
[0;1;32m                                      ^
[0m[1mgen/components/strings/grit/components_strings.h:526:31: [0m[0;1;30mnote: [0mexpanded from macro 'IDS_PAYMENTS_ADD_CARD'[0m
#define IDS_PAYMENTS_ADD_CARD _Pragma("whitelisted_resource_15634") 15634
[0;1;32m                              ^
[0m[1m<scratch space>:123:2: [0m[0;1;30mnote: [0mexpanded from here[0m
 whitelisted_resource_15634
[0;1;32m ^
[0m4 warnings generated.
