[1m../../components/security_interstitials/core/bad_clock_ui.cc:59:24: [0m[0;1;35mwarning: [0m[1munknown pragma ignored [-Wunknown-pragmas][0m
      heading_string = IDS_CLOCK_ERROR_AHEAD_HEADING;
[0;1;32m                       ^
[0m[1mgen/components/strings/grit/components_strings.h:786:39: [0m[0;1;30mnote: [0mexpanded from macro 'IDS_CLOCK_ERROR_AHEAD_HEADING'[0m
#define IDS_CLOCK_ERROR_AHEAD_HEADING _Pragma("whitelisted_resource_15917") 15917
[0;1;32m                                      ^
[0m[1m<scratch space>:141:2: [0m[0;1;30mnote: [0mexpanded from here[0m
 whitelisted_resource_15917
[0;1;32m ^
[0m[1m../../components/security_interstitials/core/bad_clock_ui.cc:62:24: [0m[0;1;35mwarning: [0m[1munknown pragma ignored [-Wunknown-pragmas][0m
      heading_string = IDS_CLOCK_ERROR_BEHIND_HEADING;
[0;1;32m                       ^
[0m[1mgen/components/strings/grit/components_strings.h:787:40: [0m[0;1;30mnote: [0mexpanded from macro 'IDS_CLOCK_ERROR_BEHIND_HEADING'[0m
#define IDS_CLOCK_ERROR_BEHIND_HEADING _Pragma("whitelisted_resource_15918") 15918
[0;1;32m                                       ^
[0m[1m<scratch space>:143:2: [0m[0;1;30mnote: [0mexpanded from here[0m
 whitelisted_resource_15918
[0;1;32m ^
[0m[1m../../components/security_interstitials/core/bad_clock_ui.cc:68:55: [0m[0;1;35mwarning: [0m[1munknown pragma ignored [-Wunknown-pragmas][0m
                            l10n_util::GetStringUTF16(IDS_CLOCK_ERROR_TITLE));
[0;1;32m                                                      ^
[0m[1mgen/components/strings/grit/components_strings.h:785:31: [0m[0;1;30mnote: [0mexpanded from macro 'IDS_CLOCK_ERROR_TITLE'[0m
#define IDS_CLOCK_ERROR_TITLE _Pragma("whitelisted_resource_15916") 15916
[0;1;32m                              ^
[0m[1m<scratch space>:145:2: [0m[0;1;30mnote: [0mexpanded from here[0m
 whitelisted_resource_15916
[0;1;32m ^
[0m[1m../../components/security_interstitials/core/bad_clock_ui.cc:74:11: [0m[0;1;35mwarning: [0m[1munknown pragma ignored [-Wunknown-pragmas][0m
          IDS_CLOCK_ERROR_PRIMARY_PARAGRAPH,
[0;1;32m          ^
[0m[1mgen/components/strings/grit/components_strings.h:789:43: [0m[0;1;30mnote: [0mexpanded from macro 'IDS_CLOCK_ERROR_PRIMARY_PARAGRAPH'[0m
#define IDS_CLOCK_ERROR_PRIMARY_PARAGRAPH _Pragma("whitelisted_resource_15920") 15920
[0;1;32m                                          ^
[0m[1m<scratch space>:147:2: [0m[0;1;30mnote: [0mexpanded from here[0m
 whitelisted_resource_15920
[0;1;32m ^
[0m[1m../../components/security_interstitials/core/bad_clock_ui.cc:79:33: [0m[0;1;35mwarning: [0m[1munknown pragma ignored [-Wunknown-pragmas][0m
      l10n_util::GetStringUTF16(IDS_CLOCK_ERROR_UPDATE_DATE_AND_TIME));
[0;1;32m                                ^
[0m[1mgen/components/strings/grit/components_strings.h:788:46: [0m[0;1;30mnote: [0mexpanded from macro 'IDS_CLOCK_ERROR_UPDATE_DATE_AND_TIME'[0m
#define IDS_CLOCK_ERROR_UPDATE_DATE_AND_TIME _Pragma("whitelisted_resource_15919") 15919
[0;1;32m                                             ^
[0m[1m<scratch space>:149:2: [0m[0;1;30mnote: [0mexpanded from here[0m
 whitelisted_resource_15919
[0;1;32m ^
[0m[1m../../components/security_interstitials/core/bad_clock_ui.cc:82:33: [0m[0;1;35mwarning: [0m[1munknown pragma ignored [-Wunknown-pragmas][0m
      l10n_util::GetStringUTF16(IDS_CLOCK_ERROR_EXPLANATION));
[0;1;32m                                ^
[0m[1mgen/components/strings/grit/components_strings.h:790:37: [0m[0;1;30mnote: [0mexpanded from macro 'IDS_CLOCK_ERROR_EXPLANATION'[0m
#define IDS_CLOCK_ERROR_EXPLANATION _Pragma("whitelisted_resource_15921") 15921
[0;1;32m                                    ^
[0m[1m<scratch space>:151:2: [0m[0;1;30mnote: [0mexpanded from here[0m
 whitelisted_resource_15921
[0;1;32m ^
[0m6 warnings generated.
