[1m../../chrome/browser/ui/webui/password_manager_internals/password_manager_internals_ui.cc:36:7: [0m[0;1;35mwarning: [0m[1munknown pragma ignored [-Wunknown-pragmas][0m
      IDR_PASSWORD_MANAGER_INTERNALS_PASSWORD_MANAGER_INTERNALS_JS);
[0;1;32m      ^
[0m[1mgen/components/grit/components_resources.h:35:70: [0m[0;1;30mnote: [0mexpanded from macro 'IDR_PASSWORD_MANAGER_INTERNALS_PASSWORD_MANAGER_INTERNALS_JS'[0m
#define IDR_PASSWORD_MANAGER_INTERNALS_PASSWORD_MANAGER_INTERNALS_JS _Pragma("whitelisted_resource_17048") 17048
[0;1;32m                                                                     ^
[0m[1m<scratch space>:142:2: [0m[0;1;30mnote: [0mexpanded from here[0m
 whitelisted_resource_17048
[0;1;32m ^
[0m[1m../../chrome/browser/ui/webui/password_manager_internals/password_manager_internals_ui.cc:39:7: [0m[0;1;35mwarning: [0m[1munknown pragma ignored [-Wunknown-pragmas][0m
      IDR_PASSWORD_MANAGER_INTERNALS_PASSWORD_MANAGER_INTERNALS_CSS);
[0;1;32m      ^
[0m[1mgen/components/grit/components_resources.h:36:71: [0m[0;1;30mnote: [0mexpanded from macro 'IDR_PASSWORD_MANAGER_INTERNALS_PASSWORD_MANAGER_INTERNALS_CSS'[0m
#define IDR_PASSWORD_MANAGER_INTERNALS_PASSWORD_MANAGER_INTERNALS_CSS _Pragma("whitelisted_resource_17049") 17049
[0;1;32m                                                                      ^
[0m[1m<scratch space>:144:2: [0m[0;1;30mnote: [0mexpanded from here[0m
 whitelisted_resource_17049
[0;1;32m ^
[0m[1m../../chrome/browser/ui/webui/password_manager_internals/password_manager_internals_ui.cc:41:7: [0m[0;1;35mwarning: [0m[1munknown pragma ignored [-Wunknown-pragmas][0m
      IDR_PASSWORD_MANAGER_INTERNALS_PASSWORD_MANAGER_INTERNALS_HTML);
[0;1;32m      ^
[0m[1mgen/components/grit/components_resources.h:34:72: [0m[0;1;30mnote: [0mexpanded from macro 'IDR_PASSWORD_MANAGER_INTERNALS_PASSWORD_MANAGER_INTERNALS_HTML'[0m
#define IDR_PASSWORD_MANAGER_INTERNALS_PASSWORD_MANAGER_INTERNALS_HTML _Pragma("whitelisted_resource_17047") 17047
[0;1;32m                                                                       ^
[0m[1m<scratch space>:146:2: [0m[0;1;30mnote: [0mexpanded from here[0m
 whitelisted_resource_17047
[0;1;32m ^
[0m3 warnings generated.
