[1m../../components/policy/core/browser/policy_error_map.cc:76:39: [0m[0;1;35mwarning: [0m[1munknown pragma ignored [-Wunknown-pragmas][0m
    return l10n_util::GetStringFUTF16(IDS_POLICY_SUBKEY_ERROR,
[0;1;32m                                      ^
[0m[1mgen/components/strings/grit/components_strings.h:670:33: [0m[0;1;30mnote: [0mexpanded from macro 'IDS_POLICY_SUBKEY_ERROR'[0m
#define IDS_POLICY_SUBKEY_ERROR _Pragma("whitelisted_resource_15796") 15796
[0;1;32m                                ^
[0m[1m<scratch space>:21:2: [0m[0;1;30mnote: [0mexpanded from here[0m
 whitelisted_resource_15796
[0;1;32m ^
[0m[1m../../components/policy/core/browser/policy_error_map.cc:98:39: [0m[0;1;35mwarning: [0m[1munknown pragma ignored [-Wunknown-pragmas][0m
    return l10n_util::GetStringFUTF16(IDS_POLICY_LIST_ENTRY_ERROR,
[0;1;32m                                      ^
[0m[1mgen/components/strings/grit/components_strings.h:671:37: [0m[0;1;30mnote: [0mexpanded from macro 'IDS_POLICY_LIST_ENTRY_ERROR'[0m
#define IDS_POLICY_LIST_ENTRY_ERROR _Pragma("whitelisted_resource_15797") 15797
[0;1;32m                                    ^
[0m[1m<scratch space>:23:2: [0m[0;1;30mnote: [0mexpanded from here[0m
 whitelisted_resource_15797
[0;1;32m ^
[0m[1m../../components/policy/core/browser/policy_error_map.cc:119:39: [0m[0;1;35mwarning: [0m[1munknown pragma ignored [-Wunknown-pragmas][0m
    return l10n_util::GetStringFUTF16(IDS_POLICY_SCHEMA_VALIDATION_ERROR,
[0;1;32m                                      ^
[0m[1mgen/components/strings/grit/components_strings.h:672:44: [0m[0;1;30mnote: [0mexpanded from macro 'IDS_POLICY_SCHEMA_VALIDATION_ERROR'[0m
#define IDS_POLICY_SCHEMA_VALIDATION_ERROR _Pragma("whitelisted_resource_15798") 15798
[0;1;32m                                           ^
[0m[1m<scratch space>:25:2: [0m[0;1;30mnote: [0mexpanded from here[0m
 whitelisted_resource_15798
[0;1;32m ^
[0m3 warnings generated.
