[1m../../chrome/browser/ui/views/first_run_dialog.cc:79:7: [0m[0;1;35mwarning: [0m[1munknown pragma ignored [-Wunknown-pragmas][0m
      IDS_FR_CUSTOMIZE_DEFAULT_BROWSER));
[0;1;32m      ^
[0m[1mgen/chrome/grit/chromium_strings.h:51:42: [0m[0;1;30mnote: [0mexpanded from macro 'IDS_FR_CUSTOMIZE_DEFAULT_BROWSER'[0m
#define IDS_FR_CUSTOMIZE_DEFAULT_BROWSER _Pragma("whitelisted_resource_462") 462
[0;1;32m                                         ^
[0m[1m<scratch space>:113:2: [0m[0;1;30mnote: [0mexpanded from here[0m
 whitelisted_resource_462
[0;1;32m ^
[0m[1m../../chrome/browser/ui/views/first_run_dialog.cc:87:33: [0m[0;1;35mwarning: [0m[1munknown pragma ignored [-Wunknown-pragmas][0m
      l10n_util::GetStringUTF16(IDS_SETTINGS_ENABLE_LOGGING));
[0;1;32m                                ^
[0m[1mgen/chrome/grit/generated_resources.h:370:37: [0m[0;1;30mnote: [0mexpanded from macro 'IDS_SETTINGS_ENABLE_LOGGING'[0m
#define IDS_SETTINGS_ENABLE_LOGGING _Pragma("whitelisted_resource_3337") 3337
[0;1;32m                                    ^
[0m[1m<scratch space>:115:2: [0m[0;1;30mnote: [0mexpanded from here[0m
 whitelisted_resource_3337
[0;1;32m ^
[0m[1m../../chrome/browser/ui/views/first_run_dialog.cc:104:7: [0m[0;1;35mwarning: [0m[1munknown pragma ignored [-Wunknown-pragmas][0m
      IDS_LEARN_MORE));
[0;1;32m      ^
[0m[1mgen/components/strings/grit/components_strings.h:1021:24: [0m[0;1;30mnote: [0mexpanded from macro 'IDS_LEARN_MORE'[0m
#define IDS_LEARN_MORE _Pragma("whitelisted_resource_16159") 16159
[0;1;32m                       ^
[0m[1m<scratch space>:118:2: [0m[0;1;30mnote: [0mexpanded from here[0m
 whitelisted_resource_16159
[0;1;32m ^
[0m3 warnings generated.
