[1m../../chrome/browser/ui/android/content_settings/ads_blocked_infobar_delegate.cc:34:36: [0m[0;1;35mwarning: [0m[1munknown pragma ignored [-Wunknown-pragmas][0m
  return l10n_util::GetStringUTF16(IDS_BLOCKED_ADS_PROMPT_EXPLANATION);
[0;1;32m                                   ^
[0m[1mgen/chrome/grit/generated_resources.h:2816:44: [0m[0;1;30mnote: [0mexpanded from macro 'IDS_BLOCKED_ADS_PROMPT_EXPLANATION'[0m
#define IDS_BLOCKED_ADS_PROMPT_EXPLANATION _Pragma("whitelisted_resource_6657") 6657
[0;1;32m                                           ^
[0m[1m<scratch space>:75:2: [0m[0;1;30mnote: [0mexpanded from here[0m
 whitelisted_resource_6657
[0;1;32m ^
[0m[1m../../chrome/browser/ui/android/content_settings/ads_blocked_infobar_delegate.cc:38:36: [0m[0;1;35mwarning: [0m[1munknown pragma ignored [-Wunknown-pragmas][0m
  return l10n_util::GetStringUTF16(IDS_ALWAYS_ALLOW_ADS);
[0;1;32m                                   ^
[0m[1mgen/chrome/grit/generated_resources.h:2813:30: [0m[0;1;30mnote: [0mexpanded from macro 'IDS_ALWAYS_ALLOW_ADS'[0m
#define IDS_ALWAYS_ALLOW_ADS _Pragma("whitelisted_resource_6654") 6654
[0;1;32m                             ^
[0m[1m<scratch space>:77:2: [0m[0;1;30mnote: [0mexpanded from here[0m
 whitelisted_resource_6654
[0;1;32m ^
[0m[1m../../chrome/browser/ui/android/content_settings/ads_blocked_infobar_delegate.cc:51:36: [0m[0;1;35mwarning: [0m[1munknown pragma ignored [-Wunknown-pragmas][0m
  return l10n_util::GetStringUTF16(IDS_BLOCKED_ADS_INFOBAR_MESSAGE);
[0;1;32m                                   ^
[0m[1mgen/chrome/grit/generated_resources.h:2814:41: [0m[0;1;30mnote: [0mexpanded from macro 'IDS_BLOCKED_ADS_INFOBAR_MESSAGE'[0m
#define IDS_BLOCKED_ADS_INFOBAR_MESSAGE _Pragma("whitelisted_resource_6655") 6655
[0;1;32m                                        ^
[0m[1m<scratch space>:79:2: [0m[0;1;30mnote: [0mexpanded from here[0m
 whitelisted_resource_6655
[0;1;32m ^
[0m[1m../../chrome/browser/ui/android/content_settings/ads_blocked_infobar_delegate.cc:61:38: [0m[0;1;35mwarning: [0m[1munknown pragma ignored [-Wunknown-pragmas][0m
    return l10n_util::GetStringUTF16(IDS_OK);
[0;1;32m                                     ^
[0m[1mgen/components/strings/grit/components_strings.h:1022:16: [0m[0;1;30mnote: [0mexpanded from macro 'IDS_OK'[0m
#define IDS_OK _Pragma("whitelisted_resource_16160") 16160
[0;1;32m               ^
[0m[1m<scratch space>:81:2: [0m[0;1;30mnote: [0mexpanded from here[0m
 whitelisted_resource_16160
[0;1;32m ^
[0m[1m../../chrome/browser/ui/android/content_settings/ads_blocked_infobar_delegate.cc:62:36: [0m[0;1;35mwarning: [0m[1munknown pragma ignored [-Wunknown-pragmas][0m
  return l10n_util::GetStringUTF16(IDS_APP_MENU_RELOAD);
[0;1;32m                                   ^
[0m[1mgen/chrome/grit/generated_resources.h:1919:29: [0m[0;1;30mnote: [0mexpanded from macro 'IDS_APP_MENU_RELOAD'[0m
#define IDS_APP_MENU_RELOAD _Pragma("whitelisted_resource_5524") 5524
[0;1;32m                            ^
[0m[1m<scratch space>:83:2: [0m[0;1;30mnote: [0mexpanded from here[0m
 whitelisted_resource_5524
[0;1;32m ^
[0m5 warnings generated.
