[1m../../chrome/browser/extensions/ntp_overridden_bubble_delegate.cc:125:7: [0m[0;1;35mwarning: [0m[1munknown pragma ignored [-Wunknown-pragmas][0m
      IDS_EXTENSIONS_NTP_CONTROLLED_TITLE_HOME_PAGE_BUBBLE);
[0;1;32m      ^
[0m[1mgen/chrome/grit/generated_resources.h:1537:62: [0m[0;1;30mnote: [0mexpanded from macro 'IDS_EXTENSIONS_NTP_CONTROLLED_TITLE_HOME_PAGE_BUBBLE'[0m
#define IDS_EXTENSIONS_NTP_CONTROLLED_TITLE_HOME_PAGE_BUBBLE _Pragma("whitelisted_resource_5084") 5084
[0;1;32m                                                             ^
[0m[1m<scratch space>:99:2: [0m[0;1;30mnote: [0mexpanded from here[0m
 whitelisted_resource_5084
[0;1;32m ^
[0m[1m../../chrome/browser/extensions/ntp_overridden_bubble_delegate.cc:132:33: [0m[0;1;35mwarning: [0m[1munknown pragma ignored [-Wunknown-pragmas][0m
      l10n_util::GetStringUTF16(IDS_EXTENSIONS_NTP_CONTROLLED_FIRST_LINE);
[0;1;32m                                ^
[0m[1mgen/chrome/grit/generated_resources.h:1546:50: [0m[0;1;30mnote: [0mexpanded from macro 'IDS_EXTENSIONS_NTP_CONTROLLED_FIRST_LINE'[0m
#define IDS_EXTENSIONS_NTP_CONTROLLED_FIRST_LINE _Pragma("whitelisted_resource_5093") 5093
[0;1;32m                                                 ^
[0m[1m<scratch space>:101:2: [0m[0;1;30mnote: [0mexpanded from here[0m
 whitelisted_resource_5093
[0;1;32m ^
[0m[1m../../chrome/browser/extensions/ntp_overridden_bubble_delegate.cc:134:7: [0m[0;1;35mwarning: [0m[1munknown pragma ignored [-Wunknown-pragmas][0m
      IDS_EXTENSIONS_SETTINGS_API_THIRD_LINE_CONFIRMATION);
[0;1;32m      ^
[0m[1mgen/chrome/grit/generated_resources.h:1549:61: [0m[0;1;30mnote: [0mexpanded from macro 'IDS_EXTENSIONS_SETTINGS_API_THIRD_LINE_CONFIRMATION'[0m
#define IDS_EXTENSIONS_SETTINGS_API_THIRD_LINE_CONFIRMATION _Pragma("whitelisted_resource_5096") 5096
[0;1;32m                                                            ^
[0m[1m<scratch space>:2:2: [0m[0;1;30mnote: [0mexpanded from here[0m
 whitelisted_resource_5096
[0;1;32m ^
[0m[1m../../chrome/browser/extensions/ntp_overridden_bubble_delegate.cc:150:36: [0m[0;1;35mwarning: [0m[1munknown pragma ignored [-Wunknown-pragmas][0m
  return l10n_util::GetStringUTF16(IDS_EXTENSION_CONTROLLED_RESTORE_SETTINGS);
[0;1;32m                                   ^
[0m[1mgen/chrome/grit/generated_resources.h:1550:51: [0m[0;1;30mnote: [0mexpanded from macro 'IDS_EXTENSION_CONTROLLED_RESTORE_SETTINGS'[0m
#define IDS_EXTENSION_CONTROLLED_RESTORE_SETTINGS _Pragma("whitelisted_resource_5097") 5097
[0;1;32m                                                  ^
[0m[1m<scratch space>:4:2: [0m[0;1;30mnote: [0mexpanded from here[0m
 whitelisted_resource_5097
[0;1;32m ^
[0m[1m../../chrome/browser/extensions/ntp_overridden_bubble_delegate.cc:154:36: [0m[0;1;35mwarning: [0m[1munknown pragma ignored [-Wunknown-pragmas][0m
  return l10n_util::GetStringUTF16(IDS_EXTENSION_CONTROLLED_KEEP_CHANGES);
[0;1;32m                                   ^
[0m[1mgen/chrome/grit/generated_resources.h:1551:47: [0m[0;1;30mnote: [0mexpanded from macro 'IDS_EXTENSION_CONTROLLED_KEEP_CHANGES'[0m
#define IDS_EXTENSION_CONTROLLED_KEEP_CHANGES _Pragma("whitelisted_resource_5098") 5098
[0;1;32m                                              ^
[0m[1m<scratch space>:6:2: [0m[0;1;30mnote: [0mexpanded from here[0m
 whitelisted_resource_5098
[0;1;32m ^
[0m5 warnings generated.
